    {
        "RecordId": 2571465,
        "Id": 5379,
        "TimeCreated": "/Date(1786681421345)/",
        "MachineName": "saran",
        "LevelDisplayName": "Information",
        "Message": "Credential Manager credentials were read.\r\n\r\nSubject:\r\n\tSecurity ID:\t\tS-1-5-21-2374691185-23257815-2726383057-1001\r\n\tAccount Name:\t\tsaran\r\n\tAccount Domain:\t\tSARAN\r\n\tLogon ID:\t\t0x41A4AC9\r\n\tRead Operation:\t\tEnumerate Credentials\r\n\r\nThis event occurs when a user performs a read operation on stored credentials in Credential Manager."
    },
    {
        "RecordId": 2571464,
        "Id": 5379,
        "TimeCreated": "/Date(1786681421341)/",
        "MachineName": "saran",
        "LevelDisplayName": "Information",
        "Message": "Credential Manager credentials were read.\r\n\r\nSubject:\r\n\tSecurity ID:\t\tS-1-5-21-2374691185-23257815-2726383057-1001\r\n\tAccount Name:\t\tsaran\r\n\tAccount Domain:\t\tSARAN\r\n\tLogon ID:\t\t0x41A4AC9\r\n\tRead Operation:\t\tEnumerate Credentials\r\n\r\nThis event occurs when a user performs a read operation on stored credentials in Credential Manager."
    },
    {
        "RecordId": 2571463,
        "Id": 5379,
        "TimeCreated": "/Date(1786681421340)/",
        "MachineName": "saran",
        "LevelDisplayName": "Information",
        "Message": "Credential Manager credentials were read.\r\n\r\nSubject:\r\n\tSecurity ID:\t\tS-1-5-21-2374691185-23257815-2726383057-1001\r\n\tAccount Name:\t\tsaran\r\n\tAccount Domain:\t\tSARAN\r\n\tLogon ID:\t\t0x41A4AC9\r\n\tRead Operation:\t\tEnumerate Credentials\r\n\r\nThis event occurs when a user performs a read operation on stored credentials in Credential Manager."
    },
    {
        "RecordId": 2571462,
        "Id": 5379,
        "TimeCreated": "/Date(1786681421339)/",
        "MachineName": "saran",
        "LevelDisplayName": "Information",
        "Message": "Credential Manager credentials were read.\r\n\r\nSubject:\r\n\tSecurity ID:\t\tS-1-5-21-2374691185-23257815-2726383057-1001\r\n\tAccount Name:\t\tsaran\r\n\tAccount Domain:\t\tSARAN\r\n\tLogon ID:\t\t0x41A4AC9\r\n\tRead Operation:\t\tEnumerate Credentials\r\n\r\nThis event occurs when a user performs a read operation on stored credentials in Credential Manager."
    },
    {
        "RecordId": 2571461,
        "Id": 5379,
        "TimeCreated": "/Date(1786681421338)/",
        "MachineName": "saran",
        "LevelDisplayName": "Information",
        "Message": "Credential Manager credentials were read.\r\n\r\nSubject:\r\n\tSecurity ID:\t\tS-1-5-21-2374691185-23257815-2726383057-1001\r\n\tAccount Name:\t\tsaran\r\n\tAccount Domain:\t\tSARAN\r\n\tLogon ID:\t\t0x41A4AC9\r\n\tRead Operation:\t\tEnumerate Credentials\r\n\r\nThis event occurs when a user performs a read operation on stored credentials in Credential Manager."
    },
    {
        "RecordId": 2571460,
        "Id": 5382,
        "TimeCreated": "/Date(1786681420934)/",
        "MachineName": "saran",
        "LevelDisplayName": "Information",
        "Message": "Vault credentials were read.\r\n\r\nSubject:\r\n\tSecurity ID:\t\tS-1-5-18\r\n\tAccount Name:\t\tSARAN$\r\n\tAccount Domain:\t\tWORKGROUP\r\n\tLogon ID:\t\t0x3E7\r\n\r\nThis event occurs when a user reads a stored vault credential."
    },
    {
        "RecordId": 2571459,
        "Id": 5382,
        "TimeCreated": "/Date(1786681420922)/",
        "MachineName": "saran",
        "LevelDisplayName": "Information",
        "Message": "Vault credentials were read.\r\n\r\nSubject:\r\n\tSecurity ID:\t\tS-1-5-18\r\n\tAccount Name:\t\tSARAN$\r\n\tAccount Domain:\t\tWORKGROUP\r\n\tLogon ID:\t\t0x3E7\r\n\r\nThis event occurs when a user reads a stored vault credential."
    },
    {
        "RecordId": 2571458,
        "Id": 5382,
        "TimeCreated": "/Date(1786681420908)/",
        "MachineName": "saran",
        "LevelDisplayName": "Information",
        "Message": "Vault credentials were read.\r\n\r\nSubject:\r\n\tSecurity ID:\t\tS-1-5-18\r\n\tAccount Name:\t\tSARAN$\r\n\tAccount Domain:\t\tWORKGROUP\r\n\tLogon ID:\t\t0x3E7\r\n\r\nThis event occurs when a user reads a stored vault credential."
    },
    {
        "RecordId": 2571457,
        "Id": 4798,
        "TimeCreated": "/Date(1786681420897)/",
        "MachineName": "saran",
        "LevelDisplayName": "Information",
        "Message": "A user's local group membership was enumerated.\r\n\r\nSubject:\r\n\tSecurity ID:\t\tS-1-5-18\r\n\tAccount Name:\t\tSARAN$\r\n\tAccount Domain:\t\tWORKGROUP\r\n\tLogon ID:\t\t0x3E7\r\n\r\nUser:\r\n\tSecurity ID:\t\tS-1-5-21-2374691185-23257815-2726383057-1002\r\n\tAccount Name:\t\tWsiAccount\r\n\tAccount Domain:\t\tsaran\r\n\r\nProcess Information:\r\n\tProcess ID:\t\t0x878c\r\n\tProcess Name:\t\tC:\\Windows\\System32\\DeviceCensus.exe"
    },
    {
        "RecordId": 2571456,
        "Id": 5382,
        "TimeCreated": "/Date(1786681420895)/",
        "MachineName": "saran",
        "LevelDisplayName": "Information",
        "Message": "Vault credentials were read.\r\n\r\nSubject:\r\n\tSecurity ID:\t\tS-1-5-18\r\n\tAccount Name:\t\tSARAN$\r\n\tAccount Domain:\t\tWORKGROUP\r\n\tLogon ID:\t\t0x3E7\r\n\r\nThis event occurs when a user reads a stored vault credential."
    },
    {
        "RecordId": 2571455,
        "Id": 5382,
        "TimeCreated": "/Date(1786681420894)/",
        "MachineName": "saran",
        "LevelDisplayName": "Information",
        "Message": "Vault credentials were read.\r\n\r\nSubject:\r\n\tSecurity ID:\t\tS-1-5-18\r\n\tAccount Name:\t\tSARAN$\r\n\tAccount Domain:\t\tWORKGROUP\r\n\tLogon ID:\t\t0x3E7\r\n\r\nThis event occurs when a user reads a stored vault credential."
    },
    {
        "RecordId": 2571454,
        "Id": 4798,
        "TimeCreated": "/Date(1786681420838)/",
        "MachineName": "saran",
        "LevelDisplayName": "Information",
        "Message": "A user's local group membership was enumerated.\r\n\r\nSubject:\r\n\tSecurity ID:\t\tS-1-5-18\r\n\tAccount Name:\t\tSARAN$\r\n\tAccount Domain:\t\tWORKGROUP\r\n\tLogon ID:\t\t0x3E7\r\n\r\nUser:\r\n\tSecurity ID:\t\tS-1-5-21-2374691185-23257815-2726383057-1001\r\n\tAccount Name:\t\tsaran\r\n\tAccount Domain:\t\tsaran\r\n\r\nProcess Information:\r\n\tProcess ID:\t\t0x878c\r\n\tProcess Name:\t\tC:\\Windows\\System32\\DeviceCensus.exe"
    },
    {
        "RecordId": 2571453,
        "Id": 5382,
        "TimeCreated": "/Date(1786681420786)/",
        "MachineName": "saran",
        "LevelDisplayName": "Information",
        "Message": "Vault credentials were read.\r\n\r\nSubject:\r\n\tSecurity ID:\t\tS-1-5-18\r\n\tAccount Name:\t\tSARAN$\r\n\tAccount Domain:\t\tWORKGROUP\r\n\tLogon ID:\t\t0x3E7\r\n\r\nThis event occurs when a user reads a stored vault credential."
    },
    {
        "RecordId": 2571452,
        "Id": 4672,
        "TimeCreated": "/Date(1786681420760)/",
        "MachineName": "saran",
        "LevelDisplayName": "Information",
        "Message": "Special privileges assigned to new logon.\r\n\r\nSubject:\r\n\tSecurity ID:\t\tS-1-5-18\r\n\tAccount Name:\t\tSYSTEM\r\n\tAccount Domain:\t\tNT AUTHORITY\r\n\tLogon ID:\t\t0x3E7\r\n\r\nPrivileges:\t\tSeAssignPrimaryTokenPrivilege\r\n\t\t\tSeTcbPrivilege\r\n\t\t\tSeSecurityPrivilege\r\n\t\t\tSeTakeOwnershipPrivilege\r\n\t\t\tSeLoadDriverPrivilege\r\n\t\t\tSeBackupPrivilege\r\n\t\t\tSeRestorePrivilege\r\n\t\t\tSeDebugPrivilege\r\n\t\t\tSeAuditPrivilege\r\n\t\t\tSeSystemEnvironmentPrivilege\r\n\t\t\tSeImpersonatePrivilege\r\n\t\t\tSeDelegateSessionUserImpersonatePrivilege"
    },
    {
        "RecordId": 2571451,
        "Id": 4624,
        "TimeCreated": "/Date(1786681420760)/",
        "MachineName": "saran",
        "LevelDisplayName": "Information",
        "Message": "An account was successfully logged on.\r\n\r\nSubject:\r\n\tSecurity ID:\t\tS-1-5-18\r\n\tAccount Name:\t\tSARAN$\r\n\tAccount Domain:\t\tWORKGROUP\r\n\tLogon ID:\t\t0x3E7\r\n\r\nLogon Information:\r\n\tLogon Type:\t\t5\r\n\tRestricted Admin Mode:\t-\r\n\tRemote Credential Guard:\t-\r\n\tVirtual Account:\t\tNo\r\n\tElevated Token:\t\tYes\r\n\r\nImpersonation Level:\t\tImpersonation\r\n\r\nNew Logon:\r\n\tSecurity ID:\t\tS-1-5-18\r\n\tAccount Name:\t\tSYSTEM\r\n\tAccount Domain:\t\tNT AUTHORITY\r\n\tLogon ID:\t\t0x3E7\r\n\tLinked Logon ID:\t\t0x0\r\n\tNetwork Account Name:\t-\r\n\tNetwork Account Domain:\t-\r\n\tLogon GUID:\t\t{00000000-0000-0000-0000-000000000000}\r\n\r\nProcess Information:\r\n\tProcess ID:\t\t0x6a4\r\n\tProcess Name:\t\tC:\\Windows\\System32\\services.exe\r\n\r\nNetwork Information:\r\n\tWorkstation Name:\t-\r\n\tSource Network Address:\t-\r\n\tSource Port:\t\t-\r\n\r\nDetailed Authentication Information:\r\n\tLogon Process:\t\tAdvapi  \r\n\tAuthentication Package:\tNegotiate\r\n\tTransited Services:\t-\r\n\tPackage Name (NTLM only):\t-\r\n\tKey Length:\t\t0\r\n\r\nThis event is generated when a logon session is created. It is generated on the computer that was accessed.\r\n\r\nThe subject fields indicate the account on the local system which requested the logon. This is most commonly a service such as the Server service, or a local process such as Winlogon.exe or Services.exe.\r\n\r\nThe logon type field indicates the kind of logon that occurred. The most common types are 2 (interactive) and 3 (network).\r\n\r\nThe New Logon fields indicate the account for whom the new logon was created, i.e. the account that was logged on.\r\n\r\nThe network fields indicate where a remote logon request originated. Workstation name is not always available and may be left blank in some cases.\r\n\r\nThe impersonation level field indicates the extent to which a process in the logon session can impersonate.\r\n\r\nThe authentication information fields provide detailed information about this specific logon request.\r\n\t- Logon GUID is a unique identifier that can be used to correlate this event with a KDC event.\r\n\t- Transited services indicate which intermediate services have participated in this logon request.\r\n\t- Package name indicates which sub-protocol was used among the NTLM protocols.\r\n\t- Key length indicates the length of the generated session key. This will be 0 if no session key was requested."
    },
    {
        "RecordId": 2571450,
        "Id": 5379,
        "TimeCreated": "/Date(1786681419370)/",
        "MachineName": "saran",
        "LevelDisplayName": "Information",
        "Message": "Credential Manager credentials were read.\r\n\r\nSubject:\r\n\tSecurity ID:\t\tS-1-5-21-2374691185-23257815-2726383057-1001\r\n\tAccount Name:\t\tsaran\r\n\tAccount Domain:\t\tSARAN\r\n\tLogon ID:\t\t0x41A4AC9\r\n\tRead Operation:\t\tEnumerate Credentials\r\n\r\nThis event occurs when a user performs a read operation on stored credentials in Credential Manager."
    },
    {
        "RecordId": 2571449,
        "Id": 5379,
        "TimeCreated": "/Date(1786681419366)/",
        "MachineName": "saran",
        "LevelDisplayName": "Information",
        "Message": "Credential Manager credentials were read.\r\n\r\nSubject:\r\n\tSecurity ID:\t\tS-1-5-21-2374691185-23257815-2726383057-1001\r\n\tAccount Name:\t\tsaran\r\n\tAccount Domain:\t\tSARAN\r\n\tLogon ID:\t\t0x41A4AC9\r\n\tRead Operation:\t\tEnumerate Credentials\r\n\r\nThis event occurs when a user performs a read operation on stored credentials in Credential Manager."
    },
    {
        "RecordId": 2571448,
        "Id": 5379,
        "TimeCreated": "/Date(1786681419365)/",
        "MachineName": "saran",
        "LevelDisplayName": "Information",
        "Message": "Credential Manager credentials were read.\r\n\r\nSubject:\r\n\tSecurity ID:\t\tS-1-5-21-2374691185-23257815-2726383057-1001\r\n\tAccount Name:\t\tsaran\r\n\tAccount Domain:\t\tSARAN\r\n\tLogon ID:\t\t0x41A4AC9\r\n\tRead Operation:\t\tEnumerate Credentials\r\n\r\nThis event occurs when a user performs a read operation on stored credentials in Credential Manager."
    },
    {
        "RecordId": 2571447,
        "Id": 5379,
        "TimeCreated": "/Date(1786681419365)/",
        "MachineName": "saran",
        "LevelDisplayName": "Information",
        "Message": "Credential Manager credentials were read.\r\n\r\nSubject:\r\n\tSecurity ID:\t\tS-1-5-21-2374691185-23257815-2726383057-1001\r\n\tAccount Name:\t\tsaran\r\n\tAccount Domain:\t\tSARAN\r\n\tLogon ID:\t\t0x41A4AC9\r\n\tRead Operation:\t\tEnumerate Credentials\r\n\r\nThis event occurs when a user performs a read operation on stored credentials in Credential Manager."
    },
    {
        "RecordId": 2571446,
        "Id": 5379,
        "TimeCreated": "/Date(1786681419363)/",
        "MachineName": "saran",
        "LevelDisplayName": "Information",
        "Message": "Credential Manager credentials were read.\r\n\r\nSubject:\r\n\tSecurity ID:\t\tS-1-5-21-2374691185-23257815-2726383057-1001\r\n\tAccount Name:\t\tsaran\r\n\tAccount Domain:\t\tSARAN\r\n\tLogon ID:\t\t0x41A4AC9\r\n\tRead Operation:\t\tEnumerate Credentials\r\n\r\nThis event occurs when a user performs a read operation on stored credentials in Credential Manager."
    },
    {
        "RecordId": 2571445,
        "Id": 5379,
        "TimeCreated": "/Date(1786681418772)/",
        "MachineName": "saran",
        "LevelDisplayName": "Information",
        "Message": "Credential Manager credentials were read.\r\n\r\nSubject:\r\n\tSecurity ID:\t\tS-1-5-18\r\n\tAccount Name:\t\tSARAN$\r\n\tAccount Domain:\t\tWORKGROUP\r\n\tLogon ID:\t\t0x3E7\r\n\tRead Operation:\t\tEnumerate Credentials\r\n\r\nThis event occurs when a user performs a read operation on stored credentials in Credential Manager."
    },
    {
        "RecordId": 2571444,
        "Id": 5379,
        "TimeCreated": "/Date(1786681418772)/",
        "MachineName": "saran",
        "LevelDisplayName": "Information",
        "Message": "Credential Manager credentials were read.\r\n\r\nSubject:\r\n\tSecurity ID:\t\tS-1-5-18\r\n\tAccount Name:\t\tSARAN$\r\n\tAccount Domain:\t\tWORKGROUP\r\n\tLogon ID:\t\t0x3E7\r\n\tRead Operation:\t\tEnumerate Credentials\r\n\r\nThis event occurs when a user performs a read operation on stored credentials in Credential Manager."
    },
    {
        "RecordId": 2571443,
        "Id": 5379,
        "TimeCreated": "/Date(1786681418771)/",
        "MachineName": "saran",
        "LevelDisplayName": "Information",
        "Message": "Credential Manager credentials were read.\r\n\r\nSubject:\r\n\tSecurity ID:\t\tS-1-5-18\r\n\tAccount Name:\t\tSARAN$\r\n\tAccount Domain:\t\tWORKGROUP\r\n\tLogon ID:\t\t0x3E7\r\n\tRead Operation:\t\tEnumerate Credentials\r\n\r\nThis event occurs when a user performs a read operation on stored credentials in Credential Manager."
    },
    {
        "RecordId": 2571442,
        "Id": 4672,
        "TimeCreated": "/Date(1786681418708)/",
        "MachineName": "saran",
        "LevelDisplayName": "Information",
        "Message": "Special privileges assigned to new logon.\r\n\r\nSubject:\r\n\tSecurity ID:\t\tS-1-5-18\r\n\tAccount Name:\t\tSYSTEM\r\n\tAccount Domain:\t\tNT AUTHORITY\r\n\tLogon ID:\t\t0x3E7\r\n\r\nPrivileges:\t\tSeAssignPrimaryTokenPrivilege\r\n\t\t\tSeTcbPrivilege\r\n\t\t\tSeSecurityPrivilege\r\n\t\t\tSeTakeOwnershipPrivilege\r\n\t\t\tSeLoadDriverPrivilege\r\n\t\t\tSeBackupPrivilege\r\n\t\t\tSeRestorePrivilege\r\n\t\t\tSeDebugPrivilege\r\n\t\t\tSeAuditPrivilege\r\n\t\t\tSeSystemEnvironmentPrivilege\r\n\t\t\tSeImpersonatePrivilege\r\n\t\t\tSeDelegateSessionUserImpersonatePrivilege"
    },
    {
        "RecordId": 2571441,
        "Id": 4624,
        "TimeCreated": "/Date(1786681418708)/",
        "MachineName": "saran",
        "LevelDisplayName": "Information",
        "Message": "An account was successfully logged on.\r\n\r\nSubject:\r\n\tSecurity ID:\t\tS-1-5-18\r\n\tAccount Name:\t\tSARAN$\r\n\tAccount Domain:\t\tWORKGROUP\r\n\tLogon ID:\t\t0x3E7\r\n\r\nLogon Information:\r\n\tLogon Type:\t\t5\r\n\tRestricted Admin Mode:\t-\r\n\tRemote Credential Guard:\t-\r\n\tVirtual Account:\t\tNo\r\n\tElevated Token:\t\tYes\r\n\r\nImpersonation Level:\t\tImpersonation\r\n\r\nNew Logon:\r\n\tSecurity ID:\t\tS-1-5-18\r\n\tAccount Name:\t\tSYSTEM\r\n\tAccount Domain:\t\tNT AUTHORITY\r\n\tLogon ID:\t\t0x3E7\r\n\tLinked Logon ID:\t\t0x0\r\n\tNetwork Account Name:\t-\r\n\tNetwork Account Domain:\t-\r\n\tLogon GUID:\t\t{00000000-0000-0000-0000-000000000000}\r\n\r\nProcess Information:\r\n\tProcess ID:\t\t0x6a4\r\n\tProcess Name:\t\tC:\\Windows\\System32\\services.exe\r\n\r\nNetwork Information:\r\n\tWorkstation Name:\t-\r\n\tSource Network Address:\t-\r\n\tSource Port:\t\t-\r\n\r\nDetailed Authentication Information:\r\n\tLogon Process:\t\tAdvapi  \r\n\tAuthentication Package:\tNegotiate\r\n\tTransited Services:\t-\r\n\tPackage Name (NTLM only):\t-\r\n\tKey Length:\t\t0\r\n\r\nThis event is generated when a logon session is created. It is generated on the computer that was accessed.\r\n\r\nThe subject fields indicate the account on the local system which requested the logon. This is most commonly a service such as the Server service, or a local process such as Winlogon.exe or Services.exe.\r\n\r\nThe logon type field indicates the kind of logon that occurred. The most common types are 2 (interactive) and 3 (network).\r\n\r\nThe New Logon fields indicate the account for whom the new logon was created, i.e. the account that was logged on.\r\n\r\nThe network fields indicate where a remote logon request originated. Workstation name is not always available and may be left blank in some cases.\r\n\r\nThe impersonation level field indicates the extent to which a process in the logon session can impersonate.\r\n\r\nThe authentication information fields provide detailed information about this specific logon request.\r\n\t- Logon GUID is a unique identifier that can be used to correlate this event with a KDC event.\r\n\t- Transited services indicate which intermediate services have participated in this logon request.\r\n\t- Package name indicates which sub-protocol was used among the NTLM protocols.\r\n\t- Key length indicates the length of the generated session key. This will be 0 if no session key was requested."
    },
    {
        "RecordId": 2571440,
        "Id": 5382,
        "TimeCreated": "/Date(1786681410077)/",
        "MachineName": "saran",
        "LevelDisplayName": "Information",
        "Message": "Vault credentials were read.\r\n\r\nSubject:\r\n\tSecurity ID:\t\tS-1-5-21-2374691185-23257815-2726383057-1001\r\n\tAccount Name:\t\tsaran\r\n\tAccount Domain:\t\tSARAN\r\n\tLogon ID:\t\t0x41A4AC9\r\n\r\nThis event occurs when a user reads a stored vault credential."
    },
    {
        "RecordId": 2571439,
        "Id": 5382,
        "TimeCreated": "/Date(1786681410075)/",
        "MachineName": "saran",
        "LevelDisplayName": "Information",
        "Message": "Vault credentials were read.\r\n\r\nSubject:\r\n\tSecurity ID:\t\tS-1-5-21-2374691185-23257815-2726383057-1001\r\n\tAccount Name:\t\tsaran\r\n\tAccount Domain:\t\tSARAN\r\n\tLogon ID:\t\t0x41A4AC9\r\n\r\nThis event occurs when a user reads a stored vault credential."
    },
    {
        "RecordId": 2571438,
        "Id": 5379,
        "TimeCreated": "/Date(1786681404227)/",
        "MachineName": "saran",
        "LevelDisplayName": "Information",
        "Message": "Credential Manager credentials were read.\r\n\r\nSubject:\r\n\tSecurity ID:\t\tS-1-5-21-2374691185-23257815-2726383057-1001\r\n\tAccount Name:\t\tsaran\r\n\tAccount Domain:\t\tSARAN\r\n\tLogon ID:\t\t0x41A4AC9\r\n\tRead Operation:\t\tEnumerate Credentials\r\n\r\nThis event occurs when a user performs a read operation on stored credentials in Credential Manager."
    },
    {
        "RecordId": 2571437,
        "Id": 5379,
        "TimeCreated": "/Date(1786681404227)/",
        "MachineName": "saran",
        "LevelDisplayName": "Information",
        "Message": "Credential Manager credentials were read.\r\n\r\nSubject:\r\n\tSecurity ID:\t\tS-1-5-21-2374691185-23257815-2726383057-1001\r\n\tAccount Name:\t\tsaran\r\n\tAccount Domain:\t\tSARAN\r\n\tLogon ID:\t\t0x41A4AC9\r\n\tRead Operation:\t\tEnumerate Credentials\r\n\r\nThis event occurs when a user performs a read operation on stored credentials in Credential Manager."
    },
    {
        "RecordId": 2571436,
        "Id": 5379,
        "TimeCreated": "/Date(1786681404227)/",
        "MachineName": "saran",
        "LevelDisplayName": "Information",
        "Message": "Credential Manager credentials were read.\r\n\r\nSubject:\r\n\tSecurity ID:\t\tS-1-5-21-2374691185-23257815-2726383057-1001\r\n\tAccount Name:\t\tsaran\r\n\tAccount Domain:\t\tSARAN\r\n\tLogon ID:\t\t0x41A4AC9\r\n\tRead Operation:\t\tEnumerate Credentials\r\n\r\nThis event occurs when a user performs a read operation on stored credentials in Credential Manager."
    },
    {
        "RecordId": 2571435,
        "Id": 5379,
        "TimeCreated": "/Date(1786681404227)/",
        "MachineName": "saran",
        "LevelDisplayName": "Information",
        "Message": "Credential Manager credentials were read.\r\n\r\nSubject:\r\n\tSecurity ID:\t\tS-1-5-21-2374691185-23257815-2726383057-1001\r\n\tAccount Name:\t\tsaran\r\n\tAccount Domain:\t\tSARAN\r\n\tLogon ID:\t\t0x41A4AC9\r\n\tRead Operation:\t\tEnumerate Credentials\r\n\r\nThis event occurs when a user performs a read operation on stored credentials in Credential Manager."
    },
    {
        "RecordId": 2571434,
        "Id": 5379,
        "TimeCreated": "/Date(1786681404226)/",
        "MachineName": "saran",
        "LevelDisplayName": "Information",
        "Message": "Credential Manager credentials were read.\r\n\r\nSubject:\r\n\tSecurity ID:\t\tS-1-5-21-2374691185-23257815-2726383057-1001\r\n\tAccount Name:\t\tsaran\r\n\tAccount Domain:\t\tSARAN\r\n\tLogon ID:\t\t0x41A4AC9\r\n\tRead Operation:\t\tEnumerate Credentials\r\n\r\nThis event occurs when a user performs a read operation on stored credentials in Credential Manager."
    },
    {
        "RecordId": 2571433,
        "Id": 5379,
        "TimeCreated": "/Date(1786681404226)/",
        "MachineName": "saran",
        "LevelDisplayName": "Information",
        "Message": "Credential Manager credentials were read.\r\n\r\nSubject:\r\n\tSecurity ID:\t\tS-1-5-21-2374691185-23257815-2726383057-1001\r\n\tAccount Name:\t\tsaran\r\n\tAccount Domain:\t\tSARAN\r\n\tLogon ID:\t\t0x41A4AC9\r\n\tRead Operation:\t\tEnumerate Credentials\r\n\r\nThis event occurs when a user performs a read operation on stored credentials in Credential Manager."
    },
    {
        "RecordId": 2571432,
        "Id": 5379,
        "TimeCreated": "/Date(1786681404226)/",
        "MachineName": "saran",
        "LevelDisplayName": "Information",
        "Message": "Credential Manager credentials were read.\r\n\r\nSubject:\r\n\tSecurity ID:\t\tS-1-5-21-2374691185-23257815-2726383057-1001\r\n\tAccount Name:\t\tsaran\r\n\tAccount Domain:\t\tSARAN\r\n\tLogon ID:\t\t0x41A4AC9\r\n\tRead Operation:\t\tEnumerate Credentials\r\n\r\nThis event occurs when a user performs a read operation on stored credentials in Credential Manager."
    },
    {
        "RecordId": 2571431,
        "Id": 5379,
        "TimeCreated": "/Date(1786681404226)/",
        "MachineName": "saran",
        "LevelDisplayName": "Information",
        "Message": "Credential Manager credentials were read.\r\n\r\nSubject:\r\n\tSecurity ID:\t\tS-1-5-21-2374691185-23257815-2726383057-1001\r\n\tAccount Name:\t\tsaran\r\n\tAccount Domain:\t\tSARAN\r\n\tLogon ID:\t\t0x41A4AC9\r\n\tRead Operation:\t\tEnumerate Credentials\r\n\r\nThis event occurs when a user performs a read operation on stored credentials in Credential Manager."
    },
    {
        "RecordId": 2571430,
        "Id": 5379,
        "TimeCreated": "/Date(1786681404225)/",
        "MachineName": "saran",
        "LevelDisplayName": "Information",
        "Message": "Credential Manager credentials were read.\r\n\r\nSubject:\r\n\tSecurity ID:\t\tS-1-5-21-2374691185-23257815-2726383057-1001\r\n\tAccount Name:\t\tsaran\r\n\tAccount Domain:\t\tSARAN\r\n\tLogon ID:\t\t0x41A4AC9\r\n\tRead Operation:\t\tEnumerate Credentials\r\n\r\nThis event occurs when a user performs a read operation on stored credentials in Credential Manager."
    },
    {
        "RecordId": 2571429,
        "Id": 5379,
        "TimeCreated": "/Date(1786681404225)/",
        "MachineName": "saran",
        "LevelDisplayName": "Information",
        "Message": "Credential Manager credentials were read.\r\n\r\nSubject:\r\n\tSecurity ID:\t\tS-1-5-21-2374691185-23257815-2726383057-1001\r\n\tAccount Name:\t\tsaran\r\n\tAccount Domain:\t\tSARAN\r\n\tLogon ID:\t\t0x41A4AC9\r\n\tRead Operation:\t\tEnumerate Credentials\r\n\r\nThis event occurs when a user performs a read operation on stored credentials in Credential Manager."
    },
    {
        "RecordId": 2571428,
        "Id": 5379,
        "TimeCreated": "/Date(1786681404225)/",
        "MachineName": "saran",
        "LevelDisplayName": "Information",
        "Message": "Credential Manager credentials were read.\r\n\r\nSubject:\r\n\tSecurity ID:\t\tS-1-5-21-2374691185-23257815-2726383057-1001\r\n\tAccount Name:\t\tsaran\r\n\tAccount Domain:\t\tSARAN\r\n\tLogon ID:\t\t0x41A4AC9\r\n\tRead Operation:\t\tEnumerate Credentials\r\n\r\nThis event occurs when a user performs a read operation on stored credentials in Credential Manager."
    },
    {
        "RecordId": 2571427,
        "Id": 5379,
        "TimeCreated": "/Date(1786681404224)/",
        "MachineName": "saran",
        "LevelDisplayName": "Information",
        "Message": "Credential Manager credentials were read.\r\n\r\nSubject:\r\n\tSecurity ID:\t\tS-1-5-21-2374691185-23257815-2726383057-1001\r\n\tAccount Name:\t\tsaran\r\n\tAccount Domain:\t\tSARAN\r\n\tLogon ID:\t\t0x41A4AC9\r\n\tRead Operation:\t\tEnumerate Credentials\r\n\r\nThis event occurs when a user performs a read operation on stored credentials in Credential Manager."
    },
    {
        "RecordId": 2571426,
        "Id": 5379,
        "TimeCreated": "/Date(1786681404224)/",
        "MachineName": "saran",
        "LevelDisplayName": "Information",
        "Message": "Credential Manager credentials were read.\r\n\r\nSubject:\r\n\tSecurity ID:\t\tS-1-5-21-2374691185-23257815-2726383057-1001\r\n\tAccount Name:\t\tsaran\r\n\tAccount Domain:\t\tSARAN\r\n\tLogon ID:\t\t0x41A4AC9\r\n\tRead Operation:\t\tEnumerate Credentials\r\n\r\nThis event occurs when a user performs a read operation on stored credentials in Credential Manager."
    },
    {
        "RecordId": 2571425,
        "Id": 5379,
        "TimeCreated": "/Date(1786681404224)/",
        "MachineName": "saran",
        "LevelDisplayName": "Information",
        "Message": "Credential Manager credentials were read.\r\n\r\nSubject:\r\n\tSecurity ID:\t\tS-1-5-21-2374691185-23257815-2726383057-1001\r\n\tAccount Name:\t\tsaran\r\n\tAccount Domain:\t\tSARAN\r\n\tLogon ID:\t\t0x41A4AC9\r\n\tRead Operation:\t\tEnumerate Credentials\r\n\r\nThis event occurs when a user performs a read operation on stored credentials in Credential Manager."
    },
    {
        "RecordId": 2571424,
        "Id": 5379,
        "TimeCreated": "/Date(1786681404145)/",
        "MachineName": "saran",
        "LevelDisplayName": "Information",
        "Message": "Credential Manager credentials were read.\r\n\r\nSubject:\r\n\tSecurity ID:\t\tS-1-5-21-2374691185-23257815-2726383057-1001\r\n\tAccount Name:\t\tsaran\r\n\tAccount Domain:\t\tSARAN\r\n\tLogon ID:\t\t0x41A4AC9\r\n\tRead Operation:\t\tEnumerate Credentials\r\n\r\nThis event occurs when a user performs a read operation on stored credentials in Credential Manager."
    },
    {
        "RecordId": 2571423,
        "Id": 5379,
        "TimeCreated": "/Date(1786681404144)/",
        "MachineName": "saran",
        "LevelDisplayName": "Information",
        "Message": "Credential Manager credentials were read.\r\n\r\nSubject:\r\n\tSecurity ID:\t\tS-1-5-21-2374691185-23257815-2726383057-1001\r\n\tAccount Name:\t\tsaran\r\n\tAccount Domain:\t\tSARAN\r\n\tLogon ID:\t\t0x41A4AC9\r\n\tRead Operation:\t\tEnumerate Credentials\r\n\r\nThis event occurs when a user performs a read operation on stored credentials in Credential Manager."
    },
    {
        "RecordId": 2571422,
        "Id": 5379,
        "TimeCreated": "/Date(1786681404141)/",
        "MachineName": "saran",
        "LevelDisplayName": "Information",
        "Message": "Credential Manager credentials were read.\r\n\r\nSubject:\r\n\tSecurity ID:\t\tS-1-5-21-2374691185-23257815-2726383057-1001\r\n\tAccount Name:\t\tsaran\r\n\tAccount Domain:\t\tSARAN\r\n\tLogon ID:\t\t0x41A4AC9\r\n\tRead Operation:\t\tEnumerate Credentials\r\n\r\nThis event occurs when a user performs a read operation on stored credentials in Credential Manager."
    },
    {
        "RecordId": 2571421,
        "Id": 5379,
        "TimeCreated": "/Date(1786681404140)/",
        "MachineName": "saran",
        "LevelDisplayName": "Information",
        "Message": "Credential Manager credentials were read.\r\n\r\nSubject:\r\n\tSecurity ID:\t\tS-1-5-21-2374691185-23257815-2726383057-1001\r\n\tAccount Name:\t\tsaran\r\n\tAccount Domain:\t\tSARAN\r\n\tLogon ID:\t\t0x41A4AC9\r\n\tRead Operation:\t\tEnumerate Credentials\r\n\r\nThis event occurs when a user performs a read operation on stored credentials in Credential Manager."
    },
    {
        "RecordId": 2571420,
        "Id": 5379,
        "TimeCreated": "/Date(1786681404140)/",
        "MachineName": "saran",
        "LevelDisplayName": "Information",
        "Message": "Credential Manager credentials were read.\r\n\r\nSubject:\r\n\tSecurity ID:\t\tS-1-5-21-2374691185-23257815-2726383057-1001\r\n\tAccount Name:\t\tsaran\r\n\tAccount Domain:\t\tSARAN\r\n\tLogon ID:\t\t0x41A4AC9\r\n\tRead Operation:\t\tEnumerate Credentials\r\n\r\nThis event occurs when a user performs a read operation on stored credentials in Credential Manager."
    },
    {
        "RecordId": 2571419,
        "Id": 5379,
        "TimeCreated": "/Date(1786681404140)/",
        "MachineName": "saran",
        "LevelDisplayName": "Information",
        "Message": "Credential Manager credentials were read.\r\n\r\nSubject:\r\n\tSecurity ID:\t\tS-1-5-21-2374691185-23257815-2726383057-1001\r\n\tAccount Name:\t\tsaran\r\n\tAccount Domain:\t\tSARAN\r\n\tLogon ID:\t\t0x41A4AC9\r\n\tRead Operation:\t\tEnumerate Credentials\r\n\r\nThis event occurs when a user performs a read operation on stored credentials in Credential Manager."
    },
    {
        "RecordId": 2571418,
        "Id": 5379,
        "TimeCreated": "/Date(1786681404139)/",
        "MachineName": "saran",
        "LevelDisplayName": "Information",
        "Message": "Credential Manager credentials were read.\r\n\r\nSubject:\r\n\tSecurity ID:\t\tS-1-5-21-2374691185-23257815-2726383057-1001\r\n\tAccount Name:\t\tsaran\r\n\tAccount Domain:\t\tSARAN\r\n\tLogon ID:\t\t0x41A4AC9\r\n\tRead Operation:\t\tEnumerate Credentials\r\n\r\nThis event occurs when a user performs a read operation on stored credentials in Credential Manager."
    },
    {
        "RecordId": 2571417,
        "Id": 5379,
        "TimeCreated": "/Date(1786681404139)/",
        "MachineName": "saran",
        "LevelDisplayName": "Information",
        "Message": "Credential Manager credentials were read.\r\n\r\nSubject:\r\n\tSecurity ID:\t\tS-1-5-21-2374691185-23257815-2726383057-1001\r\n\tAccount Name:\t\tsaran\r\n\tAccount Domain:\t\tSARAN\r\n\tLogon ID:\t\t0x41A4AC9\r\n\tRead Operation:\t\tEnumerate Credentials\r\n\r\nThis event occurs when a user performs a read operation on stored credentials in Credential Manager."
    },
    {
        "RecordId": 2571416,
        "Id": 5379,
        "TimeCreated": "/Date(1786681404138)/",
        "MachineName": "saran",
        "LevelDisplayName": "Information",
        "Message": "Credential Manager credentials were read.\r\n\r\nSubject:\r\n\tSecurity ID:\t\tS-1-5-21-2374691185-23257815-2726383057-1001\r\n\tAccount Name:\t\tsaran\r\n\tAccount Domain:\t\tSARAN\r\n\tLogon ID:\t\t0x41A4AC9\r\n\tRead Operation:\t\tEnumerate Credentials\r\n\r\nThis event occurs when a user performs a read operation on stored credentials in Credential Manager."
    },
    {
        "RecordId": 2571415,
        "Id": 5379,
        "TimeCreated": "/Date(1786681404138)/",
        "MachineName": "saran",
        "LevelDisplayName": "Information",
        "Message": "Credential Manager credentials were read.\r\n\r\nSubject:\r\n\tSecurity ID:\t\tS-1-5-21-2374691185-23257815-2726383057-1001\r\n\tAccount Name:\t\tsaran\r\n\tAccount Domain:\t\tSARAN\r\n\tLogon ID:\t\t0x41A4AC9\r\n\tRead Operation:\t\tEnumerate Credentials\r\n\r\nThis event occurs when a user performs a read operation on stored credentials in Credential Manager."
    },
    {
        "RecordId": 2571414,
        "Id": 5379,
        "TimeCreated": "/Date(1786681404137)/",
        "MachineName": "saran",
        "LevelDisplayName": "Information",
        "Message": "Credential Manager credentials were read.\r\n\r\nSubject:\r\n\tSecurity ID:\t\tS-1-5-21-2374691185-23257815-2726383057-1001\r\n\tAccount Name:\t\tsaran\r\n\tAccount Domain:\t\tSARAN\r\n\tLogon ID:\t\t0x41A4AC9\r\n\tRead Operation:\t\tEnumerate Credentials\r\n\r\nThis event occurs when a user performs a read operation on stored credentials in Credential Manager."
    },
    {
        "RecordId": 2571413,
        "Id": 5379,
        "TimeCreated": "/Date(1786681404137)/",
        "MachineName": "saran",
        "LevelDisplayName": "Information",
        "Message": "Credential Manager credentials were read.\r\n\r\nSubject:\r\n\tSecurity ID:\t\tS-1-5-21-2374691185-23257815-2726383057-1001\r\n\tAccount Name:\t\tsaran\r\n\tAccount Domain:\t\tSARAN\r\n\tLogon ID:\t\t0x41A4AC9\r\n\tRead Operation:\t\tEnumerate Credentials\r\n\r\nThis event occurs when a user performs a read operation on stored credentials in Credential Manager."
    },
    {
        "RecordId": 2571412,
        "Id": 5379,
        "TimeCreated": "/Date(1786681404136)/",
        "MachineName": "saran",
        "LevelDisplayName": "Information",
        "Message": "Credential Manager credentials were read.\r\n\r\nSubject:\r\n\tSecurity ID:\t\tS-1-5-21-2374691185-23257815-2726383057-1001\r\n\tAccount Name:\t\tsaran\r\n\tAccount Domain:\t\tSARAN\r\n\tLogon ID:\t\t0x41A4AC9\r\n\tRead Operation:\t\tEnumerate Credentials\r\n\r\nThis event occurs when a user performs a read operation on stored credentials in Credential Manager."
    },
    {
        "RecordId": 2571411,
        "Id": 5379,
        "TimeCreated": "/Date(1786681404136)/",
        "MachineName": "saran",
        "LevelDisplayName": "Information",
        "Message": "Credential Manager credentials were read.\r\n\r\nSubject:\r\n\tSecurity ID:\t\tS-1-5-21-2374691185-23257815-2726383057-1001\r\n\tAccount Name:\t\tsaran\r\n\tAccount Domain:\t\tSARAN\r\n\tLogon ID:\t\t0x41A4AC9\r\n\tRead Operation:\t\tEnumerate Credentials\r\n\r\nThis event occurs when a user performs a read operation on stored credentials in Credential Manager."
    },
    {
        "RecordId": 2571410,
        "Id": 5379,
        "TimeCreated": "/Date(1786681404135)/",
        "MachineName": "saran",
        "LevelDisplayName": "Information",
        "Message": "Credential Manager credentials were read.\r\n\r\nSubject:\r\n\tSecurity ID:\t\tS-1-5-21-2374691185-23257815-2726383057-1001\r\n\tAccount Name:\t\tsaran\r\n\tAccount Domain:\t\tSARAN\r\n\tLogon ID:\t\t0x41A4AC9\r\n\tRead Operation:\t\tEnumerate Credentials\r\n\r\nThis event occurs when a user performs a read operation on stored credentials in Credential Manager."
    },
    {
        "RecordId": 2571409,
        "Id": 5379,
        "TimeCreated": "/Date(1786681404119)/",
        "MachineName": "saran",
        "LevelDisplayName": "Information",
        "Message": "Credential Manager credentials were read.\r\n\r\nSubject:\r\n\tSecurity ID:\t\tS-1-5-21-2374691185-23257815-2726383057-1001\r\n\tAccount Name:\t\tsaran\r\n\tAccount Domain:\t\tSARAN\r\n\tLogon ID:\t\t0x41A4AC9\r\n\tRead Operation:\t\tEnumerate Credentials\r\n\r\nThis event occurs when a user performs a read operation on stored credentials in Credential Manager."
    },
    {
        "RecordId": 2571408,
        "Id": 5379,
        "TimeCreated": "/Date(1786681404118)/",
        "MachineName": "saran",
        "LevelDisplayName": "Information",
        "Message": "Credential Manager credentials were read.\r\n\r\nSubject:\r\n\tSecurity ID:\t\tS-1-5-21-2374691185-23257815-2726383057-1001\r\n\tAccount Name:\t\tsaran\r\n\tAccount Domain:\t\tSARAN\r\n\tLogon ID:\t\t0x41A4AC9\r\n\tRead Operation:\t\tEnumerate Credentials\r\n\r\nThis event occurs when a user performs a read operation on stored credentials in Credential Manager."
    },
    {
        "RecordId": 2571407,
        "Id": 5379,
        "TimeCreated": "/Date(1786681404118)/",
        "MachineName": "saran",
        "LevelDisplayName": "Information",
        "Message": "Credential Manager credentials were read.\r\n\r\nSubject:\r\n\tSecurity ID:\t\tS-1-5-21-2374691185-23257815-2726383057-1001\r\n\tAccount Name:\t\tsaran\r\n\tAccount Domain:\t\tSARAN\r\n\tLogon ID:\t\t0x41A4AC9\r\n\tRead Operation:\t\tEnumerate Credentials\r\n\r\nThis event occurs when a user performs a read operation on stored credentials in Credential Manager."
    },
    {
        "RecordId": 2571406,
        "Id": 5379,
        "TimeCreated": "/Date(1786681404117)/",
        "MachineName": "saran",
        "LevelDisplayName": "Information",
        "Message": "Credential Manager credentials were read.\r\n\r\nSubject:\r\n\tSecurity ID:\t\tS-1-5-21-2374691185-23257815-2726383057-1001\r\n\tAccount Name:\t\tsaran\r\n\tAccount Domain:\t\tSARAN\r\n\tLogon ID:\t\t0x41A4AC9\r\n\tRead Operation:\t\tEnumerate Credentials\r\n\r\nThis event occurs when a user performs a read operation on stored credentials in Credential Manager."
    },
    {
        "RecordId": 2571405,
        "Id": 5379,
        "TimeCreated": "/Date(1786681404117)/",
        "MachineName": "saran",
        "LevelDisplayName": "Information",
        "Message": "Credential Manager credentials were read.\r\n\r\nSubject:\r\n\tSecurity ID:\t\tS-1-5-21-2374691185-23257815-2726383057-1001\r\n\tAccount Name:\t\tsaran\r\n\tAccount Domain:\t\tSARAN\r\n\tLogon ID:\t\t0x41A4AC9\r\n\tRead Operation:\t\tEnumerate Credentials\r\n\r\nThis event occurs when a user performs a read operation on stored credentials in Credential Manager."
    },
    {
        "RecordId": 2571404,
        "Id": 5379,
        "TimeCreated": "/Date(1786681404116)/",
        "MachineName": "saran",
        "LevelDisplayName": "Information",
        "Message": "Credential Manager credentials were read.\r\n\r\nSubject:\r\n\tSecurity ID:\t\tS-1-5-21-2374691185-23257815-2726383057-1001\r\n\tAccount Name:\t\tsaran\r\n\tAccount Domain:\t\tSARAN\r\n\tLogon ID:\t\t0x41A4AC9\r\n\tRead Operation:\t\tEnumerate Credentials\r\n\r\nThis event occurs when a user performs a read operation on stored credentials in Credential Manager."
    },
    {
        "RecordId": 2571403,
        "Id": 5379,
        "TimeCreated": "/Date(1786681404116)/",
        "MachineName": "saran",
        "LevelDisplayName": "Information",
        "Message": "Credential Manager credentials were read.\r\n\r\nSubject:\r\n\tSecurity ID:\t\tS-1-5-21-2374691185-23257815-2726383057-1001\r\n\tAccount Name:\t\tsaran\r\n\tAccount Domain:\t\tSARAN\r\n\tLogon ID:\t\t0x41A4AC9\r\n\tRead Operation:\t\tEnumerate Credentials\r\n\r\nThis event occurs when a user performs a read operation on stored credentials in Credential Manager."
    },
    {
        "RecordId": 2571402,
        "Id": 5379,
        "TimeCreated": "/Date(1786681404115)/",
        "MachineName": "saran",
        "LevelDisplayName": "Information",
        "Message": "Credential Manager credentials were read.\r\n\r\nSubject:\r\n\tSecurity ID:\t\tS-1-5-21-2374691185-23257815-2726383057-1001\r\n\tAccount Name:\t\tsaran\r\n\tAccount Domain:\t\tSARAN\r\n\tLogon ID:\t\t0x41A4AC9\r\n\tRead Operation:\t\tEnumerate Credentials\r\n\r\nThis event occurs when a user performs a read operation on stored credentials in Credential Manager."
    },
    {
        "RecordId": 2571401,
        "Id": 5379,
        "TimeCreated": "/Date(1786681404115)/",
        "MachineName": "saran",
        "LevelDisplayName": "Information",
        "Message": "Credential Manager credentials were read.\r\n\r\nSubject:\r\n\tSecurity ID:\t\tS-1-5-21-2374691185-23257815-2726383057-1001\r\n\tAccount Name:\t\tsaran\r\n\tAccount Domain:\t\tSARAN\r\n\tLogon ID:\t\t0x41A4AC9\r\n\tRead Operation:\t\tEnumerate Credentials\r\n\r\nThis event occurs when a user performs a read operation on stored credentials in Credential Manager."
    },
    {
        "RecordId": 2571400,
        "Id": 5379,
        "TimeCreated": "/Date(1786681404114)/",
        "MachineName": "saran",
        "LevelDisplayName": "Information",
        "Message": "Credential Manager credentials were read.\r\n\r\nSubject:\r\n\tSecurity ID:\t\tS-1-5-21-2374691185-23257815-2726383057-1001\r\n\tAccount Name:\t\tsaran\r\n\tAccount Domain:\t\tSARAN\r\n\tLogon ID:\t\t0x41A4AC9\r\n\tRead Operation:\t\tEnumerate Credentials\r\n\r\nThis event occurs when a user performs a read operation on stored credentials in Credential Manager."
    },
    {
        "RecordId": 2571399,
        "Id": 5379,
        "TimeCreated": "/Date(1786681404114)/",
        "MachineName": "saran",
        "LevelDisplayName": "Information",
        "Message": "Credential Manager credentials were read.\r\n\r\nSubject:\r\n\tSecurity ID:\t\tS-1-5-21-2374691185-23257815-2726383057-1001\r\n\tAccount Name:\t\tsaran\r\n\tAccount Domain:\t\tSARAN\r\n\tLogon ID:\t\t0x41A4AC9\r\n\tRead Operation:\t\tEnumerate Credentials\r\n\r\nThis event occurs when a user performs a read operation on stored credentials in Credential Manager."
    },
    {
        "RecordId": 2571398,
        "Id": 5379,
        "TimeCreated": "/Date(1786681404113)/",
        "MachineName": "saran",
        "LevelDisplayName": "Information",
        "Message": "Credential Manager credentials were read.\r\n\r\nSubject:\r\n\tSecurity ID:\t\tS-1-5-21-2374691185-23257815-2726383057-1001\r\n\tAccount Name:\t\tsaran\r\n\tAccount Domain:\t\tSARAN\r\n\tLogon ID:\t\t0x41A4AC9\r\n\tRead Operation:\t\tEnumerate Credentials\r\n\r\nThis event occurs when a user performs a read operation on stored credentials in Credential Manager."
    },
    {
        "RecordId": 2571397,
        "Id": 5379,
        "TimeCreated": "/Date(1786681404112)/",
        "MachineName": "saran",
        "LevelDisplayName": "Information",
        "Message": "Credential Manager credentials were read.\r\n\r\nSubject:\r\n\tSecurity ID:\t\tS-1-5-21-2374691185-23257815-2726383057-1001\r\n\tAccount Name:\t\tsaran\r\n\tAccount Domain:\t\tSARAN\r\n\tLogon ID:\t\t0x41A4AC9\r\n\tRead Operation:\t\tEnumerate Credentials\r\n\r\nThis event occurs when a user performs a read operation on stored credentials in Credential Manager."
    },
    {
        "RecordId": 2571396,
        "Id": 5379,
        "TimeCreated": "/Date(1786681404098)/",
        "MachineName": "saran",
        "LevelDisplayName": "Information",
        "Message": "Credential Manager credentials were read.\r\n\r\nSubject:\r\n\tSecurity ID:\t\tS-1-5-21-2374691185-23257815-2726383057-1001\r\n\tAccount Name:\t\tsaran\r\n\tAccount Domain:\t\tSARAN\r\n\tLogon ID:\t\t0x41A4AC9\r\n\tRead Operation:\t\tRead Credential\r\n\r\nThis event occurs when a user performs a read operation on stored credentials in Credential Manager."
    },
    {
        "RecordId": 2571395,
        "Id": 5379,
        "TimeCreated": "/Date(1786681404097)/",
        "MachineName": "saran",
        "LevelDisplayName": "Information",
        "Message": "Credential Manager credentials were read.\r\n\r\nSubject:\r\n\tSecurity ID:\t\tS-1-5-21-2374691185-23257815-2726383057-1001\r\n\tAccount Name:\t\tsaran\r\n\tAccount Domain:\t\tSARAN\r\n\tLogon ID:\t\t0x41A4AC9\r\n\tRead Operation:\t\tEnumerate Credentials\r\n\r\nThis event occurs when a user performs a read operation on stored credentials in Credential Manager."
    },
    {
        "RecordId": 2571394,
        "Id": 5379,
        "TimeCreated": "/Date(1786681404096)/",
        "MachineName": "saran",
        "LevelDisplayName": "Information",
        "Message": "Credential Manager credentials were read.\r\n\r\nSubject:\r\n\tSecurity ID:\t\tS-1-5-21-2374691185-23257815-2726383057-1001\r\n\tAccount Name:\t\tsaran\r\n\tAccount Domain:\t\tSARAN\r\n\tLogon ID:\t\t0x41A4AC9\r\n\tRead Operation:\t\tEnumerate Credentials\r\n\r\nThis event occurs when a user performs a read operation on stored credentials in Credential Manager."
    },
    {
        "RecordId": 2571393,
        "Id": 5379,
        "TimeCreated": "/Date(1786681404096)/",
        "MachineName": "saran",
        "LevelDisplayName": "Information",
        "Message": "Credential Manager credentials were read.\r\n\r\nSubject:\r\n\tSecurity ID:\t\tS-1-5-21-2374691185-23257815-2726383057-1001\r\n\tAccount Name:\t\tsaran\r\n\tAccount Domain:\t\tSARAN\r\n\tLogon ID:\t\t0x41A4AC9\r\n\tRead Operation:\t\tEnumerate Credentials\r\n\r\nThis event occurs when a user performs a read operation on stored credentials in Credential Manager."
    },
    {
        "RecordId": 2571392,
        "Id": 5379,
        "TimeCreated": "/Date(1786681404095)/",
        "MachineName": "saran",
        "LevelDisplayName": "Information",
        "Message": "Credential Manager credentials were read.\r\n\r\nSubject:\r\n\tSecurity ID:\t\tS-1-5-21-2374691185-23257815-2726383057-1001\r\n\tAccount Name:\t\tsaran\r\n\tAccount Domain:\t\tSARAN\r\n\tLogon ID:\t\t0x41A4AC9\r\n\tRead Operation:\t\tEnumerate Credentials\r\n\r\nThis event occurs when a user performs a read operation on stored credentials in Credential Manager."
    },
    {
        "RecordId": 2571391,
        "Id": 5379,
        "TimeCreated": "/Date(1786681404095)/",
        "MachineName": "saran",
        "LevelDisplayName": "Information",
        "Message": "Credential Manager credentials were read.\r\n\r\nSubject:\r\n\tSecurity ID:\t\tS-1-5-21-2374691185-23257815-2726383057-1001\r\n\tAccount Name:\t\tsaran\r\n\tAccount Domain:\t\tSARAN\r\n\tLogon ID:\t\t0x41A4AC9\r\n\tRead Operation:\t\tEnumerate Credentials\r\n\r\nThis event occurs when a user performs a read operation on stored credentials in Credential Manager."
    },
    {
        "RecordId": 2571390,
        "Id": 5379,
        "TimeCreated": "/Date(1786681404095)/",
        "MachineName": "saran",
        "LevelDisplayName": "Information",
        "Message": "Credential Manager credentials were read.\r\n\r\nSubject:\r\n\tSecurity ID:\t\tS-1-5-21-2374691185-23257815-2726383057-1001\r\n\tAccount Name:\t\tsaran\r\n\tAccount Domain:\t\tSARAN\r\n\tLogon ID:\t\t0x41A4AC9\r\n\tRead Operation:\t\tEnumerate Credentials\r\n\r\nThis event occurs when a user performs a read operation on stored credentials in Credential Manager."
    },
    {
        "RecordId": 2571389,
        "Id": 5379,
        "TimeCreated": "/Date(1786681404094)/",
        "MachineName": "saran",
        "LevelDisplayName": "Information",
        "Message": "Credential Manager credentials were read.\r\n\r\nSubject:\r\n\tSecurity ID:\t\tS-1-5-21-2374691185-23257815-2726383057-1001\r\n\tAccount Name:\t\tsaran\r\n\tAccount Domain:\t\tSARAN\r\n\tLogon ID:\t\t0x41A4AC9\r\n\tRead Operation:\t\tEnumerate Credentials\r\n\r\nThis event occurs when a user performs a read operation on stored credentials in Credential Manager."
    },
    {
        "RecordId": 2571388,
        "Id": 5379,
        "TimeCreated": "/Date(1786681404093)/",
        "MachineName": "saran",
        "LevelDisplayName": "Information",
        "Message": "Credential Manager credentials were read.\r\n\r\nSubject:\r\n\tSecurity ID:\t\tS-1-5-21-2374691185-23257815-2726383057-1001\r\n\tAccount Name:\t\tsaran\r\n\tAccount Domain:\t\tSARAN\r\n\tLogon ID:\t\t0x41A4AC9\r\n\tRead Operation:\t\tEnumerate Credentials\r\n\r\nThis event occurs when a user performs a read operation on stored credentials in Credential Manager."
    },
    {
        "RecordId": 2571387,
        "Id": 5379,
        "TimeCreated": "/Date(1786681404093)/",
        "MachineName": "saran",
        "LevelDisplayName": "Information",
        "Message": "Credential Manager credentials were read.\r\n\r\nSubject:\r\n\tSecurity ID:\t\tS-1-5-21-2374691185-23257815-2726383057-1001\r\n\tAccount Name:\t\tsaran\r\n\tAccount Domain:\t\tSARAN\r\n\tLogon ID:\t\t0x41A4AC9\r\n\tRead Operation:\t\tEnumerate Credentials\r\n\r\nThis event occurs when a user performs a read operation on stored credentials in Credential Manager."
    },
    {
        "RecordId": 2571386,
        "Id": 5379,
        "TimeCreated": "/Date(1786681404093)/",
        "MachineName": "saran",
        "LevelDisplayName": "Information",
        "Message": "Credential Manager credentials were read.\r\n\r\nSubject:\r\n\tSecurity ID:\t\tS-1-5-21-2374691185-23257815-2726383057-1001\r\n\tAccount Name:\t\tsaran\r\n\tAccount Domain:\t\tSARAN\r\n\tLogon ID:\t\t0x41A4AC9\r\n\tRead Operation:\t\tEnumerate Credentials\r\n\r\nThis event occurs when a user performs a read operation on stored credentials in Credential Manager."
    },
    {
        "RecordId": 2571385,
        "Id": 5379,
        "TimeCreated": "/Date(1786681404092)/",
        "MachineName": "saran",
        "LevelDisplayName": "Information",
        "Message": "Credential Manager credentials were read.\r\n\r\nSubject:\r\n\tSecurity ID:\t\tS-1-5-21-2374691185-23257815-2726383057-1001\r\n\tAccount Name:\t\tsaran\r\n\tAccount Domain:\t\tSARAN\r\n\tLogon ID:\t\t0x41A4AC9\r\n\tRead Operation:\t\tEnumerate Credentials\r\n\r\nThis event occurs when a user performs a read operation on stored credentials in Credential Manager."
    },
