    {
        "RecordId": 2571625,
        "Id": 4672,
        "TimeCreated": "/Date(1786681818074)/",
        "MachineName": "saran",
        "LevelDisplayName": "Information",
        "Message": "Special privileges assigned to new logon.\r\n\r\nSubject:\r\n\tSecurity ID:\t\tS-1-5-18\r\n\tAccount Name:\t\tSYSTEM\r\n\tAccount Domain:\t\tNT AUTHORITY\r\n\tLogon ID:\t\t0x3E7\r\n\r\nPrivileges:\t\tSeAssignPrimaryTokenPrivilege\r\n\t\t\tSeTcbPrivilege\r\n\t\t\tSeSecurityPrivilege\r\n\t\t\tSeTakeOwnershipPrivilege\r\n\t\t\tSeLoadDriverPrivilege\r\n\t\t\tSeBackupPrivilege\r\n\t\t\tSeRestorePrivilege\r\n\t\t\tSeDebugPrivilege\r\n\t\t\tSeAuditPrivilege\r\n\t\t\tSeSystemEnvironmentPrivilege\r\n\t\t\tSeImpersonatePrivilege\r\n\t\t\tSeDelegateSessionUserImpersonatePrivilege"
    },
    {
        "RecordId": 2571624,
        "Id": 4624,
        "TimeCreated": "/Date(1786681818074)/",
        "MachineName": "saran",
        "LevelDisplayName": "Information",
        "Message": "An account was successfully logged on.\r\n\r\nSubject:\r\n\tSecurity ID:\t\tS-1-5-18\r\n\tAccount Name:\t\tSARAN$\r\n\tAccount Domain:\t\tWORKGROUP\r\n\tLogon ID:\t\t0x3E7\r\n\r\nLogon Information:\r\n\tLogon Type:\t\t5\r\n\tRestricted Admin Mode:\t-\r\n\tRemote Credential Guard:\t-\r\n\tVirtual Account:\t\tNo\r\n\tElevated Token:\t\tYes\r\n\r\nImpersonation Level:\t\tImpersonation\r\n\r\nNew Logon:\r\n\tSecurity ID:\t\tS-1-5-18\r\n\tAccount Name:\t\tSYSTEM\r\n\tAccount Domain:\t\tNT AUTHORITY\r\n\tLogon ID:\t\t0x3E7\r\n\tLinked Logon ID:\t\t0x0\r\n\tNetwork Account Name:\t-\r\n\tNetwork Account Domain:\t-\r\n\tLogon GUID:\t\t{00000000-0000-0000-0000-000000000000}\r\n\r\nProcess Information:\r\n\tProcess ID:\t\t0x6a4\r\n\tProcess Name:\t\tC:\\Windows\\System32\\services.exe\r\n\r\nNetwork Information:\r\n\tWorkstation Name:\t-\r\n\tSource Network Address:\t-\r\n\tSource Port:\t\t-\r\n\r\nDetailed Authentication Information:\r\n\tLogon Process:\t\tAdvapi  \r\n\tAuthentication Package:\tNegotiate\r\n\tTransited Services:\t-\r\n\tPackage Name (NTLM only):\t-\r\n\tKey Length:\t\t0\r\n\r\nThis event is generated when a logon session is created. It is generated on the computer that was accessed.\r\n\r\nThe subject fields indicate the account on the local system which requested the logon. This is most commonly a service such as the Server service, or a local process such as Winlogon.exe or Services.exe.\r\n\r\nThe logon type field indicates the kind of logon that occurred. The most common types are 2 (interactive) and 3 (network).\r\n\r\nThe New Logon fields indicate the account for whom the new logon was created, i.e. the account that was logged on.\r\n\r\nThe network fields indicate where a remote logon request originated. Workstation name is not always available and may be left blank in some cases.\r\n\r\nThe impersonation level field indicates the extent to which a process in the logon session can impersonate.\r\n\r\nThe authentication information fields provide detailed information about this specific logon request.\r\n\t- Logon GUID is a unique identifier that can be used to correlate this event with a KDC event.\r\n\t- Transited services indicate which intermediate services have participated in this logon request.\r\n\t- Package name indicates which sub-protocol was used among the NTLM protocols.\r\n\t- Key length indicates the length of the generated session key. This will be 0 if no session key was requested."
    },
    {
        "RecordId": 2571623,
        "Id": 5379,
        "TimeCreated": "/Date(1786681777524)/",
        "MachineName": "saran",
        "LevelDisplayName": "Information",
        "Message": "Credential Manager credentials were read.\r\n\r\nSubject:\r\n\tSecurity ID:\t\tS-1-5-20\r\n\tAccount Name:\t\tSARAN$\r\n\tAccount Domain:\t\tWORKGROUP\r\n\tLogon ID:\t\t0x3E4\r\n\tRead Operation:\t\tEnumerate Credentials\r\n\r\nThis event occurs when a user performs a read operation on stored credentials in Credential Manager."
    },
    {
        "RecordId": 2571622,
        "Id": 5379,
        "TimeCreated": "/Date(1786681777524)/",
        "MachineName": "saran",
        "LevelDisplayName": "Information",
        "Message": "Credential Manager credentials were read.\r\n\r\nSubject:\r\n\tSecurity ID:\t\tS-1-5-20\r\n\tAccount Name:\t\tSARAN$\r\n\tAccount Domain:\t\tWORKGROUP\r\n\tLogon ID:\t\t0x3E4\r\n\tRead Operation:\t\tEnumerate Credentials\r\n\r\nThis event occurs when a user performs a read operation on stored credentials in Credential Manager."
    },
    {
        "RecordId": 2571621,
        "Id": 5379,
        "TimeCreated": "/Date(1786681777521)/",
        "MachineName": "saran",
        "LevelDisplayName": "Information",
        "Message": "Credential Manager credentials were read.\r\n\r\nSubject:\r\n\tSecurity ID:\t\tS-1-5-20\r\n\tAccount Name:\t\tSARAN$\r\n\tAccount Domain:\t\tWORKGROUP\r\n\tLogon ID:\t\t0x3E4\r\n\tRead Operation:\t\tEnumerate Credentials\r\n\r\nThis event occurs when a user performs a read operation on stored credentials in Credential Manager."
    },
    {
        "RecordId": 2571620,
        "Id": 5379,
        "TimeCreated": "/Date(1786681777492)/",
        "MachineName": "saran",
        "LevelDisplayName": "Information",
        "Message": "Credential Manager credentials were read.\r\n\r\nSubject:\r\n\tSecurity ID:\t\tS-1-5-20\r\n\tAccount Name:\t\tSARAN$\r\n\tAccount Domain:\t\tWORKGROUP\r\n\tLogon ID:\t\t0x3E4\r\n\tRead Operation:\t\tEnumerate Credentials\r\n\r\nThis event occurs when a user performs a read operation on stored credentials in Credential Manager."
    },
    {
        "RecordId": 2571619,
        "Id": 5379,
        "TimeCreated": "/Date(1786681777492)/",
        "MachineName": "saran",
        "LevelDisplayName": "Information",
        "Message": "Credential Manager credentials were read.\r\n\r\nSubject:\r\n\tSecurity ID:\t\tS-1-5-20\r\n\tAccount Name:\t\tSARAN$\r\n\tAccount Domain:\t\tWORKGROUP\r\n\tLogon ID:\t\t0x3E4\r\n\tRead Operation:\t\tEnumerate Credentials\r\n\r\nThis event occurs when a user performs a read operation on stored credentials in Credential Manager."
    },
    {
        "RecordId": 2571618,
        "Id": 5379,
        "TimeCreated": "/Date(1786681777490)/",
        "MachineName": "saran",
        "LevelDisplayName": "Information",
        "Message": "Credential Manager credentials were read.\r\n\r\nSubject:\r\n\tSecurity ID:\t\tS-1-5-20\r\n\tAccount Name:\t\tSARAN$\r\n\tAccount Domain:\t\tWORKGROUP\r\n\tLogon ID:\t\t0x3E4\r\n\tRead Operation:\t\tEnumerate Credentials\r\n\r\nThis event occurs when a user performs a read operation on stored credentials in Credential Manager."
    },
    {
        "RecordId": 2571617,
        "Id": 5379,
        "TimeCreated": "/Date(1786681777458)/",
        "MachineName": "saran",
        "LevelDisplayName": "Information",
        "Message": "Credential Manager credentials were read.\r\n\r\nSubject:\r\n\tSecurity ID:\t\tS-1-5-20\r\n\tAccount Name:\t\tSARAN$\r\n\tAccount Domain:\t\tWORKGROUP\r\n\tLogon ID:\t\t0x3E4\r\n\tRead Operation:\t\tEnumerate Credentials\r\n\r\nThis event occurs when a user performs a read operation on stored credentials in Credential Manager."
    },
    {
        "RecordId": 2571616,
        "Id": 5379,
        "TimeCreated": "/Date(1786681777445)/",
        "MachineName": "saran",
        "LevelDisplayName": "Information",
        "Message": "Credential Manager credentials were read.\r\n\r\nSubject:\r\n\tSecurity ID:\t\tS-1-5-20\r\n\tAccount Name:\t\tSARAN$\r\n\tAccount Domain:\t\tWORKGROUP\r\n\tLogon ID:\t\t0x3E4\r\n\tRead Operation:\t\tEnumerate Credentials\r\n\r\nThis event occurs when a user performs a read operation on stored credentials in Credential Manager."
    },
    {
        "RecordId": 2571615,
        "Id": 5379,
        "TimeCreated": "/Date(1786681776601)/",
        "MachineName": "saran",
        "LevelDisplayName": "Information",
        "Message": "Credential Manager credentials were read.\r\n\r\nSubject:\r\n\tSecurity ID:\t\tS-1-5-20\r\n\tAccount Name:\t\tSARAN$\r\n\tAccount Domain:\t\tWORKGROUP\r\n\tLogon ID:\t\t0x3E4\r\n\tRead Operation:\t\tEnumerate Credentials\r\n\r\nThis event occurs when a user performs a read operation on stored credentials in Credential Manager."
    },
    {
        "RecordId": 2571614,
        "Id": 5379,
        "TimeCreated": "/Date(1786681776601)/",
        "MachineName": "saran",
        "LevelDisplayName": "Information",
        "Message": "Credential Manager credentials were read.\r\n\r\nSubject:\r\n\tSecurity ID:\t\tS-1-5-20\r\n\tAccount Name:\t\tSARAN$\r\n\tAccount Domain:\t\tWORKGROUP\r\n\tLogon ID:\t\t0x3E4\r\n\tRead Operation:\t\tEnumerate Credentials\r\n\r\nThis event occurs when a user performs a read operation on stored credentials in Credential Manager."
    },
    {
        "RecordId": 2571613,
        "Id": 5379,
        "TimeCreated": "/Date(1786681776601)/",
        "MachineName": "saran",
        "LevelDisplayName": "Information",
        "Message": "Credential Manager credentials were read.\r\n\r\nSubject:\r\n\tSecurity ID:\t\tS-1-5-20\r\n\tAccount Name:\t\tSARAN$\r\n\tAccount Domain:\t\tWORKGROUP\r\n\tLogon ID:\t\t0x3E4\r\n\tRead Operation:\t\tEnumerate Credentials\r\n\r\nThis event occurs when a user performs a read operation on stored credentials in Credential Manager."
    },
    {
        "RecordId": 2571612,
        "Id": 5379,
        "TimeCreated": "/Date(1786681774663)/",
        "MachineName": "saran",
        "LevelDisplayName": "Information",
        "Message": "Credential Manager credentials were read.\r\n\r\nSubject:\r\n\tSecurity ID:\t\tS-1-5-21-2374691185-23257815-2726383057-1001\r\n\tAccount Name:\t\tsaran\r\n\tAccount Domain:\t\tSARAN\r\n\tLogon ID:\t\t0x41A4AC9\r\n\tRead Operation:\t\tEnumerate Credentials\r\n\r\nThis event occurs when a user performs a read operation on stored credentials in Credential Manager."
    },
    {
        "RecordId": 2571611,
        "Id": 5379,
        "TimeCreated": "/Date(1786681774662)/",
        "MachineName": "saran",
        "LevelDisplayName": "Information",
        "Message": "Credential Manager credentials were read.\r\n\r\nSubject:\r\n\tSecurity ID:\t\tS-1-5-21-2374691185-23257815-2726383057-1001\r\n\tAccount Name:\t\tsaran\r\n\tAccount Domain:\t\tSARAN\r\n\tLogon ID:\t\t0x41A4AC9\r\n\tRead Operation:\t\tEnumerate Credentials\r\n\r\nThis event occurs when a user performs a read operation on stored credentials in Credential Manager."
    },
    {
        "RecordId": 2571610,
        "Id": 5379,
        "TimeCreated": "/Date(1786681774661)/",
        "MachineName": "saran",
        "LevelDisplayName": "Information",
        "Message": "Credential Manager credentials were read.\r\n\r\nSubject:\r\n\tSecurity ID:\t\tS-1-5-21-2374691185-23257815-2726383057-1001\r\n\tAccount Name:\t\tsaran\r\n\tAccount Domain:\t\tSARAN\r\n\tLogon ID:\t\t0x41A4AC9\r\n\tRead Operation:\t\tEnumerate Credentials\r\n\r\nThis event occurs when a user performs a read operation on stored credentials in Credential Manager."
    },
    {
        "RecordId": 2571609,
        "Id": 5379,
        "TimeCreated": "/Date(1786681774659)/",
        "MachineName": "saran",
        "LevelDisplayName": "Information",
        "Message": "Credential Manager credentials were read.\r\n\r\nSubject:\r\n\tSecurity ID:\t\tS-1-5-21-2374691185-23257815-2726383057-1001\r\n\tAccount Name:\t\tsaran\r\n\tAccount Domain:\t\tSARAN\r\n\tLogon ID:\t\t0x41A4AC9\r\n\tRead Operation:\t\tEnumerate Credentials\r\n\r\nThis event occurs when a user performs a read operation on stored credentials in Credential Manager."
    },
    {
        "RecordId": 2571608,
        "Id": 5379,
        "TimeCreated": "/Date(1786681774659)/",
        "MachineName": "saran",
        "LevelDisplayName": "Information",
        "Message": "Credential Manager credentials were read.\r\n\r\nSubject:\r\n\tSecurity ID:\t\tS-1-5-21-2374691185-23257815-2726383057-1001\r\n\tAccount Name:\t\tsaran\r\n\tAccount Domain:\t\tSARAN\r\n\tLogon ID:\t\t0x41A4AC9\r\n\tRead Operation:\t\tEnumerate Credentials\r\n\r\nThis event occurs when a user performs a read operation on stored credentials in Credential Manager."
    },
    {
        "RecordId": 2571607,
        "Id": 5379,
        "TimeCreated": "/Date(1786681774659)/",
        "MachineName": "saran",
        "LevelDisplayName": "Information",
        "Message": "Credential Manager credentials were read.\r\n\r\nSubject:\r\n\tSecurity ID:\t\tS-1-5-21-2374691185-23257815-2726383057-1001\r\n\tAccount Name:\t\tsaran\r\n\tAccount Domain:\t\tSARAN\r\n\tLogon ID:\t\t0x41A4AC9\r\n\tRead Operation:\t\tEnumerate Credentials\r\n\r\nThis event occurs when a user performs a read operation on stored credentials in Credential Manager."
    },
    {
        "RecordId": 2571606,
        "Id": 5379,
        "TimeCreated": "/Date(1786681774633)/",
        "MachineName": "saran",
        "LevelDisplayName": "Information",
        "Message": "Credential Manager credentials were read.\r\n\r\nSubject:\r\n\tSecurity ID:\t\tS-1-5-20\r\n\tAccount Name:\t\tSARAN$\r\n\tAccount Domain:\t\tWORKGROUP\r\n\tLogon ID:\t\t0x3E4\r\n\tRead Operation:\t\tEnumerate Credentials\r\n\r\nThis event occurs when a user performs a read operation on stored credentials in Credential Manager."
    },
    {
        "RecordId": 2571605,
        "Id": 5379,
        "TimeCreated": "/Date(1786681774632)/",
        "MachineName": "saran",
        "LevelDisplayName": "Information",
        "Message": "Credential Manager credentials were read.\r\n\r\nSubject:\r\n\tSecurity ID:\t\tS-1-5-20\r\n\tAccount Name:\t\tSARAN$\r\n\tAccount Domain:\t\tWORKGROUP\r\n\tLogon ID:\t\t0x3E4\r\n\tRead Operation:\t\tEnumerate Credentials\r\n\r\nThis event occurs when a user performs a read operation on stored credentials in Credential Manager."
    },
    {
        "RecordId": 2571604,
        "Id": 5379,
        "TimeCreated": "/Date(1786681774632)/",
        "MachineName": "saran",
        "LevelDisplayName": "Information",
        "Message": "Credential Manager credentials were read.\r\n\r\nSubject:\r\n\tSecurity ID:\t\tS-1-5-20\r\n\tAccount Name:\t\tSARAN$\r\n\tAccount Domain:\t\tWORKGROUP\r\n\tLogon ID:\t\t0x3E4\r\n\tRead Operation:\t\tEnumerate Credentials\r\n\r\nThis event occurs when a user performs a read operation on stored credentials in Credential Manager."
    },
    {
        "RecordId": 2571603,
        "Id": 5379,
        "TimeCreated": "/Date(1786681774631)/",
        "MachineName": "saran",
        "LevelDisplayName": "Information",
        "Message": "Credential Manager credentials were read.\r\n\r\nSubject:\r\n\tSecurity ID:\t\tS-1-5-20\r\n\tAccount Name:\t\tSARAN$\r\n\tAccount Domain:\t\tWORKGROUP\r\n\tLogon ID:\t\t0x3E4\r\n\tRead Operation:\t\tEnumerate Credentials\r\n\r\nThis event occurs when a user performs a read operation on stored credentials in Credential Manager."
    },
    {
        "RecordId": 2571602,
        "Id": 5379,
        "TimeCreated": "/Date(1786681774631)/",
        "MachineName": "saran",
        "LevelDisplayName": "Information",
        "Message": "Credential Manager credentials were read.\r\n\r\nSubject:\r\n\tSecurity ID:\t\tS-1-5-20\r\n\tAccount Name:\t\tSARAN$\r\n\tAccount Domain:\t\tWORKGROUP\r\n\tLogon ID:\t\t0x3E4\r\n\tRead Operation:\t\tEnumerate Credentials\r\n\r\nThis event occurs when a user performs a read operation on stored credentials in Credential Manager."
    },
    {
        "RecordId": 2571601,
        "Id": 5379,
        "TimeCreated": "/Date(1786681774630)/",
        "MachineName": "saran",
        "LevelDisplayName": "Information",
        "Message": "Credential Manager credentials were read.\r\n\r\nSubject:\r\n\tSecurity ID:\t\tS-1-5-20\r\n\tAccount Name:\t\tSARAN$\r\n\tAccount Domain:\t\tWORKGROUP\r\n\tLogon ID:\t\t0x3E4\r\n\tRead Operation:\t\tEnumerate Credentials\r\n\r\nThis event occurs when a user performs a read operation on stored credentials in Credential Manager."
    },
    {
        "RecordId": 2571600,
        "Id": 5379,
        "TimeCreated": "/Date(1786681774626)/",
        "MachineName": "saran",
        "LevelDisplayName": "Information",
        "Message": "Credential Manager credentials were read.\r\n\r\nSubject:\r\n\tSecurity ID:\t\tS-1-5-18\r\n\tAccount Name:\t\tSARAN$\r\n\tAccount Domain:\t\tWORKGROUP\r\n\tLogon ID:\t\t0x3E7\r\n\tRead Operation:\t\tEnumerate Credentials\r\n\r\nThis event occurs when a user performs a read operation on stored credentials in Credential Manager."
    },
    {
        "RecordId": 2571599,
        "Id": 5379,
        "TimeCreated": "/Date(1786681774626)/",
        "MachineName": "saran",
        "LevelDisplayName": "Information",
        "Message": "Credential Manager credentials were read.\r\n\r\nSubject:\r\n\tSecurity ID:\t\tS-1-5-18\r\n\tAccount Name:\t\tSARAN$\r\n\tAccount Domain:\t\tWORKGROUP\r\n\tLogon ID:\t\t0x3E7\r\n\tRead Operation:\t\tEnumerate Credentials\r\n\r\nThis event occurs when a user performs a read operation on stored credentials in Credential Manager."
    },
    {
        "RecordId": 2571598,
        "Id": 5379,
        "TimeCreated": "/Date(1786681774626)/",
        "MachineName": "saran",
        "LevelDisplayName": "Information",
        "Message": "Credential Manager credentials were read.\r\n\r\nSubject:\r\n\tSecurity ID:\t\tS-1-5-18\r\n\tAccount Name:\t\tSARAN$\r\n\tAccount Domain:\t\tWORKGROUP\r\n\tLogon ID:\t\t0x3E7\r\n\tRead Operation:\t\tEnumerate Credentials\r\n\r\nThis event occurs when a user performs a read operation on stored credentials in Credential Manager."
    },
    {
        "RecordId": 2571597,
        "Id": 4672,
        "TimeCreated": "/Date(1786681774580)/",
        "MachineName": "saran",
        "LevelDisplayName": "Information",
        "Message": "Special privileges assigned to new logon.\r\n\r\nSubject:\r\n\tSecurity ID:\t\tS-1-5-18\r\n\tAccount Name:\t\tSYSTEM\r\n\tAccount Domain:\t\tNT AUTHORITY\r\n\tLogon ID:\t\t0x3E7\r\n\r\nPrivileges:\t\tSeAssignPrimaryTokenPrivilege\r\n\t\t\tSeTcbPrivilege\r\n\t\t\tSeSecurityPrivilege\r\n\t\t\tSeTakeOwnershipPrivilege\r\n\t\t\tSeLoadDriverPrivilege\r\n\t\t\tSeBackupPrivilege\r\n\t\t\tSeRestorePrivilege\r\n\t\t\tSeDebugPrivilege\r\n\t\t\tSeAuditPrivilege\r\n\t\t\tSeSystemEnvironmentPrivilege\r\n\t\t\tSeImpersonatePrivilege\r\n\t\t\tSeDelegateSessionUserImpersonatePrivilege"
    },
    {
        "RecordId": 2571596,
        "Id": 4624,
        "TimeCreated": "/Date(1786681774580)/",
        "MachineName": "saran",
        "LevelDisplayName": "Information",
        "Message": "An account was successfully logged on.\r\n\r\nSubject:\r\n\tSecurity ID:\t\tS-1-5-18\r\n\tAccount Name:\t\tSARAN$\r\n\tAccount Domain:\t\tWORKGROUP\r\n\tLogon ID:\t\t0x3E7\r\n\r\nLogon Information:\r\n\tLogon Type:\t\t5\r\n\tRestricted Admin Mode:\t-\r\n\tRemote Credential Guard:\t-\r\n\tVirtual Account:\t\tNo\r\n\tElevated Token:\t\tYes\r\n\r\nImpersonation Level:\t\tImpersonation\r\n\r\nNew Logon:\r\n\tSecurity ID:\t\tS-1-5-18\r\n\tAccount Name:\t\tSYSTEM\r\n\tAccount Domain:\t\tNT AUTHORITY\r\n\tLogon ID:\t\t0x3E7\r\n\tLinked Logon ID:\t\t0x0\r\n\tNetwork Account Name:\t-\r\n\tNetwork Account Domain:\t-\r\n\tLogon GUID:\t\t{00000000-0000-0000-0000-000000000000}\r\n\r\nProcess Information:\r\n\tProcess ID:\t\t0x6a4\r\n\tProcess Name:\t\tC:\\Windows\\System32\\services.exe\r\n\r\nNetwork Information:\r\n\tWorkstation Name:\t-\r\n\tSource Network Address:\t-\r\n\tSource Port:\t\t-\r\n\r\nDetailed Authentication Information:\r\n\tLogon Process:\t\tAdvapi  \r\n\tAuthentication Package:\tNegotiate\r\n\tTransited Services:\t-\r\n\tPackage Name (NTLM only):\t-\r\n\tKey Length:\t\t0\r\n\r\nThis event is generated when a logon session is created. It is generated on the computer that was accessed.\r\n\r\nThe subject fields indicate the account on the local system which requested the logon. This is most commonly a service such as the Server service, or a local process such as Winlogon.exe or Services.exe.\r\n\r\nThe logon type field indicates the kind of logon that occurred. The most common types are 2 (interactive) and 3 (network).\r\n\r\nThe New Logon fields indicate the account for whom the new logon was created, i.e. the account that was logged on.\r\n\r\nThe network fields indicate where a remote logon request originated. Workstation name is not always available and may be left blank in some cases.\r\n\r\nThe impersonation level field indicates the extent to which a process in the logon session can impersonate.\r\n\r\nThe authentication information fields provide detailed information about this specific logon request.\r\n\t- Logon GUID is a unique identifier that can be used to correlate this event with a KDC event.\r\n\t- Transited services indicate which intermediate services have participated in this logon request.\r\n\t- Package name indicates which sub-protocol was used among the NTLM protocols.\r\n\t- Key length indicates the length of the generated session key. This will be 0 if no session key was requested."
    },
    {
        "RecordId": 2571595,
        "Id": 5382,
        "TimeCreated": "/Date(1786681660747)/",
        "MachineName": "saran",
        "LevelDisplayName": "Information",
        "Message": "Vault credentials were read.\r\n\r\nSubject:\r\n\tSecurity ID:\t\tS-1-5-18\r\n\tAccount Name:\t\tSARAN$\r\n\tAccount Domain:\t\tWORKGROUP\r\n\tLogon ID:\t\t0x3E7\r\n\r\nThis event occurs when a user reads a stored vault credential."
    },
    {
        "RecordId": 2571594,
        "Id": 5379,
        "TimeCreated": "/Date(1786681479062)/",
        "MachineName": "saran",
        "LevelDisplayName": "Information",
        "Message": "Credential Manager credentials were read.\r\n\r\nSubject:\r\n\tSecurity ID:\t\tS-1-5-21-2374691185-23257815-2726383057-1001\r\n\tAccount Name:\t\tsaran\r\n\tAccount Domain:\t\tSARAN\r\n\tLogon ID:\t\t0x41A4AC9\r\n\tRead Operation:\t\tRead Credential\r\n\r\nThis event occurs when a user performs a read operation on stored credentials in Credential Manager."
    },
    {
        "RecordId": 2571593,
        "Id": 5379,
        "TimeCreated": "/Date(1786681479060)/",
        "MachineName": "saran",
        "LevelDisplayName": "Information",
        "Message": "Credential Manager credentials were read.\r\n\r\nSubject:\r\n\tSecurity ID:\t\tS-1-5-21-2374691185-23257815-2726383057-1001\r\n\tAccount Name:\t\tsaran\r\n\tAccount Domain:\t\tSARAN\r\n\tLogon ID:\t\t0x41A4AC9\r\n\tRead Operation:\t\tRead Credential\r\n\r\nThis event occurs when a user performs a read operation on stored credentials in Credential Manager."
    },
    {
        "RecordId": 2571592,
        "Id": 5379,
        "TimeCreated": "/Date(1786681479060)/",
        "MachineName": "saran",
        "LevelDisplayName": "Information",
        "Message": "Credential Manager credentials were read.\r\n\r\nSubject:\r\n\tSecurity ID:\t\tS-1-5-21-2374691185-23257815-2726383057-1001\r\n\tAccount Name:\t\tsaran\r\n\tAccount Domain:\t\tSARAN\r\n\tLogon ID:\t\t0x41A4AC9\r\n\tRead Operation:\t\tRead Credential\r\n\r\nThis event occurs when a user performs a read operation on stored credentials in Credential Manager."
    },
    {
        "RecordId": 2571591,
        "Id": 5379,
        "TimeCreated": "/Date(1786681479059)/",
        "MachineName": "saran",
        "LevelDisplayName": "Information",
        "Message": "Credential Manager credentials were read.\r\n\r\nSubject:\r\n\tSecurity ID:\t\tS-1-5-21-2374691185-23257815-2726383057-1001\r\n\tAccount Name:\t\tsaran\r\n\tAccount Domain:\t\tSARAN\r\n\tLogon ID:\t\t0x41A4AC9\r\n\tRead Operation:\t\tRead Credential\r\n\r\nThis event occurs when a user performs a read operation on stored credentials in Credential Manager."
    },
    {
        "RecordId": 2571590,
        "Id": 5379,
        "TimeCreated": "/Date(1786681479059)/",
        "MachineName": "saran",
        "LevelDisplayName": "Information",
        "Message": "Credential Manager credentials were read.\r\n\r\nSubject:\r\n\tSecurity ID:\t\tS-1-5-21-2374691185-23257815-2726383057-1001\r\n\tAccount Name:\t\tsaran\r\n\tAccount Domain:\t\tSARAN\r\n\tLogon ID:\t\t0x41A4AC9\r\n\tRead Operation:\t\tRead Credential\r\n\r\nThis event occurs when a user performs a read operation on stored credentials in Credential Manager."
    },
    {
        "RecordId": 2571589,
        "Id": 4672,
        "TimeCreated": "/Date(1786681437447)/",
        "MachineName": "saran",
        "LevelDisplayName": "Information",
        "Message": "Special privileges assigned to new logon.\r\n\r\nSubject:\r\n\tSecurity ID:\t\tS-1-5-18\r\n\tAccount Name:\t\tSYSTEM\r\n\tAccount Domain:\t\tNT AUTHORITY\r\n\tLogon ID:\t\t0x3E7\r\n\r\nPrivileges:\t\tSeAssignPrimaryTokenPrivilege\r\n\t\t\tSeTcbPrivilege\r\n\t\t\tSeSecurityPrivilege\r\n\t\t\tSeTakeOwnershipPrivilege\r\n\t\t\tSeLoadDriverPrivilege\r\n\t\t\tSeBackupPrivilege\r\n\t\t\tSeRestorePrivilege\r\n\t\t\tSeDebugPrivilege\r\n\t\t\tSeAuditPrivilege\r\n\t\t\tSeSystemEnvironmentPrivilege\r\n\t\t\tSeImpersonatePrivilege\r\n\t\t\tSeDelegateSessionUserImpersonatePrivilege"
    },
    {
        "RecordId": 2571588,
        "Id": 4624,
        "TimeCreated": "/Date(1786681437447)/",
        "MachineName": "saran",
        "LevelDisplayName": "Information",
        "Message": "An account was successfully logged on.\r\n\r\nSubject:\r\n\tSecurity ID:\t\tS-1-5-18\r\n\tAccount Name:\t\tSARAN$\r\n\tAccount Domain:\t\tWORKGROUP\r\n\tLogon ID:\t\t0x3E7\r\n\r\nLogon Information:\r\n\tLogon Type:\t\t5\r\n\tRestricted Admin Mode:\t-\r\n\tRemote Credential Guard:\t-\r\n\tVirtual Account:\t\tNo\r\n\tElevated Token:\t\tYes\r\n\r\nImpersonation Level:\t\tImpersonation\r\n\r\nNew Logon:\r\n\tSecurity ID:\t\tS-1-5-18\r\n\tAccount Name:\t\tSYSTEM\r\n\tAccount Domain:\t\tNT AUTHORITY\r\n\tLogon ID:\t\t0x3E7\r\n\tLinked Logon ID:\t\t0x0\r\n\tNetwork Account Name:\t-\r\n\tNetwork Account Domain:\t-\r\n\tLogon GUID:\t\t{00000000-0000-0000-0000-000000000000}\r\n\r\nProcess Information:\r\n\tProcess ID:\t\t0x6a4\r\n\tProcess Name:\t\tC:\\Windows\\System32\\services.exe\r\n\r\nNetwork Information:\r\n\tWorkstation Name:\t-\r\n\tSource Network Address:\t-\r\n\tSource Port:\t\t-\r\n\r\nDetailed Authentication Information:\r\n\tLogon Process:\t\tAdvapi  \r\n\tAuthentication Package:\tNegotiate\r\n\tTransited Services:\t-\r\n\tPackage Name (NTLM only):\t-\r\n\tKey Length:\t\t0\r\n\r\nThis event is generated when a logon session is created. It is generated on the computer that was accessed.\r\n\r\nThe subject fields indicate the account on the local system which requested the logon. This is most commonly a service such as the Server service, or a local process such as Winlogon.exe or Services.exe.\r\n\r\nThe logon type field indicates the kind of logon that occurred. The most common types are 2 (interactive) and 3 (network).\r\n\r\nThe New Logon fields indicate the account for whom the new logon was created, i.e. the account that was logged on.\r\n\r\nThe network fields indicate where a remote logon request originated. Workstation name is not always available and may be left blank in some cases.\r\n\r\nThe impersonation level field indicates the extent to which a process in the logon session can impersonate.\r\n\r\nThe authentication information fields provide detailed information about this specific logon request.\r\n\t- Logon GUID is a unique identifier that can be used to correlate this event with a KDC event.\r\n\t- Transited services indicate which intermediate services have participated in this logon request.\r\n\t- Package name indicates which sub-protocol was used among the NTLM protocols.\r\n\t- Key length indicates the length of the generated session key. This will be 0 if no session key was requested."
    },
    {
        "RecordId": 2571587,
        "Id": 4672,
        "TimeCreated": "/Date(1786681436709)/",
        "MachineName": "saran",
        "LevelDisplayName": "Information",
        "Message": "Special privileges assigned to new logon.\r\n\r\nSubject:\r\n\tSecurity ID:\t\tS-1-5-18\r\n\tAccount Name:\t\tSYSTEM\r\n\tAccount Domain:\t\tNT AUTHORITY\r\n\tLogon ID:\t\t0x3E7\r\n\r\nPrivileges:\t\tSeAssignPrimaryTokenPrivilege\r\n\t\t\tSeTcbPrivilege\r\n\t\t\tSeSecurityPrivilege\r\n\t\t\tSeTakeOwnershipPrivilege\r\n\t\t\tSeLoadDriverPrivilege\r\n\t\t\tSeBackupPrivilege\r\n\t\t\tSeRestorePrivilege\r\n\t\t\tSeDebugPrivilege\r\n\t\t\tSeAuditPrivilege\r\n\t\t\tSeSystemEnvironmentPrivilege\r\n\t\t\tSeImpersonatePrivilege\r\n\t\t\tSeDelegateSessionUserImpersonatePrivilege"
    },
    {
        "RecordId": 2571586,
        "Id": 4624,
        "TimeCreated": "/Date(1786681436709)/",
        "MachineName": "saran",
        "LevelDisplayName": "Information",
        "Message": "An account was successfully logged on.\r\n\r\nSubject:\r\n\tSecurity ID:\t\tS-1-5-18\r\n\tAccount Name:\t\tSARAN$\r\n\tAccount Domain:\t\tWORKGROUP\r\n\tLogon ID:\t\t0x3E7\r\n\r\nLogon Information:\r\n\tLogon Type:\t\t5\r\n\tRestricted Admin Mode:\t-\r\n\tRemote Credential Guard:\t-\r\n\tVirtual Account:\t\tNo\r\n\tElevated Token:\t\tYes\r\n\r\nImpersonation Level:\t\tImpersonation\r\n\r\nNew Logon:\r\n\tSecurity ID:\t\tS-1-5-18\r\n\tAccount Name:\t\tSYSTEM\r\n\tAccount Domain:\t\tNT AUTHORITY\r\n\tLogon ID:\t\t0x3E7\r\n\tLinked Logon ID:\t\t0x0\r\n\tNetwork Account Name:\t-\r\n\tNetwork Account Domain:\t-\r\n\tLogon GUID:\t\t{00000000-0000-0000-0000-000000000000}\r\n\r\nProcess Information:\r\n\tProcess ID:\t\t0x6a4\r\n\tProcess Name:\t\tC:\\Windows\\System32\\services.exe\r\n\r\nNetwork Information:\r\n\tWorkstation Name:\t-\r\n\tSource Network Address:\t-\r\n\tSource Port:\t\t-\r\n\r\nDetailed Authentication Information:\r\n\tLogon Process:\t\tAdvapi  \r\n\tAuthentication Package:\tNegotiate\r\n\tTransited Services:\t-\r\n\tPackage Name (NTLM only):\t-\r\n\tKey Length:\t\t0\r\n\r\nThis event is generated when a logon session is created. It is generated on the computer that was accessed.\r\n\r\nThe subject fields indicate the account on the local system which requested the logon. This is most commonly a service such as the Server service, or a local process such as Winlogon.exe or Services.exe.\r\n\r\nThe logon type field indicates the kind of logon that occurred. The most common types are 2 (interactive) and 3 (network).\r\n\r\nThe New Logon fields indicate the account for whom the new logon was created, i.e. the account that was logged on.\r\n\r\nThe network fields indicate where a remote logon request originated. Workstation name is not always available and may be left blank in some cases.\r\n\r\nThe impersonation level field indicates the extent to which a process in the logon session can impersonate.\r\n\r\nThe authentication information fields provide detailed information about this specific logon request.\r\n\t- Logon GUID is a unique identifier that can be used to correlate this event with a KDC event.\r\n\t- Transited services indicate which intermediate services have participated in this logon request.\r\n\t- Package name indicates which sub-protocol was used among the NTLM protocols.\r\n\t- Key length indicates the length of the generated session key. This will be 0 if no session key was requested."
    },
    {
        "RecordId": 2571585,
        "Id": 5379,
        "TimeCreated": "/Date(1786681422019)/",
        "MachineName": "saran",
        "LevelDisplayName": "Information",
        "Message": "Credential Manager credentials were read.\r\n\r\nSubject:\r\n\tSecurity ID:\t\tS-1-5-21-2374691185-23257815-2726383057-1001\r\n\tAccount Name:\t\tsaran\r\n\tAccount Domain:\t\tSARAN\r\n\tLogon ID:\t\t0x41A4AC9\r\n\tRead Operation:\t\tEnumerate Credentials\r\n\r\nThis event occurs when a user performs a read operation on stored credentials in Credential Manager."
    },
    {
        "RecordId": 2571584,
        "Id": 5379,
        "TimeCreated": "/Date(1786681422019)/",
        "MachineName": "saran",
        "LevelDisplayName": "Information",
        "Message": "Credential Manager credentials were read.\r\n\r\nSubject:\r\n\tSecurity ID:\t\tS-1-5-21-2374691185-23257815-2726383057-1001\r\n\tAccount Name:\t\tsaran\r\n\tAccount Domain:\t\tSARAN\r\n\tLogon ID:\t\t0x41A4AC9\r\n\tRead Operation:\t\tEnumerate Credentials\r\n\r\nThis event occurs when a user performs a read operation on stored credentials in Credential Manager."
    },
    {
        "RecordId": 2571583,
        "Id": 5379,
        "TimeCreated": "/Date(1786681422018)/",
        "MachineName": "saran",
        "LevelDisplayName": "Information",
        "Message": "Credential Manager credentials were read.\r\n\r\nSubject:\r\n\tSecurity ID:\t\tS-1-5-21-2374691185-23257815-2726383057-1001\r\n\tAccount Name:\t\tsaran\r\n\tAccount Domain:\t\tSARAN\r\n\tLogon ID:\t\t0x41A4AC9\r\n\tRead Operation:\t\tEnumerate Credentials\r\n\r\nThis event occurs when a user performs a read operation on stored credentials in Credential Manager."
    },
    {
        "RecordId": 2571582,
        "Id": 5379,
        "TimeCreated": "/Date(1786681422018)/",
        "MachineName": "saran",
        "LevelDisplayName": "Information",
        "Message": "Credential Manager credentials were read.\r\n\r\nSubject:\r\n\tSecurity ID:\t\tS-1-5-21-2374691185-23257815-2726383057-1001\r\n\tAccount Name:\t\tsaran\r\n\tAccount Domain:\t\tSARAN\r\n\tLogon ID:\t\t0x41A4AC9\r\n\tRead Operation:\t\tEnumerate Credentials\r\n\r\nThis event occurs when a user performs a read operation on stored credentials in Credential Manager."
    },
    {
        "RecordId": 2571581,
        "Id": 5379,
        "TimeCreated": "/Date(1786681422017)/",
        "MachineName": "saran",
        "LevelDisplayName": "Information",
        "Message": "Credential Manager credentials were read.\r\n\r\nSubject:\r\n\tSecurity ID:\t\tS-1-5-21-2374691185-23257815-2726383057-1001\r\n\tAccount Name:\t\tsaran\r\n\tAccount Domain:\t\tSARAN\r\n\tLogon ID:\t\t0x41A4AC9\r\n\tRead Operation:\t\tEnumerate Credentials\r\n\r\nThis event occurs when a user performs a read operation on stored credentials in Credential Manager."
    },
    {
        "RecordId": 2571580,
        "Id": 5379,
        "TimeCreated": "/Date(1786681422017)/",
        "MachineName": "saran",
        "LevelDisplayName": "Information",
        "Message": "Credential Manager credentials were read.\r\n\r\nSubject:\r\n\tSecurity ID:\t\tS-1-5-21-2374691185-23257815-2726383057-1001\r\n\tAccount Name:\t\tsaran\r\n\tAccount Domain:\t\tSARAN\r\n\tLogon ID:\t\t0x41A4AC9\r\n\tRead Operation:\t\tEnumerate Credentials\r\n\r\nThis event occurs when a user performs a read operation on stored credentials in Credential Manager."
    },
    {
        "RecordId": 2571579,
        "Id": 5379,
        "TimeCreated": "/Date(1786681422017)/",
        "MachineName": "saran",
        "LevelDisplayName": "Information",
        "Message": "Credential Manager credentials were read.\r\n\r\nSubject:\r\n\tSecurity ID:\t\tS-1-5-21-2374691185-23257815-2726383057-1001\r\n\tAccount Name:\t\tsaran\r\n\tAccount Domain:\t\tSARAN\r\n\tLogon ID:\t\t0x41A4AC9\r\n\tRead Operation:\t\tEnumerate Credentials\r\n\r\nThis event occurs when a user performs a read operation on stored credentials in Credential Manager."
    },
    {
        "RecordId": 2571578,
        "Id": 5379,
        "TimeCreated": "/Date(1786681422016)/",
        "MachineName": "saran",
        "LevelDisplayName": "Information",
        "Message": "Credential Manager credentials were read.\r\n\r\nSubject:\r\n\tSecurity ID:\t\tS-1-5-21-2374691185-23257815-2726383057-1001\r\n\tAccount Name:\t\tsaran\r\n\tAccount Domain:\t\tSARAN\r\n\tLogon ID:\t\t0x41A4AC9\r\n\tRead Operation:\t\tEnumerate Credentials\r\n\r\nThis event occurs when a user performs a read operation on stored credentials in Credential Manager."
    },
    {
        "RecordId": 2571577,
        "Id": 5379,
        "TimeCreated": "/Date(1786681422016)/",
        "MachineName": "saran",
        "LevelDisplayName": "Information",
        "Message": "Credential Manager credentials were read.\r\n\r\nSubject:\r\n\tSecurity ID:\t\tS-1-5-21-2374691185-23257815-2726383057-1001\r\n\tAccount Name:\t\tsaran\r\n\tAccount Domain:\t\tSARAN\r\n\tLogon ID:\t\t0x41A4AC9\r\n\tRead Operation:\t\tEnumerate Credentials\r\n\r\nThis event occurs when a user performs a read operation on stored credentials in Credential Manager."
    },
    {
        "RecordId": 2571576,
        "Id": 5379,
        "TimeCreated": "/Date(1786681422015)/",
        "MachineName": "saran",
        "LevelDisplayName": "Information",
        "Message": "Credential Manager credentials were read.\r\n\r\nSubject:\r\n\tSecurity ID:\t\tS-1-5-21-2374691185-23257815-2726383057-1001\r\n\tAccount Name:\t\tsaran\r\n\tAccount Domain:\t\tSARAN\r\n\tLogon ID:\t\t0x41A4AC9\r\n\tRead Operation:\t\tEnumerate Credentials\r\n\r\nThis event occurs when a user performs a read operation on stored credentials in Credential Manager."
    },
    {
        "RecordId": 2571575,
        "Id": 5379,
        "TimeCreated": "/Date(1786681422015)/",
        "MachineName": "saran",
        "LevelDisplayName": "Information",
        "Message": "Credential Manager credentials were read.\r\n\r\nSubject:\r\n\tSecurity ID:\t\tS-1-5-21-2374691185-23257815-2726383057-1001\r\n\tAccount Name:\t\tsaran\r\n\tAccount Domain:\t\tSARAN\r\n\tLogon ID:\t\t0x41A4AC9\r\n\tRead Operation:\t\tEnumerate Credentials\r\n\r\nThis event occurs when a user performs a read operation on stored credentials in Credential Manager."
    },
    {
        "RecordId": 2571574,
        "Id": 5379,
        "TimeCreated": "/Date(1786681422015)/",
        "MachineName": "saran",
        "LevelDisplayName": "Information",
        "Message": "Credential Manager credentials were read.\r\n\r\nSubject:\r\n\tSecurity ID:\t\tS-1-5-21-2374691185-23257815-2726383057-1001\r\n\tAccount Name:\t\tsaran\r\n\tAccount Domain:\t\tSARAN\r\n\tLogon ID:\t\t0x41A4AC9\r\n\tRead Operation:\t\tEnumerate Credentials\r\n\r\nThis event occurs when a user performs a read operation on stored credentials in Credential Manager."
    },
    {
        "RecordId": 2571573,
        "Id": 5379,
        "TimeCreated": "/Date(1786681422015)/",
        "MachineName": "saran",
        "LevelDisplayName": "Information",
        "Message": "Credential Manager credentials were read.\r\n\r\nSubject:\r\n\tSecurity ID:\t\tS-1-5-21-2374691185-23257815-2726383057-1001\r\n\tAccount Name:\t\tsaran\r\n\tAccount Domain:\t\tSARAN\r\n\tLogon ID:\t\t0x41A4AC9\r\n\tRead Operation:\t\tEnumerate Credentials\r\n\r\nThis event occurs when a user performs a read operation on stored credentials in Credential Manager."
    },
    {
        "RecordId": 2571572,
        "Id": 5379,
        "TimeCreated": "/Date(1786681422014)/",
        "MachineName": "saran",
        "LevelDisplayName": "Information",
        "Message": "Credential Manager credentials were read.\r\n\r\nSubject:\r\n\tSecurity ID:\t\tS-1-5-21-2374691185-23257815-2726383057-1001\r\n\tAccount Name:\t\tsaran\r\n\tAccount Domain:\t\tSARAN\r\n\tLogon ID:\t\t0x41A4AC9\r\n\tRead Operation:\t\tEnumerate Credentials\r\n\r\nThis event occurs when a user performs a read operation on stored credentials in Credential Manager."
    },
    {
        "RecordId": 2571571,
        "Id": 5379,
        "TimeCreated": "/Date(1786681421977)/",
        "MachineName": "saran",
        "LevelDisplayName": "Information",
        "Message": "Credential Manager credentials were read.\r\n\r\nSubject:\r\n\tSecurity ID:\t\tS-1-5-21-2374691185-23257815-2726383057-1001\r\n\tAccount Name:\t\tsaran\r\n\tAccount Domain:\t\tSARAN\r\n\tLogon ID:\t\t0x41A4AC9\r\n\tRead Operation:\t\tEnumerate Credentials\r\n\r\nThis event occurs when a user performs a read operation on stored credentials in Credential Manager."
    },
    {
        "RecordId": 2571570,
        "Id": 5379,
        "TimeCreated": "/Date(1786681421976)/",
        "MachineName": "saran",
        "LevelDisplayName": "Information",
        "Message": "Credential Manager credentials were read.\r\n\r\nSubject:\r\n\tSecurity ID:\t\tS-1-5-21-2374691185-23257815-2726383057-1001\r\n\tAccount Name:\t\tsaran\r\n\tAccount Domain:\t\tSARAN\r\n\tLogon ID:\t\t0x41A4AC9\r\n\tRead Operation:\t\tEnumerate Credentials\r\n\r\nThis event occurs when a user performs a read operation on stored credentials in Credential Manager."
    },
    {
        "RecordId": 2571569,
        "Id": 5379,
        "TimeCreated": "/Date(1786681421974)/",
        "MachineName": "saran",
        "LevelDisplayName": "Information",
        "Message": "Credential Manager credentials were read.\r\n\r\nSubject:\r\n\tSecurity ID:\t\tS-1-5-21-2374691185-23257815-2726383057-1001\r\n\tAccount Name:\t\tsaran\r\n\tAccount Domain:\t\tSARAN\r\n\tLogon ID:\t\t0x41A4AC9\r\n\tRead Operation:\t\tEnumerate Credentials\r\n\r\nThis event occurs when a user performs a read operation on stored credentials in Credential Manager."
    },
    {
        "RecordId": 2571568,
        "Id": 5379,
        "TimeCreated": "/Date(1786681421973)/",
        "MachineName": "saran",
        "LevelDisplayName": "Information",
        "Message": "Credential Manager credentials were read.\r\n\r\nSubject:\r\n\tSecurity ID:\t\tS-1-5-21-2374691185-23257815-2726383057-1001\r\n\tAccount Name:\t\tsaran\r\n\tAccount Domain:\t\tSARAN\r\n\tLogon ID:\t\t0x41A4AC9\r\n\tRead Operation:\t\tEnumerate Credentials\r\n\r\nThis event occurs when a user performs a read operation on stored credentials in Credential Manager."
    },
    {
        "RecordId": 2571567,
        "Id": 5379,
        "TimeCreated": "/Date(1786681421973)/",
        "MachineName": "saran",
        "LevelDisplayName": "Information",
        "Message": "Credential Manager credentials were read.\r\n\r\nSubject:\r\n\tSecurity ID:\t\tS-1-5-21-2374691185-23257815-2726383057-1001\r\n\tAccount Name:\t\tsaran\r\n\tAccount Domain:\t\tSARAN\r\n\tLogon ID:\t\t0x41A4AC9\r\n\tRead Operation:\t\tEnumerate Credentials\r\n\r\nThis event occurs when a user performs a read operation on stored credentials in Credential Manager."
    },
    {
        "RecordId": 2571566,
        "Id": 5379,
        "TimeCreated": "/Date(1786681421973)/",
        "MachineName": "saran",
        "LevelDisplayName": "Information",
        "Message": "Credential Manager credentials were read.\r\n\r\nSubject:\r\n\tSecurity ID:\t\tS-1-5-21-2374691185-23257815-2726383057-1001\r\n\tAccount Name:\t\tsaran\r\n\tAccount Domain:\t\tSARAN\r\n\tLogon ID:\t\t0x41A4AC9\r\n\tRead Operation:\t\tEnumerate Credentials\r\n\r\nThis event occurs when a user performs a read operation on stored credentials in Credential Manager."
    },
    {
        "RecordId": 2571565,
        "Id": 5379,
        "TimeCreated": "/Date(1786681421973)/",
        "MachineName": "saran",
        "LevelDisplayName": "Information",
        "Message": "Credential Manager credentials were read.\r\n\r\nSubject:\r\n\tSecurity ID:\t\tS-1-5-21-2374691185-23257815-2726383057-1001\r\n\tAccount Name:\t\tsaran\r\n\tAccount Domain:\t\tSARAN\r\n\tLogon ID:\t\t0x41A4AC9\r\n\tRead Operation:\t\tEnumerate Credentials\r\n\r\nThis event occurs when a user performs a read operation on stored credentials in Credential Manager."
    },
    {
        "RecordId": 2571564,
        "Id": 5379,
        "TimeCreated": "/Date(1786681421973)/",
        "MachineName": "saran",
        "LevelDisplayName": "Information",
        "Message": "Credential Manager credentials were read.\r\n\r\nSubject:\r\n\tSecurity ID:\t\tS-1-5-21-2374691185-23257815-2726383057-1001\r\n\tAccount Name:\t\tsaran\r\n\tAccount Domain:\t\tSARAN\r\n\tLogon ID:\t\t0x41A4AC9\r\n\tRead Operation:\t\tEnumerate Credentials\r\n\r\nThis event occurs when a user performs a read operation on stored credentials in Credential Manager."
    },
    {
        "RecordId": 2571563,
        "Id": 5379,
        "TimeCreated": "/Date(1786681421972)/",
        "MachineName": "saran",
        "LevelDisplayName": "Information",
        "Message": "Credential Manager credentials were read.\r\n\r\nSubject:\r\n\tSecurity ID:\t\tS-1-5-21-2374691185-23257815-2726383057-1001\r\n\tAccount Name:\t\tsaran\r\n\tAccount Domain:\t\tSARAN\r\n\tLogon ID:\t\t0x41A4AC9\r\n\tRead Operation:\t\tEnumerate Credentials\r\n\r\nThis event occurs when a user performs a read operation on stored credentials in Credential Manager."
    },
    {
        "RecordId": 2571562,
        "Id": 5379,
        "TimeCreated": "/Date(1786681421972)/",
        "MachineName": "saran",
        "LevelDisplayName": "Information",
        "Message": "Credential Manager credentials were read.\r\n\r\nSubject:\r\n\tSecurity ID:\t\tS-1-5-21-2374691185-23257815-2726383057-1001\r\n\tAccount Name:\t\tsaran\r\n\tAccount Domain:\t\tSARAN\r\n\tLogon ID:\t\t0x41A4AC9\r\n\tRead Operation:\t\tEnumerate Credentials\r\n\r\nThis event occurs when a user performs a read operation on stored credentials in Credential Manager."
    },
    {
        "RecordId": 2571561,
        "Id": 5379,
        "TimeCreated": "/Date(1786681421972)/",
        "MachineName": "saran",
        "LevelDisplayName": "Information",
        "Message": "Credential Manager credentials were read.\r\n\r\nSubject:\r\n\tSecurity ID:\t\tS-1-5-21-2374691185-23257815-2726383057-1001\r\n\tAccount Name:\t\tsaran\r\n\tAccount Domain:\t\tSARAN\r\n\tLogon ID:\t\t0x41A4AC9\r\n\tRead Operation:\t\tEnumerate Credentials\r\n\r\nThis event occurs when a user performs a read operation on stored credentials in Credential Manager."
    },
    {
        "RecordId": 2571560,
        "Id": 5379,
        "TimeCreated": "/Date(1786681421972)/",
        "MachineName": "saran",
        "LevelDisplayName": "Information",
        "Message": "Credential Manager credentials were read.\r\n\r\nSubject:\r\n\tSecurity ID:\t\tS-1-5-21-2374691185-23257815-2726383057-1001\r\n\tAccount Name:\t\tsaran\r\n\tAccount Domain:\t\tSARAN\r\n\tLogon ID:\t\t0x41A4AC9\r\n\tRead Operation:\t\tEnumerate Credentials\r\n\r\nThis event occurs when a user performs a read operation on stored credentials in Credential Manager."
    },
    {
        "RecordId": 2571559,
        "Id": 5379,
        "TimeCreated": "/Date(1786681421972)/",
        "MachineName": "saran",
        "LevelDisplayName": "Information",
        "Message": "Credential Manager credentials were read.\r\n\r\nSubject:\r\n\tSecurity ID:\t\tS-1-5-21-2374691185-23257815-2726383057-1001\r\n\tAccount Name:\t\tsaran\r\n\tAccount Domain:\t\tSARAN\r\n\tLogon ID:\t\t0x41A4AC9\r\n\tRead Operation:\t\tEnumerate Credentials\r\n\r\nThis event occurs when a user performs a read operation on stored credentials in Credential Manager."
    },
    {
        "RecordId": 2571558,
        "Id": 5379,
        "TimeCreated": "/Date(1786681421971)/",
        "MachineName": "saran",
        "LevelDisplayName": "Information",
        "Message": "Credential Manager credentials were read.\r\n\r\nSubject:\r\n\tSecurity ID:\t\tS-1-5-21-2374691185-23257815-2726383057-1001\r\n\tAccount Name:\t\tsaran\r\n\tAccount Domain:\t\tSARAN\r\n\tLogon ID:\t\t0x41A4AC9\r\n\tRead Operation:\t\tEnumerate Credentials\r\n\r\nThis event occurs when a user performs a read operation on stored credentials in Credential Manager."
    },
    {
        "RecordId": 2571557,
        "Id": 5379,
        "TimeCreated": "/Date(1786681421971)/",
        "MachineName": "saran",
        "LevelDisplayName": "Information",
        "Message": "Credential Manager credentials were read.\r\n\r\nSubject:\r\n\tSecurity ID:\t\tS-1-5-21-2374691185-23257815-2726383057-1001\r\n\tAccount Name:\t\tsaran\r\n\tAccount Domain:\t\tSARAN\r\n\tLogon ID:\t\t0x41A4AC9\r\n\tRead Operation:\t\tEnumerate Credentials\r\n\r\nThis event occurs when a user performs a read operation on stored credentials in Credential Manager."
    },
    {
        "RecordId": 2571556,
        "Id": 5379,
        "TimeCreated": "/Date(1786681421963)/",
        "MachineName": "saran",
        "LevelDisplayName": "Information",
        "Message": "Credential Manager credentials were read.\r\n\r\nSubject:\r\n\tSecurity ID:\t\tS-1-5-21-2374691185-23257815-2726383057-1001\r\n\tAccount Name:\t\tsaran\r\n\tAccount Domain:\t\tSARAN\r\n\tLogon ID:\t\t0x41A4AC9\r\n\tRead Operation:\t\tEnumerate Credentials\r\n\r\nThis event occurs when a user performs a read operation on stored credentials in Credential Manager."
    },
    {
        "RecordId": 2571555,
        "Id": 5379,
        "TimeCreated": "/Date(1786681421963)/",
        "MachineName": "saran",
        "LevelDisplayName": "Information",
        "Message": "Credential Manager credentials were read.\r\n\r\nSubject:\r\n\tSecurity ID:\t\tS-1-5-21-2374691185-23257815-2726383057-1001\r\n\tAccount Name:\t\tsaran\r\n\tAccount Domain:\t\tSARAN\r\n\tLogon ID:\t\t0x41A4AC9\r\n\tRead Operation:\t\tEnumerate Credentials\r\n\r\nThis event occurs when a user performs a read operation on stored credentials in Credential Manager."
    },
    {
        "RecordId": 2571554,
        "Id": 5379,
        "TimeCreated": "/Date(1786681421963)/",
        "MachineName": "saran",
        "LevelDisplayName": "Information",
        "Message": "Credential Manager credentials were read.\r\n\r\nSubject:\r\n\tSecurity ID:\t\tS-1-5-21-2374691185-23257815-2726383057-1001\r\n\tAccount Name:\t\tsaran\r\n\tAccount Domain:\t\tSARAN\r\n\tLogon ID:\t\t0x41A4AC9\r\n\tRead Operation:\t\tEnumerate Credentials\r\n\r\nThis event occurs when a user performs a read operation on stored credentials in Credential Manager."
    },
    {
        "RecordId": 2571553,
        "Id": 5379,
        "TimeCreated": "/Date(1786681421962)/",
        "MachineName": "saran",
        "LevelDisplayName": "Information",
        "Message": "Credential Manager credentials were read.\r\n\r\nSubject:\r\n\tSecurity ID:\t\tS-1-5-21-2374691185-23257815-2726383057-1001\r\n\tAccount Name:\t\tsaran\r\n\tAccount Domain:\t\tSARAN\r\n\tLogon ID:\t\t0x41A4AC9\r\n\tRead Operation:\t\tEnumerate Credentials\r\n\r\nThis event occurs when a user performs a read operation on stored credentials in Credential Manager."
    },
