    {
        "RecordId": 2571384,
        "Id": 5379,
        "TimeCreated": "/Date(1786681404092)/",
        "MachineName": "saran",
        "LevelDisplayName": "Information",
        "Message": "Credential Manager credentials were read.\r\n\r\nSubject:\r\n\tSecurity ID:\t\tS-1-5-21-2374691185-23257815-2726383057-1001\r\n\tAccount Name:\t\tsaran\r\n\tAccount Domain:\t\tSARAN\r\n\tLogon ID:\t\t0x41A4AC9\r\n\tRead Operation:\t\tEnumerate Credentials\r\n\r\nThis event occurs when a user performs a read operation on stored credentials in Credential Manager."
    },
    {
        "RecordId": 2571383,
        "Id": 5379,
        "TimeCreated": "/Date(1786681404091)/",
        "MachineName": "saran",
        "LevelDisplayName": "Information",
        "Message": "Credential Manager credentials were read.\r\n\r\nSubject:\r\n\tSecurity ID:\t\tS-1-5-21-2374691185-23257815-2726383057-1001\r\n\tAccount Name:\t\tsaran\r\n\tAccount Domain:\t\tSARAN\r\n\tLogon ID:\t\t0x41A4AC9\r\n\tRead Operation:\t\tEnumerate Credentials\r\n\r\nThis event occurs when a user performs a read operation on stored credentials in Credential Manager."
    },
    {
        "RecordId": 2571382,
        "Id": 5379,
        "TimeCreated": "/Date(1786681404091)/",
        "MachineName": "saran",
        "LevelDisplayName": "Information",
        "Message": "Credential Manager credentials were read.\r\n\r\nSubject:\r\n\tSecurity ID:\t\tS-1-5-21-2374691185-23257815-2726383057-1001\r\n\tAccount Name:\t\tsaran\r\n\tAccount Domain:\t\tSARAN\r\n\tLogon ID:\t\t0x41A4AC9\r\n\tRead Operation:\t\tEnumerate Credentials\r\n\r\nThis event occurs when a user performs a read operation on stored credentials in Credential Manager."
    },
    {
        "RecordId": 2571381,
        "Id": 5379,
        "TimeCreated": "/Date(1786681404090)/",
        "MachineName": "saran",
        "LevelDisplayName": "Information",
        "Message": "Credential Manager credentials were read.\r\n\r\nSubject:\r\n\tSecurity ID:\t\tS-1-5-21-2374691185-23257815-2726383057-1001\r\n\tAccount Name:\t\tsaran\r\n\tAccount Domain:\t\tSARAN\r\n\tLogon ID:\t\t0x41A4AC9\r\n\tRead Operation:\t\tEnumerate Credentials\r\n\r\nThis event occurs when a user performs a read operation on stored credentials in Credential Manager."
    },
    {
        "RecordId": 2571380,
        "Id": 5382,
        "TimeCreated": "/Date(1786681401753)/",
        "MachineName": "saran",
        "LevelDisplayName": "Information",
        "Message": "Vault credentials were read.\r\n\r\nSubject:\r\n\tSecurity ID:\t\tS-1-5-21-2374691185-23257815-2726383057-1001\r\n\tAccount Name:\t\tsaran\r\n\tAccount Domain:\t\tSARAN\r\n\tLogon ID:\t\t0x41A4AC9\r\n\r\nThis event occurs when a user reads a stored vault credential."
    },
    {
        "RecordId": 2571379,
        "Id": 5382,
        "TimeCreated": "/Date(1786681401752)/",
        "MachineName": "saran",
        "LevelDisplayName": "Information",
        "Message": "Vault credentials were read.\r\n\r\nSubject:\r\n\tSecurity ID:\t\tS-1-5-21-2374691185-23257815-2726383057-1001\r\n\tAccount Name:\t\tsaran\r\n\tAccount Domain:\t\tSARAN\r\n\tLogon ID:\t\t0x41A4AC9\r\n\r\nThis event occurs when a user reads a stored vault credential."
    },
    {
        "RecordId": 2571378,
        "Id": 5379,
        "TimeCreated": "/Date(1786681401319)/",
        "MachineName": "saran",
        "LevelDisplayName": "Information",
        "Message": "Credential Manager credentials were read.\r\n\r\nSubject:\r\n\tSecurity ID:\t\tS-1-5-21-2374691185-23257815-2726383057-1001\r\n\tAccount Name:\t\tsaran\r\n\tAccount Domain:\t\tSARAN\r\n\tLogon ID:\t\t0x41A4AC9\r\n\tRead Operation:\t\tEnumerate Credentials\r\n\r\nThis event occurs when a user performs a read operation on stored credentials in Credential Manager."
    },
    {
        "RecordId": 2571377,
        "Id": 5379,
        "TimeCreated": "/Date(1786681401314)/",
        "MachineName": "saran",
        "LevelDisplayName": "Information",
        "Message": "Credential Manager credentials were read.\r\n\r\nSubject:\r\n\tSecurity ID:\t\tS-1-5-21-2374691185-23257815-2726383057-1001\r\n\tAccount Name:\t\tsaran\r\n\tAccount Domain:\t\tSARAN\r\n\tLogon ID:\t\t0x41A4AC9\r\n\tRead Operation:\t\tEnumerate Credentials\r\n\r\nThis event occurs when a user performs a read operation on stored credentials in Credential Manager."
    },
    {
        "RecordId": 2571376,
        "Id": 5379,
        "TimeCreated": "/Date(1786681401312)/",
        "MachineName": "saran",
        "LevelDisplayName": "Information",
        "Message": "Credential Manager credentials were read.\r\n\r\nSubject:\r\n\tSecurity ID:\t\tS-1-5-21-2374691185-23257815-2726383057-1001\r\n\tAccount Name:\t\tsaran\r\n\tAccount Domain:\t\tSARAN\r\n\tLogon ID:\t\t0x41A4AC9\r\n\tRead Operation:\t\tEnumerate Credentials\r\n\r\nThis event occurs when a user performs a read operation on stored credentials in Credential Manager."
    },
    {
        "RecordId": 2571375,
        "Id": 5379,
        "TimeCreated": "/Date(1786681401311)/",
        "MachineName": "saran",
        "LevelDisplayName": "Information",
        "Message": "Credential Manager credentials were read.\r\n\r\nSubject:\r\n\tSecurity ID:\t\tS-1-5-21-2374691185-23257815-2726383057-1001\r\n\tAccount Name:\t\tsaran\r\n\tAccount Domain:\t\tSARAN\r\n\tLogon ID:\t\t0x41A4AC9\r\n\tRead Operation:\t\tEnumerate Credentials\r\n\r\nThis event occurs when a user performs a read operation on stored credentials in Credential Manager."
    },
    {
        "RecordId": 2571374,
        "Id": 5379,
        "TimeCreated": "/Date(1786681401308)/",
        "MachineName": "saran",
        "LevelDisplayName": "Information",
        "Message": "Credential Manager credentials were read.\r\n\r\nSubject:\r\n\tSecurity ID:\t\tS-1-5-21-2374691185-23257815-2726383057-1001\r\n\tAccount Name:\t\tsaran\r\n\tAccount Domain:\t\tSARAN\r\n\tLogon ID:\t\t0x41A4AC9\r\n\tRead Operation:\t\tEnumerate Credentials\r\n\r\nThis event occurs when a user performs a read operation on stored credentials in Credential Manager."
    },
    {
        "RecordId": 2571373,
        "Id": 4799,
        "TimeCreated": "/Date(1786681373898)/",
        "MachineName": "saran",
        "LevelDisplayName": "Information",
        "Message": "A security-enabled local group membership was enumerated.\r\n\r\nSubject:\r\n\tSecurity ID:\t\tS-1-5-21-2374691185-23257815-2726383057-1001\r\n\tAccount Name:\t\tsaran\r\n\tAccount Domain:\t\tSARAN\r\n\tLogon ID:\t\t0x41A4936\r\n\r\nGroup:\r\n\tSecurity ID:\t\tS-1-5-32-544\r\n\tGroup Name:\t\tAdministrators\r\n\tGroup Domain:\t\tBuiltin\r\n\r\nProcess Information:\r\n\tProcess ID:\t\t0x4a74\r\n\tProcess Name:\t\tC:\\Windows\\System32\\taskhostw.exe"
    },
    {
        "RecordId": 2571372,
        "Id": 5379,
        "TimeCreated": "/Date(1786681372498)/",
        "MachineName": "saran",
        "LevelDisplayName": "Information",
        "Message": "Credential Manager credentials were read.\r\n\r\nSubject:\r\n\tSecurity ID:\t\tS-1-5-21-2374691185-23257815-2726383057-1001\r\n\tAccount Name:\t\tsaran\r\n\tAccount Domain:\t\tSARAN\r\n\tLogon ID:\t\t0x41A4936\r\n\tRead Operation:\t\tEnumerate Credentials\r\n\r\nThis event occurs when a user performs a read operation on stored credentials in Credential Manager."
    },
    {
        "RecordId": 2571371,
        "Id": 5379,
        "TimeCreated": "/Date(1786681372497)/",
        "MachineName": "saran",
        "LevelDisplayName": "Information",
        "Message": "Credential Manager credentials were read.\r\n\r\nSubject:\r\n\tSecurity ID:\t\tS-1-5-21-2374691185-23257815-2726383057-1001\r\n\tAccount Name:\t\tsaran\r\n\tAccount Domain:\t\tSARAN\r\n\tLogon ID:\t\t0x41A4936\r\n\tRead Operation:\t\tEnumerate Credentials\r\n\r\nThis event occurs when a user performs a read operation on stored credentials in Credential Manager."
    },
    {
        "RecordId": 2571370,
        "Id": 5379,
        "TimeCreated": "/Date(1786681372497)/",
        "MachineName": "saran",
        "LevelDisplayName": "Information",
        "Message": "Credential Manager credentials were read.\r\n\r\nSubject:\r\n\tSecurity ID:\t\tS-1-5-21-2374691185-23257815-2726383057-1001\r\n\tAccount Name:\t\tsaran\r\n\tAccount Domain:\t\tSARAN\r\n\tLogon ID:\t\t0x41A4936\r\n\tRead Operation:\t\tEnumerate Credentials\r\n\r\nThis event occurs when a user performs a read operation on stored credentials in Credential Manager."
    },
    {
        "RecordId": 2571369,
        "Id": 5379,
        "TimeCreated": "/Date(1786681372496)/",
        "MachineName": "saran",
        "LevelDisplayName": "Information",
        "Message": "Credential Manager credentials were read.\r\n\r\nSubject:\r\n\tSecurity ID:\t\tS-1-5-21-2374691185-23257815-2726383057-1001\r\n\tAccount Name:\t\tsaran\r\n\tAccount Domain:\t\tSARAN\r\n\tLogon ID:\t\t0x41A4936\r\n\tRead Operation:\t\tEnumerate Credentials\r\n\r\nThis event occurs when a user performs a read operation on stored credentials in Credential Manager."
    },
    {
        "RecordId": 2571368,
        "Id": 5379,
        "TimeCreated": "/Date(1786681372496)/",
        "MachineName": "saran",
        "LevelDisplayName": "Information",
        "Message": "Credential Manager credentials were read.\r\n\r\nSubject:\r\n\tSecurity ID:\t\tS-1-5-21-2374691185-23257815-2726383057-1001\r\n\tAccount Name:\t\tsaran\r\n\tAccount Domain:\t\tSARAN\r\n\tLogon ID:\t\t0x41A4936\r\n\tRead Operation:\t\tEnumerate Credentials\r\n\r\nThis event occurs when a user performs a read operation on stored credentials in Credential Manager."
    },
    {
        "RecordId": 2571367,
        "Id": 5379,
        "TimeCreated": "/Date(1786681372496)/",
        "MachineName": "saran",
        "LevelDisplayName": "Information",
        "Message": "Credential Manager credentials were read.\r\n\r\nSubject:\r\n\tSecurity ID:\t\tS-1-5-21-2374691185-23257815-2726383057-1001\r\n\tAccount Name:\t\tsaran\r\n\tAccount Domain:\t\tSARAN\r\n\tLogon ID:\t\t0x41A4936\r\n\tRead Operation:\t\tEnumerate Credentials\r\n\r\nThis event occurs when a user performs a read operation on stored credentials in Credential Manager."
    },
    {
        "RecordId": 2571366,
        "Id": 5379,
        "TimeCreated": "/Date(1786681372495)/",
        "MachineName": "saran",
        "LevelDisplayName": "Information",
        "Message": "Credential Manager credentials were read.\r\n\r\nSubject:\r\n\tSecurity ID:\t\tS-1-5-21-2374691185-23257815-2726383057-1001\r\n\tAccount Name:\t\tsaran\r\n\tAccount Domain:\t\tSARAN\r\n\tLogon ID:\t\t0x41A4936\r\n\tRead Operation:\t\tEnumerate Credentials\r\n\r\nThis event occurs when a user performs a read operation on stored credentials in Credential Manager."
    },
    {
        "RecordId": 2571365,
        "Id": 5379,
        "TimeCreated": "/Date(1786681372495)/",
        "MachineName": "saran",
        "LevelDisplayName": "Information",
        "Message": "Credential Manager credentials were read.\r\n\r\nSubject:\r\n\tSecurity ID:\t\tS-1-5-21-2374691185-23257815-2726383057-1001\r\n\tAccount Name:\t\tsaran\r\n\tAccount Domain:\t\tSARAN\r\n\tLogon ID:\t\t0x41A4936\r\n\tRead Operation:\t\tEnumerate Credentials\r\n\r\nThis event occurs when a user performs a read operation on stored credentials in Credential Manager."
    },
    {
        "RecordId": 2571364,
        "Id": 5379,
        "TimeCreated": "/Date(1786681372494)/",
        "MachineName": "saran",
        "LevelDisplayName": "Information",
        "Message": "Credential Manager credentials were read.\r\n\r\nSubject:\r\n\tSecurity ID:\t\tS-1-5-21-2374691185-23257815-2726383057-1001\r\n\tAccount Name:\t\tsaran\r\n\tAccount Domain:\t\tSARAN\r\n\tLogon ID:\t\t0x41A4936\r\n\tRead Operation:\t\tEnumerate Credentials\r\n\r\nThis event occurs when a user performs a read operation on stored credentials in Credential Manager."
    },
    {
        "RecordId": 2571363,
        "Id": 5379,
        "TimeCreated": "/Date(1786681372494)/",
        "MachineName": "saran",
        "LevelDisplayName": "Information",
        "Message": "Credential Manager credentials were read.\r\n\r\nSubject:\r\n\tSecurity ID:\t\tS-1-5-21-2374691185-23257815-2726383057-1001\r\n\tAccount Name:\t\tsaran\r\n\tAccount Domain:\t\tSARAN\r\n\tLogon ID:\t\t0x41A4936\r\n\tRead Operation:\t\tEnumerate Credentials\r\n\r\nThis event occurs when a user performs a read operation on stored credentials in Credential Manager."
    },
    {
        "RecordId": 2571362,
        "Id": 5379,
        "TimeCreated": "/Date(1786681372494)/",
        "MachineName": "saran",
        "LevelDisplayName": "Information",
        "Message": "Credential Manager credentials were read.\r\n\r\nSubject:\r\n\tSecurity ID:\t\tS-1-5-21-2374691185-23257815-2726383057-1001\r\n\tAccount Name:\t\tsaran\r\n\tAccount Domain:\t\tSARAN\r\n\tLogon ID:\t\t0x41A4936\r\n\tRead Operation:\t\tEnumerate Credentials\r\n\r\nThis event occurs when a user performs a read operation on stored credentials in Credential Manager."
    }
]