[
    {
        "RecordId": 2571861,
        "Id": 5379,
        "TimeCreated": "/Date(1786682303253)/",
        "MachineName": "saran",
        "LevelDisplayName": "Information",
        "Message": "Credential Manager credentials were read.\r\n\r\nSubject:\r\n\tSecurity ID:\t\tS-1-5-21-2374691185-23257815-2726383057-1001\r\n\tAccount Name:\t\tsaran\r\n\tAccount Domain:\t\tSARAN\r\n\tLogon ID:\t\t0x41A4AC9\r\n\tRead Operation:\t\tEnumerate Credentials\r\n\r\nThis event occurs when a user performs a read operation on stored credentials in Credential Manager."
    },
    {
        "RecordId": 2571860,
        "Id": 5379,
        "TimeCreated": "/Date(1786682303253)/",
        "MachineName": "saran",
        "LevelDisplayName": "Information",
        "Message": "Credential Manager credentials were read.\r\n\r\nSubject:\r\n\tSecurity ID:\t\tS-1-5-21-2374691185-23257815-2726383057-1001\r\n\tAccount Name:\t\tsaran\r\n\tAccount Domain:\t\tSARAN\r\n\tLogon ID:\t\t0x41A4AC9\r\n\tRead Operation:\t\tEnumerate Credentials\r\n\r\nThis event occurs when a user performs a read operation on stored credentials in Credential Manager."
    },
    {
        "RecordId": 2571859,
        "Id": 5379,
        "TimeCreated": "/Date(1786682303253)/",
        "MachineName": "saran",
        "LevelDisplayName": "Information",
        "Message": "Credential Manager credentials were read.\r\n\r\nSubject:\r\n\tSecurity ID:\t\tS-1-5-21-2374691185-23257815-2726383057-1001\r\n\tAccount Name:\t\tsaran\r\n\tAccount Domain:\t\tSARAN\r\n\tLogon ID:\t\t0x41A4AC9\r\n\tRead Operation:\t\tEnumerate Credentials\r\n\r\nThis event occurs when a user performs a read operation on stored credentials in Credential Manager."
    },
    {
        "RecordId": 2571858,
        "Id": 5379,
        "TimeCreated": "/Date(1786682303253)/",
        "MachineName": "saran",
        "LevelDisplayName": "Information",
        "Message": "Credential Manager credentials were read.\r\n\r\nSubject:\r\n\tSecurity ID:\t\tS-1-5-21-2374691185-23257815-2726383057-1001\r\n\tAccount Name:\t\tsaran\r\n\tAccount Domain:\t\tSARAN\r\n\tLogon ID:\t\t0x41A4AC9\r\n\tRead Operation:\t\tEnumerate Credentials\r\n\r\nThis event occurs when a user performs a read operation on stored credentials in Credential Manager."
    },
    {
        "RecordId": 2571857,
        "Id": 5379,
        "TimeCreated": "/Date(1786682303252)/",
        "MachineName": "saran",
        "LevelDisplayName": "Information",
        "Message": "Credential Manager credentials were read.\r\n\r\nSubject:\r\n\tSecurity ID:\t\tS-1-5-21-2374691185-23257815-2726383057-1001\r\n\tAccount Name:\t\tsaran\r\n\tAccount Domain:\t\tSARAN\r\n\tLogon ID:\t\t0x41A4AC9\r\n\tRead Operation:\t\tEnumerate Credentials\r\n\r\nThis event occurs when a user performs a read operation on stored credentials in Credential Manager."
    },
    {
        "RecordId": 2571856,
        "Id": 5379,
        "TimeCreated": "/Date(1786682303252)/",
        "MachineName": "saran",
        "LevelDisplayName": "Information",
        "Message": "Credential Manager credentials were read.\r\n\r\nSubject:\r\n\tSecurity ID:\t\tS-1-5-21-2374691185-23257815-2726383057-1001\r\n\tAccount Name:\t\tsaran\r\n\tAccount Domain:\t\tSARAN\r\n\tLogon ID:\t\t0x41A4AC9\r\n\tRead Operation:\t\tEnumerate Credentials\r\n\r\nThis event occurs when a user performs a read operation on stored credentials in Credential Manager."
    },
    {
        "RecordId": 2571855,
        "Id": 5379,
        "TimeCreated": "/Date(1786682303252)/",
        "MachineName": "saran",
        "LevelDisplayName": "Information",
        "Message": "Credential Manager credentials were read.\r\n\r\nSubject:\r\n\tSecurity ID:\t\tS-1-5-21-2374691185-23257815-2726383057-1001\r\n\tAccount Name:\t\tsaran\r\n\tAccount Domain:\t\tSARAN\r\n\tLogon ID:\t\t0x41A4AC9\r\n\tRead Operation:\t\tEnumerate Credentials\r\n\r\nThis event occurs when a user performs a read operation on stored credentials in Credential Manager."
    },
    {
        "RecordId": 2571854,
        "Id": 5379,
        "TimeCreated": "/Date(1786682303252)/",
        "MachineName": "saran",
        "LevelDisplayName": "Information",
        "Message": "Credential Manager credentials were read.\r\n\r\nSubject:\r\n\tSecurity ID:\t\tS-1-5-21-2374691185-23257815-2726383057-1001\r\n\tAccount Name:\t\tsaran\r\n\tAccount Domain:\t\tSARAN\r\n\tLogon ID:\t\t0x41A4AC9\r\n\tRead Operation:\t\tEnumerate Credentials\r\n\r\nThis event occurs when a user performs a read operation on stored credentials in Credential Manager."
    },
    {
        "RecordId": 2571853,
        "Id": 5379,
        "TimeCreated": "/Date(1786682303252)/",
        "MachineName": "saran",
        "LevelDisplayName": "Information",
        "Message": "Credential Manager credentials were read.\r\n\r\nSubject:\r\n\tSecurity ID:\t\tS-1-5-21-2374691185-23257815-2726383057-1001\r\n\tAccount Name:\t\tsaran\r\n\tAccount Domain:\t\tSARAN\r\n\tLogon ID:\t\t0x41A4AC9\r\n\tRead Operation:\t\tEnumerate Credentials\r\n\r\nThis event occurs when a user performs a read operation on stored credentials in Credential Manager."
    },
    {
        "RecordId": 2571852,
        "Id": 5379,
        "TimeCreated": "/Date(1786682303252)/",
        "MachineName": "saran",
        "LevelDisplayName": "Information",
        "Message": "Credential Manager credentials were read.\r\n\r\nSubject:\r\n\tSecurity ID:\t\tS-1-5-21-2374691185-23257815-2726383057-1001\r\n\tAccount Name:\t\tsaran\r\n\tAccount Domain:\t\tSARAN\r\n\tLogon ID:\t\t0x41A4AC9\r\n\tRead Operation:\t\tEnumerate Credentials\r\n\r\nThis event occurs when a user performs a read operation on stored credentials in Credential Manager."
    },
    {
        "RecordId": 2571851,
        "Id": 5379,
        "TimeCreated": "/Date(1786682303251)/",
        "MachineName": "saran",
        "LevelDisplayName": "Information",
        "Message": "Credential Manager credentials were read.\r\n\r\nSubject:\r\n\tSecurity ID:\t\tS-1-5-21-2374691185-23257815-2726383057-1001\r\n\tAccount Name:\t\tsaran\r\n\tAccount Domain:\t\tSARAN\r\n\tLogon ID:\t\t0x41A4AC9\r\n\tRead Operation:\t\tEnumerate Credentials\r\n\r\nThis event occurs when a user performs a read operation on stored credentials in Credential Manager."
    },
    {
        "RecordId": 2571850,
        "Id": 5379,
        "TimeCreated": "/Date(1786682303251)/",
        "MachineName": "saran",
        "LevelDisplayName": "Information",
        "Message": "Credential Manager credentials were read.\r\n\r\nSubject:\r\n\tSecurity ID:\t\tS-1-5-21-2374691185-23257815-2726383057-1001\r\n\tAccount Name:\t\tsaran\r\n\tAccount Domain:\t\tSARAN\r\n\tLogon ID:\t\t0x41A4AC9\r\n\tRead Operation:\t\tEnumerate Credentials\r\n\r\nThis event occurs when a user performs a read operation on stored credentials in Credential Manager."
    },
    {
        "RecordId": 2571849,
        "Id": 5379,
        "TimeCreated": "/Date(1786682303251)/",
        "MachineName": "saran",
        "LevelDisplayName": "Information",
        "Message": "Credential Manager credentials were read.\r\n\r\nSubject:\r\n\tSecurity ID:\t\tS-1-5-21-2374691185-23257815-2726383057-1001\r\n\tAccount Name:\t\tsaran\r\n\tAccount Domain:\t\tSARAN\r\n\tLogon ID:\t\t0x41A4AC9\r\n\tRead Operation:\t\tEnumerate Credentials\r\n\r\nThis event occurs when a user performs a read operation on stored credentials in Credential Manager."
    },
    {
        "RecordId": 2571848,
        "Id": 5379,
        "TimeCreated": "/Date(1786682303251)/",
        "MachineName": "saran",
        "LevelDisplayName": "Information",
        "Message": "Credential Manager credentials were read.\r\n\r\nSubject:\r\n\tSecurity ID:\t\tS-1-5-21-2374691185-23257815-2726383057-1001\r\n\tAccount Name:\t\tsaran\r\n\tAccount Domain:\t\tSARAN\r\n\tLogon ID:\t\t0x41A4AC9\r\n\tRead Operation:\t\tEnumerate Credentials\r\n\r\nThis event occurs when a user performs a read operation on stored credentials in Credential Manager."
    },
    {
        "RecordId": 2571847,
        "Id": 5379,
        "TimeCreated": "/Date(1786682303212)/",
        "MachineName": "saran",
        "LevelDisplayName": "Information",
        "Message": "Credential Manager credentials were read.\r\n\r\nSubject:\r\n\tSecurity ID:\t\tS-1-5-21-2374691185-23257815-2726383057-1001\r\n\tAccount Name:\t\tsaran\r\n\tAccount Domain:\t\tSARAN\r\n\tLogon ID:\t\t0x41A4AC9\r\n\tRead Operation:\t\tEnumerate Credentials\r\n\r\nThis event occurs when a user performs a read operation on stored credentials in Credential Manager."
    },
    {
        "RecordId": 2571846,
        "Id": 5379,
        "TimeCreated": "/Date(1786682303211)/",
        "MachineName": "saran",
        "LevelDisplayName": "Information",
        "Message": "Credential Manager credentials were read.\r\n\r\nSubject:\r\n\tSecurity ID:\t\tS-1-5-21-2374691185-23257815-2726383057-1001\r\n\tAccount Name:\t\tsaran\r\n\tAccount Domain:\t\tSARAN\r\n\tLogon ID:\t\t0x41A4AC9\r\n\tRead Operation:\t\tEnumerate Credentials\r\n\r\nThis event occurs when a user performs a read operation on stored credentials in Credential Manager."
    },
    {
        "RecordId": 2571845,
        "Id": 5379,
        "TimeCreated": "/Date(1786682303210)/",
        "MachineName": "saran",
        "LevelDisplayName": "Information",
        "Message": "Credential Manager credentials were read.\r\n\r\nSubject:\r\n\tSecurity ID:\t\tS-1-5-21-2374691185-23257815-2726383057-1001\r\n\tAccount Name:\t\tsaran\r\n\tAccount Domain:\t\tSARAN\r\n\tLogon ID:\t\t0x41A4AC9\r\n\tRead Operation:\t\tEnumerate Credentials\r\n\r\nThis event occurs when a user performs a read operation on stored credentials in Credential Manager."
    },
    {
        "RecordId": 2571844,
        "Id": 5379,
        "TimeCreated": "/Date(1786682303209)/",
        "MachineName": "saran",
        "LevelDisplayName": "Information",
        "Message": "Credential Manager credentials were read.\r\n\r\nSubject:\r\n\tSecurity ID:\t\tS-1-5-21-2374691185-23257815-2726383057-1001\r\n\tAccount Name:\t\tsaran\r\n\tAccount Domain:\t\tSARAN\r\n\tLogon ID:\t\t0x41A4AC9\r\n\tRead Operation:\t\tEnumerate Credentials\r\n\r\nThis event occurs when a user performs a read operation on stored credentials in Credential Manager."
    },
    {
        "RecordId": 2571843,
        "Id": 5379,
        "TimeCreated": "/Date(1786682303209)/",
        "MachineName": "saran",
        "LevelDisplayName": "Information",
        "Message": "Credential Manager credentials were read.\r\n\r\nSubject:\r\n\tSecurity ID:\t\tS-1-5-21-2374691185-23257815-2726383057-1001\r\n\tAccount Name:\t\tsaran\r\n\tAccount Domain:\t\tSARAN\r\n\tLogon ID:\t\t0x41A4AC9\r\n\tRead Operation:\t\tEnumerate Credentials\r\n\r\nThis event occurs when a user performs a read operation on stored credentials in Credential Manager."
    },
    {
        "RecordId": 2571842,
        "Id": 5379,
        "TimeCreated": "/Date(1786682303209)/",
        "MachineName": "saran",
        "LevelDisplayName": "Information",
        "Message": "Credential Manager credentials were read.\r\n\r\nSubject:\r\n\tSecurity ID:\t\tS-1-5-21-2374691185-23257815-2726383057-1001\r\n\tAccount Name:\t\tsaran\r\n\tAccount Domain:\t\tSARAN\r\n\tLogon ID:\t\t0x41A4AC9\r\n\tRead Operation:\t\tEnumerate Credentials\r\n\r\nThis event occurs when a user performs a read operation on stored credentials in Credential Manager."
    },
    {
        "RecordId": 2571841,
        "Id": 5379,
        "TimeCreated": "/Date(1786682303209)/",
        "MachineName": "saran",
        "LevelDisplayName": "Information",
        "Message": "Credential Manager credentials were read.\r\n\r\nSubject:\r\n\tSecurity ID:\t\tS-1-5-21-2374691185-23257815-2726383057-1001\r\n\tAccount Name:\t\tsaran\r\n\tAccount Domain:\t\tSARAN\r\n\tLogon ID:\t\t0x41A4AC9\r\n\tRead Operation:\t\tEnumerate Credentials\r\n\r\nThis event occurs when a user performs a read operation on stored credentials in Credential Manager."
    },
    {
        "RecordId": 2571840,
        "Id": 5379,
        "TimeCreated": "/Date(1786682303209)/",
        "MachineName": "saran",
        "LevelDisplayName": "Information",
        "Message": "Credential Manager credentials were read.\r\n\r\nSubject:\r\n\tSecurity ID:\t\tS-1-5-21-2374691185-23257815-2726383057-1001\r\n\tAccount Name:\t\tsaran\r\n\tAccount Domain:\t\tSARAN\r\n\tLogon ID:\t\t0x41A4AC9\r\n\tRead Operation:\t\tEnumerate Credentials\r\n\r\nThis event occurs when a user performs a read operation on stored credentials in Credential Manager."
    },
    {
        "RecordId": 2571839,
        "Id": 5379,
        "TimeCreated": "/Date(1786682303208)/",
        "MachineName": "saran",
        "LevelDisplayName": "Information",
        "Message": "Credential Manager credentials were read.\r\n\r\nSubject:\r\n\tSecurity ID:\t\tS-1-5-21-2374691185-23257815-2726383057-1001\r\n\tAccount Name:\t\tsaran\r\n\tAccount Domain:\t\tSARAN\r\n\tLogon ID:\t\t0x41A4AC9\r\n\tRead Operation:\t\tEnumerate Credentials\r\n\r\nThis event occurs when a user performs a read operation on stored credentials in Credential Manager."
    },
    {
        "RecordId": 2571838,
        "Id": 5379,
        "TimeCreated": "/Date(1786682303208)/",
        "MachineName": "saran",
        "LevelDisplayName": "Information",
        "Message": "Credential Manager credentials were read.\r\n\r\nSubject:\r\n\tSecurity ID:\t\tS-1-5-21-2374691185-23257815-2726383057-1001\r\n\tAccount Name:\t\tsaran\r\n\tAccount Domain:\t\tSARAN\r\n\tLogon ID:\t\t0x41A4AC9\r\n\tRead Operation:\t\tEnumerate Credentials\r\n\r\nThis event occurs when a user performs a read operation on stored credentials in Credential Manager."
    },
    {
        "RecordId": 2571837,
        "Id": 5379,
        "TimeCreated": "/Date(1786682303208)/",
        "MachineName": "saran",
        "LevelDisplayName": "Information",
        "Message": "Credential Manager credentials were read.\r\n\r\nSubject:\r\n\tSecurity ID:\t\tS-1-5-21-2374691185-23257815-2726383057-1001\r\n\tAccount Name:\t\tsaran\r\n\tAccount Domain:\t\tSARAN\r\n\tLogon ID:\t\t0x41A4AC9\r\n\tRead Operation:\t\tEnumerate Credentials\r\n\r\nThis event occurs when a user performs a read operation on stored credentials in Credential Manager."
    },
    {
        "RecordId": 2571836,
        "Id": 5379,
        "TimeCreated": "/Date(1786682303208)/",
        "MachineName": "saran",
        "LevelDisplayName": "Information",
        "Message": "Credential Manager credentials were read.\r\n\r\nSubject:\r\n\tSecurity ID:\t\tS-1-5-21-2374691185-23257815-2726383057-1001\r\n\tAccount Name:\t\tsaran\r\n\tAccount Domain:\t\tSARAN\r\n\tLogon ID:\t\t0x41A4AC9\r\n\tRead Operation:\t\tEnumerate Credentials\r\n\r\nThis event occurs when a user performs a read operation on stored credentials in Credential Manager."
    },
    {
        "RecordId": 2571835,
        "Id": 5379,
        "TimeCreated": "/Date(1786682303208)/",
        "MachineName": "saran",
        "LevelDisplayName": "Information",
        "Message": "Credential Manager credentials were read.\r\n\r\nSubject:\r\n\tSecurity ID:\t\tS-1-5-21-2374691185-23257815-2726383057-1001\r\n\tAccount Name:\t\tsaran\r\n\tAccount Domain:\t\tSARAN\r\n\tLogon ID:\t\t0x41A4AC9\r\n\tRead Operation:\t\tEnumerate Credentials\r\n\r\nThis event occurs when a user performs a read operation on stored credentials in Credential Manager."
    },
    {
        "RecordId": 2571834,
        "Id": 5379,
        "TimeCreated": "/Date(1786682303208)/",
        "MachineName": "saran",
        "LevelDisplayName": "Information",
        "Message": "Credential Manager credentials were read.\r\n\r\nSubject:\r\n\tSecurity ID:\t\tS-1-5-21-2374691185-23257815-2726383057-1001\r\n\tAccount Name:\t\tsaran\r\n\tAccount Domain:\t\tSARAN\r\n\tLogon ID:\t\t0x41A4AC9\r\n\tRead Operation:\t\tEnumerate Credentials\r\n\r\nThis event occurs when a user performs a read operation on stored credentials in Credential Manager."
    },
    {
        "RecordId": 2571833,
        "Id": 5379,
        "TimeCreated": "/Date(1786682303207)/",
        "MachineName": "saran",
        "LevelDisplayName": "Information",
        "Message": "Credential Manager credentials were read.\r\n\r\nSubject:\r\n\tSecurity ID:\t\tS-1-5-21-2374691185-23257815-2726383057-1001\r\n\tAccount Name:\t\tsaran\r\n\tAccount Domain:\t\tSARAN\r\n\tLogon ID:\t\t0x41A4AC9\r\n\tRead Operation:\t\tEnumerate Credentials\r\n\r\nThis event occurs when a user performs a read operation on stored credentials in Credential Manager."
    },
    {
        "RecordId": 2571832,
        "Id": 5379,
        "TimeCreated": "/Date(1786682303201)/",
        "MachineName": "saran",
        "LevelDisplayName": "Information",
        "Message": "Credential Manager credentials were read.\r\n\r\nSubject:\r\n\tSecurity ID:\t\tS-1-5-21-2374691185-23257815-2726383057-1001\r\n\tAccount Name:\t\tsaran\r\n\tAccount Domain:\t\tSARAN\r\n\tLogon ID:\t\t0x41A4AC9\r\n\tRead Operation:\t\tEnumerate Credentials\r\n\r\nThis event occurs when a user performs a read operation on stored credentials in Credential Manager."
    },
    {
        "RecordId": 2571831,
        "Id": 5379,
        "TimeCreated": "/Date(1786682303201)/",
        "MachineName": "saran",
        "LevelDisplayName": "Information",
        "Message": "Credential Manager credentials were read.\r\n\r\nSubject:\r\n\tSecurity ID:\t\tS-1-5-21-2374691185-23257815-2726383057-1001\r\n\tAccount Name:\t\tsaran\r\n\tAccount Domain:\t\tSARAN\r\n\tLogon ID:\t\t0x41A4AC9\r\n\tRead Operation:\t\tEnumerate Credentials\r\n\r\nThis event occurs when a user performs a read operation on stored credentials in Credential Manager."
    },
    {
        "RecordId": 2571830,
        "Id": 5379,
        "TimeCreated": "/Date(1786682303201)/",
        "MachineName": "saran",
        "LevelDisplayName": "Information",
        "Message": "Credential Manager credentials were read.\r\n\r\nSubject:\r\n\tSecurity ID:\t\tS-1-5-21-2374691185-23257815-2726383057-1001\r\n\tAccount Name:\t\tsaran\r\n\tAccount Domain:\t\tSARAN\r\n\tLogon ID:\t\t0x41A4AC9\r\n\tRead Operation:\t\tEnumerate Credentials\r\n\r\nThis event occurs when a user performs a read operation on stored credentials in Credential Manager."
    },
    {
        "RecordId": 2571829,
        "Id": 5379,
        "TimeCreated": "/Date(1786682303201)/",
        "MachineName": "saran",
        "LevelDisplayName": "Information",
        "Message": "Credential Manager credentials were read.\r\n\r\nSubject:\r\n\tSecurity ID:\t\tS-1-5-21-2374691185-23257815-2726383057-1001\r\n\tAccount Name:\t\tsaran\r\n\tAccount Domain:\t\tSARAN\r\n\tLogon ID:\t\t0x41A4AC9\r\n\tRead Operation:\t\tEnumerate Credentials\r\n\r\nThis event occurs when a user performs a read operation on stored credentials in Credential Manager."
    },
    {
        "RecordId": 2571828,
        "Id": 5379,
        "TimeCreated": "/Date(1786682303200)/",
        "MachineName": "saran",
        "LevelDisplayName": "Information",
        "Message": "Credential Manager credentials were read.\r\n\r\nSubject:\r\n\tSecurity ID:\t\tS-1-5-21-2374691185-23257815-2726383057-1001\r\n\tAccount Name:\t\tsaran\r\n\tAccount Domain:\t\tSARAN\r\n\tLogon ID:\t\t0x41A4AC9\r\n\tRead Operation:\t\tEnumerate Credentials\r\n\r\nThis event occurs when a user performs a read operation on stored credentials in Credential Manager."
    },
    {
        "RecordId": 2571827,
        "Id": 5379,
        "TimeCreated": "/Date(1786682303200)/",
        "MachineName": "saran",
        "LevelDisplayName": "Information",
        "Message": "Credential Manager credentials were read.\r\n\r\nSubject:\r\n\tSecurity ID:\t\tS-1-5-21-2374691185-23257815-2726383057-1001\r\n\tAccount Name:\t\tsaran\r\n\tAccount Domain:\t\tSARAN\r\n\tLogon ID:\t\t0x41A4AC9\r\n\tRead Operation:\t\tEnumerate Credentials\r\n\r\nThis event occurs when a user performs a read operation on stored credentials in Credential Manager."
    },
    {
        "RecordId": 2571826,
        "Id": 5379,
        "TimeCreated": "/Date(1786682303200)/",
        "MachineName": "saran",
        "LevelDisplayName": "Information",
        "Message": "Credential Manager credentials were read.\r\n\r\nSubject:\r\n\tSecurity ID:\t\tS-1-5-21-2374691185-23257815-2726383057-1001\r\n\tAccount Name:\t\tsaran\r\n\tAccount Domain:\t\tSARAN\r\n\tLogon ID:\t\t0x41A4AC9\r\n\tRead Operation:\t\tEnumerate Credentials\r\n\r\nThis event occurs when a user performs a read operation on stored credentials in Credential Manager."
    },
    {
        "RecordId": 2571825,
        "Id": 5379,
        "TimeCreated": "/Date(1786682303200)/",
        "MachineName": "saran",
        "LevelDisplayName": "Information",
        "Message": "Credential Manager credentials were read.\r\n\r\nSubject:\r\n\tSecurity ID:\t\tS-1-5-21-2374691185-23257815-2726383057-1001\r\n\tAccount Name:\t\tsaran\r\n\tAccount Domain:\t\tSARAN\r\n\tLogon ID:\t\t0x41A4AC9\r\n\tRead Operation:\t\tEnumerate Credentials\r\n\r\nThis event occurs when a user performs a read operation on stored credentials in Credential Manager."
    },
    {
        "RecordId": 2571824,
        "Id": 5379,
        "TimeCreated": "/Date(1786682303200)/",
        "MachineName": "saran",
        "LevelDisplayName": "Information",
        "Message": "Credential Manager credentials were read.\r\n\r\nSubject:\r\n\tSecurity ID:\t\tS-1-5-21-2374691185-23257815-2726383057-1001\r\n\tAccount Name:\t\tsaran\r\n\tAccount Domain:\t\tSARAN\r\n\tLogon ID:\t\t0x41A4AC9\r\n\tRead Operation:\t\tEnumerate Credentials\r\n\r\nThis event occurs when a user performs a read operation on stored credentials in Credential Manager."
    },
    {
        "RecordId": 2571823,
        "Id": 5379,
        "TimeCreated": "/Date(1786682303200)/",
        "MachineName": "saran",
        "LevelDisplayName": "Information",
        "Message": "Credential Manager credentials were read.\r\n\r\nSubject:\r\n\tSecurity ID:\t\tS-1-5-21-2374691185-23257815-2726383057-1001\r\n\tAccount Name:\t\tsaran\r\n\tAccount Domain:\t\tSARAN\r\n\tLogon ID:\t\t0x41A4AC9\r\n\tRead Operation:\t\tEnumerate Credentials\r\n\r\nThis event occurs when a user performs a read operation on stored credentials in Credential Manager."
    },
    {
        "RecordId": 2571822,
        "Id": 5379,
        "TimeCreated": "/Date(1786682303199)/",
        "MachineName": "saran",
        "LevelDisplayName": "Information",
        "Message": "Credential Manager credentials were read.\r\n\r\nSubject:\r\n\tSecurity ID:\t\tS-1-5-21-2374691185-23257815-2726383057-1001\r\n\tAccount Name:\t\tsaran\r\n\tAccount Domain:\t\tSARAN\r\n\tLogon ID:\t\t0x41A4AC9\r\n\tRead Operation:\t\tEnumerate Credentials\r\n\r\nThis event occurs when a user performs a read operation on stored credentials in Credential Manager."
    },
    {
        "RecordId": 2571821,
        "Id": 5379,
        "TimeCreated": "/Date(1786682303199)/",
        "MachineName": "saran",
        "LevelDisplayName": "Information",
        "Message": "Credential Manager credentials were read.\r\n\r\nSubject:\r\n\tSecurity ID:\t\tS-1-5-21-2374691185-23257815-2726383057-1001\r\n\tAccount Name:\t\tsaran\r\n\tAccount Domain:\t\tSARAN\r\n\tLogon ID:\t\t0x41A4AC9\r\n\tRead Operation:\t\tEnumerate Credentials\r\n\r\nThis event occurs when a user performs a read operation on stored credentials in Credential Manager."
    },
    {
        "RecordId": 2571820,
        "Id": 5379,
        "TimeCreated": "/Date(1786682303199)/",
        "MachineName": "saran",
        "LevelDisplayName": "Information",
        "Message": "Credential Manager credentials were read.\r\n\r\nSubject:\r\n\tSecurity ID:\t\tS-1-5-21-2374691185-23257815-2726383057-1001\r\n\tAccount Name:\t\tsaran\r\n\tAccount Domain:\t\tSARAN\r\n\tLogon ID:\t\t0x41A4AC9\r\n\tRead Operation:\t\tEnumerate Credentials\r\n\r\nThis event occurs when a user performs a read operation on stored credentials in Credential Manager."
    },
    {
        "RecordId": 2571819,
        "Id": 5379,
        "TimeCreated": "/Date(1786682303192)/",
        "MachineName": "saran",
        "LevelDisplayName": "Information",
        "Message": "Credential Manager credentials were read.\r\n\r\nSubject:\r\n\tSecurity ID:\t\tS-1-5-21-2374691185-23257815-2726383057-1001\r\n\tAccount Name:\t\tsaran\r\n\tAccount Domain:\t\tSARAN\r\n\tLogon ID:\t\t0x41A4AC9\r\n\tRead Operation:\t\tRead Credential\r\n\r\nThis event occurs when a user performs a read operation on stored credentials in Credential Manager."
    },
    {
        "RecordId": 2571818,
        "Id": 5379,
        "TimeCreated": "/Date(1786682303191)/",
        "MachineName": "saran",
        "LevelDisplayName": "Information",
        "Message": "Credential Manager credentials were read.\r\n\r\nSubject:\r\n\tSecurity ID:\t\tS-1-5-21-2374691185-23257815-2726383057-1001\r\n\tAccount Name:\t\tsaran\r\n\tAccount Domain:\t\tSARAN\r\n\tLogon ID:\t\t0x41A4AC9\r\n\tRead Operation:\t\tEnumerate Credentials\r\n\r\nThis event occurs when a user performs a read operation on stored credentials in Credential Manager."
    },
    {
        "RecordId": 2571817,
        "Id": 5379,
        "TimeCreated": "/Date(1786682303190)/",
        "MachineName": "saran",
        "LevelDisplayName": "Information",
        "Message": "Credential Manager credentials were read.\r\n\r\nSubject:\r\n\tSecurity ID:\t\tS-1-5-21-2374691185-23257815-2726383057-1001\r\n\tAccount Name:\t\tsaran\r\n\tAccount Domain:\t\tSARAN\r\n\tLogon ID:\t\t0x41A4AC9\r\n\tRead Operation:\t\tEnumerate Credentials\r\n\r\nThis event occurs when a user performs a read operation on stored credentials in Credential Manager."
    },
    {
        "RecordId": 2571816,
        "Id": 5379,
        "TimeCreated": "/Date(1786682303190)/",
        "MachineName": "saran",
        "LevelDisplayName": "Information",
        "Message": "Credential Manager credentials were read.\r\n\r\nSubject:\r\n\tSecurity ID:\t\tS-1-5-21-2374691185-23257815-2726383057-1001\r\n\tAccount Name:\t\tsaran\r\n\tAccount Domain:\t\tSARAN\r\n\tLogon ID:\t\t0x41A4AC9\r\n\tRead Operation:\t\tEnumerate Credentials\r\n\r\nThis event occurs when a user performs a read operation on stored credentials in Credential Manager."
    },
    {
        "RecordId": 2571815,
        "Id": 5379,
        "TimeCreated": "/Date(1786682303190)/",
        "MachineName": "saran",
        "LevelDisplayName": "Information",
        "Message": "Credential Manager credentials were read.\r\n\r\nSubject:\r\n\tSecurity ID:\t\tS-1-5-21-2374691185-23257815-2726383057-1001\r\n\tAccount Name:\t\tsaran\r\n\tAccount Domain:\t\tSARAN\r\n\tLogon ID:\t\t0x41A4AC9\r\n\tRead Operation:\t\tEnumerate Credentials\r\n\r\nThis event occurs when a user performs a read operation on stored credentials in Credential Manager."
    },
    {
        "RecordId": 2571814,
        "Id": 5379,
        "TimeCreated": "/Date(1786682303190)/",
        "MachineName": "saran",
        "LevelDisplayName": "Information",
        "Message": "Credential Manager credentials were read.\r\n\r\nSubject:\r\n\tSecurity ID:\t\tS-1-5-21-2374691185-23257815-2726383057-1001\r\n\tAccount Name:\t\tsaran\r\n\tAccount Domain:\t\tSARAN\r\n\tLogon ID:\t\t0x41A4AC9\r\n\tRead Operation:\t\tEnumerate Credentials\r\n\r\nThis event occurs when a user performs a read operation on stored credentials in Credential Manager."
    },
    {
        "RecordId": 2571813,
        "Id": 5379,
        "TimeCreated": "/Date(1786682303190)/",
        "MachineName": "saran",
        "LevelDisplayName": "Information",
        "Message": "Credential Manager credentials were read.\r\n\r\nSubject:\r\n\tSecurity ID:\t\tS-1-5-21-2374691185-23257815-2726383057-1001\r\n\tAccount Name:\t\tsaran\r\n\tAccount Domain:\t\tSARAN\r\n\tLogon ID:\t\t0x41A4AC9\r\n\tRead Operation:\t\tEnumerate Credentials\r\n\r\nThis event occurs when a user performs a read operation on stored credentials in Credential Manager."
    },
    {
        "RecordId": 2571812,
        "Id": 5379,
        "TimeCreated": "/Date(1786682303189)/",
        "MachineName": "saran",
        "LevelDisplayName": "Information",
        "Message": "Credential Manager credentials were read.\r\n\r\nSubject:\r\n\tSecurity ID:\t\tS-1-5-21-2374691185-23257815-2726383057-1001\r\n\tAccount Name:\t\tsaran\r\n\tAccount Domain:\t\tSARAN\r\n\tLogon ID:\t\t0x41A4AC9\r\n\tRead Operation:\t\tEnumerate Credentials\r\n\r\nThis event occurs when a user performs a read operation on stored credentials in Credential Manager."
    },
    {
        "RecordId": 2571811,
        "Id": 5379,
        "TimeCreated": "/Date(1786682303189)/",
        "MachineName": "saran",
        "LevelDisplayName": "Information",
        "Message": "Credential Manager credentials were read.\r\n\r\nSubject:\r\n\tSecurity ID:\t\tS-1-5-21-2374691185-23257815-2726383057-1001\r\n\tAccount Name:\t\tsaran\r\n\tAccount Domain:\t\tSARAN\r\n\tLogon ID:\t\t0x41A4AC9\r\n\tRead Operation:\t\tEnumerate Credentials\r\n\r\nThis event occurs when a user performs a read operation on stored credentials in Credential Manager."
    },
    {
        "RecordId": 2571810,
        "Id": 5379,
        "TimeCreated": "/Date(1786682303189)/",
        "MachineName": "saran",
        "LevelDisplayName": "Information",
        "Message": "Credential Manager credentials were read.\r\n\r\nSubject:\r\n\tSecurity ID:\t\tS-1-5-21-2374691185-23257815-2726383057-1001\r\n\tAccount Name:\t\tsaran\r\n\tAccount Domain:\t\tSARAN\r\n\tLogon ID:\t\t0x41A4AC9\r\n\tRead Operation:\t\tEnumerate Credentials\r\n\r\nThis event occurs when a user performs a read operation on stored credentials in Credential Manager."
    },
    {
        "RecordId": 2571809,
        "Id": 5379,
        "TimeCreated": "/Date(1786682303189)/",
        "MachineName": "saran",
        "LevelDisplayName": "Information",
        "Message": "Credential Manager credentials were read.\r\n\r\nSubject:\r\n\tSecurity ID:\t\tS-1-5-21-2374691185-23257815-2726383057-1001\r\n\tAccount Name:\t\tsaran\r\n\tAccount Domain:\t\tSARAN\r\n\tLogon ID:\t\t0x41A4AC9\r\n\tRead Operation:\t\tEnumerate Credentials\r\n\r\nThis event occurs when a user performs a read operation on stored credentials in Credential Manager."
    },
    {
        "RecordId": 2571808,
        "Id": 5379,
        "TimeCreated": "/Date(1786682303189)/",
        "MachineName": "saran",
        "LevelDisplayName": "Information",
        "Message": "Credential Manager credentials were read.\r\n\r\nSubject:\r\n\tSecurity ID:\t\tS-1-5-21-2374691185-23257815-2726383057-1001\r\n\tAccount Name:\t\tsaran\r\n\tAccount Domain:\t\tSARAN\r\n\tLogon ID:\t\t0x41A4AC9\r\n\tRead Operation:\t\tEnumerate Credentials\r\n\r\nThis event occurs when a user performs a read operation on stored credentials in Credential Manager."
    },
    {
        "RecordId": 2571807,
        "Id": 5379,
        "TimeCreated": "/Date(1786682303188)/",
        "MachineName": "saran",
        "LevelDisplayName": "Information",
        "Message": "Credential Manager credentials were read.\r\n\r\nSubject:\r\n\tSecurity ID:\t\tS-1-5-21-2374691185-23257815-2726383057-1001\r\n\tAccount Name:\t\tsaran\r\n\tAccount Domain:\t\tSARAN\r\n\tLogon ID:\t\t0x41A4AC9\r\n\tRead Operation:\t\tEnumerate Credentials\r\n\r\nThis event occurs when a user performs a read operation on stored credentials in Credential Manager."
    },
    {
        "RecordId": 2571806,
        "Id": 5379,
        "TimeCreated": "/Date(1786682303188)/",
        "MachineName": "saran",
        "LevelDisplayName": "Information",
        "Message": "Credential Manager credentials were read.\r\n\r\nSubject:\r\n\tSecurity ID:\t\tS-1-5-21-2374691185-23257815-2726383057-1001\r\n\tAccount Name:\t\tsaran\r\n\tAccount Domain:\t\tSARAN\r\n\tLogon ID:\t\t0x41A4AC9\r\n\tRead Operation:\t\tEnumerate Credentials\r\n\r\nThis event occurs when a user performs a read operation on stored credentials in Credential Manager."
    },
    {
        "RecordId": 2571805,
        "Id": 5379,
        "TimeCreated": "/Date(1786682303188)/",
        "MachineName": "saran",
        "LevelDisplayName": "Information",
        "Message": "Credential Manager credentials were read.\r\n\r\nSubject:\r\n\tSecurity ID:\t\tS-1-5-21-2374691185-23257815-2726383057-1001\r\n\tAccount Name:\t\tsaran\r\n\tAccount Domain:\t\tSARAN\r\n\tLogon ID:\t\t0x41A4AC9\r\n\tRead Operation:\t\tEnumerate Credentials\r\n\r\nThis event occurs when a user performs a read operation on stored credentials in Credential Manager."
    },
    {
        "RecordId": 2571804,
        "Id": 5379,
        "TimeCreated": "/Date(1786682303188)/",
        "MachineName": "saran",
        "LevelDisplayName": "Information",
        "Message": "Credential Manager credentials were read.\r\n\r\nSubject:\r\n\tSecurity ID:\t\tS-1-5-21-2374691185-23257815-2726383057-1001\r\n\tAccount Name:\t\tsaran\r\n\tAccount Domain:\t\tSARAN\r\n\tLogon ID:\t\t0x41A4AC9\r\n\tRead Operation:\t\tEnumerate Credentials\r\n\r\nThis event occurs when a user performs a read operation on stored credentials in Credential Manager."
    },
    {
        "RecordId": 2571803,
        "Id": 5379,
        "TimeCreated": "/Date(1786682301006)/",
        "MachineName": "saran",
        "LevelDisplayName": "Information",
        "Message": "Credential Manager credentials were read.\r\n\r\nSubject:\r\n\tSecurity ID:\t\tS-1-5-21-2374691185-23257815-2726383057-1001\r\n\tAccount Name:\t\tsaran\r\n\tAccount Domain:\t\tSARAN\r\n\tLogon ID:\t\t0x41A4AC9\r\n\tRead Operation:\t\tEnumerate Credentials\r\n\r\nThis event occurs when a user performs a read operation on stored credentials in Credential Manager."
    },
    {
        "RecordId": 2571802,
        "Id": 5379,
        "TimeCreated": "/Date(1786682300907)/",
        "MachineName": "saran",
        "LevelDisplayName": "Information",
        "Message": "Credential Manager credentials were read.\r\n\r\nSubject:\r\n\tSecurity ID:\t\tS-1-5-21-2374691185-23257815-2726383057-1001\r\n\tAccount Name:\t\tsaran\r\n\tAccount Domain:\t\tSARAN\r\n\tLogon ID:\t\t0x41A4AC9\r\n\tRead Operation:\t\tEnumerate Credentials\r\n\r\nThis event occurs when a user performs a read operation on stored credentials in Credential Manager."
    },
    {
        "RecordId": 2571801,
        "Id": 5379,
        "TimeCreated": "/Date(1786682300906)/",
        "MachineName": "saran",
        "LevelDisplayName": "Information",
        "Message": "Credential Manager credentials were read.\r\n\r\nSubject:\r\n\tSecurity ID:\t\tS-1-5-21-2374691185-23257815-2726383057-1001\r\n\tAccount Name:\t\tsaran\r\n\tAccount Domain:\t\tSARAN\r\n\tLogon ID:\t\t0x41A4AC9\r\n\tRead Operation:\t\tEnumerate Credentials\r\n\r\nThis event occurs when a user performs a read operation on stored credentials in Credential Manager."
    },
    {
        "RecordId": 2571800,
        "Id": 5379,
        "TimeCreated": "/Date(1786682300905)/",
        "MachineName": "saran",
        "LevelDisplayName": "Information",
        "Message": "Credential Manager credentials were read.\r\n\r\nSubject:\r\n\tSecurity ID:\t\tS-1-5-21-2374691185-23257815-2726383057-1001\r\n\tAccount Name:\t\tsaran\r\n\tAccount Domain:\t\tSARAN\r\n\tLogon ID:\t\t0x41A4AC9\r\n\tRead Operation:\t\tEnumerate Credentials\r\n\r\nThis event occurs when a user performs a read operation on stored credentials in Credential Manager."
    },
    {
        "RecordId": 2571799,
        "Id": 5379,
        "TimeCreated": "/Date(1786682300885)/",
        "MachineName": "saran",
        "LevelDisplayName": "Information",
        "Message": "Credential Manager credentials were read.\r\n\r\nSubject:\r\n\tSecurity ID:\t\tS-1-5-21-2374691185-23257815-2726383057-1001\r\n\tAccount Name:\t\tsaran\r\n\tAccount Domain:\t\tSARAN\r\n\tLogon ID:\t\t0x41A4AC9\r\n\tRead Operation:\t\tEnumerate Credentials\r\n\r\nThis event occurs when a user performs a read operation on stored credentials in Credential Manager."
    },
    {
        "RecordId": 2571798,
        "Id": 5379,
        "TimeCreated": "/Date(1786682300885)/",
        "MachineName": "saran",
        "LevelDisplayName": "Information",
        "Message": "Credential Manager credentials were read.\r\n\r\nSubject:\r\n\tSecurity ID:\t\tS-1-5-21-2374691185-23257815-2726383057-1001\r\n\tAccount Name:\t\tsaran\r\n\tAccount Domain:\t\tSARAN\r\n\tLogon ID:\t\t0x41A4AC9\r\n\tRead Operation:\t\tEnumerate Credentials\r\n\r\nThis event occurs when a user performs a read operation on stored credentials in Credential Manager."
    },
    {
        "RecordId": 2571797,
        "Id": 5379,
        "TimeCreated": "/Date(1786682300884)/",
        "MachineName": "saran",
        "LevelDisplayName": "Information",
        "Message": "Credential Manager credentials were read.\r\n\r\nSubject:\r\n\tSecurity ID:\t\tS-1-5-21-2374691185-23257815-2726383057-1001\r\n\tAccount Name:\t\tsaran\r\n\tAccount Domain:\t\tSARAN\r\n\tLogon ID:\t\t0x41A4AC9\r\n\tRead Operation:\t\tEnumerate Credentials\r\n\r\nThis event occurs when a user performs a read operation on stored credentials in Credential Manager."
    },
    {
        "RecordId": 2571796,
        "Id": 5379,
        "TimeCreated": "/Date(1786682300883)/",
        "MachineName": "saran",
        "LevelDisplayName": "Information",
        "Message": "Credential Manager credentials were read.\r\n\r\nSubject:\r\n\tSecurity ID:\t\tS-1-5-21-2374691185-23257815-2726383057-1001\r\n\tAccount Name:\t\tsaran\r\n\tAccount Domain:\t\tSARAN\r\n\tLogon ID:\t\t0x41A4AC9\r\n\tRead Operation:\t\tEnumerate Credentials\r\n\r\nThis event occurs when a user performs a read operation on stored credentials in Credential Manager."
    },
    {
        "RecordId": 2571795,
        "Id": 5379,
        "TimeCreated": "/Date(1786682300880)/",
        "MachineName": "saran",
        "LevelDisplayName": "Information",
        "Message": "Credential Manager credentials were read.\r\n\r\nSubject:\r\n\tSecurity ID:\t\tS-1-5-18\r\n\tAccount Name:\t\tSARAN$\r\n\tAccount Domain:\t\tWORKGROUP\r\n\tLogon ID:\t\t0x3E7\r\n\tRead Operation:\t\tEnumerate Credentials\r\n\r\nThis event occurs when a user performs a read operation on stored credentials in Credential Manager."
    },
    {
        "RecordId": 2571794,
        "Id": 5379,
        "TimeCreated": "/Date(1786682300880)/",
        "MachineName": "saran",
        "LevelDisplayName": "Information",
        "Message": "Credential Manager credentials were read.\r\n\r\nSubject:\r\n\tSecurity ID:\t\tS-1-5-18\r\n\tAccount Name:\t\tSARAN$\r\n\tAccount Domain:\t\tWORKGROUP\r\n\tLogon ID:\t\t0x3E7\r\n\tRead Operation:\t\tEnumerate Credentials\r\n\r\nThis event occurs when a user performs a read operation on stored credentials in Credential Manager."
    },
    {
        "RecordId": 2571793,
        "Id": 5379,
        "TimeCreated": "/Date(1786682300880)/",
        "MachineName": "saran",
        "LevelDisplayName": "Information",
        "Message": "Credential Manager credentials were read.\r\n\r\nSubject:\r\n\tSecurity ID:\t\tS-1-5-18\r\n\tAccount Name:\t\tSARAN$\r\n\tAccount Domain:\t\tWORKGROUP\r\n\tLogon ID:\t\t0x3E7\r\n\tRead Operation:\t\tEnumerate Credentials\r\n\r\nThis event occurs when a user performs a read operation on stored credentials in Credential Manager."
    },
    {
        "RecordId": 2571792,
        "Id": 5379,
        "TimeCreated": "/Date(1786682300879)/",
        "MachineName": "saran",
        "LevelDisplayName": "Information",
        "Message": "Credential Manager credentials were read.\r\n\r\nSubject:\r\n\tSecurity ID:\t\tS-1-5-21-2374691185-23257815-2726383057-1001\r\n\tAccount Name:\t\tsaran\r\n\tAccount Domain:\t\tSARAN\r\n\tLogon ID:\t\t0x41A4AC9\r\n\tRead Operation:\t\tEnumerate Credentials\r\n\r\nThis event occurs when a user performs a read operation on stored credentials in Credential Manager."
    },
    {
        "RecordId": 2571791,
        "Id": 5379,
        "TimeCreated": "/Date(1786682300879)/",
        "MachineName": "saran",
        "LevelDisplayName": "Information",
        "Message": "Credential Manager credentials were read.\r\n\r\nSubject:\r\n\tSecurity ID:\t\tS-1-5-21-2374691185-23257815-2726383057-1001\r\n\tAccount Name:\t\tsaran\r\n\tAccount Domain:\t\tSARAN\r\n\tLogon ID:\t\t0x41A4AC9\r\n\tRead Operation:\t\tEnumerate Credentials\r\n\r\nThis event occurs when a user performs a read operation on stored credentials in Credential Manager."
    },
    {
        "RecordId": 2571790,
        "Id": 5379,
        "TimeCreated": "/Date(1786682300877)/",
        "MachineName": "saran",
        "LevelDisplayName": "Information",
        "Message": "Credential Manager credentials were read.\r\n\r\nSubject:\r\n\tSecurity ID:\t\tS-1-5-21-2374691185-23257815-2726383057-1001\r\n\tAccount Name:\t\tsaran\r\n\tAccount Domain:\t\tSARAN\r\n\tLogon ID:\t\t0x41A4AC9\r\n\tRead Operation:\t\tEnumerate Credentials\r\n\r\nThis event occurs when a user performs a read operation on stored credentials in Credential Manager."
    },
    {
        "RecordId": 2571789,
        "Id": 4672,
        "TimeCreated": "/Date(1786682300844)/",
        "MachineName": "saran",
        "LevelDisplayName": "Information",
        "Message": "Special privileges assigned to new logon.\r\n\r\nSubject:\r\n\tSecurity ID:\t\tS-1-5-18\r\n\tAccount Name:\t\tSYSTEM\r\n\tAccount Domain:\t\tNT AUTHORITY\r\n\tLogon ID:\t\t0x3E7\r\n\r\nPrivileges:\t\tSeAssignPrimaryTokenPrivilege\r\n\t\t\tSeTcbPrivilege\r\n\t\t\tSeSecurityPrivilege\r\n\t\t\tSeTakeOwnershipPrivilege\r\n\t\t\tSeLoadDriverPrivilege\r\n\t\t\tSeBackupPrivilege\r\n\t\t\tSeRestorePrivilege\r\n\t\t\tSeDebugPrivilege\r\n\t\t\tSeAuditPrivilege\r\n\t\t\tSeSystemEnvironmentPrivilege\r\n\t\t\tSeImpersonatePrivilege\r\n\t\t\tSeDelegateSessionUserImpersonatePrivilege"
    },
    {
        "RecordId": 2571788,
        "Id": 4624,
        "TimeCreated": "/Date(1786682300844)/",
        "MachineName": "saran",
        "LevelDisplayName": "Information",
        "Message": "An account was successfully logged on.\r\n\r\nSubject:\r\n\tSecurity ID:\t\tS-1-5-18\r\n\tAccount Name:\t\tSARAN$\r\n\tAccount Domain:\t\tWORKGROUP\r\n\tLogon ID:\t\t0x3E7\r\n\r\nLogon Information:\r\n\tLogon Type:\t\t5\r\n\tRestricted Admin Mode:\t-\r\n\tRemote Credential Guard:\t-\r\n\tVirtual Account:\t\tNo\r\n\tElevated Token:\t\tYes\r\n\r\nImpersonation Level:\t\tImpersonation\r\n\r\nNew Logon:\r\n\tSecurity ID:\t\tS-1-5-18\r\n\tAccount Name:\t\tSYSTEM\r\n\tAccount Domain:\t\tNT AUTHORITY\r\n\tLogon ID:\t\t0x3E7\r\n\tLinked Logon ID:\t\t0x0\r\n\tNetwork Account Name:\t-\r\n\tNetwork Account Domain:\t-\r\n\tLogon GUID:\t\t{00000000-0000-0000-0000-000000000000}\r\n\r\nProcess Information:\r\n\tProcess ID:\t\t0x6a4\r\n\tProcess Name:\t\tC:\\Windows\\System32\\services.exe\r\n\r\nNetwork Information:\r\n\tWorkstation Name:\t-\r\n\tSource Network Address:\t-\r\n\tSource Port:\t\t-\r\n\r\nDetailed Authentication Information:\r\n\tLogon Process:\t\tAdvapi  \r\n\tAuthentication Package:\tNegotiate\r\n\tTransited Services:\t-\r\n\tPackage Name (NTLM only):\t-\r\n\tKey Length:\t\t0\r\n\r\nThis event is generated when a logon session is created. It is generated on the computer that was accessed.\r\n\r\nThe subject fields indicate the account on the local system which requested the logon. This is most commonly a service such as the Server service, or a local process such as Winlogon.exe or Services.exe.\r\n\r\nThe logon type field indicates the kind of logon that occurred. The most common types are 2 (interactive) and 3 (network).\r\n\r\nThe New Logon fields indicate the account for whom the new logon was created, i.e. the account that was logged on.\r\n\r\nThe network fields indicate where a remote logon request originated. Workstation name is not always available and may be left blank in some cases.\r\n\r\nThe impersonation level field indicates the extent to which a process in the logon session can impersonate.\r\n\r\nThe authentication information fields provide detailed information about this specific logon request.\r\n\t- Logon GUID is a unique identifier that can be used to correlate this event with a KDC event.\r\n\t- Transited services indicate which intermediate services have participated in this logon request.\r\n\t- Package name indicates which sub-protocol was used among the NTLM protocols.\r\n\t- Key length indicates the length of the generated session key. This will be 0 if no session key was requested."
    },
    {
        "RecordId": 2571787,
        "Id": 4672,
        "TimeCreated": "/Date(1786682060379)/",
        "MachineName": "saran",
        "LevelDisplayName": "Information",
        "Message": "Special privileges assigned to new logon.\r\n\r\nSubject:\r\n\tSecurity ID:\t\tS-1-5-18\r\n\tAccount Name:\t\tSYSTEM\r\n\tAccount Domain:\t\tNT AUTHORITY\r\n\tLogon ID:\t\t0x3E7\r\n\r\nPrivileges:\t\tSeAssignPrimaryTokenPrivilege\r\n\t\t\tSeTcbPrivilege\r\n\t\t\tSeSecurityPrivilege\r\n\t\t\tSeTakeOwnershipPrivilege\r\n\t\t\tSeLoadDriverPrivilege\r\n\t\t\tSeBackupPrivilege\r\n\t\t\tSeRestorePrivilege\r\n\t\t\tSeDebugPrivilege\r\n\t\t\tSeAuditPrivilege\r\n\t\t\tSeSystemEnvironmentPrivilege\r\n\t\t\tSeImpersonatePrivilege\r\n\t\t\tSeDelegateSessionUserImpersonatePrivilege"
    },
    {
        "RecordId": 2571786,
        "Id": 4624,
        "TimeCreated": "/Date(1786682060379)/",
        "MachineName": "saran",
        "LevelDisplayName": "Information",
        "Message": "An account was successfully logged on.\r\n\r\nSubject:\r\n\tSecurity ID:\t\tS-1-5-18\r\n\tAccount Name:\t\tSARAN$\r\n\tAccount Domain:\t\tWORKGROUP\r\n\tLogon ID:\t\t0x3E7\r\n\r\nLogon Information:\r\n\tLogon Type:\t\t5\r\n\tRestricted Admin Mode:\t-\r\n\tRemote Credential Guard:\t-\r\n\tVirtual Account:\t\tNo\r\n\tElevated Token:\t\tYes\r\n\r\nImpersonation Level:\t\tImpersonation\r\n\r\nNew Logon:\r\n\tSecurity ID:\t\tS-1-5-18\r\n\tAccount Name:\t\tSYSTEM\r\n\tAccount Domain:\t\tNT AUTHORITY\r\n\tLogon ID:\t\t0x3E7\r\n\tLinked Logon ID:\t\t0x0\r\n\tNetwork Account Name:\t-\r\n\tNetwork Account Domain:\t-\r\n\tLogon GUID:\t\t{00000000-0000-0000-0000-000000000000}\r\n\r\nProcess Information:\r\n\tProcess ID:\t\t0x6a4\r\n\tProcess Name:\t\tC:\\Windows\\System32\\services.exe\r\n\r\nNetwork Information:\r\n\tWorkstation Name:\t-\r\n\tSource Network Address:\t-\r\n\tSource Port:\t\t-\r\n\r\nDetailed Authentication Information:\r\n\tLogon Process:\t\tAdvapi  \r\n\tAuthentication Package:\tNegotiate\r\n\tTransited Services:\t-\r\n\tPackage Name (NTLM only):\t-\r\n\tKey Length:\t\t0\r\n\r\nThis event is generated when a logon session is created. It is generated on the computer that was accessed.\r\n\r\nThe subject fields indicate the account on the local system which requested the logon. This is most commonly a service such as the Server service, or a local process such as Winlogon.exe or Services.exe.\r\n\r\nThe logon type field indicates the kind of logon that occurred. The most common types are 2 (interactive) and 3 (network).\r\n\r\nThe New Logon fields indicate the account for whom the new logon was created, i.e. the account that was logged on.\r\n\r\nThe network fields indicate where a remote logon request originated. Workstation name is not always available and may be left blank in some cases.\r\n\r\nThe impersonation level field indicates the extent to which a process in the logon session can impersonate.\r\n\r\nThe authentication information fields provide detailed information about this specific logon request.\r\n\t- Logon GUID is a unique identifier that can be used to correlate this event with a KDC event.\r\n\t- Transited services indicate which intermediate services have participated in this logon request.\r\n\t- Package name indicates which sub-protocol was used among the NTLM protocols.\r\n\t- Key length indicates the length of the generated session key. This will be 0 if no session key was requested."
    },
    {
        "RecordId": 2571785,
        "Id": 5379,
        "TimeCreated": "/Date(1786681997169)/",
        "MachineName": "saran",
        "LevelDisplayName": "Information",
        "Message": "Credential Manager credentials were read.\r\n\r\nSubject:\r\n\tSecurity ID:\t\tS-1-5-21-2374691185-23257815-2726383057-1001\r\n\tAccount Name:\t\tsaran\r\n\tAccount Domain:\t\tSARAN\r\n\tLogon ID:\t\t0x41A4AC9\r\n\tRead Operation:\t\tEnumerate Credentials\r\n\r\nThis event occurs when a user performs a read operation on stored credentials in Credential Manager."
    },
    {
        "RecordId": 2571784,
        "Id": 5379,
        "TimeCreated": "/Date(1786681997169)/",
        "MachineName": "saran",
        "LevelDisplayName": "Information",
        "Message": "Credential Manager credentials were read.\r\n\r\nSubject:\r\n\tSecurity ID:\t\tS-1-5-21-2374691185-23257815-2726383057-1001\r\n\tAccount Name:\t\tsaran\r\n\tAccount Domain:\t\tSARAN\r\n\tLogon ID:\t\t0x41A4AC9\r\n\tRead Operation:\t\tEnumerate Credentials\r\n\r\nThis event occurs when a user performs a read operation on stored credentials in Credential Manager."
    },
    {
        "RecordId": 2571783,
        "Id": 5379,
        "TimeCreated": "/Date(1786681997169)/",
        "MachineName": "saran",
        "LevelDisplayName": "Information",
        "Message": "Credential Manager credentials were read.\r\n\r\nSubject:\r\n\tSecurity ID:\t\tS-1-5-21-2374691185-23257815-2726383057-1001\r\n\tAccount Name:\t\tsaran\r\n\tAccount Domain:\t\tSARAN\r\n\tLogon ID:\t\t0x41A4AC9\r\n\tRead Operation:\t\tEnumerate Credentials\r\n\r\nThis event occurs when a user performs a read operation on stored credentials in Credential Manager."
    },
