    {
        "RecordId": 2571696,
        "Id": 5379,
        "TimeCreated": "/Date(1786681979142)/",
        "MachineName": "saran",
        "LevelDisplayName": "Information",
        "Message": "Credential Manager credentials were read.\r\n\r\nSubject:\r\n\tSecurity ID:\t\tS-1-5-21-2374691185-23257815-2726383057-1001\r\n\tAccount Name:\t\tsaran\r\n\tAccount Domain:\t\tSARAN\r\n\tLogon ID:\t\t0x41A4AC9\r\n\tRead Operation:\t\tEnumerate Credentials\r\n\r\nThis event occurs when a user performs a read operation on stored credentials in Credential Manager."
    },
    {
        "RecordId": 2571695,
        "Id": 5379,
        "TimeCreated": "/Date(1786681979142)/",
        "MachineName": "saran",
        "LevelDisplayName": "Information",
        "Message": "Credential Manager credentials were read.\r\n\r\nSubject:\r\n\tSecurity ID:\t\tS-1-5-21-2374691185-23257815-2726383057-1001\r\n\tAccount Name:\t\tsaran\r\n\tAccount Domain:\t\tSARAN\r\n\tLogon ID:\t\t0x41A4AC9\r\n\tRead Operation:\t\tEnumerate Credentials\r\n\r\nThis event occurs when a user performs a read operation on stored credentials in Credential Manager."
    },
    {
        "RecordId": 2571694,
        "Id": 5379,
        "TimeCreated": "/Date(1786681979142)/",
        "MachineName": "saran",
        "LevelDisplayName": "Information",
        "Message": "Credential Manager credentials were read.\r\n\r\nSubject:\r\n\tSecurity ID:\t\tS-1-5-21-2374691185-23257815-2726383057-1001\r\n\tAccount Name:\t\tsaran\r\n\tAccount Domain:\t\tSARAN\r\n\tLogon ID:\t\t0x41A4AC9\r\n\tRead Operation:\t\tEnumerate Credentials\r\n\r\nThis event occurs when a user performs a read operation on stored credentials in Credential Manager."
    },
    {
        "RecordId": 2571693,
        "Id": 5379,
        "TimeCreated": "/Date(1786681979114)/",
        "MachineName": "saran",
        "LevelDisplayName": "Information",
        "Message": "Credential Manager credentials were read.\r\n\r\nSubject:\r\n\tSecurity ID:\t\tS-1-5-21-2374691185-23257815-2726383057-1001\r\n\tAccount Name:\t\tsaran\r\n\tAccount Domain:\t\tSARAN\r\n\tLogon ID:\t\t0x41A4AC9\r\n\tRead Operation:\t\tEnumerate Credentials\r\n\r\nThis event occurs when a user performs a read operation on stored credentials in Credential Manager."
    },
    {
        "RecordId": 2571692,
        "Id": 5379,
        "TimeCreated": "/Date(1786681979113)/",
        "MachineName": "saran",
        "LevelDisplayName": "Information",
        "Message": "Credential Manager credentials were read.\r\n\r\nSubject:\r\n\tSecurity ID:\t\tS-1-5-21-2374691185-23257815-2726383057-1001\r\n\tAccount Name:\t\tsaran\r\n\tAccount Domain:\t\tSARAN\r\n\tLogon ID:\t\t0x41A4AC9\r\n\tRead Operation:\t\tEnumerate Credentials\r\n\r\nThis event occurs when a user performs a read operation on stored credentials in Credential Manager."
    },
    {
        "RecordId": 2571691,
        "Id": 5379,
        "TimeCreated": "/Date(1786681979110)/",
        "MachineName": "saran",
        "LevelDisplayName": "Information",
        "Message": "Credential Manager credentials were read.\r\n\r\nSubject:\r\n\tSecurity ID:\t\tS-1-5-21-2374691185-23257815-2726383057-1001\r\n\tAccount Name:\t\tsaran\r\n\tAccount Domain:\t\tSARAN\r\n\tLogon ID:\t\t0x41A4AC9\r\n\tRead Operation:\t\tEnumerate Credentials\r\n\r\nThis event occurs when a user performs a read operation on stored credentials in Credential Manager."
    },
    {
        "RecordId": 2571690,
        "Id": 5379,
        "TimeCreated": "/Date(1786681979110)/",
        "MachineName": "saran",
        "LevelDisplayName": "Information",
        "Message": "Credential Manager credentials were read.\r\n\r\nSubject:\r\n\tSecurity ID:\t\tS-1-5-21-2374691185-23257815-2726383057-1001\r\n\tAccount Name:\t\tsaran\r\n\tAccount Domain:\t\tSARAN\r\n\tLogon ID:\t\t0x41A4AC9\r\n\tRead Operation:\t\tEnumerate Credentials\r\n\r\nThis event occurs when a user performs a read operation on stored credentials in Credential Manager."
    },
    {
        "RecordId": 2571689,
        "Id": 5379,
        "TimeCreated": "/Date(1786681979110)/",
        "MachineName": "saran",
        "LevelDisplayName": "Information",
        "Message": "Credential Manager credentials were read.\r\n\r\nSubject:\r\n\tSecurity ID:\t\tS-1-5-21-2374691185-23257815-2726383057-1001\r\n\tAccount Name:\t\tsaran\r\n\tAccount Domain:\t\tSARAN\r\n\tLogon ID:\t\t0x41A4AC9\r\n\tRead Operation:\t\tEnumerate Credentials\r\n\r\nThis event occurs when a user performs a read operation on stored credentials in Credential Manager."
    },
    {
        "RecordId": 2571688,
        "Id": 5379,
        "TimeCreated": "/Date(1786681979110)/",
        "MachineName": "saran",
        "LevelDisplayName": "Information",
        "Message": "Credential Manager credentials were read.\r\n\r\nSubject:\r\n\tSecurity ID:\t\tS-1-5-21-2374691185-23257815-2726383057-1001\r\n\tAccount Name:\t\tsaran\r\n\tAccount Domain:\t\tSARAN\r\n\tLogon ID:\t\t0x41A4AC9\r\n\tRead Operation:\t\tEnumerate Credentials\r\n\r\nThis event occurs when a user performs a read operation on stored credentials in Credential Manager."
    },
    {
        "RecordId": 2571687,
        "Id": 5379,
        "TimeCreated": "/Date(1786681979110)/",
        "MachineName": "saran",
        "LevelDisplayName": "Information",
        "Message": "Credential Manager credentials were read.\r\n\r\nSubject:\r\n\tSecurity ID:\t\tS-1-5-21-2374691185-23257815-2726383057-1001\r\n\tAccount Name:\t\tsaran\r\n\tAccount Domain:\t\tSARAN\r\n\tLogon ID:\t\t0x41A4AC9\r\n\tRead Operation:\t\tEnumerate Credentials\r\n\r\nThis event occurs when a user performs a read operation on stored credentials in Credential Manager."
    },
    {
        "RecordId": 2571686,
        "Id": 5379,
        "TimeCreated": "/Date(1786681979109)/",
        "MachineName": "saran",
        "LevelDisplayName": "Information",
        "Message": "Credential Manager credentials were read.\r\n\r\nSubject:\r\n\tSecurity ID:\t\tS-1-5-21-2374691185-23257815-2726383057-1001\r\n\tAccount Name:\t\tsaran\r\n\tAccount Domain:\t\tSARAN\r\n\tLogon ID:\t\t0x41A4AC9\r\n\tRead Operation:\t\tEnumerate Credentials\r\n\r\nThis event occurs when a user performs a read operation on stored credentials in Credential Manager."
    },
    {
        "RecordId": 2571685,
        "Id": 5379,
        "TimeCreated": "/Date(1786681979109)/",
        "MachineName": "saran",
        "LevelDisplayName": "Information",
        "Message": "Credential Manager credentials were read.\r\n\r\nSubject:\r\n\tSecurity ID:\t\tS-1-5-21-2374691185-23257815-2726383057-1001\r\n\tAccount Name:\t\tsaran\r\n\tAccount Domain:\t\tSARAN\r\n\tLogon ID:\t\t0x41A4AC9\r\n\tRead Operation:\t\tEnumerate Credentials\r\n\r\nThis event occurs when a user performs a read operation on stored credentials in Credential Manager."
    },
    {
        "RecordId": 2571684,
        "Id": 5379,
        "TimeCreated": "/Date(1786681979109)/",
        "MachineName": "saran",
        "LevelDisplayName": "Information",
        "Message": "Credential Manager credentials were read.\r\n\r\nSubject:\r\n\tSecurity ID:\t\tS-1-5-21-2374691185-23257815-2726383057-1001\r\n\tAccount Name:\t\tsaran\r\n\tAccount Domain:\t\tSARAN\r\n\tLogon ID:\t\t0x41A4AC9\r\n\tRead Operation:\t\tEnumerate Credentials\r\n\r\nThis event occurs when a user performs a read operation on stored credentials in Credential Manager."
    },
    {
        "RecordId": 2571683,
        "Id": 5379,
        "TimeCreated": "/Date(1786681979109)/",
        "MachineName": "saran",
        "LevelDisplayName": "Information",
        "Message": "Credential Manager credentials were read.\r\n\r\nSubject:\r\n\tSecurity ID:\t\tS-1-5-21-2374691185-23257815-2726383057-1001\r\n\tAccount Name:\t\tsaran\r\n\tAccount Domain:\t\tSARAN\r\n\tLogon ID:\t\t0x41A4AC9\r\n\tRead Operation:\t\tEnumerate Credentials\r\n\r\nThis event occurs when a user performs a read operation on stored credentials in Credential Manager."
    },
    {
        "RecordId": 2571682,
        "Id": 5379,
        "TimeCreated": "/Date(1786681979109)/",
        "MachineName": "saran",
        "LevelDisplayName": "Information",
        "Message": "Credential Manager credentials were read.\r\n\r\nSubject:\r\n\tSecurity ID:\t\tS-1-5-21-2374691185-23257815-2726383057-1001\r\n\tAccount Name:\t\tsaran\r\n\tAccount Domain:\t\tSARAN\r\n\tLogon ID:\t\t0x41A4AC9\r\n\tRead Operation:\t\tEnumerate Credentials\r\n\r\nThis event occurs when a user performs a read operation on stored credentials in Credential Manager."
    },
    {
        "RecordId": 2571681,
        "Id": 5379,
        "TimeCreated": "/Date(1786681979108)/",
        "MachineName": "saran",
        "LevelDisplayName": "Information",
        "Message": "Credential Manager credentials were read.\r\n\r\nSubject:\r\n\tSecurity ID:\t\tS-1-5-21-2374691185-23257815-2726383057-1001\r\n\tAccount Name:\t\tsaran\r\n\tAccount Domain:\t\tSARAN\r\n\tLogon ID:\t\t0x41A4AC9\r\n\tRead Operation:\t\tEnumerate Credentials\r\n\r\nThis event occurs when a user performs a read operation on stored credentials in Credential Manager."
    },
    {
        "RecordId": 2571680,
        "Id": 5379,
        "TimeCreated": "/Date(1786681979108)/",
        "MachineName": "saran",
        "LevelDisplayName": "Information",
        "Message": "Credential Manager credentials were read.\r\n\r\nSubject:\r\n\tSecurity ID:\t\tS-1-5-21-2374691185-23257815-2726383057-1001\r\n\tAccount Name:\t\tsaran\r\n\tAccount Domain:\t\tSARAN\r\n\tLogon ID:\t\t0x41A4AC9\r\n\tRead Operation:\t\tEnumerate Credentials\r\n\r\nThis event occurs when a user performs a read operation on stored credentials in Credential Manager."
    },
    {
        "RecordId": 2571679,
        "Id": 5379,
        "TimeCreated": "/Date(1786681979108)/",
        "MachineName": "saran",
        "LevelDisplayName": "Information",
        "Message": "Credential Manager credentials were read.\r\n\r\nSubject:\r\n\tSecurity ID:\t\tS-1-5-21-2374691185-23257815-2726383057-1001\r\n\tAccount Name:\t\tsaran\r\n\tAccount Domain:\t\tSARAN\r\n\tLogon ID:\t\t0x41A4AC9\r\n\tRead Operation:\t\tEnumerate Credentials\r\n\r\nThis event occurs when a user performs a read operation on stored credentials in Credential Manager."
    },
    {
        "RecordId": 2571678,
        "Id": 5379,
        "TimeCreated": "/Date(1786681979099)/",
        "MachineName": "saran",
        "LevelDisplayName": "Information",
        "Message": "Credential Manager credentials were read.\r\n\r\nSubject:\r\n\tSecurity ID:\t\tS-1-5-21-2374691185-23257815-2726383057-1001\r\n\tAccount Name:\t\tsaran\r\n\tAccount Domain:\t\tSARAN\r\n\tLogon ID:\t\t0x41A4AC9\r\n\tRead Operation:\t\tEnumerate Credentials\r\n\r\nThis event occurs when a user performs a read operation on stored credentials in Credential Manager."
    },
    {
        "RecordId": 2571677,
        "Id": 5379,
        "TimeCreated": "/Date(1786681979099)/",
        "MachineName": "saran",
        "LevelDisplayName": "Information",
        "Message": "Credential Manager credentials were read.\r\n\r\nSubject:\r\n\tSecurity ID:\t\tS-1-5-21-2374691185-23257815-2726383057-1001\r\n\tAccount Name:\t\tsaran\r\n\tAccount Domain:\t\tSARAN\r\n\tLogon ID:\t\t0x41A4AC9\r\n\tRead Operation:\t\tEnumerate Credentials\r\n\r\nThis event occurs when a user performs a read operation on stored credentials in Credential Manager."
    },
    {
        "RecordId": 2571676,
        "Id": 5379,
        "TimeCreated": "/Date(1786681979098)/",
        "MachineName": "saran",
        "LevelDisplayName": "Information",
        "Message": "Credential Manager credentials were read.\r\n\r\nSubject:\r\n\tSecurity ID:\t\tS-1-5-21-2374691185-23257815-2726383057-1001\r\n\tAccount Name:\t\tsaran\r\n\tAccount Domain:\t\tSARAN\r\n\tLogon ID:\t\t0x41A4AC9\r\n\tRead Operation:\t\tEnumerate Credentials\r\n\r\nThis event occurs when a user performs a read operation on stored credentials in Credential Manager."
    },
    {
        "RecordId": 2571675,
        "Id": 5379,
        "TimeCreated": "/Date(1786681979098)/",
        "MachineName": "saran",
        "LevelDisplayName": "Information",
        "Message": "Credential Manager credentials were read.\r\n\r\nSubject:\r\n\tSecurity ID:\t\tS-1-5-21-2374691185-23257815-2726383057-1001\r\n\tAccount Name:\t\tsaran\r\n\tAccount Domain:\t\tSARAN\r\n\tLogon ID:\t\t0x41A4AC9\r\n\tRead Operation:\t\tEnumerate Credentials\r\n\r\nThis event occurs when a user performs a read operation on stored credentials in Credential Manager."
    },
    {
        "RecordId": 2571674,
        "Id": 5379,
        "TimeCreated": "/Date(1786681979098)/",
        "MachineName": "saran",
        "LevelDisplayName": "Information",
        "Message": "Credential Manager credentials were read.\r\n\r\nSubject:\r\n\tSecurity ID:\t\tS-1-5-21-2374691185-23257815-2726383057-1001\r\n\tAccount Name:\t\tsaran\r\n\tAccount Domain:\t\tSARAN\r\n\tLogon ID:\t\t0x41A4AC9\r\n\tRead Operation:\t\tEnumerate Credentials\r\n\r\nThis event occurs when a user performs a read operation on stored credentials in Credential Manager."
    },
    {
        "RecordId": 2571673,
        "Id": 5379,
        "TimeCreated": "/Date(1786681979097)/",
        "MachineName": "saran",
        "LevelDisplayName": "Information",
        "Message": "Credential Manager credentials were read.\r\n\r\nSubject:\r\n\tSecurity ID:\t\tS-1-5-21-2374691185-23257815-2726383057-1001\r\n\tAccount Name:\t\tsaran\r\n\tAccount Domain:\t\tSARAN\r\n\tLogon ID:\t\t0x41A4AC9\r\n\tRead Operation:\t\tEnumerate Credentials\r\n\r\nThis event occurs when a user performs a read operation on stored credentials in Credential Manager."
    },
    {
        "RecordId": 2571672,
        "Id": 5379,
        "TimeCreated": "/Date(1786681979097)/",
        "MachineName": "saran",
        "LevelDisplayName": "Information",
        "Message": "Credential Manager credentials were read.\r\n\r\nSubject:\r\n\tSecurity ID:\t\tS-1-5-21-2374691185-23257815-2726383057-1001\r\n\tAccount Name:\t\tsaran\r\n\tAccount Domain:\t\tSARAN\r\n\tLogon ID:\t\t0x41A4AC9\r\n\tRead Operation:\t\tEnumerate Credentials\r\n\r\nThis event occurs when a user performs a read operation on stored credentials in Credential Manager."
    },
    {
        "RecordId": 2571671,
        "Id": 5379,
        "TimeCreated": "/Date(1786681979097)/",
        "MachineName": "saran",
        "LevelDisplayName": "Information",
        "Message": "Credential Manager credentials were read.\r\n\r\nSubject:\r\n\tSecurity ID:\t\tS-1-5-21-2374691185-23257815-2726383057-1001\r\n\tAccount Name:\t\tsaran\r\n\tAccount Domain:\t\tSARAN\r\n\tLogon ID:\t\t0x41A4AC9\r\n\tRead Operation:\t\tEnumerate Credentials\r\n\r\nThis event occurs when a user performs a read operation on stored credentials in Credential Manager."
    },
    {
        "RecordId": 2571670,
        "Id": 5379,
        "TimeCreated": "/Date(1786681979096)/",
        "MachineName": "saran",
        "LevelDisplayName": "Information",
        "Message": "Credential Manager credentials were read.\r\n\r\nSubject:\r\n\tSecurity ID:\t\tS-1-5-21-2374691185-23257815-2726383057-1001\r\n\tAccount Name:\t\tsaran\r\n\tAccount Domain:\t\tSARAN\r\n\tLogon ID:\t\t0x41A4AC9\r\n\tRead Operation:\t\tEnumerate Credentials\r\n\r\nThis event occurs when a user performs a read operation on stored credentials in Credential Manager."
    },
    {
        "RecordId": 2571669,
        "Id": 5379,
        "TimeCreated": "/Date(1786681979096)/",
        "MachineName": "saran",
        "LevelDisplayName": "Information",
        "Message": "Credential Manager credentials were read.\r\n\r\nSubject:\r\n\tSecurity ID:\t\tS-1-5-21-2374691185-23257815-2726383057-1001\r\n\tAccount Name:\t\tsaran\r\n\tAccount Domain:\t\tSARAN\r\n\tLogon ID:\t\t0x41A4AC9\r\n\tRead Operation:\t\tEnumerate Credentials\r\n\r\nThis event occurs when a user performs a read operation on stored credentials in Credential Manager."
    },
    {
        "RecordId": 2571668,
        "Id": 5379,
        "TimeCreated": "/Date(1786681979096)/",
        "MachineName": "saran",
        "LevelDisplayName": "Information",
        "Message": "Credential Manager credentials were read.\r\n\r\nSubject:\r\n\tSecurity ID:\t\tS-1-5-21-2374691185-23257815-2726383057-1001\r\n\tAccount Name:\t\tsaran\r\n\tAccount Domain:\t\tSARAN\r\n\tLogon ID:\t\t0x41A4AC9\r\n\tRead Operation:\t\tEnumerate Credentials\r\n\r\nThis event occurs when a user performs a read operation on stored credentials in Credential Manager."
    },
    {
        "RecordId": 2571667,
        "Id": 5379,
        "TimeCreated": "/Date(1786681979095)/",
        "MachineName": "saran",
        "LevelDisplayName": "Information",
        "Message": "Credential Manager credentials were read.\r\n\r\nSubject:\r\n\tSecurity ID:\t\tS-1-5-21-2374691185-23257815-2726383057-1001\r\n\tAccount Name:\t\tsaran\r\n\tAccount Domain:\t\tSARAN\r\n\tLogon ID:\t\t0x41A4AC9\r\n\tRead Operation:\t\tEnumerate Credentials\r\n\r\nThis event occurs when a user performs a read operation on stored credentials in Credential Manager."
    },
    {
        "RecordId": 2571666,
        "Id": 5379,
        "TimeCreated": "/Date(1786681979095)/",
        "MachineName": "saran",
        "LevelDisplayName": "Information",
        "Message": "Credential Manager credentials were read.\r\n\r\nSubject:\r\n\tSecurity ID:\t\tS-1-5-21-2374691185-23257815-2726383057-1001\r\n\tAccount Name:\t\tsaran\r\n\tAccount Domain:\t\tSARAN\r\n\tLogon ID:\t\t0x41A4AC9\r\n\tRead Operation:\t\tEnumerate Credentials\r\n\r\nThis event occurs when a user performs a read operation on stored credentials in Credential Manager."
    },
    {
        "RecordId": 2571665,
        "Id": 5379,
        "TimeCreated": "/Date(1786681979084)/",
        "MachineName": "saran",
        "LevelDisplayName": "Information",
        "Message": "Credential Manager credentials were read.\r\n\r\nSubject:\r\n\tSecurity ID:\t\tS-1-5-21-2374691185-23257815-2726383057-1001\r\n\tAccount Name:\t\tsaran\r\n\tAccount Domain:\t\tSARAN\r\n\tLogon ID:\t\t0x41A4AC9\r\n\tRead Operation:\t\tRead Credential\r\n\r\nThis event occurs when a user performs a read operation on stored credentials in Credential Manager."
    },
    {
        "RecordId": 2571664,
        "Id": 5379,
        "TimeCreated": "/Date(1786681979083)/",
        "MachineName": "saran",
        "LevelDisplayName": "Information",
        "Message": "Credential Manager credentials were read.\r\n\r\nSubject:\r\n\tSecurity ID:\t\tS-1-5-21-2374691185-23257815-2726383057-1001\r\n\tAccount Name:\t\tsaran\r\n\tAccount Domain:\t\tSARAN\r\n\tLogon ID:\t\t0x41A4AC9\r\n\tRead Operation:\t\tEnumerate Credentials\r\n\r\nThis event occurs when a user performs a read operation on stored credentials in Credential Manager."
    },
    {
        "RecordId": 2571663,
        "Id": 5379,
        "TimeCreated": "/Date(1786681979082)/",
        "MachineName": "saran",
        "LevelDisplayName": "Information",
        "Message": "Credential Manager credentials were read.\r\n\r\nSubject:\r\n\tSecurity ID:\t\tS-1-5-21-2374691185-23257815-2726383057-1001\r\n\tAccount Name:\t\tsaran\r\n\tAccount Domain:\t\tSARAN\r\n\tLogon ID:\t\t0x41A4AC9\r\n\tRead Operation:\t\tEnumerate Credentials\r\n\r\nThis event occurs when a user performs a read operation on stored credentials in Credential Manager."
    },
    {
        "RecordId": 2571662,
        "Id": 5379,
        "TimeCreated": "/Date(1786681979082)/",
        "MachineName": "saran",
        "LevelDisplayName": "Information",
        "Message": "Credential Manager credentials were read.\r\n\r\nSubject:\r\n\tSecurity ID:\t\tS-1-5-21-2374691185-23257815-2726383057-1001\r\n\tAccount Name:\t\tsaran\r\n\tAccount Domain:\t\tSARAN\r\n\tLogon ID:\t\t0x41A4AC9\r\n\tRead Operation:\t\tEnumerate Credentials\r\n\r\nThis event occurs when a user performs a read operation on stored credentials in Credential Manager."
    },
    {
        "RecordId": 2571661,
        "Id": 5379,
        "TimeCreated": "/Date(1786681979081)/",
        "MachineName": "saran",
        "LevelDisplayName": "Information",
        "Message": "Credential Manager credentials were read.\r\n\r\nSubject:\r\n\tSecurity ID:\t\tS-1-5-21-2374691185-23257815-2726383057-1001\r\n\tAccount Name:\t\tsaran\r\n\tAccount Domain:\t\tSARAN\r\n\tLogon ID:\t\t0x41A4AC9\r\n\tRead Operation:\t\tEnumerate Credentials\r\n\r\nThis event occurs when a user performs a read operation on stored credentials in Credential Manager."
    },
    {
        "RecordId": 2571660,
        "Id": 5379,
        "TimeCreated": "/Date(1786681979081)/",
        "MachineName": "saran",
        "LevelDisplayName": "Information",
        "Message": "Credential Manager credentials were read.\r\n\r\nSubject:\r\n\tSecurity ID:\t\tS-1-5-21-2374691185-23257815-2726383057-1001\r\n\tAccount Name:\t\tsaran\r\n\tAccount Domain:\t\tSARAN\r\n\tLogon ID:\t\t0x41A4AC9\r\n\tRead Operation:\t\tEnumerate Credentials\r\n\r\nThis event occurs when a user performs a read operation on stored credentials in Credential Manager."
    },
    {
        "RecordId": 2571659,
        "Id": 5379,
        "TimeCreated": "/Date(1786681979080)/",
        "MachineName": "saran",
        "LevelDisplayName": "Information",
        "Message": "Credential Manager credentials were read.\r\n\r\nSubject:\r\n\tSecurity ID:\t\tS-1-5-21-2374691185-23257815-2726383057-1001\r\n\tAccount Name:\t\tsaran\r\n\tAccount Domain:\t\tSARAN\r\n\tLogon ID:\t\t0x41A4AC9\r\n\tRead Operation:\t\tEnumerate Credentials\r\n\r\nThis event occurs when a user performs a read operation on stored credentials in Credential Manager."
    },
    {
        "RecordId": 2571658,
        "Id": 5379,
        "TimeCreated": "/Date(1786681979080)/",
        "MachineName": "saran",
        "LevelDisplayName": "Information",
        "Message": "Credential Manager credentials were read.\r\n\r\nSubject:\r\n\tSecurity ID:\t\tS-1-5-21-2374691185-23257815-2726383057-1001\r\n\tAccount Name:\t\tsaran\r\n\tAccount Domain:\t\tSARAN\r\n\tLogon ID:\t\t0x41A4AC9\r\n\tRead Operation:\t\tEnumerate Credentials\r\n\r\nThis event occurs when a user performs a read operation on stored credentials in Credential Manager."
    },
    {
        "RecordId": 2571657,
        "Id": 5379,
        "TimeCreated": "/Date(1786681979079)/",
        "MachineName": "saran",
        "LevelDisplayName": "Information",
        "Message": "Credential Manager credentials were read.\r\n\r\nSubject:\r\n\tSecurity ID:\t\tS-1-5-21-2374691185-23257815-2726383057-1001\r\n\tAccount Name:\t\tsaran\r\n\tAccount Domain:\t\tSARAN\r\n\tLogon ID:\t\t0x41A4AC9\r\n\tRead Operation:\t\tEnumerate Credentials\r\n\r\nThis event occurs when a user performs a read operation on stored credentials in Credential Manager."
    },
    {
        "RecordId": 2571656,
        "Id": 5379,
        "TimeCreated": "/Date(1786681979079)/",
        "MachineName": "saran",
        "LevelDisplayName": "Information",
        "Message": "Credential Manager credentials were read.\r\n\r\nSubject:\r\n\tSecurity ID:\t\tS-1-5-21-2374691185-23257815-2726383057-1001\r\n\tAccount Name:\t\tsaran\r\n\tAccount Domain:\t\tSARAN\r\n\tLogon ID:\t\t0x41A4AC9\r\n\tRead Operation:\t\tEnumerate Credentials\r\n\r\nThis event occurs when a user performs a read operation on stored credentials in Credential Manager."
    },
    {
        "RecordId": 2571655,
        "Id": 5379,
        "TimeCreated": "/Date(1786681979079)/",
        "MachineName": "saran",
        "LevelDisplayName": "Information",
        "Message": "Credential Manager credentials were read.\r\n\r\nSubject:\r\n\tSecurity ID:\t\tS-1-5-21-2374691185-23257815-2726383057-1001\r\n\tAccount Name:\t\tsaran\r\n\tAccount Domain:\t\tSARAN\r\n\tLogon ID:\t\t0x41A4AC9\r\n\tRead Operation:\t\tEnumerate Credentials\r\n\r\nThis event occurs when a user performs a read operation on stored credentials in Credential Manager."
    },
    {
        "RecordId": 2571654,
        "Id": 5379,
        "TimeCreated": "/Date(1786681979078)/",
        "MachineName": "saran",
        "LevelDisplayName": "Information",
        "Message": "Credential Manager credentials were read.\r\n\r\nSubject:\r\n\tSecurity ID:\t\tS-1-5-21-2374691185-23257815-2726383057-1001\r\n\tAccount Name:\t\tsaran\r\n\tAccount Domain:\t\tSARAN\r\n\tLogon ID:\t\t0x41A4AC9\r\n\tRead Operation:\t\tEnumerate Credentials\r\n\r\nThis event occurs when a user performs a read operation on stored credentials in Credential Manager."
    },
    {
        "RecordId": 2571653,
        "Id": 5379,
        "TimeCreated": "/Date(1786681979078)/",
        "MachineName": "saran",
        "LevelDisplayName": "Information",
        "Message": "Credential Manager credentials were read.\r\n\r\nSubject:\r\n\tSecurity ID:\t\tS-1-5-21-2374691185-23257815-2726383057-1001\r\n\tAccount Name:\t\tsaran\r\n\tAccount Domain:\t\tSARAN\r\n\tLogon ID:\t\t0x41A4AC9\r\n\tRead Operation:\t\tEnumerate Credentials\r\n\r\nThis event occurs when a user performs a read operation on stored credentials in Credential Manager."
    },
    {
        "RecordId": 2571652,
        "Id": 5379,
        "TimeCreated": "/Date(1786681979078)/",
        "MachineName": "saran",
        "LevelDisplayName": "Information",
        "Message": "Credential Manager credentials were read.\r\n\r\nSubject:\r\n\tSecurity ID:\t\tS-1-5-21-2374691185-23257815-2726383057-1001\r\n\tAccount Name:\t\tsaran\r\n\tAccount Domain:\t\tSARAN\r\n\tLogon ID:\t\t0x41A4AC9\r\n\tRead Operation:\t\tEnumerate Credentials\r\n\r\nThis event occurs when a user performs a read operation on stored credentials in Credential Manager."
    },
    {
        "RecordId": 2571651,
        "Id": 5379,
        "TimeCreated": "/Date(1786681979078)/",
        "MachineName": "saran",
        "LevelDisplayName": "Information",
        "Message": "Credential Manager credentials were read.\r\n\r\nSubject:\r\n\tSecurity ID:\t\tS-1-5-21-2374691185-23257815-2726383057-1001\r\n\tAccount Name:\t\tsaran\r\n\tAccount Domain:\t\tSARAN\r\n\tLogon ID:\t\t0x41A4AC9\r\n\tRead Operation:\t\tEnumerate Credentials\r\n\r\nThis event occurs when a user performs a read operation on stored credentials in Credential Manager."
    },
    {
        "RecordId": 2571650,
        "Id": 5379,
        "TimeCreated": "/Date(1786681979077)/",
        "MachineName": "saran",
        "LevelDisplayName": "Information",
        "Message": "Credential Manager credentials were read.\r\n\r\nSubject:\r\n\tSecurity ID:\t\tS-1-5-21-2374691185-23257815-2726383057-1001\r\n\tAccount Name:\t\tsaran\r\n\tAccount Domain:\t\tSARAN\r\n\tLogon ID:\t\t0x41A4AC9\r\n\tRead Operation:\t\tEnumerate Credentials\r\n\r\nThis event occurs when a user performs a read operation on stored credentials in Credential Manager."
    },
    {
        "RecordId": 2571649,
        "Id": 4672,
        "TimeCreated": "/Date(1786681977963)/",
        "MachineName": "saran",
        "LevelDisplayName": "Information",
        "Message": "Special privileges assigned to new logon.\r\n\r\nSubject:\r\n\tSecurity ID:\t\tS-1-5-18\r\n\tAccount Name:\t\tSYSTEM\r\n\tAccount Domain:\t\tNT AUTHORITY\r\n\tLogon ID:\t\t0x3E7\r\n\r\nPrivileges:\t\tSeAssignPrimaryTokenPrivilege\r\n\t\t\tSeTcbPrivilege\r\n\t\t\tSeSecurityPrivilege\r\n\t\t\tSeTakeOwnershipPrivilege\r\n\t\t\tSeLoadDriverPrivilege\r\n\t\t\tSeBackupPrivilege\r\n\t\t\tSeRestorePrivilege\r\n\t\t\tSeDebugPrivilege\r\n\t\t\tSeAuditPrivilege\r\n\t\t\tSeSystemEnvironmentPrivilege\r\n\t\t\tSeImpersonatePrivilege\r\n\t\t\tSeDelegateSessionUserImpersonatePrivilege"
    },
    {
        "RecordId": 2571648,
        "Id": 4624,
        "TimeCreated": "/Date(1786681977963)/",
        "MachineName": "saran",
        "LevelDisplayName": "Information",
        "Message": "An account was successfully logged on.\r\n\r\nSubject:\r\n\tSecurity ID:\t\tS-1-5-18\r\n\tAccount Name:\t\tSARAN$\r\n\tAccount Domain:\t\tWORKGROUP\r\n\tLogon ID:\t\t0x3E7\r\n\r\nLogon Information:\r\n\tLogon Type:\t\t5\r\n\tRestricted Admin Mode:\t-\r\n\tRemote Credential Guard:\t-\r\n\tVirtual Account:\t\tNo\r\n\tElevated Token:\t\tYes\r\n\r\nImpersonation Level:\t\tImpersonation\r\n\r\nNew Logon:\r\n\tSecurity ID:\t\tS-1-5-18\r\n\tAccount Name:\t\tSYSTEM\r\n\tAccount Domain:\t\tNT AUTHORITY\r\n\tLogon ID:\t\t0x3E7\r\n\tLinked Logon ID:\t\t0x0\r\n\tNetwork Account Name:\t-\r\n\tNetwork Account Domain:\t-\r\n\tLogon GUID:\t\t{00000000-0000-0000-0000-000000000000}\r\n\r\nProcess Information:\r\n\tProcess ID:\t\t0x6a4\r\n\tProcess Name:\t\tC:\\Windows\\System32\\services.exe\r\n\r\nNetwork Information:\r\n\tWorkstation Name:\t-\r\n\tSource Network Address:\t-\r\n\tSource Port:\t\t-\r\n\r\nDetailed Authentication Information:\r\n\tLogon Process:\t\tAdvapi  \r\n\tAuthentication Package:\tNegotiate\r\n\tTransited Services:\t-\r\n\tPackage Name (NTLM only):\t-\r\n\tKey Length:\t\t0\r\n\r\nThis event is generated when a logon session is created. It is generated on the computer that was accessed.\r\n\r\nThe subject fields indicate the account on the local system which requested the logon. This is most commonly a service such as the Server service, or a local process such as Winlogon.exe or Services.exe.\r\n\r\nThe logon type field indicates the kind of logon that occurred. The most common types are 2 (interactive) and 3 (network).\r\n\r\nThe New Logon fields indicate the account for whom the new logon was created, i.e. the account that was logged on.\r\n\r\nThe network fields indicate where a remote logon request originated. Workstation name is not always available and may be left blank in some cases.\r\n\r\nThe impersonation level field indicates the extent to which a process in the logon session can impersonate.\r\n\r\nThe authentication information fields provide detailed information about this specific logon request.\r\n\t- Logon GUID is a unique identifier that can be used to correlate this event with a KDC event.\r\n\t- Transited services indicate which intermediate services have participated in this logon request.\r\n\t- Package name indicates which sub-protocol was used among the NTLM protocols.\r\n\t- Key length indicates the length of the generated session key. This will be 0 if no session key was requested."
    },
    {
        "RecordId": 2571647,
        "Id": 5379,
        "TimeCreated": "/Date(1786681977776)/",
        "MachineName": "saran",
        "LevelDisplayName": "Information",
        "Message": "Credential Manager credentials were read.\r\n\r\nSubject:\r\n\tSecurity ID:\t\tS-1-5-21-2374691185-23257815-2726383057-1001\r\n\tAccount Name:\t\tsaran\r\n\tAccount Domain:\t\tSARAN\r\n\tLogon ID:\t\t0x41A4AC9\r\n\tRead Operation:\t\tEnumerate Credentials\r\n\r\nThis event occurs when a user performs a read operation on stored credentials in Credential Manager."
    },
    {
        "RecordId": 2571646,
        "Id": 5379,
        "TimeCreated": "/Date(1786681977771)/",
        "MachineName": "saran",
        "LevelDisplayName": "Information",
        "Message": "Credential Manager credentials were read.\r\n\r\nSubject:\r\n\tSecurity ID:\t\tS-1-5-21-2374691185-23257815-2726383057-1001\r\n\tAccount Name:\t\tsaran\r\n\tAccount Domain:\t\tSARAN\r\n\tLogon ID:\t\t0x41A4AC9\r\n\tRead Operation:\t\tEnumerate Credentials\r\n\r\nThis event occurs when a user performs a read operation on stored credentials in Credential Manager."
    },
    {
        "RecordId": 2571645,
        "Id": 5379,
        "TimeCreated": "/Date(1786681977769)/",
        "MachineName": "saran",
        "LevelDisplayName": "Information",
        "Message": "Credential Manager credentials were read.\r\n\r\nSubject:\r\n\tSecurity ID:\t\tS-1-5-21-2374691185-23257815-2726383057-1001\r\n\tAccount Name:\t\tsaran\r\n\tAccount Domain:\t\tSARAN\r\n\tLogon ID:\t\t0x41A4AC9\r\n\tRead Operation:\t\tEnumerate Credentials\r\n\r\nThis event occurs when a user performs a read operation on stored credentials in Credential Manager."
    },
    {
        "RecordId": 2571644,
        "Id": 5379,
        "TimeCreated": "/Date(1786681977769)/",
        "MachineName": "saran",
        "LevelDisplayName": "Information",
        "Message": "Credential Manager credentials were read.\r\n\r\nSubject:\r\n\tSecurity ID:\t\tS-1-5-21-2374691185-23257815-2726383057-1001\r\n\tAccount Name:\t\tsaran\r\n\tAccount Domain:\t\tSARAN\r\n\tLogon ID:\t\t0x41A4AC9\r\n\tRead Operation:\t\tEnumerate Credentials\r\n\r\nThis event occurs when a user performs a read operation on stored credentials in Credential Manager."
    },
    {
        "RecordId": 2571643,
        "Id": 5379,
        "TimeCreated": "/Date(1786681977766)/",
        "MachineName": "saran",
        "LevelDisplayName": "Information",
        "Message": "Credential Manager credentials were read.\r\n\r\nSubject:\r\n\tSecurity ID:\t\tS-1-5-21-2374691185-23257815-2726383057-1001\r\n\tAccount Name:\t\tsaran\r\n\tAccount Domain:\t\tSARAN\r\n\tLogon ID:\t\t0x41A4AC9\r\n\tRead Operation:\t\tEnumerate Credentials\r\n\r\nThis event occurs when a user performs a read operation on stored credentials in Credential Manager."
    },
    {
        "RecordId": 2571642,
        "Id": 4672,
        "TimeCreated": "/Date(1786681976657)/",
        "MachineName": "saran",
        "LevelDisplayName": "Information",
        "Message": "Special privileges assigned to new logon.\r\n\r\nSubject:\r\n\tSecurity ID:\t\tS-1-5-18\r\n\tAccount Name:\t\tSYSTEM\r\n\tAccount Domain:\t\tNT AUTHORITY\r\n\tLogon ID:\t\t0x3E7\r\n\r\nPrivileges:\t\tSeAssignPrimaryTokenPrivilege\r\n\t\t\tSeTcbPrivilege\r\n\t\t\tSeSecurityPrivilege\r\n\t\t\tSeTakeOwnershipPrivilege\r\n\t\t\tSeLoadDriverPrivilege\r\n\t\t\tSeBackupPrivilege\r\n\t\t\tSeRestorePrivilege\r\n\t\t\tSeDebugPrivilege\r\n\t\t\tSeAuditPrivilege\r\n\t\t\tSeSystemEnvironmentPrivilege\r\n\t\t\tSeImpersonatePrivilege\r\n\t\t\tSeDelegateSessionUserImpersonatePrivilege"
    },
    {
        "RecordId": 2571641,
        "Id": 4624,
        "TimeCreated": "/Date(1786681976657)/",
        "MachineName": "saran",
        "LevelDisplayName": "Information",
        "Message": "An account was successfully logged on.\r\n\r\nSubject:\r\n\tSecurity ID:\t\tS-1-5-18\r\n\tAccount Name:\t\tSARAN$\r\n\tAccount Domain:\t\tWORKGROUP\r\n\tLogon ID:\t\t0x3E7\r\n\r\nLogon Information:\r\n\tLogon Type:\t\t5\r\n\tRestricted Admin Mode:\t-\r\n\tRemote Credential Guard:\t-\r\n\tVirtual Account:\t\tNo\r\n\tElevated Token:\t\tYes\r\n\r\nImpersonation Level:\t\tImpersonation\r\n\r\nNew Logon:\r\n\tSecurity ID:\t\tS-1-5-18\r\n\tAccount Name:\t\tSYSTEM\r\n\tAccount Domain:\t\tNT AUTHORITY\r\n\tLogon ID:\t\t0x3E7\r\n\tLinked Logon ID:\t\t0x0\r\n\tNetwork Account Name:\t-\r\n\tNetwork Account Domain:\t-\r\n\tLogon GUID:\t\t{00000000-0000-0000-0000-000000000000}\r\n\r\nProcess Information:\r\n\tProcess ID:\t\t0x6a4\r\n\tProcess Name:\t\tC:\\Windows\\System32\\services.exe\r\n\r\nNetwork Information:\r\n\tWorkstation Name:\t-\r\n\tSource Network Address:\t-\r\n\tSource Port:\t\t-\r\n\r\nDetailed Authentication Information:\r\n\tLogon Process:\t\tAdvapi  \r\n\tAuthentication Package:\tNegotiate\r\n\tTransited Services:\t-\r\n\tPackage Name (NTLM only):\t-\r\n\tKey Length:\t\t0\r\n\r\nThis event is generated when a logon session is created. It is generated on the computer that was accessed.\r\n\r\nThe subject fields indicate the account on the local system which requested the logon. This is most commonly a service such as the Server service, or a local process such as Winlogon.exe or Services.exe.\r\n\r\nThe logon type field indicates the kind of logon that occurred. The most common types are 2 (interactive) and 3 (network).\r\n\r\nThe New Logon fields indicate the account for whom the new logon was created, i.e. the account that was logged on.\r\n\r\nThe network fields indicate where a remote logon request originated. Workstation name is not always available and may be left blank in some cases.\r\n\r\nThe impersonation level field indicates the extent to which a process in the logon session can impersonate.\r\n\r\nThe authentication information fields provide detailed information about this specific logon request.\r\n\t- Logon GUID is a unique identifier that can be used to correlate this event with a KDC event.\r\n\t- Transited services indicate which intermediate services have participated in this logon request.\r\n\t- Package name indicates which sub-protocol was used among the NTLM protocols.\r\n\t- Key length indicates the length of the generated session key. This will be 0 if no session key was requested."
    },
    {
        "RecordId": 2571640,
        "Id": 5379,
        "TimeCreated": "/Date(1786681819762)/",
        "MachineName": "saran",
        "LevelDisplayName": "Information",
        "Message": "Credential Manager credentials were read.\r\n\r\nSubject:\r\n\tSecurity ID:\t\tS-1-5-18\r\n\tAccount Name:\t\tSARAN$\r\n\tAccount Domain:\t\tWORKGROUP\r\n\tLogon ID:\t\t0x3E7\r\n\tRead Operation:\t\tEnumerate Credentials\r\n\r\nThis event occurs when a user performs a read operation on stored credentials in Credential Manager."
    },
    {
        "RecordId": 2571639,
        "Id": 5379,
        "TimeCreated": "/Date(1786681819762)/",
        "MachineName": "saran",
        "LevelDisplayName": "Information",
        "Message": "Credential Manager credentials were read.\r\n\r\nSubject:\r\n\tSecurity ID:\t\tS-1-5-18\r\n\tAccount Name:\t\tSARAN$\r\n\tAccount Domain:\t\tWORKGROUP\r\n\tLogon ID:\t\t0x3E7\r\n\tRead Operation:\t\tEnumerate Credentials\r\n\r\nThis event occurs when a user performs a read operation on stored credentials in Credential Manager."
    },
    {
        "RecordId": 2571638,
        "Id": 5379,
        "TimeCreated": "/Date(1786681819758)/",
        "MachineName": "saran",
        "LevelDisplayName": "Information",
        "Message": "Credential Manager credentials were read.\r\n\r\nSubject:\r\n\tSecurity ID:\t\tS-1-5-18\r\n\tAccount Name:\t\tSARAN$\r\n\tAccount Domain:\t\tWORKGROUP\r\n\tLogon ID:\t\t0x3E7\r\n\tRead Operation:\t\tEnumerate Credentials\r\n\r\nThis event occurs when a user performs a read operation on stored credentials in Credential Manager."
    },
    {
        "RecordId": 2571637,
        "Id": 5379,
        "TimeCreated": "/Date(1786681819757)/",
        "MachineName": "saran",
        "LevelDisplayName": "Information",
        "Message": "Credential Manager credentials were read.\r\n\r\nSubject:\r\n\tSecurity ID:\t\tS-1-5-18\r\n\tAccount Name:\t\tSARAN$\r\n\tAccount Domain:\t\tWORKGROUP\r\n\tLogon ID:\t\t0x3E7\r\n\tRead Operation:\t\tEnumerate Credentials\r\n\r\nThis event occurs when a user performs a read operation on stored credentials in Credential Manager."
    },
    {
        "RecordId": 2571636,
        "Id": 5379,
        "TimeCreated": "/Date(1786681818796)/",
        "MachineName": "saran",
        "LevelDisplayName": "Information",
        "Message": "Credential Manager credentials were read.\r\n\r\nSubject:\r\n\tSecurity ID:\t\tS-1-5-18\r\n\tAccount Name:\t\tSARAN$\r\n\tAccount Domain:\t\tWORKGROUP\r\n\tLogon ID:\t\t0x3E7\r\n\tRead Operation:\t\tEnumerate Credentials\r\n\r\nThis event occurs when a user performs a read operation on stored credentials in Credential Manager."
    },
    {
        "RecordId": 2571635,
        "Id": 5379,
        "TimeCreated": "/Date(1786681818795)/",
        "MachineName": "saran",
        "LevelDisplayName": "Information",
        "Message": "Credential Manager credentials were read.\r\n\r\nSubject:\r\n\tSecurity ID:\t\tS-1-5-18\r\n\tAccount Name:\t\tSARAN$\r\n\tAccount Domain:\t\tWORKGROUP\r\n\tLogon ID:\t\t0x3E7\r\n\tRead Operation:\t\tEnumerate Credentials\r\n\r\nThis event occurs when a user performs a read operation on stored credentials in Credential Manager."
    },
    {
        "RecordId": 2571634,
        "Id": 5379,
        "TimeCreated": "/Date(1786681818795)/",
        "MachineName": "saran",
        "LevelDisplayName": "Information",
        "Message": "Credential Manager credentials were read.\r\n\r\nSubject:\r\n\tSecurity ID:\t\tS-1-5-18\r\n\tAccount Name:\t\tSARAN$\r\n\tAccount Domain:\t\tWORKGROUP\r\n\tLogon ID:\t\t0x3E7\r\n\tRead Operation:\t\tEnumerate Credentials\r\n\r\nThis event occurs when a user performs a read operation on stored credentials in Credential Manager."
    },
    {
        "RecordId": 2571633,
        "Id": 4672,
        "TimeCreated": "/Date(1786681818227)/",
        "MachineName": "saran",
        "LevelDisplayName": "Information",
        "Message": "Special privileges assigned to new logon.\r\n\r\nSubject:\r\n\tSecurity ID:\t\tS-1-5-18\r\n\tAccount Name:\t\tSYSTEM\r\n\tAccount Domain:\t\tNT AUTHORITY\r\n\tLogon ID:\t\t0x3E7\r\n\r\nPrivileges:\t\tSeAssignPrimaryTokenPrivilege\r\n\t\t\tSeTcbPrivilege\r\n\t\t\tSeSecurityPrivilege\r\n\t\t\tSeTakeOwnershipPrivilege\r\n\t\t\tSeLoadDriverPrivilege\r\n\t\t\tSeBackupPrivilege\r\n\t\t\tSeRestorePrivilege\r\n\t\t\tSeDebugPrivilege\r\n\t\t\tSeAuditPrivilege\r\n\t\t\tSeSystemEnvironmentPrivilege\r\n\t\t\tSeImpersonatePrivilege\r\n\t\t\tSeDelegateSessionUserImpersonatePrivilege"
    },
    {
        "RecordId": 2571632,
        "Id": 4624,
        "TimeCreated": "/Date(1786681818227)/",
        "MachineName": "saran",
        "LevelDisplayName": "Information",
        "Message": "An account was successfully logged on.\r\n\r\nSubject:\r\n\tSecurity ID:\t\tS-1-5-18\r\n\tAccount Name:\t\tSARAN$\r\n\tAccount Domain:\t\tWORKGROUP\r\n\tLogon ID:\t\t0x3E7\r\n\r\nLogon Information:\r\n\tLogon Type:\t\t5\r\n\tRestricted Admin Mode:\t-\r\n\tRemote Credential Guard:\t-\r\n\tVirtual Account:\t\tNo\r\n\tElevated Token:\t\tYes\r\n\r\nImpersonation Level:\t\tImpersonation\r\n\r\nNew Logon:\r\n\tSecurity ID:\t\tS-1-5-18\r\n\tAccount Name:\t\tSYSTEM\r\n\tAccount Domain:\t\tNT AUTHORITY\r\n\tLogon ID:\t\t0x3E7\r\n\tLinked Logon ID:\t\t0x0\r\n\tNetwork Account Name:\t-\r\n\tNetwork Account Domain:\t-\r\n\tLogon GUID:\t\t{00000000-0000-0000-0000-000000000000}\r\n\r\nProcess Information:\r\n\tProcess ID:\t\t0x6a4\r\n\tProcess Name:\t\tC:\\Windows\\System32\\services.exe\r\n\r\nNetwork Information:\r\n\tWorkstation Name:\t-\r\n\tSource Network Address:\t-\r\n\tSource Port:\t\t-\r\n\r\nDetailed Authentication Information:\r\n\tLogon Process:\t\tAdvapi  \r\n\tAuthentication Package:\tNegotiate\r\n\tTransited Services:\t-\r\n\tPackage Name (NTLM only):\t-\r\n\tKey Length:\t\t0\r\n\r\nThis event is generated when a logon session is created. It is generated on the computer that was accessed.\r\n\r\nThe subject fields indicate the account on the local system which requested the logon. This is most commonly a service such as the Server service, or a local process such as Winlogon.exe or Services.exe.\r\n\r\nThe logon type field indicates the kind of logon that occurred. The most common types are 2 (interactive) and 3 (network).\r\n\r\nThe New Logon fields indicate the account for whom the new logon was created, i.e. the account that was logged on.\r\n\r\nThe network fields indicate where a remote logon request originated. Workstation name is not always available and may be left blank in some cases.\r\n\r\nThe impersonation level field indicates the extent to which a process in the logon session can impersonate.\r\n\r\nThe authentication information fields provide detailed information about this specific logon request.\r\n\t- Logon GUID is a unique identifier that can be used to correlate this event with a KDC event.\r\n\t- Transited services indicate which intermediate services have participated in this logon request.\r\n\t- Package name indicates which sub-protocol was used among the NTLM protocols.\r\n\t- Key length indicates the length of the generated session key. This will be 0 if no session key was requested."
    },
    {
        "RecordId": 2571631,
        "Id": 4799,
        "TimeCreated": "/Date(1786681818130)/",
        "MachineName": "saran",
        "LevelDisplayName": "Information",
        "Message": "A security-enabled local group membership was enumerated.\r\n\r\nSubject:\r\n\tSecurity ID:\t\tS-1-5-18\r\n\tAccount Name:\t\tSARAN$\r\n\tAccount Domain:\t\tWORKGROUP\r\n\tLogon ID:\t\t0x3E7\r\n\r\nGroup:\r\n\tSecurity ID:\t\tS-1-5-32-544\r\n\tGroup Name:\t\tAdministrators\r\n\tGroup Domain:\t\tBuiltin\r\n\r\nProcess Information:\r\n\tProcess ID:\t\t0x7030\r\n\tProcess Name:\t\tC:\\Windows\\System32\\VSSVC.exe"
    },
    {
        "RecordId": 2571630,
        "Id": 4799,
        "TimeCreated": "/Date(1786681818126)/",
        "MachineName": "saran",
        "LevelDisplayName": "Information",
        "Message": "A security-enabled local group membership was enumerated.\r\n\r\nSubject:\r\n\tSecurity ID:\t\tS-1-5-18\r\n\tAccount Name:\t\tSARAN$\r\n\tAccount Domain:\t\tWORKGROUP\r\n\tLogon ID:\t\t0x3E7\r\n\r\nGroup:\r\n\tSecurity ID:\t\tS-1-5-32-544\r\n\tGroup Name:\t\tAdministrators\r\n\tGroup Domain:\t\tBuiltin\r\n\r\nProcess Information:\r\n\tProcess ID:\t\t0x7030\r\n\tProcess Name:\t\tC:\\Windows\\System32\\VSSVC.exe"
    },
    {
        "RecordId": 2571629,
        "Id": 4799,
        "TimeCreated": "/Date(1786681818121)/",
        "MachineName": "saran",
        "LevelDisplayName": "Information",
        "Message": "A security-enabled local group membership was enumerated.\r\n\r\nSubject:\r\n\tSecurity ID:\t\tS-1-5-18\r\n\tAccount Name:\t\tSARAN$\r\n\tAccount Domain:\t\tWORKGROUP\r\n\tLogon ID:\t\t0x3E7\r\n\r\nGroup:\r\n\tSecurity ID:\t\tS-1-5-32-544\r\n\tGroup Name:\t\tAdministrators\r\n\tGroup Domain:\t\tBuiltin\r\n\r\nProcess Information:\r\n\tProcess ID:\t\t0x7030\r\n\tProcess Name:\t\tC:\\Windows\\System32\\VSSVC.exe"
    },
    {
        "RecordId": 2571628,
        "Id": 4672,
        "TimeCreated": "/Date(1786681818116)/",
        "MachineName": "saran",
        "LevelDisplayName": "Information",
        "Message": "Special privileges assigned to new logon.\r\n\r\nSubject:\r\n\tSecurity ID:\t\tS-1-5-18\r\n\tAccount Name:\t\tSYSTEM\r\n\tAccount Domain:\t\tNT AUTHORITY\r\n\tLogon ID:\t\t0x3E7\r\n\r\nPrivileges:\t\tSeAssignPrimaryTokenPrivilege\r\n\t\t\tSeTcbPrivilege\r\n\t\t\tSeSecurityPrivilege\r\n\t\t\tSeTakeOwnershipPrivilege\r\n\t\t\tSeLoadDriverPrivilege\r\n\t\t\tSeBackupPrivilege\r\n\t\t\tSeRestorePrivilege\r\n\t\t\tSeDebugPrivilege\r\n\t\t\tSeAuditPrivilege\r\n\t\t\tSeSystemEnvironmentPrivilege\r\n\t\t\tSeImpersonatePrivilege\r\n\t\t\tSeDelegateSessionUserImpersonatePrivilege"
    },
    {
        "RecordId": 2571627,
        "Id": 4624,
        "TimeCreated": "/Date(1786681818116)/",
        "MachineName": "saran",
        "LevelDisplayName": "Information",
        "Message": "An account was successfully logged on.\r\n\r\nSubject:\r\n\tSecurity ID:\t\tS-1-5-18\r\n\tAccount Name:\t\tSARAN$\r\n\tAccount Domain:\t\tWORKGROUP\r\n\tLogon ID:\t\t0x3E7\r\n\r\nLogon Information:\r\n\tLogon Type:\t\t5\r\n\tRestricted Admin Mode:\t-\r\n\tRemote Credential Guard:\t-\r\n\tVirtual Account:\t\tNo\r\n\tElevated Token:\t\tYes\r\n\r\nImpersonation Level:\t\tImpersonation\r\n\r\nNew Logon:\r\n\tSecurity ID:\t\tS-1-5-18\r\n\tAccount Name:\t\tSYSTEM\r\n\tAccount Domain:\t\tNT AUTHORITY\r\n\tLogon ID:\t\t0x3E7\r\n\tLinked Logon ID:\t\t0x0\r\n\tNetwork Account Name:\t-\r\n\tNetwork Account Domain:\t-\r\n\tLogon GUID:\t\t{00000000-0000-0000-0000-000000000000}\r\n\r\nProcess Information:\r\n\tProcess ID:\t\t0x6a4\r\n\tProcess Name:\t\tC:\\Windows\\System32\\services.exe\r\n\r\nNetwork Information:\r\n\tWorkstation Name:\t-\r\n\tSource Network Address:\t-\r\n\tSource Port:\t\t-\r\n\r\nDetailed Authentication Information:\r\n\tLogon Process:\t\tAdvapi  \r\n\tAuthentication Package:\tNegotiate\r\n\tTransited Services:\t-\r\n\tPackage Name (NTLM only):\t-\r\n\tKey Length:\t\t0\r\n\r\nThis event is generated when a logon session is created. It is generated on the computer that was accessed.\r\n\r\nThe subject fields indicate the account on the local system which requested the logon. This is most commonly a service such as the Server service, or a local process such as Winlogon.exe or Services.exe.\r\n\r\nThe logon type field indicates the kind of logon that occurred. The most common types are 2 (interactive) and 3 (network).\r\n\r\nThe New Logon fields indicate the account for whom the new logon was created, i.e. the account that was logged on.\r\n\r\nThe network fields indicate where a remote logon request originated. Workstation name is not always available and may be left blank in some cases.\r\n\r\nThe impersonation level field indicates the extent to which a process in the logon session can impersonate.\r\n\r\nThe authentication information fields provide detailed information about this specific logon request.\r\n\t- Logon GUID is a unique identifier that can be used to correlate this event with a KDC event.\r\n\t- Transited services indicate which intermediate services have participated in this logon request.\r\n\t- Package name indicates which sub-protocol was used among the NTLM protocols.\r\n\t- Key length indicates the length of the generated session key. This will be 0 if no session key was requested."
    },
    {
        "RecordId": 2571626,
        "Id": 4799,
        "TimeCreated": "/Date(1786681818113)/",
        "MachineName": "saran",
        "LevelDisplayName": "Information",
        "Message": "A security-enabled local group membership was enumerated.\r\n\r\nSubject:\r\n\tSecurity ID:\t\tS-1-5-18\r\n\tAccount Name:\t\tSARAN$\r\n\tAccount Domain:\t\tWORKGROUP\r\n\tLogon ID:\t\t0x3E7\r\n\r\nGroup:\r\n\tSecurity ID:\t\tS-1-5-32-544\r\n\tGroup Name:\t\tAdministrators\r\n\tGroup Domain:\t\tBuiltin\r\n\r\nProcess Information:\r\n\tProcess ID:\t\t0x7030\r\n\tProcess Name:\t\tC:\\Windows\\System32\\VSSVC.exe"
    },
