    {
        "RecordId": 3154088,
        "Id": 4798,
        "TimeCreated": "/Date(1785299106247)/",
        "MachineName": "Nish",
        "LevelDisplayName": "Information",
        "Message": "A user's local group membership was enumerated.\r\n\r\nSubject:\r\n\tSecurity ID:\t\tS-1-5-18\r\n\tAccount Name:\t\tNISH$\r\n\tAccount Domain:\t\tWORKGROUP\r\n\tLogon ID:\t\t0x3E7\r\n\r\nUser:\r\n\tSecurity ID:\t\tS-1-5-21-362189039-2697129851-2754481102-1018\r\n\tAccount Name:\t\tCodexSandboxOffline\r\n\tAccount Domain:\t\tNISH\r\n\r\nProcess Information:\r\n\tProcess ID:\t\t0x40c8\r\n\tProcess Name:\t\tC:\\Windows\\System32\\svchost.exe"
    },
    {
        "RecordId": 3154087,
        "Id": 4798,
        "TimeCreated": "/Date(1785299106245)/",
        "MachineName": "Nish",
        "LevelDisplayName": "Information",
        "Message": "A user's local group membership was enumerated.\r\n\r\nSubject:\r\n\tSecurity ID:\t\tS-1-5-18\r\n\tAccount Name:\t\tNISH$\r\n\tAccount Domain:\t\tWORKGROUP\r\n\tLogon ID:\t\t0x3E7\r\n\r\nUser:\r\n\tSecurity ID:\t\tS-1-5-21-362189039-2697129851-2754481102-500\r\n\tAccount Name:\t\tAdministrator\r\n\tAccount Domain:\t\tNISH\r\n\r\nProcess Information:\r\n\tProcess ID:\t\t0x40c8\r\n\tProcess Name:\t\tC:\\Windows\\System32\\svchost.exe"
    },
    {
        "RecordId": 3154086,
        "Id": 4798,
        "TimeCreated": "/Date(1785299077051)/",
        "MachineName": "Nish",
        "LevelDisplayName": "Information",
        "Message": "A user's local group membership was enumerated.\r\n\r\nSubject:\r\n\tSecurity ID:\t\tS-1-5-18\r\n\tAccount Name:\t\tNISH$\r\n\tAccount Domain:\t\tWORKGROUP\r\n\tLogon ID:\t\t0x3E7\r\n\r\nUser:\r\n\tSecurity ID:\t\tS-1-5-21-362189039-2697129851-2754481102-1001\r\n\tAccount Name:\t\trish2\r\n\tAccount Domain:\t\tNISH\r\n\r\nProcess Information:\r\n\tProcess ID:\t\t0x40c8\r\n\tProcess Name:\t\tC:\\Windows\\System32\\svchost.exe"
    },
    {
        "RecordId": 3154085,
        "Id": 4798,
        "TimeCreated": "/Date(1785299077050)/",
        "MachineName": "Nish",
        "LevelDisplayName": "Information",
        "Message": "A user's local group membership was enumerated.\r\n\r\nSubject:\r\n\tSecurity ID:\t\tS-1-5-18\r\n\tAccount Name:\t\tNISH$\r\n\tAccount Domain:\t\tWORKGROUP\r\n\tLogon ID:\t\t0x3E7\r\n\r\nUser:\r\n\tSecurity ID:\t\tS-1-5-21-362189039-2697129851-2754481102-501\r\n\tAccount Name:\t\tGuest\r\n\tAccount Domain:\t\tNISH\r\n\r\nProcess Information:\r\n\tProcess ID:\t\t0x40c8\r\n\tProcess Name:\t\tC:\\Windows\\System32\\svchost.exe"
    },
    {
        "RecordId": 3154084,
        "Id": 4798,
        "TimeCreated": "/Date(1785299077049)/",
        "MachineName": "Nish",
        "LevelDisplayName": "Information",
        "Message": "A user's local group membership was enumerated.\r\n\r\nSubject:\r\n\tSecurity ID:\t\tS-1-5-18\r\n\tAccount Name:\t\tNISH$\r\n\tAccount Domain:\t\tWORKGROUP\r\n\tLogon ID:\t\t0x3E7\r\n\r\nUser:\r\n\tSecurity ID:\t\tS-1-5-21-362189039-2697129851-2754481102-503\r\n\tAccount Name:\t\tDefaultAccount\r\n\tAccount Domain:\t\tNISH\r\n\r\nProcess Information:\r\n\tProcess ID:\t\t0x40c8\r\n\tProcess Name:\t\tC:\\Windows\\System32\\svchost.exe"
    },
    {
        "RecordId": 3154083,
        "Id": 4798,
        "TimeCreated": "/Date(1785299077048)/",
        "MachineName": "Nish",
        "LevelDisplayName": "Information",
        "Message": "A user's local group membership was enumerated.\r\n\r\nSubject:\r\n\tSecurity ID:\t\tS-1-5-18\r\n\tAccount Name:\t\tNISH$\r\n\tAccount Domain:\t\tWORKGROUP\r\n\tLogon ID:\t\t0x3E7\r\n\r\nUser:\r\n\tSecurity ID:\t\tS-1-5-21-362189039-2697129851-2754481102-1019\r\n\tAccount Name:\t\tCodexSandboxOnline\r\n\tAccount Domain:\t\tNISH\r\n\r\nProcess Information:\r\n\tProcess ID:\t\t0x40c8\r\n\tProcess Name:\t\tC:\\Windows\\System32\\svchost.exe"
    },
    {
        "RecordId": 3154082,
        "Id": 4798,
        "TimeCreated": "/Date(1785299077046)/",
        "MachineName": "Nish",
        "LevelDisplayName": "Information",
        "Message": "A user's local group membership was enumerated.\r\n\r\nSubject:\r\n\tSecurity ID:\t\tS-1-5-18\r\n\tAccount Name:\t\tNISH$\r\n\tAccount Domain:\t\tWORKGROUP\r\n\tLogon ID:\t\t0x3E7\r\n\r\nUser:\r\n\tSecurity ID:\t\tS-1-5-21-362189039-2697129851-2754481102-1018\r\n\tAccount Name:\t\tCodexSandboxOffline\r\n\tAccount Domain:\t\tNISH\r\n\r\nProcess Information:\r\n\tProcess ID:\t\t0x40c8\r\n\tProcess Name:\t\tC:\\Windows\\System32\\svchost.exe"
    },
    {
        "RecordId": 3154081,
        "Id": 4798,
        "TimeCreated": "/Date(1785299077045)/",
        "MachineName": "Nish",
        "LevelDisplayName": "Information",
        "Message": "A user's local group membership was enumerated.\r\n\r\nSubject:\r\n\tSecurity ID:\t\tS-1-5-18\r\n\tAccount Name:\t\tNISH$\r\n\tAccount Domain:\t\tWORKGROUP\r\n\tLogon ID:\t\t0x3E7\r\n\r\nUser:\r\n\tSecurity ID:\t\tS-1-5-21-362189039-2697129851-2754481102-500\r\n\tAccount Name:\t\tAdministrator\r\n\tAccount Domain:\t\tNISH\r\n\r\nProcess Information:\r\n\tProcess ID:\t\t0x40c8\r\n\tProcess Name:\t\tC:\\Windows\\System32\\svchost.exe"
    },
    {
        "RecordId": 3154080,
        "Id": 4798,
        "TimeCreated": "/Date(1785299077035)/",
        "MachineName": "Nish",
        "LevelDisplayName": "Information",
        "Message": "A user's local group membership was enumerated.\r\n\r\nSubject:\r\n\tSecurity ID:\t\tS-1-5-18\r\n\tAccount Name:\t\tNISH$\r\n\tAccount Domain:\t\tWORKGROUP\r\n\tLogon ID:\t\t0x3E7\r\n\r\nUser:\r\n\tSecurity ID:\t\tS-1-5-21-362189039-2697129851-2754481102-1001\r\n\tAccount Name:\t\trish2\r\n\tAccount Domain:\t\tNISH\r\n\r\nProcess Information:\r\n\tProcess ID:\t\t0x40c8\r\n\tProcess Name:\t\tC:\\Windows\\System32\\svchost.exe"
    },
    {
        "RecordId": 3154079,
        "Id": 4798,
        "TimeCreated": "/Date(1785299077034)/",
        "MachineName": "Nish",
        "LevelDisplayName": "Information",
        "Message": "A user's local group membership was enumerated.\r\n\r\nSubject:\r\n\tSecurity ID:\t\tS-1-5-18\r\n\tAccount Name:\t\tNISH$\r\n\tAccount Domain:\t\tWORKGROUP\r\n\tLogon ID:\t\t0x3E7\r\n\r\nUser:\r\n\tSecurity ID:\t\tS-1-5-21-362189039-2697129851-2754481102-501\r\n\tAccount Name:\t\tGuest\r\n\tAccount Domain:\t\tNISH\r\n\r\nProcess Information:\r\n\tProcess ID:\t\t0x40c8\r\n\tProcess Name:\t\tC:\\Windows\\System32\\svchost.exe"
    },
    {
        "RecordId": 3154078,
        "Id": 4798,
        "TimeCreated": "/Date(1785299077033)/",
        "MachineName": "Nish",
        "LevelDisplayName": "Information",
        "Message": "A user's local group membership was enumerated.\r\n\r\nSubject:\r\n\tSecurity ID:\t\tS-1-5-18\r\n\tAccount Name:\t\tNISH$\r\n\tAccount Domain:\t\tWORKGROUP\r\n\tLogon ID:\t\t0x3E7\r\n\r\nUser:\r\n\tSecurity ID:\t\tS-1-5-21-362189039-2697129851-2754481102-503\r\n\tAccount Name:\t\tDefaultAccount\r\n\tAccount Domain:\t\tNISH\r\n\r\nProcess Information:\r\n\tProcess ID:\t\t0x40c8\r\n\tProcess Name:\t\tC:\\Windows\\System32\\svchost.exe"
    },
    {
        "RecordId": 3154077,
        "Id": 4798,
        "TimeCreated": "/Date(1785299077032)/",
        "MachineName": "Nish",
        "LevelDisplayName": "Information",
        "Message": "A user's local group membership was enumerated.\r\n\r\nSubject:\r\n\tSecurity ID:\t\tS-1-5-18\r\n\tAccount Name:\t\tNISH$\r\n\tAccount Domain:\t\tWORKGROUP\r\n\tLogon ID:\t\t0x3E7\r\n\r\nUser:\r\n\tSecurity ID:\t\tS-1-5-21-362189039-2697129851-2754481102-1019\r\n\tAccount Name:\t\tCodexSandboxOnline\r\n\tAccount Domain:\t\tNISH\r\n\r\nProcess Information:\r\n\tProcess ID:\t\t0x40c8\r\n\tProcess Name:\t\tC:\\Windows\\System32\\svchost.exe"
    },
    {
        "RecordId": 3154076,
        "Id": 4798,
        "TimeCreated": "/Date(1785299077031)/",
        "MachineName": "Nish",
        "LevelDisplayName": "Information",
        "Message": "A user's local group membership was enumerated.\r\n\r\nSubject:\r\n\tSecurity ID:\t\tS-1-5-18\r\n\tAccount Name:\t\tNISH$\r\n\tAccount Domain:\t\tWORKGROUP\r\n\tLogon ID:\t\t0x3E7\r\n\r\nUser:\r\n\tSecurity ID:\t\tS-1-5-21-362189039-2697129851-2754481102-1018\r\n\tAccount Name:\t\tCodexSandboxOffline\r\n\tAccount Domain:\t\tNISH\r\n\r\nProcess Information:\r\n\tProcess ID:\t\t0x40c8\r\n\tProcess Name:\t\tC:\\Windows\\System32\\svchost.exe"
    },
    {
        "RecordId": 3154075,
        "Id": 4798,
        "TimeCreated": "/Date(1785299077029)/",
        "MachineName": "Nish",
        "LevelDisplayName": "Information",
        "Message": "A user's local group membership was enumerated.\r\n\r\nSubject:\r\n\tSecurity ID:\t\tS-1-5-18\r\n\tAccount Name:\t\tNISH$\r\n\tAccount Domain:\t\tWORKGROUP\r\n\tLogon ID:\t\t0x3E7\r\n\r\nUser:\r\n\tSecurity ID:\t\tS-1-5-21-362189039-2697129851-2754481102-500\r\n\tAccount Name:\t\tAdministrator\r\n\tAccount Domain:\t\tNISH\r\n\r\nProcess Information:\r\n\tProcess ID:\t\t0x40c8\r\n\tProcess Name:\t\tC:\\Windows\\System32\\svchost.exe"
    },
    {
        "RecordId": 3154074,
        "Id": 4798,
        "TimeCreated": "/Date(1785299075384)/",
        "MachineName": "Nish",
        "LevelDisplayName": "Information",
        "Message": "A user's local group membership was enumerated.\r\n\r\nSubject:\r\n\tSecurity ID:\t\tS-1-5-18\r\n\tAccount Name:\t\tNISH$\r\n\tAccount Domain:\t\tWORKGROUP\r\n\tLogon ID:\t\t0x3E7\r\n\r\nUser:\r\n\tSecurity ID:\t\tS-1-5-21-362189039-2697129851-2754481102-1001\r\n\tAccount Name:\t\trish2\r\n\tAccount Domain:\t\tNISH\r\n\r\nProcess Information:\r\n\tProcess ID:\t\t0x40c8\r\n\tProcess Name:\t\tC:\\Windows\\System32\\svchost.exe"
    },
    {
        "RecordId": 3154073,
        "Id": 4798,
        "TimeCreated": "/Date(1785299075383)/",
        "MachineName": "Nish",
        "LevelDisplayName": "Information",
        "Message": "A user's local group membership was enumerated.\r\n\r\nSubject:\r\n\tSecurity ID:\t\tS-1-5-18\r\n\tAccount Name:\t\tNISH$\r\n\tAccount Domain:\t\tWORKGROUP\r\n\tLogon ID:\t\t0x3E7\r\n\r\nUser:\r\n\tSecurity ID:\t\tS-1-5-21-362189039-2697129851-2754481102-501\r\n\tAccount Name:\t\tGuest\r\n\tAccount Domain:\t\tNISH\r\n\r\nProcess Information:\r\n\tProcess ID:\t\t0x40c8\r\n\tProcess Name:\t\tC:\\Windows\\System32\\svchost.exe"
    },
    {
        "RecordId": 3154072,
        "Id": 4798,
        "TimeCreated": "/Date(1785299075382)/",
        "MachineName": "Nish",
        "LevelDisplayName": "Information",
        "Message": "A user's local group membership was enumerated.\r\n\r\nSubject:\r\n\tSecurity ID:\t\tS-1-5-18\r\n\tAccount Name:\t\tNISH$\r\n\tAccount Domain:\t\tWORKGROUP\r\n\tLogon ID:\t\t0x3E7\r\n\r\nUser:\r\n\tSecurity ID:\t\tS-1-5-21-362189039-2697129851-2754481102-503\r\n\tAccount Name:\t\tDefaultAccount\r\n\tAccount Domain:\t\tNISH\r\n\r\nProcess Information:\r\n\tProcess ID:\t\t0x40c8\r\n\tProcess Name:\t\tC:\\Windows\\System32\\svchost.exe"
    },
    {
        "RecordId": 3154071,
        "Id": 4798,
        "TimeCreated": "/Date(1785299075380)/",
        "MachineName": "Nish",
        "LevelDisplayName": "Information",
        "Message": "A user's local group membership was enumerated.\r\n\r\nSubject:\r\n\tSecurity ID:\t\tS-1-5-18\r\n\tAccount Name:\t\tNISH$\r\n\tAccount Domain:\t\tWORKGROUP\r\n\tLogon ID:\t\t0x3E7\r\n\r\nUser:\r\n\tSecurity ID:\t\tS-1-5-21-362189039-2697129851-2754481102-1019\r\n\tAccount Name:\t\tCodexSandboxOnline\r\n\tAccount Domain:\t\tNISH\r\n\r\nProcess Information:\r\n\tProcess ID:\t\t0x40c8\r\n\tProcess Name:\t\tC:\\Windows\\System32\\svchost.exe"
    },
    {
        "RecordId": 3154070,
        "Id": 4798,
        "TimeCreated": "/Date(1785299075378)/",
        "MachineName": "Nish",
        "LevelDisplayName": "Information",
        "Message": "A user's local group membership was enumerated.\r\n\r\nSubject:\r\n\tSecurity ID:\t\tS-1-5-18\r\n\tAccount Name:\t\tNISH$\r\n\tAccount Domain:\t\tWORKGROUP\r\n\tLogon ID:\t\t0x3E7\r\n\r\nUser:\r\n\tSecurity ID:\t\tS-1-5-21-362189039-2697129851-2754481102-1018\r\n\tAccount Name:\t\tCodexSandboxOffline\r\n\tAccount Domain:\t\tNISH\r\n\r\nProcess Information:\r\n\tProcess ID:\t\t0x40c8\r\n\tProcess Name:\t\tC:\\Windows\\System32\\svchost.exe"
    },
    {
        "RecordId": 3154069,
        "Id": 4798,
        "TimeCreated": "/Date(1785299075377)/",
        "MachineName": "Nish",
        "LevelDisplayName": "Information",
        "Message": "A user's local group membership was enumerated.\r\n\r\nSubject:\r\n\tSecurity ID:\t\tS-1-5-18\r\n\tAccount Name:\t\tNISH$\r\n\tAccount Domain:\t\tWORKGROUP\r\n\tLogon ID:\t\t0x3E7\r\n\r\nUser:\r\n\tSecurity ID:\t\tS-1-5-21-362189039-2697129851-2754481102-500\r\n\tAccount Name:\t\tAdministrator\r\n\tAccount Domain:\t\tNISH\r\n\r\nProcess Information:\r\n\tProcess ID:\t\t0x40c8\r\n\tProcess Name:\t\tC:\\Windows\\System32\\svchost.exe"
    },
    {
        "RecordId": 3154068,
        "Id": 4798,
        "TimeCreated": "/Date(1785299075366)/",
        "MachineName": "Nish",
        "LevelDisplayName": "Information",
        "Message": "A user's local group membership was enumerated.\r\n\r\nSubject:\r\n\tSecurity ID:\t\tS-1-5-18\r\n\tAccount Name:\t\tNISH$\r\n\tAccount Domain:\t\tWORKGROUP\r\n\tLogon ID:\t\t0x3E7\r\n\r\nUser:\r\n\tSecurity ID:\t\tS-1-5-21-362189039-2697129851-2754481102-1001\r\n\tAccount Name:\t\trish2\r\n\tAccount Domain:\t\tNISH\r\n\r\nProcess Information:\r\n\tProcess ID:\t\t0x40c8\r\n\tProcess Name:\t\tC:\\Windows\\System32\\svchost.exe"
    },
    {
        "RecordId": 3154067,
        "Id": 4798,
        "TimeCreated": "/Date(1785299075365)/",
        "MachineName": "Nish",
        "LevelDisplayName": "Information",
        "Message": "A user's local group membership was enumerated.\r\n\r\nSubject:\r\n\tSecurity ID:\t\tS-1-5-18\r\n\tAccount Name:\t\tNISH$\r\n\tAccount Domain:\t\tWORKGROUP\r\n\tLogon ID:\t\t0x3E7\r\n\r\nUser:\r\n\tSecurity ID:\t\tS-1-5-21-362189039-2697129851-2754481102-501\r\n\tAccount Name:\t\tGuest\r\n\tAccount Domain:\t\tNISH\r\n\r\nProcess Information:\r\n\tProcess ID:\t\t0x40c8\r\n\tProcess Name:\t\tC:\\Windows\\System32\\svchost.exe"
    },
    {
        "RecordId": 3154066,
        "Id": 4798,
        "TimeCreated": "/Date(1785299075364)/",
        "MachineName": "Nish",
        "LevelDisplayName": "Information",
        "Message": "A user's local group membership was enumerated.\r\n\r\nSubject:\r\n\tSecurity ID:\t\tS-1-5-18\r\n\tAccount Name:\t\tNISH$\r\n\tAccount Domain:\t\tWORKGROUP\r\n\tLogon ID:\t\t0x3E7\r\n\r\nUser:\r\n\tSecurity ID:\t\tS-1-5-21-362189039-2697129851-2754481102-503\r\n\tAccount Name:\t\tDefaultAccount\r\n\tAccount Domain:\t\tNISH\r\n\r\nProcess Information:\r\n\tProcess ID:\t\t0x40c8\r\n\tProcess Name:\t\tC:\\Windows\\System32\\svchost.exe"
    },
    {
        "RecordId": 3154065,
        "Id": 4798,
        "TimeCreated": "/Date(1785299075362)/",
        "MachineName": "Nish",
        "LevelDisplayName": "Information",
        "Message": "A user's local group membership was enumerated.\r\n\r\nSubject:\r\n\tSecurity ID:\t\tS-1-5-18\r\n\tAccount Name:\t\tNISH$\r\n\tAccount Domain:\t\tWORKGROUP\r\n\tLogon ID:\t\t0x3E7\r\n\r\nUser:\r\n\tSecurity ID:\t\tS-1-5-21-362189039-2697129851-2754481102-1019\r\n\tAccount Name:\t\tCodexSandboxOnline\r\n\tAccount Domain:\t\tNISH\r\n\r\nProcess Information:\r\n\tProcess ID:\t\t0x40c8\r\n\tProcess Name:\t\tC:\\Windows\\System32\\svchost.exe"
    },
    {
        "RecordId": 3154064,
        "Id": 4798,
        "TimeCreated": "/Date(1785299075361)/",
        "MachineName": "Nish",
        "LevelDisplayName": "Information",
        "Message": "A user's local group membership was enumerated.\r\n\r\nSubject:\r\n\tSecurity ID:\t\tS-1-5-18\r\n\tAccount Name:\t\tNISH$\r\n\tAccount Domain:\t\tWORKGROUP\r\n\tLogon ID:\t\t0x3E7\r\n\r\nUser:\r\n\tSecurity ID:\t\tS-1-5-21-362189039-2697129851-2754481102-1018\r\n\tAccount Name:\t\tCodexSandboxOffline\r\n\tAccount Domain:\t\tNISH\r\n\r\nProcess Information:\r\n\tProcess ID:\t\t0x40c8\r\n\tProcess Name:\t\tC:\\Windows\\System32\\svchost.exe"
    },
    {
        "RecordId": 3154063,
        "Id": 4798,
        "TimeCreated": "/Date(1785299075358)/",
        "MachineName": "Nish",
        "LevelDisplayName": "Information",
        "Message": "A user's local group membership was enumerated.\r\n\r\nSubject:\r\n\tSecurity ID:\t\tS-1-5-18\r\n\tAccount Name:\t\tNISH$\r\n\tAccount Domain:\t\tWORKGROUP\r\n\tLogon ID:\t\t0x3E7\r\n\r\nUser:\r\n\tSecurity ID:\t\tS-1-5-21-362189039-2697129851-2754481102-500\r\n\tAccount Name:\t\tAdministrator\r\n\tAccount Domain:\t\tNISH\r\n\r\nProcess Information:\r\n\tProcess ID:\t\t0x40c8\r\n\tProcess Name:\t\tC:\\Windows\\System32\\svchost.exe"
    },
    {
        "RecordId": 3154062,
        "Id": 4798,
        "TimeCreated": "/Date(1785299051216)/",
        "MachineName": "Nish",
        "LevelDisplayName": "Information",
        "Message": "A user's local group membership was enumerated.\r\n\r\nSubject:\r\n\tSecurity ID:\t\tS-1-5-18\r\n\tAccount Name:\t\tNISH$\r\n\tAccount Domain:\t\tWORKGROUP\r\n\tLogon ID:\t\t0x3E7\r\n\r\nUser:\r\n\tSecurity ID:\t\tS-1-5-21-362189039-2697129851-2754481102-1001\r\n\tAccount Name:\t\trish2\r\n\tAccount Domain:\t\tNISH\r\n\r\nProcess Information:\r\n\tProcess ID:\t\t0x40c8\r\n\tProcess Name:\t\tC:\\Windows\\System32\\svchost.exe"
    },
    {
        "RecordId": 3154061,
        "Id": 4798,
        "TimeCreated": "/Date(1785299051214)/",
        "MachineName": "Nish",
        "LevelDisplayName": "Information",
        "Message": "A user's local group membership was enumerated.\r\n\r\nSubject:\r\n\tSecurity ID:\t\tS-1-5-18\r\n\tAccount Name:\t\tNISH$\r\n\tAccount Domain:\t\tWORKGROUP\r\n\tLogon ID:\t\t0x3E7\r\n\r\nUser:\r\n\tSecurity ID:\t\tS-1-5-21-362189039-2697129851-2754481102-501\r\n\tAccount Name:\t\tGuest\r\n\tAccount Domain:\t\tNISH\r\n\r\nProcess Information:\r\n\tProcess ID:\t\t0x40c8\r\n\tProcess Name:\t\tC:\\Windows\\System32\\svchost.exe"
    },
    {
        "RecordId": 3154060,
        "Id": 4798,
        "TimeCreated": "/Date(1785299051213)/",
        "MachineName": "Nish",
        "LevelDisplayName": "Information",
        "Message": "A user's local group membership was enumerated.\r\n\r\nSubject:\r\n\tSecurity ID:\t\tS-1-5-18\r\n\tAccount Name:\t\tNISH$\r\n\tAccount Domain:\t\tWORKGROUP\r\n\tLogon ID:\t\t0x3E7\r\n\r\nUser:\r\n\tSecurity ID:\t\tS-1-5-21-362189039-2697129851-2754481102-503\r\n\tAccount Name:\t\tDefaultAccount\r\n\tAccount Domain:\t\tNISH\r\n\r\nProcess Information:\r\n\tProcess ID:\t\t0x40c8\r\n\tProcess Name:\t\tC:\\Windows\\System32\\svchost.exe"
    },
    {
        "RecordId": 3154059,
        "Id": 4798,
        "TimeCreated": "/Date(1785299051211)/",
        "MachineName": "Nish",
        "LevelDisplayName": "Information",
        "Message": "A user's local group membership was enumerated.\r\n\r\nSubject:\r\n\tSecurity ID:\t\tS-1-5-18\r\n\tAccount Name:\t\tNISH$\r\n\tAccount Domain:\t\tWORKGROUP\r\n\tLogon ID:\t\t0x3E7\r\n\r\nUser:\r\n\tSecurity ID:\t\tS-1-5-21-362189039-2697129851-2754481102-1019\r\n\tAccount Name:\t\tCodexSandboxOnline\r\n\tAccount Domain:\t\tNISH\r\n\r\nProcess Information:\r\n\tProcess ID:\t\t0x40c8\r\n\tProcess Name:\t\tC:\\Windows\\System32\\svchost.exe"
    },
    {
        "RecordId": 3154058,
        "Id": 4798,
        "TimeCreated": "/Date(1785299051209)/",
        "MachineName": "Nish",
        "LevelDisplayName": "Information",
        "Message": "A user's local group membership was enumerated.\r\n\r\nSubject:\r\n\tSecurity ID:\t\tS-1-5-18\r\n\tAccount Name:\t\tNISH$\r\n\tAccount Domain:\t\tWORKGROUP\r\n\tLogon ID:\t\t0x3E7\r\n\r\nUser:\r\n\tSecurity ID:\t\tS-1-5-21-362189039-2697129851-2754481102-1018\r\n\tAccount Name:\t\tCodexSandboxOffline\r\n\tAccount Domain:\t\tNISH\r\n\r\nProcess Information:\r\n\tProcess ID:\t\t0x40c8\r\n\tProcess Name:\t\tC:\\Windows\\System32\\svchost.exe"
    },
    {
        "RecordId": 3154057,
        "Id": 4798,
        "TimeCreated": "/Date(1785299051208)/",
        "MachineName": "Nish",
        "LevelDisplayName": "Information",
        "Message": "A user's local group membership was enumerated.\r\n\r\nSubject:\r\n\tSecurity ID:\t\tS-1-5-18\r\n\tAccount Name:\t\tNISH$\r\n\tAccount Domain:\t\tWORKGROUP\r\n\tLogon ID:\t\t0x3E7\r\n\r\nUser:\r\n\tSecurity ID:\t\tS-1-5-21-362189039-2697129851-2754481102-500\r\n\tAccount Name:\t\tAdministrator\r\n\tAccount Domain:\t\tNISH\r\n\r\nProcess Information:\r\n\tProcess ID:\t\t0x40c8\r\n\tProcess Name:\t\tC:\\Windows\\System32\\svchost.exe"
    },
    {
        "RecordId": 3154056,
        "Id": 4798,
        "TimeCreated": "/Date(1785299051198)/",
        "MachineName": "Nish",
        "LevelDisplayName": "Information",
        "Message": "A user's local group membership was enumerated.\r\n\r\nSubject:\r\n\tSecurity ID:\t\tS-1-5-18\r\n\tAccount Name:\t\tNISH$\r\n\tAccount Domain:\t\tWORKGROUP\r\n\tLogon ID:\t\t0x3E7\r\n\r\nUser:\r\n\tSecurity ID:\t\tS-1-5-21-362189039-2697129851-2754481102-1001\r\n\tAccount Name:\t\trish2\r\n\tAccount Domain:\t\tNISH\r\n\r\nProcess Information:\r\n\tProcess ID:\t\t0x40c8\r\n\tProcess Name:\t\tC:\\Windows\\System32\\svchost.exe"
    },
    {
        "RecordId": 3154055,
        "Id": 4798,
        "TimeCreated": "/Date(1785299051196)/",
        "MachineName": "Nish",
        "LevelDisplayName": "Information",
        "Message": "A user's local group membership was enumerated.\r\n\r\nSubject:\r\n\tSecurity ID:\t\tS-1-5-18\r\n\tAccount Name:\t\tNISH$\r\n\tAccount Domain:\t\tWORKGROUP\r\n\tLogon ID:\t\t0x3E7\r\n\r\nUser:\r\n\tSecurity ID:\t\tS-1-5-21-362189039-2697129851-2754481102-501\r\n\tAccount Name:\t\tGuest\r\n\tAccount Domain:\t\tNISH\r\n\r\nProcess Information:\r\n\tProcess ID:\t\t0x40c8\r\n\tProcess Name:\t\tC:\\Windows\\System32\\svchost.exe"
    },
    {
        "RecordId": 3154054,
        "Id": 4798,
        "TimeCreated": "/Date(1785299051195)/",
        "MachineName": "Nish",
        "LevelDisplayName": "Information",
        "Message": "A user's local group membership was enumerated.\r\n\r\nSubject:\r\n\tSecurity ID:\t\tS-1-5-18\r\n\tAccount Name:\t\tNISH$\r\n\tAccount Domain:\t\tWORKGROUP\r\n\tLogon ID:\t\t0x3E7\r\n\r\nUser:\r\n\tSecurity ID:\t\tS-1-5-21-362189039-2697129851-2754481102-503\r\n\tAccount Name:\t\tDefaultAccount\r\n\tAccount Domain:\t\tNISH\r\n\r\nProcess Information:\r\n\tProcess ID:\t\t0x40c8\r\n\tProcess Name:\t\tC:\\Windows\\System32\\svchost.exe"
    },
    {
        "RecordId": 3154053,
        "Id": 4798,
        "TimeCreated": "/Date(1785299051192)/",
        "MachineName": "Nish",
        "LevelDisplayName": "Information",
        "Message": "A user's local group membership was enumerated.\r\n\r\nSubject:\r\n\tSecurity ID:\t\tS-1-5-18\r\n\tAccount Name:\t\tNISH$\r\n\tAccount Domain:\t\tWORKGROUP\r\n\tLogon ID:\t\t0x3E7\r\n\r\nUser:\r\n\tSecurity ID:\t\tS-1-5-21-362189039-2697129851-2754481102-1019\r\n\tAccount Name:\t\tCodexSandboxOnline\r\n\tAccount Domain:\t\tNISH\r\n\r\nProcess Information:\r\n\tProcess ID:\t\t0x40c8\r\n\tProcess Name:\t\tC:\\Windows\\System32\\svchost.exe"
    },
    {
        "RecordId": 3154052,
        "Id": 4798,
        "TimeCreated": "/Date(1785299051190)/",
        "MachineName": "Nish",
        "LevelDisplayName": "Information",
        "Message": "A user's local group membership was enumerated.\r\n\r\nSubject:\r\n\tSecurity ID:\t\tS-1-5-18\r\n\tAccount Name:\t\tNISH$\r\n\tAccount Domain:\t\tWORKGROUP\r\n\tLogon ID:\t\t0x3E7\r\n\r\nUser:\r\n\tSecurity ID:\t\tS-1-5-21-362189039-2697129851-2754481102-1018\r\n\tAccount Name:\t\tCodexSandboxOffline\r\n\tAccount Domain:\t\tNISH\r\n\r\nProcess Information:\r\n\tProcess ID:\t\t0x40c8\r\n\tProcess Name:\t\tC:\\Windows\\System32\\svchost.exe"
    },
    {
        "RecordId": 3154051,
        "Id": 4798,
        "TimeCreated": "/Date(1785299051188)/",
        "MachineName": "Nish",
        "LevelDisplayName": "Information",
        "Message": "A user's local group membership was enumerated.\r\n\r\nSubject:\r\n\tSecurity ID:\t\tS-1-5-18\r\n\tAccount Name:\t\tNISH$\r\n\tAccount Domain:\t\tWORKGROUP\r\n\tLogon ID:\t\t0x3E7\r\n\r\nUser:\r\n\tSecurity ID:\t\tS-1-5-21-362189039-2697129851-2754481102-500\r\n\tAccount Name:\t\tAdministrator\r\n\tAccount Domain:\t\tNISH\r\n\r\nProcess Information:\r\n\tProcess ID:\t\t0x40c8\r\n\tProcess Name:\t\tC:\\Windows\\System32\\svchost.exe"
    },
    {
        "RecordId": 3154050,
        "Id": 4798,
        "TimeCreated": "/Date(1785299049533)/",
        "MachineName": "Nish",
        "LevelDisplayName": "Information",
        "Message": "A user's local group membership was enumerated.\r\n\r\nSubject:\r\n\tSecurity ID:\t\tS-1-5-18\r\n\tAccount Name:\t\tNISH$\r\n\tAccount Domain:\t\tWORKGROUP\r\n\tLogon ID:\t\t0x3E7\r\n\r\nUser:\r\n\tSecurity ID:\t\tS-1-5-21-362189039-2697129851-2754481102-1001\r\n\tAccount Name:\t\trish2\r\n\tAccount Domain:\t\tNISH\r\n\r\nProcess Information:\r\n\tProcess ID:\t\t0x40c8\r\n\tProcess Name:\t\tC:\\Windows\\System32\\svchost.exe"
    },
    {
        "RecordId": 3154049,
        "Id": 4798,
        "TimeCreated": "/Date(1785299049532)/",
        "MachineName": "Nish",
        "LevelDisplayName": "Information",
        "Message": "A user's local group membership was enumerated.\r\n\r\nSubject:\r\n\tSecurity ID:\t\tS-1-5-18\r\n\tAccount Name:\t\tNISH$\r\n\tAccount Domain:\t\tWORKGROUP\r\n\tLogon ID:\t\t0x3E7\r\n\r\nUser:\r\n\tSecurity ID:\t\tS-1-5-21-362189039-2697129851-2754481102-501\r\n\tAccount Name:\t\tGuest\r\n\tAccount Domain:\t\tNISH\r\n\r\nProcess Information:\r\n\tProcess ID:\t\t0x40c8\r\n\tProcess Name:\t\tC:\\Windows\\System32\\svchost.exe"
    },
    {
        "RecordId": 3154048,
        "Id": 4798,
        "TimeCreated": "/Date(1785299049531)/",
        "MachineName": "Nish",
        "LevelDisplayName": "Information",
        "Message": "A user's local group membership was enumerated.\r\n\r\nSubject:\r\n\tSecurity ID:\t\tS-1-5-18\r\n\tAccount Name:\t\tNISH$\r\n\tAccount Domain:\t\tWORKGROUP\r\n\tLogon ID:\t\t0x3E7\r\n\r\nUser:\r\n\tSecurity ID:\t\tS-1-5-21-362189039-2697129851-2754481102-503\r\n\tAccount Name:\t\tDefaultAccount\r\n\tAccount Domain:\t\tNISH\r\n\r\nProcess Information:\r\n\tProcess ID:\t\t0x40c8\r\n\tProcess Name:\t\tC:\\Windows\\System32\\svchost.exe"
    },
    {
        "RecordId": 3154047,
        "Id": 4798,
        "TimeCreated": "/Date(1785299049530)/",
        "MachineName": "Nish",
        "LevelDisplayName": "Information",
        "Message": "A user's local group membership was enumerated.\r\n\r\nSubject:\r\n\tSecurity ID:\t\tS-1-5-18\r\n\tAccount Name:\t\tNISH$\r\n\tAccount Domain:\t\tWORKGROUP\r\n\tLogon ID:\t\t0x3E7\r\n\r\nUser:\r\n\tSecurity ID:\t\tS-1-5-21-362189039-2697129851-2754481102-1019\r\n\tAccount Name:\t\tCodexSandboxOnline\r\n\tAccount Domain:\t\tNISH\r\n\r\nProcess Information:\r\n\tProcess ID:\t\t0x40c8\r\n\tProcess Name:\t\tC:\\Windows\\System32\\svchost.exe"
    },
    {
        "RecordId": 3154046,
        "Id": 4798,
        "TimeCreated": "/Date(1785299049529)/",
        "MachineName": "Nish",
        "LevelDisplayName": "Information",
        "Message": "A user's local group membership was enumerated.\r\n\r\nSubject:\r\n\tSecurity ID:\t\tS-1-5-18\r\n\tAccount Name:\t\tNISH$\r\n\tAccount Domain:\t\tWORKGROUP\r\n\tLogon ID:\t\t0x3E7\r\n\r\nUser:\r\n\tSecurity ID:\t\tS-1-5-21-362189039-2697129851-2754481102-1018\r\n\tAccount Name:\t\tCodexSandboxOffline\r\n\tAccount Domain:\t\tNISH\r\n\r\nProcess Information:\r\n\tProcess ID:\t\t0x40c8\r\n\tProcess Name:\t\tC:\\Windows\\System32\\svchost.exe"
    },
    {
        "RecordId": 3154045,
        "Id": 4798,
        "TimeCreated": "/Date(1785299049527)/",
        "MachineName": "Nish",
        "LevelDisplayName": "Information",
        "Message": "A user's local group membership was enumerated.\r\n\r\nSubject:\r\n\tSecurity ID:\t\tS-1-5-18\r\n\tAccount Name:\t\tNISH$\r\n\tAccount Domain:\t\tWORKGROUP\r\n\tLogon ID:\t\t0x3E7\r\n\r\nUser:\r\n\tSecurity ID:\t\tS-1-5-21-362189039-2697129851-2754481102-500\r\n\tAccount Name:\t\tAdministrator\r\n\tAccount Domain:\t\tNISH\r\n\r\nProcess Information:\r\n\tProcess ID:\t\t0x40c8\r\n\tProcess Name:\t\tC:\\Windows\\System32\\svchost.exe"
    },
    {
        "RecordId": 3154044,
        "Id": 4798,
        "TimeCreated": "/Date(1785299049514)/",
        "MachineName": "Nish",
        "LevelDisplayName": "Information",
        "Message": "A user's local group membership was enumerated.\r\n\r\nSubject:\r\n\tSecurity ID:\t\tS-1-5-18\r\n\tAccount Name:\t\tNISH$\r\n\tAccount Domain:\t\tWORKGROUP\r\n\tLogon ID:\t\t0x3E7\r\n\r\nUser:\r\n\tSecurity ID:\t\tS-1-5-21-362189039-2697129851-2754481102-1001\r\n\tAccount Name:\t\trish2\r\n\tAccount Domain:\t\tNISH\r\n\r\nProcess Information:\r\n\tProcess ID:\t\t0x40c8\r\n\tProcess Name:\t\tC:\\Windows\\System32\\svchost.exe"
    },
    {
        "RecordId": 3154043,
        "Id": 4798,
        "TimeCreated": "/Date(1785299049513)/",
        "MachineName": "Nish",
        "LevelDisplayName": "Information",
        "Message": "A user's local group membership was enumerated.\r\n\r\nSubject:\r\n\tSecurity ID:\t\tS-1-5-18\r\n\tAccount Name:\t\tNISH$\r\n\tAccount Domain:\t\tWORKGROUP\r\n\tLogon ID:\t\t0x3E7\r\n\r\nUser:\r\n\tSecurity ID:\t\tS-1-5-21-362189039-2697129851-2754481102-501\r\n\tAccount Name:\t\tGuest\r\n\tAccount Domain:\t\tNISH\r\n\r\nProcess Information:\r\n\tProcess ID:\t\t0x40c8\r\n\tProcess Name:\t\tC:\\Windows\\System32\\svchost.exe"
    },
    {
        "RecordId": 3154042,
        "Id": 4798,
        "TimeCreated": "/Date(1785299049511)/",
        "MachineName": "Nish",
        "LevelDisplayName": "Information",
        "Message": "A user's local group membership was enumerated.\r\n\r\nSubject:\r\n\tSecurity ID:\t\tS-1-5-18\r\n\tAccount Name:\t\tNISH$\r\n\tAccount Domain:\t\tWORKGROUP\r\n\tLogon ID:\t\t0x3E7\r\n\r\nUser:\r\n\tSecurity ID:\t\tS-1-5-21-362189039-2697129851-2754481102-503\r\n\tAccount Name:\t\tDefaultAccount\r\n\tAccount Domain:\t\tNISH\r\n\r\nProcess Information:\r\n\tProcess ID:\t\t0x40c8\r\n\tProcess Name:\t\tC:\\Windows\\System32\\svchost.exe"
    },
    {
        "RecordId": 3154041,
        "Id": 4798,
        "TimeCreated": "/Date(1785299049509)/",
        "MachineName": "Nish",
        "LevelDisplayName": "Information",
        "Message": "A user's local group membership was enumerated.\r\n\r\nSubject:\r\n\tSecurity ID:\t\tS-1-5-18\r\n\tAccount Name:\t\tNISH$\r\n\tAccount Domain:\t\tWORKGROUP\r\n\tLogon ID:\t\t0x3E7\r\n\r\nUser:\r\n\tSecurity ID:\t\tS-1-5-21-362189039-2697129851-2754481102-1019\r\n\tAccount Name:\t\tCodexSandboxOnline\r\n\tAccount Domain:\t\tNISH\r\n\r\nProcess Information:\r\n\tProcess ID:\t\t0x40c8\r\n\tProcess Name:\t\tC:\\Windows\\System32\\svchost.exe"
    },
    {
        "RecordId": 3154040,
        "Id": 4798,
        "TimeCreated": "/Date(1785299049507)/",
        "MachineName": "Nish",
        "LevelDisplayName": "Information",
        "Message": "A user's local group membership was enumerated.\r\n\r\nSubject:\r\n\tSecurity ID:\t\tS-1-5-18\r\n\tAccount Name:\t\tNISH$\r\n\tAccount Domain:\t\tWORKGROUP\r\n\tLogon ID:\t\t0x3E7\r\n\r\nUser:\r\n\tSecurity ID:\t\tS-1-5-21-362189039-2697129851-2754481102-1018\r\n\tAccount Name:\t\tCodexSandboxOffline\r\n\tAccount Domain:\t\tNISH\r\n\r\nProcess Information:\r\n\tProcess ID:\t\t0x40c8\r\n\tProcess Name:\t\tC:\\Windows\\System32\\svchost.exe"
    },
    {
        "RecordId": 3154039,
        "Id": 4798,
        "TimeCreated": "/Date(1785299049504)/",
        "MachineName": "Nish",
        "LevelDisplayName": "Information",
        "Message": "A user's local group membership was enumerated.\r\n\r\nSubject:\r\n\tSecurity ID:\t\tS-1-5-18\r\n\tAccount Name:\t\tNISH$\r\n\tAccount Domain:\t\tWORKGROUP\r\n\tLogon ID:\t\t0x3E7\r\n\r\nUser:\r\n\tSecurity ID:\t\tS-1-5-21-362189039-2697129851-2754481102-500\r\n\tAccount Name:\t\tAdministrator\r\n\tAccount Domain:\t\tNISH\r\n\r\nProcess Information:\r\n\tProcess ID:\t\t0x40c8\r\n\tProcess Name:\t\tC:\\Windows\\System32\\svchost.exe"
    },
    {
        "RecordId": 3154037,
        "Id": 4624,
        "TimeCreated": "/Date(1785299045853)/",
        "MachineName": "Nish",
        "LevelDisplayName": "Information",
        "Message": "An account was successfully logged on.\r\n\r\nSubject:\r\n\tSecurity ID:\t\tS-1-5-18\r\n\tAccount Name:\t\tNISH$\r\n\tAccount Domain:\t\tWORKGROUP\r\n\tLogon ID:\t\t0x3E7\r\n\r\nLogon Information:\r\n\tLogon Type:\t\t5\r\n\tRestricted Admin Mode:\t-\r\n\tRemote Credential Guard:\t-\r\n\tVirtual Account:\t\tNo\r\n\tElevated Token:\t\tYes\r\n\r\nImpersonation Level:\t\tImpersonation\r\n\r\nNew Logon:\r\n\tSecurity ID:\t\tS-1-5-18\r\n\tAccount Name:\t\tSYSTEM\r\n\tAccount Domain:\t\tNT AUTHORITY\r\n\tLogon ID:\t\t0x3E7\r\n\tLinked Logon ID:\t\t0x0\r\n\tNetwork Account Name:\t-\r\n\tNetwork Account Domain:\t-\r\n\tLogon GUID:\t\t{00000000-0000-0000-0000-000000000000}\r\n\r\nProcess Information:\r\n\tProcess ID:\t\t0x648\r\n\tProcess Name:\t\tC:\\Windows\\System32\\services.exe\r\n\r\nNetwork Information:\r\n\tWorkstation Name:\t-\r\n\tSource Network Address:\t-\r\n\tSource Port:\t\t-\r\n\r\nDetailed Authentication Information:\r\n\tLogon Process:\t\tAdvapi  \r\n\tAuthentication Package:\tNegotiate\r\n\tTransited Services:\t-\r\n\tPackage Name (NTLM only):\t-\r\n\tKey Length:\t\t0\r\n\r\nThis event is generated when a logon session is created. It is generated on the computer that was accessed.\r\n\r\nThe subject fields indicate the account on the local system which requested the logon. This is most commonly a service such as the Server service, or a local process such as Winlogon.exe or Services.exe.\r\n\r\nThe logon type field indicates the kind of logon that occurred. The most common types are 2 (interactive) and 3 (network).\r\n\r\nThe New Logon fields indicate the account for whom the new logon was created, i.e. the account that was logged on.\r\n\r\nThe network fields indicate where a remote logon request originated. Workstation name is not always available and may be left blank in some cases.\r\n\r\nThe impersonation level field indicates the extent to which a process in the logon session can impersonate.\r\n\r\nThe authentication information fields provide detailed information about this specific logon request.\r\n\t- Logon GUID is a unique identifier that can be used to correlate this event with a KDC event.\r\n\t- Transited services indicate which intermediate services have participated in this logon request.\r\n\t- Package name indicates which sub-protocol was used among the NTLM protocols.\r\n\t- Key length indicates the length of the generated session key. This will be 0 if no session key was requested."
    },
    {
        "RecordId": 3154036,
        "Id": 4798,
        "TimeCreated": "/Date(1785299025493)/",
        "MachineName": "Nish",
        "LevelDisplayName": "Information",
        "Message": "A user's local group membership was enumerated.\r\n\r\nSubject:\r\n\tSecurity ID:\t\tS-1-5-18\r\n\tAccount Name:\t\tNISH$\r\n\tAccount Domain:\t\tWORKGROUP\r\n\tLogon ID:\t\t0x3E7\r\n\r\nUser:\r\n\tSecurity ID:\t\tS-1-5-21-362189039-2697129851-2754481102-1001\r\n\tAccount Name:\t\trish2\r\n\tAccount Domain:\t\tNISH\r\n\r\nProcess Information:\r\n\tProcess ID:\t\t0x40c8\r\n\tProcess Name:\t\tC:\\Windows\\System32\\svchost.exe"
    },
    {
        "RecordId": 3154035,
        "Id": 4798,
        "TimeCreated": "/Date(1785299025491)/",
        "MachineName": "Nish",
        "LevelDisplayName": "Information",
        "Message": "A user's local group membership was enumerated.\r\n\r\nSubject:\r\n\tSecurity ID:\t\tS-1-5-18\r\n\tAccount Name:\t\tNISH$\r\n\tAccount Domain:\t\tWORKGROUP\r\n\tLogon ID:\t\t0x3E7\r\n\r\nUser:\r\n\tSecurity ID:\t\tS-1-5-21-362189039-2697129851-2754481102-501\r\n\tAccount Name:\t\tGuest\r\n\tAccount Domain:\t\tNISH\r\n\r\nProcess Information:\r\n\tProcess ID:\t\t0x40c8\r\n\tProcess Name:\t\tC:\\Windows\\System32\\svchost.exe"
    },
    {
        "RecordId": 3154034,
        "Id": 4798,
        "TimeCreated": "/Date(1785299025489)/",
        "MachineName": "Nish",
        "LevelDisplayName": "Information",
        "Message": "A user's local group membership was enumerated.\r\n\r\nSubject:\r\n\tSecurity ID:\t\tS-1-5-18\r\n\tAccount Name:\t\tNISH$\r\n\tAccount Domain:\t\tWORKGROUP\r\n\tLogon ID:\t\t0x3E7\r\n\r\nUser:\r\n\tSecurity ID:\t\tS-1-5-21-362189039-2697129851-2754481102-503\r\n\tAccount Name:\t\tDefaultAccount\r\n\tAccount Domain:\t\tNISH\r\n\r\nProcess Information:\r\n\tProcess ID:\t\t0x40c8\r\n\tProcess Name:\t\tC:\\Windows\\System32\\svchost.exe"
    },
    {
        "RecordId": 3154033,
        "Id": 4798,
        "TimeCreated": "/Date(1785299025487)/",
        "MachineName": "Nish",
        "LevelDisplayName": "Information",
        "Message": "A user's local group membership was enumerated.\r\n\r\nSubject:\r\n\tSecurity ID:\t\tS-1-5-18\r\n\tAccount Name:\t\tNISH$\r\n\tAccount Domain:\t\tWORKGROUP\r\n\tLogon ID:\t\t0x3E7\r\n\r\nUser:\r\n\tSecurity ID:\t\tS-1-5-21-362189039-2697129851-2754481102-1019\r\n\tAccount Name:\t\tCodexSandboxOnline\r\n\tAccount Domain:\t\tNISH\r\n\r\nProcess Information:\r\n\tProcess ID:\t\t0x40c8\r\n\tProcess Name:\t\tC:\\Windows\\System32\\svchost.exe"
    },
    {
        "RecordId": 3154032,
        "Id": 4798,
        "TimeCreated": "/Date(1785299025485)/",
        "MachineName": "Nish",
        "LevelDisplayName": "Information",
        "Message": "A user's local group membership was enumerated.\r\n\r\nSubject:\r\n\tSecurity ID:\t\tS-1-5-18\r\n\tAccount Name:\t\tNISH$\r\n\tAccount Domain:\t\tWORKGROUP\r\n\tLogon ID:\t\t0x3E7\r\n\r\nUser:\r\n\tSecurity ID:\t\tS-1-5-21-362189039-2697129851-2754481102-1018\r\n\tAccount Name:\t\tCodexSandboxOffline\r\n\tAccount Domain:\t\tNISH\r\n\r\nProcess Information:\r\n\tProcess ID:\t\t0x40c8\r\n\tProcess Name:\t\tC:\\Windows\\System32\\svchost.exe"
    },
    {
        "RecordId": 3154031,
        "Id": 4798,
        "TimeCreated": "/Date(1785299025483)/",
        "MachineName": "Nish",
        "LevelDisplayName": "Information",
        "Message": "A user's local group membership was enumerated.\r\n\r\nSubject:\r\n\tSecurity ID:\t\tS-1-5-18\r\n\tAccount Name:\t\tNISH$\r\n\tAccount Domain:\t\tWORKGROUP\r\n\tLogon ID:\t\t0x3E7\r\n\r\nUser:\r\n\tSecurity ID:\t\tS-1-5-21-362189039-2697129851-2754481102-500\r\n\tAccount Name:\t\tAdministrator\r\n\tAccount Domain:\t\tNISH\r\n\r\nProcess Information:\r\n\tProcess ID:\t\t0x40c8\r\n\tProcess Name:\t\tC:\\Windows\\System32\\svchost.exe"
    },
    {
        "RecordId": 3154030,
        "Id": 4798,
        "TimeCreated": "/Date(1785299025471)/",
        "MachineName": "Nish",
        "LevelDisplayName": "Information",
        "Message": "A user's local group membership was enumerated.\r\n\r\nSubject:\r\n\tSecurity ID:\t\tS-1-5-18\r\n\tAccount Name:\t\tNISH$\r\n\tAccount Domain:\t\tWORKGROUP\r\n\tLogon ID:\t\t0x3E7\r\n\r\nUser:\r\n\tSecurity ID:\t\tS-1-5-21-362189039-2697129851-2754481102-1001\r\n\tAccount Name:\t\trish2\r\n\tAccount Domain:\t\tNISH\r\n\r\nProcess Information:\r\n\tProcess ID:\t\t0x40c8\r\n\tProcess Name:\t\tC:\\Windows\\System32\\svchost.exe"
    },
    {
        "RecordId": 3154029,
        "Id": 4798,
        "TimeCreated": "/Date(1785299025469)/",
        "MachineName": "Nish",
        "LevelDisplayName": "Information",
        "Message": "A user's local group membership was enumerated.\r\n\r\nSubject:\r\n\tSecurity ID:\t\tS-1-5-18\r\n\tAccount Name:\t\tNISH$\r\n\tAccount Domain:\t\tWORKGROUP\r\n\tLogon ID:\t\t0x3E7\r\n\r\nUser:\r\n\tSecurity ID:\t\tS-1-5-21-362189039-2697129851-2754481102-501\r\n\tAccount Name:\t\tGuest\r\n\tAccount Domain:\t\tNISH\r\n\r\nProcess Information:\r\n\tProcess ID:\t\t0x40c8\r\n\tProcess Name:\t\tC:\\Windows\\System32\\svchost.exe"
    },
    {
        "RecordId": 3154028,
        "Id": 4798,
        "TimeCreated": "/Date(1785299025468)/",
        "MachineName": "Nish",
        "LevelDisplayName": "Information",
        "Message": "A user's local group membership was enumerated.\r\n\r\nSubject:\r\n\tSecurity ID:\t\tS-1-5-18\r\n\tAccount Name:\t\tNISH$\r\n\tAccount Domain:\t\tWORKGROUP\r\n\tLogon ID:\t\t0x3E7\r\n\r\nUser:\r\n\tSecurity ID:\t\tS-1-5-21-362189039-2697129851-2754481102-503\r\n\tAccount Name:\t\tDefaultAccount\r\n\tAccount Domain:\t\tNISH\r\n\r\nProcess Information:\r\n\tProcess ID:\t\t0x40c8\r\n\tProcess Name:\t\tC:\\Windows\\System32\\svchost.exe"
    },
    {
        "RecordId": 3154027,
        "Id": 4798,
        "TimeCreated": "/Date(1785299025467)/",
        "MachineName": "Nish",
        "LevelDisplayName": "Information",
        "Message": "A user's local group membership was enumerated.\r\n\r\nSubject:\r\n\tSecurity ID:\t\tS-1-5-18\r\n\tAccount Name:\t\tNISH$\r\n\tAccount Domain:\t\tWORKGROUP\r\n\tLogon ID:\t\t0x3E7\r\n\r\nUser:\r\n\tSecurity ID:\t\tS-1-5-21-362189039-2697129851-2754481102-1019\r\n\tAccount Name:\t\tCodexSandboxOnline\r\n\tAccount Domain:\t\tNISH\r\n\r\nProcess Information:\r\n\tProcess ID:\t\t0x40c8\r\n\tProcess Name:\t\tC:\\Windows\\System32\\svchost.exe"
    },
    {
        "RecordId": 3154026,
        "Id": 4798,
        "TimeCreated": "/Date(1785299025466)/",
        "MachineName": "Nish",
        "LevelDisplayName": "Information",
        "Message": "A user's local group membership was enumerated.\r\n\r\nSubject:\r\n\tSecurity ID:\t\tS-1-5-18\r\n\tAccount Name:\t\tNISH$\r\n\tAccount Domain:\t\tWORKGROUP\r\n\tLogon ID:\t\t0x3E7\r\n\r\nUser:\r\n\tSecurity ID:\t\tS-1-5-21-362189039-2697129851-2754481102-1018\r\n\tAccount Name:\t\tCodexSandboxOffline\r\n\tAccount Domain:\t\tNISH\r\n\r\nProcess Information:\r\n\tProcess ID:\t\t0x40c8\r\n\tProcess Name:\t\tC:\\Windows\\System32\\svchost.exe"
    },
    {
        "RecordId": 3154025,
        "Id": 4798,
        "TimeCreated": "/Date(1785299025464)/",
        "MachineName": "Nish",
        "LevelDisplayName": "Information",
        "Message": "A user's local group membership was enumerated.\r\n\r\nSubject:\r\n\tSecurity ID:\t\tS-1-5-18\r\n\tAccount Name:\t\tNISH$\r\n\tAccount Domain:\t\tWORKGROUP\r\n\tLogon ID:\t\t0x3E7\r\n\r\nUser:\r\n\tSecurity ID:\t\tS-1-5-21-362189039-2697129851-2754481102-500\r\n\tAccount Name:\t\tAdministrator\r\n\tAccount Domain:\t\tNISH\r\n\r\nProcess Information:\r\n\tProcess ID:\t\t0x40c8\r\n\tProcess Name:\t\tC:\\Windows\\System32\\svchost.exe"
    },
    {
        "RecordId": 3154024,
        "Id": 4798,
        "TimeCreated": "/Date(1785299021309)/",
        "MachineName": "Nish",
        "LevelDisplayName": "Information",
        "Message": "A user's local group membership was enumerated.\r\n\r\nSubject:\r\n\tSecurity ID:\t\tS-1-5-18\r\n\tAccount Name:\t\tNISH$\r\n\tAccount Domain:\t\tWORKGROUP\r\n\tLogon ID:\t\t0x3E7\r\n\r\nUser:\r\n\tSecurity ID:\t\tS-1-5-21-362189039-2697129851-2754481102-1001\r\n\tAccount Name:\t\trish2\r\n\tAccount Domain:\t\tNISH\r\n\r\nProcess Information:\r\n\tProcess ID:\t\t0x40c8\r\n\tProcess Name:\t\tC:\\Windows\\System32\\svchost.exe"
    },
    {
        "RecordId": 3154023,
        "Id": 4798,
        "TimeCreated": "/Date(1785299021307)/",
        "MachineName": "Nish",
        "LevelDisplayName": "Information",
        "Message": "A user's local group membership was enumerated.\r\n\r\nSubject:\r\n\tSecurity ID:\t\tS-1-5-18\r\n\tAccount Name:\t\tNISH$\r\n\tAccount Domain:\t\tWORKGROUP\r\n\tLogon ID:\t\t0x3E7\r\n\r\nUser:\r\n\tSecurity ID:\t\tS-1-5-21-362189039-2697129851-2754481102-501\r\n\tAccount Name:\t\tGuest\r\n\tAccount Domain:\t\tNISH\r\n\r\nProcess Information:\r\n\tProcess ID:\t\t0x40c8\r\n\tProcess Name:\t\tC:\\Windows\\System32\\svchost.exe"
    },
    {
        "RecordId": 3154022,
        "Id": 4798,
        "TimeCreated": "/Date(1785299021305)/",
        "MachineName": "Nish",
        "LevelDisplayName": "Information",
        "Message": "A user's local group membership was enumerated.\r\n\r\nSubject:\r\n\tSecurity ID:\t\tS-1-5-18\r\n\tAccount Name:\t\tNISH$\r\n\tAccount Domain:\t\tWORKGROUP\r\n\tLogon ID:\t\t0x3E7\r\n\r\nUser:\r\n\tSecurity ID:\t\tS-1-5-21-362189039-2697129851-2754481102-503\r\n\tAccount Name:\t\tDefaultAccount\r\n\tAccount Domain:\t\tNISH\r\n\r\nProcess Information:\r\n\tProcess ID:\t\t0x40c8\r\n\tProcess Name:\t\tC:\\Windows\\System32\\svchost.exe"
    },
    {
        "RecordId": 3154021,
        "Id": 4798,
        "TimeCreated": "/Date(1785299021304)/",
        "MachineName": "Nish",
        "LevelDisplayName": "Information",
        "Message": "A user's local group membership was enumerated.\r\n\r\nSubject:\r\n\tSecurity ID:\t\tS-1-5-18\r\n\tAccount Name:\t\tNISH$\r\n\tAccount Domain:\t\tWORKGROUP\r\n\tLogon ID:\t\t0x3E7\r\n\r\nUser:\r\n\tSecurity ID:\t\tS-1-5-21-362189039-2697129851-2754481102-1019\r\n\tAccount Name:\t\tCodexSandboxOnline\r\n\tAccount Domain:\t\tNISH\r\n\r\nProcess Information:\r\n\tProcess ID:\t\t0x40c8\r\n\tProcess Name:\t\tC:\\Windows\\System32\\svchost.exe"
    },
    {
        "RecordId": 3154020,
        "Id": 4798,
        "TimeCreated": "/Date(1785299021303)/",
        "MachineName": "Nish",
        "LevelDisplayName": "Information",
        "Message": "A user's local group membership was enumerated.\r\n\r\nSubject:\r\n\tSecurity ID:\t\tS-1-5-18\r\n\tAccount Name:\t\tNISH$\r\n\tAccount Domain:\t\tWORKGROUP\r\n\tLogon ID:\t\t0x3E7\r\n\r\nUser:\r\n\tSecurity ID:\t\tS-1-5-21-362189039-2697129851-2754481102-1018\r\n\tAccount Name:\t\tCodexSandboxOffline\r\n\tAccount Domain:\t\tNISH\r\n\r\nProcess Information:\r\n\tProcess ID:\t\t0x40c8\r\n\tProcess Name:\t\tC:\\Windows\\System32\\svchost.exe"
    },
    {
        "RecordId": 3154019,
        "Id": 4798,
        "TimeCreated": "/Date(1785299021302)/",
        "MachineName": "Nish",
        "LevelDisplayName": "Information",
        "Message": "A user's local group membership was enumerated.\r\n\r\nSubject:\r\n\tSecurity ID:\t\tS-1-5-18\r\n\tAccount Name:\t\tNISH$\r\n\tAccount Domain:\t\tWORKGROUP\r\n\tLogon ID:\t\t0x3E7\r\n\r\nUser:\r\n\tSecurity ID:\t\tS-1-5-21-362189039-2697129851-2754481102-500\r\n\tAccount Name:\t\tAdministrator\r\n\tAccount Domain:\t\tNISH\r\n\r\nProcess Information:\r\n\tProcess ID:\t\t0x40c8\r\n\tProcess Name:\t\tC:\\Windows\\System32\\svchost.exe"
    },
    {
        "RecordId": 3154018,
        "Id": 4798,
        "TimeCreated": "/Date(1785299021292)/",
        "MachineName": "Nish",
        "LevelDisplayName": "Information",
        "Message": "A user's local group membership was enumerated.\r\n\r\nSubject:\r\n\tSecurity ID:\t\tS-1-5-18\r\n\tAccount Name:\t\tNISH$\r\n\tAccount Domain:\t\tWORKGROUP\r\n\tLogon ID:\t\t0x3E7\r\n\r\nUser:\r\n\tSecurity ID:\t\tS-1-5-21-362189039-2697129851-2754481102-1001\r\n\tAccount Name:\t\trish2\r\n\tAccount Domain:\t\tNISH\r\n\r\nProcess Information:\r\n\tProcess ID:\t\t0x40c8\r\n\tProcess Name:\t\tC:\\Windows\\System32\\svchost.exe"
    },
    {
        "RecordId": 3154017,
        "Id": 4798,
        "TimeCreated": "/Date(1785299021291)/",
        "MachineName": "Nish",
        "LevelDisplayName": "Information",
        "Message": "A user's local group membership was enumerated.\r\n\r\nSubject:\r\n\tSecurity ID:\t\tS-1-5-18\r\n\tAccount Name:\t\tNISH$\r\n\tAccount Domain:\t\tWORKGROUP\r\n\tLogon ID:\t\t0x3E7\r\n\r\nUser:\r\n\tSecurity ID:\t\tS-1-5-21-362189039-2697129851-2754481102-501\r\n\tAccount Name:\t\tGuest\r\n\tAccount Domain:\t\tNISH\r\n\r\nProcess Information:\r\n\tProcess ID:\t\t0x40c8\r\n\tProcess Name:\t\tC:\\Windows\\System32\\svchost.exe"
    },
    {
        "RecordId": 3154016,
        "Id": 4798,
        "TimeCreated": "/Date(1785299021289)/",
        "MachineName": "Nish",
        "LevelDisplayName": "Information",
        "Message": "A user's local group membership was enumerated.\r\n\r\nSubject:\r\n\tSecurity ID:\t\tS-1-5-18\r\n\tAccount Name:\t\tNISH$\r\n\tAccount Domain:\t\tWORKGROUP\r\n\tLogon ID:\t\t0x3E7\r\n\r\nUser:\r\n\tSecurity ID:\t\tS-1-5-21-362189039-2697129851-2754481102-503\r\n\tAccount Name:\t\tDefaultAccount\r\n\tAccount Domain:\t\tNISH\r\n\r\nProcess Information:\r\n\tProcess ID:\t\t0x40c8\r\n\tProcess Name:\t\tC:\\Windows\\System32\\svchost.exe"
    },
    {
        "RecordId": 3154015,
        "Id": 4798,
        "TimeCreated": "/Date(1785299021287)/",
        "MachineName": "Nish",
        "LevelDisplayName": "Information",
        "Message": "A user's local group membership was enumerated.\r\n\r\nSubject:\r\n\tSecurity ID:\t\tS-1-5-18\r\n\tAccount Name:\t\tNISH$\r\n\tAccount Domain:\t\tWORKGROUP\r\n\tLogon ID:\t\t0x3E7\r\n\r\nUser:\r\n\tSecurity ID:\t\tS-1-5-21-362189039-2697129851-2754481102-1019\r\n\tAccount Name:\t\tCodexSandboxOnline\r\n\tAccount Domain:\t\tNISH\r\n\r\nProcess Information:\r\n\tProcess ID:\t\t0x40c8\r\n\tProcess Name:\t\tC:\\Windows\\System32\\svchost.exe"
    },
    {
        "RecordId": 3154014,
        "Id": 4798,
        "TimeCreated": "/Date(1785299021286)/",
        "MachineName": "Nish",
        "LevelDisplayName": "Information",
        "Message": "A user's local group membership was enumerated.\r\n\r\nSubject:\r\n\tSecurity ID:\t\tS-1-5-18\r\n\tAccount Name:\t\tNISH$\r\n\tAccount Domain:\t\tWORKGROUP\r\n\tLogon ID:\t\t0x3E7\r\n\r\nUser:\r\n\tSecurity ID:\t\tS-1-5-21-362189039-2697129851-2754481102-1018\r\n\tAccount Name:\t\tCodexSandboxOffline\r\n\tAccount Domain:\t\tNISH\r\n\r\nProcess Information:\r\n\tProcess ID:\t\t0x40c8\r\n\tProcess Name:\t\tC:\\Windows\\System32\\svchost.exe"
    },
