    {
        "RecordId": 3154013,
        "Id": 4798,
        "TimeCreated": "/Date(1785299021283)/",
        "MachineName": "Nish",
        "LevelDisplayName": "Information",
        "Message": "A user's local group membership was enumerated.\r\n\r\nSubject:\r\n\tSecurity ID:\t\tS-1-5-18\r\n\tAccount Name:\t\tNISH$\r\n\tAccount Domain:\t\tWORKGROUP\r\n\tLogon ID:\t\t0x3E7\r\n\r\nUser:\r\n\tSecurity ID:\t\tS-1-5-21-362189039-2697129851-2754481102-500\r\n\tAccount Name:\t\tAdministrator\r\n\tAccount Domain:\t\tNISH\r\n\r\nProcess Information:\r\n\tProcess ID:\t\t0x40c8\r\n\tProcess Name:\t\tC:\\Windows\\System32\\svchost.exe"
    },
    {
        "RecordId": 3154012,
        "Id": 4798,
        "TimeCreated": "/Date(1785299000406)/",
        "MachineName": "Nish",
        "LevelDisplayName": "Information",
        "Message": "A user's local group membership was enumerated.\r\n\r\nSubject:\r\n\tSecurity ID:\t\tS-1-5-18\r\n\tAccount Name:\t\tNISH$\r\n\tAccount Domain:\t\tWORKGROUP\r\n\tLogon ID:\t\t0x3E7\r\n\r\nUser:\r\n\tSecurity ID:\t\tS-1-5-21-362189039-2697129851-2754481102-1001\r\n\tAccount Name:\t\trish2\r\n\tAccount Domain:\t\tNISH\r\n\r\nProcess Information:\r\n\tProcess ID:\t\t0x40c8\r\n\tProcess Name:\t\tC:\\Windows\\System32\\svchost.exe"
    },
    {
        "RecordId": 3154011,
        "Id": 4798,
        "TimeCreated": "/Date(1785299000405)/",
        "MachineName": "Nish",
        "LevelDisplayName": "Information",
        "Message": "A user's local group membership was enumerated.\r\n\r\nSubject:\r\n\tSecurity ID:\t\tS-1-5-18\r\n\tAccount Name:\t\tNISH$\r\n\tAccount Domain:\t\tWORKGROUP\r\n\tLogon ID:\t\t0x3E7\r\n\r\nUser:\r\n\tSecurity ID:\t\tS-1-5-21-362189039-2697129851-2754481102-501\r\n\tAccount Name:\t\tGuest\r\n\tAccount Domain:\t\tNISH\r\n\r\nProcess Information:\r\n\tProcess ID:\t\t0x40c8\r\n\tProcess Name:\t\tC:\\Windows\\System32\\svchost.exe"
    },
    {
        "RecordId": 3154010,
        "Id": 4798,
        "TimeCreated": "/Date(1785299000404)/",
        "MachineName": "Nish",
        "LevelDisplayName": "Information",
        "Message": "A user's local group membership was enumerated.\r\n\r\nSubject:\r\n\tSecurity ID:\t\tS-1-5-18\r\n\tAccount Name:\t\tNISH$\r\n\tAccount Domain:\t\tWORKGROUP\r\n\tLogon ID:\t\t0x3E7\r\n\r\nUser:\r\n\tSecurity ID:\t\tS-1-5-21-362189039-2697129851-2754481102-503\r\n\tAccount Name:\t\tDefaultAccount\r\n\tAccount Domain:\t\tNISH\r\n\r\nProcess Information:\r\n\tProcess ID:\t\t0x40c8\r\n\tProcess Name:\t\tC:\\Windows\\System32\\svchost.exe"
    },
    {
        "RecordId": 3154009,
        "Id": 4798,
        "TimeCreated": "/Date(1785299000403)/",
        "MachineName": "Nish",
        "LevelDisplayName": "Information",
        "Message": "A user's local group membership was enumerated.\r\n\r\nSubject:\r\n\tSecurity ID:\t\tS-1-5-18\r\n\tAccount Name:\t\tNISH$\r\n\tAccount Domain:\t\tWORKGROUP\r\n\tLogon ID:\t\t0x3E7\r\n\r\nUser:\r\n\tSecurity ID:\t\tS-1-5-21-362189039-2697129851-2754481102-1019\r\n\tAccount Name:\t\tCodexSandboxOnline\r\n\tAccount Domain:\t\tNISH\r\n\r\nProcess Information:\r\n\tProcess ID:\t\t0x40c8\r\n\tProcess Name:\t\tC:\\Windows\\System32\\svchost.exe"
    },
    {
        "RecordId": 3154008,
        "Id": 4798,
        "TimeCreated": "/Date(1785299000402)/",
        "MachineName": "Nish",
        "LevelDisplayName": "Information",
        "Message": "A user's local group membership was enumerated.\r\n\r\nSubject:\r\n\tSecurity ID:\t\tS-1-5-18\r\n\tAccount Name:\t\tNISH$\r\n\tAccount Domain:\t\tWORKGROUP\r\n\tLogon ID:\t\t0x3E7\r\n\r\nUser:\r\n\tSecurity ID:\t\tS-1-5-21-362189039-2697129851-2754481102-1018\r\n\tAccount Name:\t\tCodexSandboxOffline\r\n\tAccount Domain:\t\tNISH\r\n\r\nProcess Information:\r\n\tProcess ID:\t\t0x40c8\r\n\tProcess Name:\t\tC:\\Windows\\System32\\svchost.exe"
    },
    {
        "RecordId": 3154007,
        "Id": 4798,
        "TimeCreated": "/Date(1785299000401)/",
        "MachineName": "Nish",
        "LevelDisplayName": "Information",
        "Message": "A user's local group membership was enumerated.\r\n\r\nSubject:\r\n\tSecurity ID:\t\tS-1-5-18\r\n\tAccount Name:\t\tNISH$\r\n\tAccount Domain:\t\tWORKGROUP\r\n\tLogon ID:\t\t0x3E7\r\n\r\nUser:\r\n\tSecurity ID:\t\tS-1-5-21-362189039-2697129851-2754481102-500\r\n\tAccount Name:\t\tAdministrator\r\n\tAccount Domain:\t\tNISH\r\n\r\nProcess Information:\r\n\tProcess ID:\t\t0x40c8\r\n\tProcess Name:\t\tC:\\Windows\\System32\\svchost.exe"
    },
    {
        "RecordId": 3154006,
        "Id": 4798,
        "TimeCreated": "/Date(1785299000391)/",
        "MachineName": "Nish",
        "LevelDisplayName": "Information",
        "Message": "A user's local group membership was enumerated.\r\n\r\nSubject:\r\n\tSecurity ID:\t\tS-1-5-18\r\n\tAccount Name:\t\tNISH$\r\n\tAccount Domain:\t\tWORKGROUP\r\n\tLogon ID:\t\t0x3E7\r\n\r\nUser:\r\n\tSecurity ID:\t\tS-1-5-21-362189039-2697129851-2754481102-1001\r\n\tAccount Name:\t\trish2\r\n\tAccount Domain:\t\tNISH\r\n\r\nProcess Information:\r\n\tProcess ID:\t\t0x40c8\r\n\tProcess Name:\t\tC:\\Windows\\System32\\svchost.exe"
    },
    {
        "RecordId": 3154005,
        "Id": 4798,
        "TimeCreated": "/Date(1785299000389)/",
        "MachineName": "Nish",
        "LevelDisplayName": "Information",
        "Message": "A user's local group membership was enumerated.\r\n\r\nSubject:\r\n\tSecurity ID:\t\tS-1-5-18\r\n\tAccount Name:\t\tNISH$\r\n\tAccount Domain:\t\tWORKGROUP\r\n\tLogon ID:\t\t0x3E7\r\n\r\nUser:\r\n\tSecurity ID:\t\tS-1-5-21-362189039-2697129851-2754481102-501\r\n\tAccount Name:\t\tGuest\r\n\tAccount Domain:\t\tNISH\r\n\r\nProcess Information:\r\n\tProcess ID:\t\t0x40c8\r\n\tProcess Name:\t\tC:\\Windows\\System32\\svchost.exe"
    },
    {
        "RecordId": 3154004,
        "Id": 4798,
        "TimeCreated": "/Date(1785299000388)/",
        "MachineName": "Nish",
        "LevelDisplayName": "Information",
        "Message": "A user's local group membership was enumerated.\r\n\r\nSubject:\r\n\tSecurity ID:\t\tS-1-5-18\r\n\tAccount Name:\t\tNISH$\r\n\tAccount Domain:\t\tWORKGROUP\r\n\tLogon ID:\t\t0x3E7\r\n\r\nUser:\r\n\tSecurity ID:\t\tS-1-5-21-362189039-2697129851-2754481102-503\r\n\tAccount Name:\t\tDefaultAccount\r\n\tAccount Domain:\t\tNISH\r\n\r\nProcess Information:\r\n\tProcess ID:\t\t0x40c8\r\n\tProcess Name:\t\tC:\\Windows\\System32\\svchost.exe"
    },
    {
        "RecordId": 3154003,
        "Id": 4798,
        "TimeCreated": "/Date(1785299000387)/",
        "MachineName": "Nish",
        "LevelDisplayName": "Information",
        "Message": "A user's local group membership was enumerated.\r\n\r\nSubject:\r\n\tSecurity ID:\t\tS-1-5-18\r\n\tAccount Name:\t\tNISH$\r\n\tAccount Domain:\t\tWORKGROUP\r\n\tLogon ID:\t\t0x3E7\r\n\r\nUser:\r\n\tSecurity ID:\t\tS-1-5-21-362189039-2697129851-2754481102-1019\r\n\tAccount Name:\t\tCodexSandboxOnline\r\n\tAccount Domain:\t\tNISH\r\n\r\nProcess Information:\r\n\tProcess ID:\t\t0x40c8\r\n\tProcess Name:\t\tC:\\Windows\\System32\\svchost.exe"
    },
    {
        "RecordId": 3154002,
        "Id": 4798,
        "TimeCreated": "/Date(1785299000385)/",
        "MachineName": "Nish",
        "LevelDisplayName": "Information",
        "Message": "A user's local group membership was enumerated.\r\n\r\nSubject:\r\n\tSecurity ID:\t\tS-1-5-18\r\n\tAccount Name:\t\tNISH$\r\n\tAccount Domain:\t\tWORKGROUP\r\n\tLogon ID:\t\t0x3E7\r\n\r\nUser:\r\n\tSecurity ID:\t\tS-1-5-21-362189039-2697129851-2754481102-1018\r\n\tAccount Name:\t\tCodexSandboxOffline\r\n\tAccount Domain:\t\tNISH\r\n\r\nProcess Information:\r\n\tProcess ID:\t\t0x40c8\r\n\tProcess Name:\t\tC:\\Windows\\System32\\svchost.exe"
    },
    {
        "RecordId": 3154001,
        "Id": 4798,
        "TimeCreated": "/Date(1785299000382)/",
        "MachineName": "Nish",
        "LevelDisplayName": "Information",
        "Message": "A user's local group membership was enumerated.\r\n\r\nSubject:\r\n\tSecurity ID:\t\tS-1-5-18\r\n\tAccount Name:\t\tNISH$\r\n\tAccount Domain:\t\tWORKGROUP\r\n\tLogon ID:\t\t0x3E7\r\n\r\nUser:\r\n\tSecurity ID:\t\tS-1-5-21-362189039-2697129851-2754481102-500\r\n\tAccount Name:\t\tAdministrator\r\n\tAccount Domain:\t\tNISH\r\n\r\nProcess Information:\r\n\tProcess ID:\t\t0x40c8\r\n\tProcess Name:\t\tC:\\Windows\\System32\\svchost.exe"
    },
    {
        "RecordId": 3153999,
        "Id": 4624,
        "TimeCreated": "/Date(1785298996785)/",
        "MachineName": "Nish",
        "LevelDisplayName": "Information",
        "Message": "An account was successfully logged on.\r\n\r\nSubject:\r\n\tSecurity ID:\t\tS-1-5-18\r\n\tAccount Name:\t\tNISH$\r\n\tAccount Domain:\t\tWORKGROUP\r\n\tLogon ID:\t\t0x3E7\r\n\r\nLogon Information:\r\n\tLogon Type:\t\t5\r\n\tRestricted Admin Mode:\t-\r\n\tRemote Credential Guard:\t-\r\n\tVirtual Account:\t\tNo\r\n\tElevated Token:\t\tYes\r\n\r\nImpersonation Level:\t\tImpersonation\r\n\r\nNew Logon:\r\n\tSecurity ID:\t\tS-1-5-18\r\n\tAccount Name:\t\tSYSTEM\r\n\tAccount Domain:\t\tNT AUTHORITY\r\n\tLogon ID:\t\t0x3E7\r\n\tLinked Logon ID:\t\t0x0\r\n\tNetwork Account Name:\t-\r\n\tNetwork Account Domain:\t-\r\n\tLogon GUID:\t\t{00000000-0000-0000-0000-000000000000}\r\n\r\nProcess Information:\r\n\tProcess ID:\t\t0x648\r\n\tProcess Name:\t\tC:\\Windows\\System32\\services.exe\r\n\r\nNetwork Information:\r\n\tWorkstation Name:\t-\r\n\tSource Network Address:\t-\r\n\tSource Port:\t\t-\r\n\r\nDetailed Authentication Information:\r\n\tLogon Process:\t\tAdvapi  \r\n\tAuthentication Package:\tNegotiate\r\n\tTransited Services:\t-\r\n\tPackage Name (NTLM only):\t-\r\n\tKey Length:\t\t0\r\n\r\nThis event is generated when a logon session is created. It is generated on the computer that was accessed.\r\n\r\nThe subject fields indicate the account on the local system which requested the logon. This is most commonly a service such as the Server service, or a local process such as Winlogon.exe or Services.exe.\r\n\r\nThe logon type field indicates the kind of logon that occurred. The most common types are 2 (interactive) and 3 (network).\r\n\r\nThe New Logon fields indicate the account for whom the new logon was created, i.e. the account that was logged on.\r\n\r\nThe network fields indicate where a remote logon request originated. Workstation name is not always available and may be left blank in some cases.\r\n\r\nThe impersonation level field indicates the extent to which a process in the logon session can impersonate.\r\n\r\nThe authentication information fields provide detailed information about this specific logon request.\r\n\t- Logon GUID is a unique identifier that can be used to correlate this event with a KDC event.\r\n\t- Transited services indicate which intermediate services have participated in this logon request.\r\n\t- Package name indicates which sub-protocol was used among the NTLM protocols.\r\n\t- Key length indicates the length of the generated session key. This will be 0 if no session key was requested."
    },
    {
        "RecordId": 3153996,
        "Id": 4624,
        "TimeCreated": "/Date(1785298994529)/",
        "MachineName": "Nish",
        "LevelDisplayName": "Information",
        "Message": "An account was successfully logged on.\r\n\r\nSubject:\r\n\tSecurity ID:\t\tS-1-5-18\r\n\tAccount Name:\t\tNISH$\r\n\tAccount Domain:\t\tWORKGROUP\r\n\tLogon ID:\t\t0x3E7\r\n\r\nLogon Information:\r\n\tLogon Type:\t\t5\r\n\tRestricted Admin Mode:\t-\r\n\tRemote Credential Guard:\t-\r\n\tVirtual Account:\t\tNo\r\n\tElevated Token:\t\tYes\r\n\r\nImpersonation Level:\t\tImpersonation\r\n\r\nNew Logon:\r\n\tSecurity ID:\t\tS-1-5-18\r\n\tAccount Name:\t\tSYSTEM\r\n\tAccount Domain:\t\tNT AUTHORITY\r\n\tLogon ID:\t\t0x3E7\r\n\tLinked Logon ID:\t\t0x0\r\n\tNetwork Account Name:\t-\r\n\tNetwork Account Domain:\t-\r\n\tLogon GUID:\t\t{00000000-0000-0000-0000-000000000000}\r\n\r\nProcess Information:\r\n\tProcess ID:\t\t0x648\r\n\tProcess Name:\t\tC:\\Windows\\System32\\services.exe\r\n\r\nNetwork Information:\r\n\tWorkstation Name:\t-\r\n\tSource Network Address:\t-\r\n\tSource Port:\t\t-\r\n\r\nDetailed Authentication Information:\r\n\tLogon Process:\t\tAdvapi  \r\n\tAuthentication Package:\tNegotiate\r\n\tTransited Services:\t-\r\n\tPackage Name (NTLM only):\t-\r\n\tKey Length:\t\t0\r\n\r\nThis event is generated when a logon session is created. It is generated on the computer that was accessed.\r\n\r\nThe subject fields indicate the account on the local system which requested the logon. This is most commonly a service such as the Server service, or a local process such as Winlogon.exe or Services.exe.\r\n\r\nThe logon type field indicates the kind of logon that occurred. The most common types are 2 (interactive) and 3 (network).\r\n\r\nThe New Logon fields indicate the account for whom the new logon was created, i.e. the account that was logged on.\r\n\r\nThe network fields indicate where a remote logon request originated. Workstation name is not always available and may be left blank in some cases.\r\n\r\nThe impersonation level field indicates the extent to which a process in the logon session can impersonate.\r\n\r\nThe authentication information fields provide detailed information about this specific logon request.\r\n\t- Logon GUID is a unique identifier that can be used to correlate this event with a KDC event.\r\n\t- Transited services indicate which intermediate services have participated in this logon request.\r\n\t- Package name indicates which sub-protocol was used among the NTLM protocols.\r\n\t- Key length indicates the length of the generated session key. This will be 0 if no session key was requested."
    },
    {
        "RecordId": 3153995,
        "Id": 4798,
        "TimeCreated": "/Date(1785298989525)/",
        "MachineName": "Nish",
        "LevelDisplayName": "Information",
        "Message": "A user's local group membership was enumerated.\r\n\r\nSubject:\r\n\tSecurity ID:\t\tS-1-5-18\r\n\tAccount Name:\t\tNISH$\r\n\tAccount Domain:\t\tWORKGROUP\r\n\tLogon ID:\t\t0x3E7\r\n\r\nUser:\r\n\tSecurity ID:\t\tS-1-5-21-362189039-2697129851-2754481102-1001\r\n\tAccount Name:\t\trish2\r\n\tAccount Domain:\t\tNISH\r\n\r\nProcess Information:\r\n\tProcess ID:\t\t0x40c8\r\n\tProcess Name:\t\tC:\\Windows\\System32\\svchost.exe"
    },
    {
        "RecordId": 3153994,
        "Id": 4798,
        "TimeCreated": "/Date(1785298989524)/",
        "MachineName": "Nish",
        "LevelDisplayName": "Information",
        "Message": "A user's local group membership was enumerated.\r\n\r\nSubject:\r\n\tSecurity ID:\t\tS-1-5-18\r\n\tAccount Name:\t\tNISH$\r\n\tAccount Domain:\t\tWORKGROUP\r\n\tLogon ID:\t\t0x3E7\r\n\r\nUser:\r\n\tSecurity ID:\t\tS-1-5-21-362189039-2697129851-2754481102-501\r\n\tAccount Name:\t\tGuest\r\n\tAccount Domain:\t\tNISH\r\n\r\nProcess Information:\r\n\tProcess ID:\t\t0x40c8\r\n\tProcess Name:\t\tC:\\Windows\\System32\\svchost.exe"
    },
    {
        "RecordId": 3153993,
        "Id": 4798,
        "TimeCreated": "/Date(1785298989522)/",
        "MachineName": "Nish",
        "LevelDisplayName": "Information",
        "Message": "A user's local group membership was enumerated.\r\n\r\nSubject:\r\n\tSecurity ID:\t\tS-1-5-18\r\n\tAccount Name:\t\tNISH$\r\n\tAccount Domain:\t\tWORKGROUP\r\n\tLogon ID:\t\t0x3E7\r\n\r\nUser:\r\n\tSecurity ID:\t\tS-1-5-21-362189039-2697129851-2754481102-503\r\n\tAccount Name:\t\tDefaultAccount\r\n\tAccount Domain:\t\tNISH\r\n\r\nProcess Information:\r\n\tProcess ID:\t\t0x40c8\r\n\tProcess Name:\t\tC:\\Windows\\System32\\svchost.exe"
    },
    {
        "RecordId": 3153992,
        "Id": 4798,
        "TimeCreated": "/Date(1785298989521)/",
        "MachineName": "Nish",
        "LevelDisplayName": "Information",
        "Message": "A user's local group membership was enumerated.\r\n\r\nSubject:\r\n\tSecurity ID:\t\tS-1-5-18\r\n\tAccount Name:\t\tNISH$\r\n\tAccount Domain:\t\tWORKGROUP\r\n\tLogon ID:\t\t0x3E7\r\n\r\nUser:\r\n\tSecurity ID:\t\tS-1-5-21-362189039-2697129851-2754481102-1019\r\n\tAccount Name:\t\tCodexSandboxOnline\r\n\tAccount Domain:\t\tNISH\r\n\r\nProcess Information:\r\n\tProcess ID:\t\t0x40c8\r\n\tProcess Name:\t\tC:\\Windows\\System32\\svchost.exe"
    },
    {
        "RecordId": 3153991,
        "Id": 4798,
        "TimeCreated": "/Date(1785298989520)/",
        "MachineName": "Nish",
        "LevelDisplayName": "Information",
        "Message": "A user's local group membership was enumerated.\r\n\r\nSubject:\r\n\tSecurity ID:\t\tS-1-5-18\r\n\tAccount Name:\t\tNISH$\r\n\tAccount Domain:\t\tWORKGROUP\r\n\tLogon ID:\t\t0x3E7\r\n\r\nUser:\r\n\tSecurity ID:\t\tS-1-5-21-362189039-2697129851-2754481102-1018\r\n\tAccount Name:\t\tCodexSandboxOffline\r\n\tAccount Domain:\t\tNISH\r\n\r\nProcess Information:\r\n\tProcess ID:\t\t0x40c8\r\n\tProcess Name:\t\tC:\\Windows\\System32\\svchost.exe"
    },
    {
        "RecordId": 3153990,
        "Id": 4798,
        "TimeCreated": "/Date(1785298989519)/",
        "MachineName": "Nish",
        "LevelDisplayName": "Information",
        "Message": "A user's local group membership was enumerated.\r\n\r\nSubject:\r\n\tSecurity ID:\t\tS-1-5-18\r\n\tAccount Name:\t\tNISH$\r\n\tAccount Domain:\t\tWORKGROUP\r\n\tLogon ID:\t\t0x3E7\r\n\r\nUser:\r\n\tSecurity ID:\t\tS-1-5-21-362189039-2697129851-2754481102-500\r\n\tAccount Name:\t\tAdministrator\r\n\tAccount Domain:\t\tNISH\r\n\r\nProcess Information:\r\n\tProcess ID:\t\t0x40c8\r\n\tProcess Name:\t\tC:\\Windows\\System32\\svchost.exe"
    },
    {
        "RecordId": 3153989,
        "Id": 4798,
        "TimeCreated": "/Date(1785298989510)/",
        "MachineName": "Nish",
        "LevelDisplayName": "Information",
        "Message": "A user's local group membership was enumerated.\r\n\r\nSubject:\r\n\tSecurity ID:\t\tS-1-5-18\r\n\tAccount Name:\t\tNISH$\r\n\tAccount Domain:\t\tWORKGROUP\r\n\tLogon ID:\t\t0x3E7\r\n\r\nUser:\r\n\tSecurity ID:\t\tS-1-5-21-362189039-2697129851-2754481102-1001\r\n\tAccount Name:\t\trish2\r\n\tAccount Domain:\t\tNISH\r\n\r\nProcess Information:\r\n\tProcess ID:\t\t0x40c8\r\n\tProcess Name:\t\tC:\\Windows\\System32\\svchost.exe"
    },
    {
        "RecordId": 3153988,
        "Id": 4798,
        "TimeCreated": "/Date(1785298989509)/",
        "MachineName": "Nish",
        "LevelDisplayName": "Information",
        "Message": "A user's local group membership was enumerated.\r\n\r\nSubject:\r\n\tSecurity ID:\t\tS-1-5-18\r\n\tAccount Name:\t\tNISH$\r\n\tAccount Domain:\t\tWORKGROUP\r\n\tLogon ID:\t\t0x3E7\r\n\r\nUser:\r\n\tSecurity ID:\t\tS-1-5-21-362189039-2697129851-2754481102-501\r\n\tAccount Name:\t\tGuest\r\n\tAccount Domain:\t\tNISH\r\n\r\nProcess Information:\r\n\tProcess ID:\t\t0x40c8\r\n\tProcess Name:\t\tC:\\Windows\\System32\\svchost.exe"
    },
    {
        "RecordId": 3153987,
        "Id": 4798,
        "TimeCreated": "/Date(1785298989508)/",
        "MachineName": "Nish",
        "LevelDisplayName": "Information",
        "Message": "A user's local group membership was enumerated.\r\n\r\nSubject:\r\n\tSecurity ID:\t\tS-1-5-18\r\n\tAccount Name:\t\tNISH$\r\n\tAccount Domain:\t\tWORKGROUP\r\n\tLogon ID:\t\t0x3E7\r\n\r\nUser:\r\n\tSecurity ID:\t\tS-1-5-21-362189039-2697129851-2754481102-503\r\n\tAccount Name:\t\tDefaultAccount\r\n\tAccount Domain:\t\tNISH\r\n\r\nProcess Information:\r\n\tProcess ID:\t\t0x40c8\r\n\tProcess Name:\t\tC:\\Windows\\System32\\svchost.exe"
    },
    {
        "RecordId": 3153986,
        "Id": 4798,
        "TimeCreated": "/Date(1785298989506)/",
        "MachineName": "Nish",
        "LevelDisplayName": "Information",
        "Message": "A user's local group membership was enumerated.\r\n\r\nSubject:\r\n\tSecurity ID:\t\tS-1-5-18\r\n\tAccount Name:\t\tNISH$\r\n\tAccount Domain:\t\tWORKGROUP\r\n\tLogon ID:\t\t0x3E7\r\n\r\nUser:\r\n\tSecurity ID:\t\tS-1-5-21-362189039-2697129851-2754481102-1019\r\n\tAccount Name:\t\tCodexSandboxOnline\r\n\tAccount Domain:\t\tNISH\r\n\r\nProcess Information:\r\n\tProcess ID:\t\t0x40c8\r\n\tProcess Name:\t\tC:\\Windows\\System32\\svchost.exe"
    },
    {
        "RecordId": 3153985,
        "Id": 4798,
        "TimeCreated": "/Date(1785298989505)/",
        "MachineName": "Nish",
        "LevelDisplayName": "Information",
        "Message": "A user's local group membership was enumerated.\r\n\r\nSubject:\r\n\tSecurity ID:\t\tS-1-5-18\r\n\tAccount Name:\t\tNISH$\r\n\tAccount Domain:\t\tWORKGROUP\r\n\tLogon ID:\t\t0x3E7\r\n\r\nUser:\r\n\tSecurity ID:\t\tS-1-5-21-362189039-2697129851-2754481102-1018\r\n\tAccount Name:\t\tCodexSandboxOffline\r\n\tAccount Domain:\t\tNISH\r\n\r\nProcess Information:\r\n\tProcess ID:\t\t0x40c8\r\n\tProcess Name:\t\tC:\\Windows\\System32\\svchost.exe"
    },
    {
        "RecordId": 3153984,
        "Id": 4798,
        "TimeCreated": "/Date(1785298989502)/",
        "MachineName": "Nish",
        "LevelDisplayName": "Information",
        "Message": "A user's local group membership was enumerated.\r\n\r\nSubject:\r\n\tSecurity ID:\t\tS-1-5-18\r\n\tAccount Name:\t\tNISH$\r\n\tAccount Domain:\t\tWORKGROUP\r\n\tLogon ID:\t\t0x3E7\r\n\r\nUser:\r\n\tSecurity ID:\t\tS-1-5-21-362189039-2697129851-2754481102-500\r\n\tAccount Name:\t\tAdministrator\r\n\tAccount Domain:\t\tNISH\r\n\r\nProcess Information:\r\n\tProcess ID:\t\t0x40c8\r\n\tProcess Name:\t\tC:\\Windows\\System32\\svchost.exe"
    },
    {
        "RecordId": 3153983,
        "Id": 4798,
        "TimeCreated": "/Date(1785298983770)/",
        "MachineName": "Nish",
        "LevelDisplayName": "Information",
        "Message": "A user's local group membership was enumerated.\r\n\r\nSubject:\r\n\tSecurity ID:\t\tS-1-5-18\r\n\tAccount Name:\t\tNISH$\r\n\tAccount Domain:\t\tWORKGROUP\r\n\tLogon ID:\t\t0x3E7\r\n\r\nUser:\r\n\tSecurity ID:\t\tS-1-5-21-362189039-2697129851-2754481102-1001\r\n\tAccount Name:\t\trish2\r\n\tAccount Domain:\t\tNISH\r\n\r\nProcess Information:\r\n\tProcess ID:\t\t0x40c8\r\n\tProcess Name:\t\tC:\\Windows\\System32\\svchost.exe"
    },
    {
        "RecordId": 3153982,
        "Id": 4798,
        "TimeCreated": "/Date(1785298983769)/",
        "MachineName": "Nish",
        "LevelDisplayName": "Information",
        "Message": "A user's local group membership was enumerated.\r\n\r\nSubject:\r\n\tSecurity ID:\t\tS-1-5-18\r\n\tAccount Name:\t\tNISH$\r\n\tAccount Domain:\t\tWORKGROUP\r\n\tLogon ID:\t\t0x3E7\r\n\r\nUser:\r\n\tSecurity ID:\t\tS-1-5-21-362189039-2697129851-2754481102-501\r\n\tAccount Name:\t\tGuest\r\n\tAccount Domain:\t\tNISH\r\n\r\nProcess Information:\r\n\tProcess ID:\t\t0x40c8\r\n\tProcess Name:\t\tC:\\Windows\\System32\\svchost.exe"
    },
    {
        "RecordId": 3153981,
        "Id": 4798,
        "TimeCreated": "/Date(1785298983768)/",
        "MachineName": "Nish",
        "LevelDisplayName": "Information",
        "Message": "A user's local group membership was enumerated.\r\n\r\nSubject:\r\n\tSecurity ID:\t\tS-1-5-18\r\n\tAccount Name:\t\tNISH$\r\n\tAccount Domain:\t\tWORKGROUP\r\n\tLogon ID:\t\t0x3E7\r\n\r\nUser:\r\n\tSecurity ID:\t\tS-1-5-21-362189039-2697129851-2754481102-503\r\n\tAccount Name:\t\tDefaultAccount\r\n\tAccount Domain:\t\tNISH\r\n\r\nProcess Information:\r\n\tProcess ID:\t\t0x40c8\r\n\tProcess Name:\t\tC:\\Windows\\System32\\svchost.exe"
    },
    {
        "RecordId": 3153980,
        "Id": 4798,
        "TimeCreated": "/Date(1785298983767)/",
        "MachineName": "Nish",
        "LevelDisplayName": "Information",
        "Message": "A user's local group membership was enumerated.\r\n\r\nSubject:\r\n\tSecurity ID:\t\tS-1-5-18\r\n\tAccount Name:\t\tNISH$\r\n\tAccount Domain:\t\tWORKGROUP\r\n\tLogon ID:\t\t0x3E7\r\n\r\nUser:\r\n\tSecurity ID:\t\tS-1-5-21-362189039-2697129851-2754481102-1019\r\n\tAccount Name:\t\tCodexSandboxOnline\r\n\tAccount Domain:\t\tNISH\r\n\r\nProcess Information:\r\n\tProcess ID:\t\t0x40c8\r\n\tProcess Name:\t\tC:\\Windows\\System32\\svchost.exe"
    },
    {
        "RecordId": 3153979,
        "Id": 4798,
        "TimeCreated": "/Date(1785298983765)/",
        "MachineName": "Nish",
        "LevelDisplayName": "Information",
        "Message": "A user's local group membership was enumerated.\r\n\r\nSubject:\r\n\tSecurity ID:\t\tS-1-5-18\r\n\tAccount Name:\t\tNISH$\r\n\tAccount Domain:\t\tWORKGROUP\r\n\tLogon ID:\t\t0x3E7\r\n\r\nUser:\r\n\tSecurity ID:\t\tS-1-5-21-362189039-2697129851-2754481102-1018\r\n\tAccount Name:\t\tCodexSandboxOffline\r\n\tAccount Domain:\t\tNISH\r\n\r\nProcess Information:\r\n\tProcess ID:\t\t0x40c8\r\n\tProcess Name:\t\tC:\\Windows\\System32\\svchost.exe"
    },
    {
        "RecordId": 3153978,
        "Id": 4798,
        "TimeCreated": "/Date(1785298983764)/",
        "MachineName": "Nish",
        "LevelDisplayName": "Information",
        "Message": "A user's local group membership was enumerated.\r\n\r\nSubject:\r\n\tSecurity ID:\t\tS-1-5-18\r\n\tAccount Name:\t\tNISH$\r\n\tAccount Domain:\t\tWORKGROUP\r\n\tLogon ID:\t\t0x3E7\r\n\r\nUser:\r\n\tSecurity ID:\t\tS-1-5-21-362189039-2697129851-2754481102-500\r\n\tAccount Name:\t\tAdministrator\r\n\tAccount Domain:\t\tNISH\r\n\r\nProcess Information:\r\n\tProcess ID:\t\t0x40c8\r\n\tProcess Name:\t\tC:\\Windows\\System32\\svchost.exe"
    },
    {
        "RecordId": 3153977,
        "Id": 4798,
        "TimeCreated": "/Date(1785298983754)/",
        "MachineName": "Nish",
        "LevelDisplayName": "Information",
        "Message": "A user's local group membership was enumerated.\r\n\r\nSubject:\r\n\tSecurity ID:\t\tS-1-5-18\r\n\tAccount Name:\t\tNISH$\r\n\tAccount Domain:\t\tWORKGROUP\r\n\tLogon ID:\t\t0x3E7\r\n\r\nUser:\r\n\tSecurity ID:\t\tS-1-5-21-362189039-2697129851-2754481102-1001\r\n\tAccount Name:\t\trish2\r\n\tAccount Domain:\t\tNISH\r\n\r\nProcess Information:\r\n\tProcess ID:\t\t0x40c8\r\n\tProcess Name:\t\tC:\\Windows\\System32\\svchost.exe"
    },
    {
        "RecordId": 3153976,
        "Id": 4798,
        "TimeCreated": "/Date(1785298983752)/",
        "MachineName": "Nish",
        "LevelDisplayName": "Information",
        "Message": "A user's local group membership was enumerated.\r\n\r\nSubject:\r\n\tSecurity ID:\t\tS-1-5-18\r\n\tAccount Name:\t\tNISH$\r\n\tAccount Domain:\t\tWORKGROUP\r\n\tLogon ID:\t\t0x3E7\r\n\r\nUser:\r\n\tSecurity ID:\t\tS-1-5-21-362189039-2697129851-2754481102-501\r\n\tAccount Name:\t\tGuest\r\n\tAccount Domain:\t\tNISH\r\n\r\nProcess Information:\r\n\tProcess ID:\t\t0x40c8\r\n\tProcess Name:\t\tC:\\Windows\\System32\\svchost.exe"
    },
    {
        "RecordId": 3153975,
        "Id": 4798,
        "TimeCreated": "/Date(1785298983751)/",
        "MachineName": "Nish",
        "LevelDisplayName": "Information",
        "Message": "A user's local group membership was enumerated.\r\n\r\nSubject:\r\n\tSecurity ID:\t\tS-1-5-18\r\n\tAccount Name:\t\tNISH$\r\n\tAccount Domain:\t\tWORKGROUP\r\n\tLogon ID:\t\t0x3E7\r\n\r\nUser:\r\n\tSecurity ID:\t\tS-1-5-21-362189039-2697129851-2754481102-503\r\n\tAccount Name:\t\tDefaultAccount\r\n\tAccount Domain:\t\tNISH\r\n\r\nProcess Information:\r\n\tProcess ID:\t\t0x40c8\r\n\tProcess Name:\t\tC:\\Windows\\System32\\svchost.exe"
    },
    {
        "RecordId": 3153974,
        "Id": 4798,
        "TimeCreated": "/Date(1785298983749)/",
        "MachineName": "Nish",
        "LevelDisplayName": "Information",
        "Message": "A user's local group membership was enumerated.\r\n\r\nSubject:\r\n\tSecurity ID:\t\tS-1-5-18\r\n\tAccount Name:\t\tNISH$\r\n\tAccount Domain:\t\tWORKGROUP\r\n\tLogon ID:\t\t0x3E7\r\n\r\nUser:\r\n\tSecurity ID:\t\tS-1-5-21-362189039-2697129851-2754481102-1019\r\n\tAccount Name:\t\tCodexSandboxOnline\r\n\tAccount Domain:\t\tNISH\r\n\r\nProcess Information:\r\n\tProcess ID:\t\t0x40c8\r\n\tProcess Name:\t\tC:\\Windows\\System32\\svchost.exe"
    },
    {
        "RecordId": 3153973,
        "Id": 4798,
        "TimeCreated": "/Date(1785298983747)/",
        "MachineName": "Nish",
        "LevelDisplayName": "Information",
        "Message": "A user's local group membership was enumerated.\r\n\r\nSubject:\r\n\tSecurity ID:\t\tS-1-5-18\r\n\tAccount Name:\t\tNISH$\r\n\tAccount Domain:\t\tWORKGROUP\r\n\tLogon ID:\t\t0x3E7\r\n\r\nUser:\r\n\tSecurity ID:\t\tS-1-5-21-362189039-2697129851-2754481102-1018\r\n\tAccount Name:\t\tCodexSandboxOffline\r\n\tAccount Domain:\t\tNISH\r\n\r\nProcess Information:\r\n\tProcess ID:\t\t0x40c8\r\n\tProcess Name:\t\tC:\\Windows\\System32\\svchost.exe"
    },
    {
        "RecordId": 3153972,
        "Id": 4798,
        "TimeCreated": "/Date(1785298983744)/",
        "MachineName": "Nish",
        "LevelDisplayName": "Information",
        "Message": "A user's local group membership was enumerated.\r\n\r\nSubject:\r\n\tSecurity ID:\t\tS-1-5-18\r\n\tAccount Name:\t\tNISH$\r\n\tAccount Domain:\t\tWORKGROUP\r\n\tLogon ID:\t\t0x3E7\r\n\r\nUser:\r\n\tSecurity ID:\t\tS-1-5-21-362189039-2697129851-2754481102-500\r\n\tAccount Name:\t\tAdministrator\r\n\tAccount Domain:\t\tNISH\r\n\r\nProcess Information:\r\n\tProcess ID:\t\t0x40c8\r\n\tProcess Name:\t\tC:\\Windows\\System32\\svchost.exe"
    },
    {
        "RecordId": 3153971,
        "Id": 4798,
        "TimeCreated": "/Date(1785298957052)/",
        "MachineName": "Nish",
        "LevelDisplayName": "Information",
        "Message": "A user's local group membership was enumerated.\r\n\r\nSubject:\r\n\tSecurity ID:\t\tS-1-5-18\r\n\tAccount Name:\t\tNISH$\r\n\tAccount Domain:\t\tWORKGROUP\r\n\tLogon ID:\t\t0x3E7\r\n\r\nUser:\r\n\tSecurity ID:\t\tS-1-5-21-362189039-2697129851-2754481102-1001\r\n\tAccount Name:\t\trish2\r\n\tAccount Domain:\t\tNISH\r\n\r\nProcess Information:\r\n\tProcess ID:\t\t0x40c8\r\n\tProcess Name:\t\tC:\\Windows\\System32\\svchost.exe"
    },
    {
        "RecordId": 3153970,
        "Id": 4798,
        "TimeCreated": "/Date(1785298957051)/",
        "MachineName": "Nish",
        "LevelDisplayName": "Information",
        "Message": "A user's local group membership was enumerated.\r\n\r\nSubject:\r\n\tSecurity ID:\t\tS-1-5-18\r\n\tAccount Name:\t\tNISH$\r\n\tAccount Domain:\t\tWORKGROUP\r\n\tLogon ID:\t\t0x3E7\r\n\r\nUser:\r\n\tSecurity ID:\t\tS-1-5-21-362189039-2697129851-2754481102-501\r\n\tAccount Name:\t\tGuest\r\n\tAccount Domain:\t\tNISH\r\n\r\nProcess Information:\r\n\tProcess ID:\t\t0x40c8\r\n\tProcess Name:\t\tC:\\Windows\\System32\\svchost.exe"
    },
    {
        "RecordId": 3153969,
        "Id": 4798,
        "TimeCreated": "/Date(1785298957049)/",
        "MachineName": "Nish",
        "LevelDisplayName": "Information",
        "Message": "A user's local group membership was enumerated.\r\n\r\nSubject:\r\n\tSecurity ID:\t\tS-1-5-18\r\n\tAccount Name:\t\tNISH$\r\n\tAccount Domain:\t\tWORKGROUP\r\n\tLogon ID:\t\t0x3E7\r\n\r\nUser:\r\n\tSecurity ID:\t\tS-1-5-21-362189039-2697129851-2754481102-503\r\n\tAccount Name:\t\tDefaultAccount\r\n\tAccount Domain:\t\tNISH\r\n\r\nProcess Information:\r\n\tProcess ID:\t\t0x40c8\r\n\tProcess Name:\t\tC:\\Windows\\System32\\svchost.exe"
    },
    {
        "RecordId": 3153968,
        "Id": 4798,
        "TimeCreated": "/Date(1785298957048)/",
        "MachineName": "Nish",
        "LevelDisplayName": "Information",
        "Message": "A user's local group membership was enumerated.\r\n\r\nSubject:\r\n\tSecurity ID:\t\tS-1-5-18\r\n\tAccount Name:\t\tNISH$\r\n\tAccount Domain:\t\tWORKGROUP\r\n\tLogon ID:\t\t0x3E7\r\n\r\nUser:\r\n\tSecurity ID:\t\tS-1-5-21-362189039-2697129851-2754481102-1019\r\n\tAccount Name:\t\tCodexSandboxOnline\r\n\tAccount Domain:\t\tNISH\r\n\r\nProcess Information:\r\n\tProcess ID:\t\t0x40c8\r\n\tProcess Name:\t\tC:\\Windows\\System32\\svchost.exe"
    },
    {
        "RecordId": 3153967,
        "Id": 4798,
        "TimeCreated": "/Date(1785298957047)/",
        "MachineName": "Nish",
        "LevelDisplayName": "Information",
        "Message": "A user's local group membership was enumerated.\r\n\r\nSubject:\r\n\tSecurity ID:\t\tS-1-5-18\r\n\tAccount Name:\t\tNISH$\r\n\tAccount Domain:\t\tWORKGROUP\r\n\tLogon ID:\t\t0x3E7\r\n\r\nUser:\r\n\tSecurity ID:\t\tS-1-5-21-362189039-2697129851-2754481102-1018\r\n\tAccount Name:\t\tCodexSandboxOffline\r\n\tAccount Domain:\t\tNISH\r\n\r\nProcess Information:\r\n\tProcess ID:\t\t0x40c8\r\n\tProcess Name:\t\tC:\\Windows\\System32\\svchost.exe"
    },
    {
        "RecordId": 3153966,
        "Id": 4798,
        "TimeCreated": "/Date(1785298957046)/",
        "MachineName": "Nish",
        "LevelDisplayName": "Information",
        "Message": "A user's local group membership was enumerated.\r\n\r\nSubject:\r\n\tSecurity ID:\t\tS-1-5-18\r\n\tAccount Name:\t\tNISH$\r\n\tAccount Domain:\t\tWORKGROUP\r\n\tLogon ID:\t\t0x3E7\r\n\r\nUser:\r\n\tSecurity ID:\t\tS-1-5-21-362189039-2697129851-2754481102-500\r\n\tAccount Name:\t\tAdministrator\r\n\tAccount Domain:\t\tNISH\r\n\r\nProcess Information:\r\n\tProcess ID:\t\t0x40c8\r\n\tProcess Name:\t\tC:\\Windows\\System32\\svchost.exe"
    },
    {
        "RecordId": 3153965,
        "Id": 4798,
        "TimeCreated": "/Date(1785298957036)/",
        "MachineName": "Nish",
        "LevelDisplayName": "Information",
        "Message": "A user's local group membership was enumerated.\r\n\r\nSubject:\r\n\tSecurity ID:\t\tS-1-5-18\r\n\tAccount Name:\t\tNISH$\r\n\tAccount Domain:\t\tWORKGROUP\r\n\tLogon ID:\t\t0x3E7\r\n\r\nUser:\r\n\tSecurity ID:\t\tS-1-5-21-362189039-2697129851-2754481102-1001\r\n\tAccount Name:\t\trish2\r\n\tAccount Domain:\t\tNISH\r\n\r\nProcess Information:\r\n\tProcess ID:\t\t0x40c8\r\n\tProcess Name:\t\tC:\\Windows\\System32\\svchost.exe"
    },
    {
        "RecordId": 3153964,
        "Id": 4798,
        "TimeCreated": "/Date(1785298957034)/",
        "MachineName": "Nish",
        "LevelDisplayName": "Information",
        "Message": "A user's local group membership was enumerated.\r\n\r\nSubject:\r\n\tSecurity ID:\t\tS-1-5-18\r\n\tAccount Name:\t\tNISH$\r\n\tAccount Domain:\t\tWORKGROUP\r\n\tLogon ID:\t\t0x3E7\r\n\r\nUser:\r\n\tSecurity ID:\t\tS-1-5-21-362189039-2697129851-2754481102-501\r\n\tAccount Name:\t\tGuest\r\n\tAccount Domain:\t\tNISH\r\n\r\nProcess Information:\r\n\tProcess ID:\t\t0x40c8\r\n\tProcess Name:\t\tC:\\Windows\\System32\\svchost.exe"
    },
    {
        "RecordId": 3153963,
        "Id": 4798,
        "TimeCreated": "/Date(1785298957033)/",
        "MachineName": "Nish",
        "LevelDisplayName": "Information",
        "Message": "A user's local group membership was enumerated.\r\n\r\nSubject:\r\n\tSecurity ID:\t\tS-1-5-18\r\n\tAccount Name:\t\tNISH$\r\n\tAccount Domain:\t\tWORKGROUP\r\n\tLogon ID:\t\t0x3E7\r\n\r\nUser:\r\n\tSecurity ID:\t\tS-1-5-21-362189039-2697129851-2754481102-503\r\n\tAccount Name:\t\tDefaultAccount\r\n\tAccount Domain:\t\tNISH\r\n\r\nProcess Information:\r\n\tProcess ID:\t\t0x40c8\r\n\tProcess Name:\t\tC:\\Windows\\System32\\svchost.exe"
    },
    {
        "RecordId": 3153962,
        "Id": 4798,
        "TimeCreated": "/Date(1785298957031)/",
        "MachineName": "Nish",
        "LevelDisplayName": "Information",
        "Message": "A user's local group membership was enumerated.\r\n\r\nSubject:\r\n\tSecurity ID:\t\tS-1-5-18\r\n\tAccount Name:\t\tNISH$\r\n\tAccount Domain:\t\tWORKGROUP\r\n\tLogon ID:\t\t0x3E7\r\n\r\nUser:\r\n\tSecurity ID:\t\tS-1-5-21-362189039-2697129851-2754481102-1019\r\n\tAccount Name:\t\tCodexSandboxOnline\r\n\tAccount Domain:\t\tNISH\r\n\r\nProcess Information:\r\n\tProcess ID:\t\t0x40c8\r\n\tProcess Name:\t\tC:\\Windows\\System32\\svchost.exe"
    },
    {
        "RecordId": 3153961,
        "Id": 4798,
        "TimeCreated": "/Date(1785298957029)/",
        "MachineName": "Nish",
        "LevelDisplayName": "Information",
        "Message": "A user's local group membership was enumerated.\r\n\r\nSubject:\r\n\tSecurity ID:\t\tS-1-5-18\r\n\tAccount Name:\t\tNISH$\r\n\tAccount Domain:\t\tWORKGROUP\r\n\tLogon ID:\t\t0x3E7\r\n\r\nUser:\r\n\tSecurity ID:\t\tS-1-5-21-362189039-2697129851-2754481102-1018\r\n\tAccount Name:\t\tCodexSandboxOffline\r\n\tAccount Domain:\t\tNISH\r\n\r\nProcess Information:\r\n\tProcess ID:\t\t0x40c8\r\n\tProcess Name:\t\tC:\\Windows\\System32\\svchost.exe"
    },
    {
        "RecordId": 3153960,
        "Id": 4798,
        "TimeCreated": "/Date(1785298957026)/",
        "MachineName": "Nish",
        "LevelDisplayName": "Information",
        "Message": "A user's local group membership was enumerated.\r\n\r\nSubject:\r\n\tSecurity ID:\t\tS-1-5-18\r\n\tAccount Name:\t\tNISH$\r\n\tAccount Domain:\t\tWORKGROUP\r\n\tLogon ID:\t\t0x3E7\r\n\r\nUser:\r\n\tSecurity ID:\t\tS-1-5-21-362189039-2697129851-2754481102-500\r\n\tAccount Name:\t\tAdministrator\r\n\tAccount Domain:\t\tNISH\r\n\r\nProcess Information:\r\n\tProcess ID:\t\t0x40c8\r\n\tProcess Name:\t\tC:\\Windows\\System32\\svchost.exe"
    },
    {
        "RecordId": 3153959,
        "Id": 4798,
        "TimeCreated": "/Date(1785298951424)/",
        "MachineName": "Nish",
        "LevelDisplayName": "Information",
        "Message": "A user's local group membership was enumerated.\r\n\r\nSubject:\r\n\tSecurity ID:\t\tS-1-5-18\r\n\tAccount Name:\t\tNISH$\r\n\tAccount Domain:\t\tWORKGROUP\r\n\tLogon ID:\t\t0x3E7\r\n\r\nUser:\r\n\tSecurity ID:\t\tS-1-5-21-362189039-2697129851-2754481102-1001\r\n\tAccount Name:\t\trish2\r\n\tAccount Domain:\t\tNISH\r\n\r\nProcess Information:\r\n\tProcess ID:\t\t0x40c8\r\n\tProcess Name:\t\tC:\\Windows\\System32\\svchost.exe"
    },
    {
        "RecordId": 3153958,
        "Id": 4798,
        "TimeCreated": "/Date(1785298951423)/",
        "MachineName": "Nish",
        "LevelDisplayName": "Information",
        "Message": "A user's local group membership was enumerated.\r\n\r\nSubject:\r\n\tSecurity ID:\t\tS-1-5-18\r\n\tAccount Name:\t\tNISH$\r\n\tAccount Domain:\t\tWORKGROUP\r\n\tLogon ID:\t\t0x3E7\r\n\r\nUser:\r\n\tSecurity ID:\t\tS-1-5-21-362189039-2697129851-2754481102-501\r\n\tAccount Name:\t\tGuest\r\n\tAccount Domain:\t\tNISH\r\n\r\nProcess Information:\r\n\tProcess ID:\t\t0x40c8\r\n\tProcess Name:\t\tC:\\Windows\\System32\\svchost.exe"
    },
    {
        "RecordId": 3153957,
        "Id": 4798,
        "TimeCreated": "/Date(1785298951421)/",
        "MachineName": "Nish",
        "LevelDisplayName": "Information",
        "Message": "A user's local group membership was enumerated.\r\n\r\nSubject:\r\n\tSecurity ID:\t\tS-1-5-18\r\n\tAccount Name:\t\tNISH$\r\n\tAccount Domain:\t\tWORKGROUP\r\n\tLogon ID:\t\t0x3E7\r\n\r\nUser:\r\n\tSecurity ID:\t\tS-1-5-21-362189039-2697129851-2754481102-503\r\n\tAccount Name:\t\tDefaultAccount\r\n\tAccount Domain:\t\tNISH\r\n\r\nProcess Information:\r\n\tProcess ID:\t\t0x40c8\r\n\tProcess Name:\t\tC:\\Windows\\System32\\svchost.exe"
    },
    {
        "RecordId": 3153956,
        "Id": 4798,
        "TimeCreated": "/Date(1785298951420)/",
        "MachineName": "Nish",
        "LevelDisplayName": "Information",
        "Message": "A user's local group membership was enumerated.\r\n\r\nSubject:\r\n\tSecurity ID:\t\tS-1-5-18\r\n\tAccount Name:\t\tNISH$\r\n\tAccount Domain:\t\tWORKGROUP\r\n\tLogon ID:\t\t0x3E7\r\n\r\nUser:\r\n\tSecurity ID:\t\tS-1-5-21-362189039-2697129851-2754481102-1019\r\n\tAccount Name:\t\tCodexSandboxOnline\r\n\tAccount Domain:\t\tNISH\r\n\r\nProcess Information:\r\n\tProcess ID:\t\t0x40c8\r\n\tProcess Name:\t\tC:\\Windows\\System32\\svchost.exe"
    },
    {
        "RecordId": 3153955,
        "Id": 4798,
        "TimeCreated": "/Date(1785298951418)/",
        "MachineName": "Nish",
        "LevelDisplayName": "Information",
        "Message": "A user's local group membership was enumerated.\r\n\r\nSubject:\r\n\tSecurity ID:\t\tS-1-5-18\r\n\tAccount Name:\t\tNISH$\r\n\tAccount Domain:\t\tWORKGROUP\r\n\tLogon ID:\t\t0x3E7\r\n\r\nUser:\r\n\tSecurity ID:\t\tS-1-5-21-362189039-2697129851-2754481102-1018\r\n\tAccount Name:\t\tCodexSandboxOffline\r\n\tAccount Domain:\t\tNISH\r\n\r\nProcess Information:\r\n\tProcess ID:\t\t0x40c8\r\n\tProcess Name:\t\tC:\\Windows\\System32\\svchost.exe"
    },
    {
        "RecordId": 3153954,
        "Id": 4798,
        "TimeCreated": "/Date(1785298951417)/",
        "MachineName": "Nish",
        "LevelDisplayName": "Information",
        "Message": "A user's local group membership was enumerated.\r\n\r\nSubject:\r\n\tSecurity ID:\t\tS-1-5-18\r\n\tAccount Name:\t\tNISH$\r\n\tAccount Domain:\t\tWORKGROUP\r\n\tLogon ID:\t\t0x3E7\r\n\r\nUser:\r\n\tSecurity ID:\t\tS-1-5-21-362189039-2697129851-2754481102-500\r\n\tAccount Name:\t\tAdministrator\r\n\tAccount Domain:\t\tNISH\r\n\r\nProcess Information:\r\n\tProcess ID:\t\t0x40c8\r\n\tProcess Name:\t\tC:\\Windows\\System32\\svchost.exe"
    },
    {
        "RecordId": 3153953,
        "Id": 4798,
        "TimeCreated": "/Date(1785298951405)/",
        "MachineName": "Nish",
        "LevelDisplayName": "Information",
        "Message": "A user's local group membership was enumerated.\r\n\r\nSubject:\r\n\tSecurity ID:\t\tS-1-5-18\r\n\tAccount Name:\t\tNISH$\r\n\tAccount Domain:\t\tWORKGROUP\r\n\tLogon ID:\t\t0x3E7\r\n\r\nUser:\r\n\tSecurity ID:\t\tS-1-5-21-362189039-2697129851-2754481102-1001\r\n\tAccount Name:\t\trish2\r\n\tAccount Domain:\t\tNISH\r\n\r\nProcess Information:\r\n\tProcess ID:\t\t0x40c8\r\n\tProcess Name:\t\tC:\\Windows\\System32\\svchost.exe"
    },
    {
        "RecordId": 3153952,
        "Id": 4798,
        "TimeCreated": "/Date(1785298951404)/",
        "MachineName": "Nish",
        "LevelDisplayName": "Information",
        "Message": "A user's local group membership was enumerated.\r\n\r\nSubject:\r\n\tSecurity ID:\t\tS-1-5-18\r\n\tAccount Name:\t\tNISH$\r\n\tAccount Domain:\t\tWORKGROUP\r\n\tLogon ID:\t\t0x3E7\r\n\r\nUser:\r\n\tSecurity ID:\t\tS-1-5-21-362189039-2697129851-2754481102-501\r\n\tAccount Name:\t\tGuest\r\n\tAccount Domain:\t\tNISH\r\n\r\nProcess Information:\r\n\tProcess ID:\t\t0x40c8\r\n\tProcess Name:\t\tC:\\Windows\\System32\\svchost.exe"
    },
    {
        "RecordId": 3153951,
        "Id": 4798,
        "TimeCreated": "/Date(1785298951403)/",
        "MachineName": "Nish",
        "LevelDisplayName": "Information",
        "Message": "A user's local group membership was enumerated.\r\n\r\nSubject:\r\n\tSecurity ID:\t\tS-1-5-18\r\n\tAccount Name:\t\tNISH$\r\n\tAccount Domain:\t\tWORKGROUP\r\n\tLogon ID:\t\t0x3E7\r\n\r\nUser:\r\n\tSecurity ID:\t\tS-1-5-21-362189039-2697129851-2754481102-503\r\n\tAccount Name:\t\tDefaultAccount\r\n\tAccount Domain:\t\tNISH\r\n\r\nProcess Information:\r\n\tProcess ID:\t\t0x40c8\r\n\tProcess Name:\t\tC:\\Windows\\System32\\svchost.exe"
    },
    {
        "RecordId": 3153950,
        "Id": 4798,
        "TimeCreated": "/Date(1785298951402)/",
        "MachineName": "Nish",
        "LevelDisplayName": "Information",
        "Message": "A user's local group membership was enumerated.\r\n\r\nSubject:\r\n\tSecurity ID:\t\tS-1-5-18\r\n\tAccount Name:\t\tNISH$\r\n\tAccount Domain:\t\tWORKGROUP\r\n\tLogon ID:\t\t0x3E7\r\n\r\nUser:\r\n\tSecurity ID:\t\tS-1-5-21-362189039-2697129851-2754481102-1019\r\n\tAccount Name:\t\tCodexSandboxOnline\r\n\tAccount Domain:\t\tNISH\r\n\r\nProcess Information:\r\n\tProcess ID:\t\t0x40c8\r\n\tProcess Name:\t\tC:\\Windows\\System32\\svchost.exe"
    },
    {
        "RecordId": 3153949,
        "Id": 4798,
        "TimeCreated": "/Date(1785298951400)/",
        "MachineName": "Nish",
        "LevelDisplayName": "Information",
        "Message": "A user's local group membership was enumerated.\r\n\r\nSubject:\r\n\tSecurity ID:\t\tS-1-5-18\r\n\tAccount Name:\t\tNISH$\r\n\tAccount Domain:\t\tWORKGROUP\r\n\tLogon ID:\t\t0x3E7\r\n\r\nUser:\r\n\tSecurity ID:\t\tS-1-5-21-362189039-2697129851-2754481102-1018\r\n\tAccount Name:\t\tCodexSandboxOffline\r\n\tAccount Domain:\t\tNISH\r\n\r\nProcess Information:\r\n\tProcess ID:\t\t0x40c8\r\n\tProcess Name:\t\tC:\\Windows\\System32\\svchost.exe"
    },
    {
        "RecordId": 3153948,
        "Id": 4798,
        "TimeCreated": "/Date(1785298951398)/",
        "MachineName": "Nish",
        "LevelDisplayName": "Information",
        "Message": "A user's local group membership was enumerated.\r\n\r\nSubject:\r\n\tSecurity ID:\t\tS-1-5-18\r\n\tAccount Name:\t\tNISH$\r\n\tAccount Domain:\t\tWORKGROUP\r\n\tLogon ID:\t\t0x3E7\r\n\r\nUser:\r\n\tSecurity ID:\t\tS-1-5-21-362189039-2697129851-2754481102-500\r\n\tAccount Name:\t\tAdministrator\r\n\tAccount Domain:\t\tNISH\r\n\r\nProcess Information:\r\n\tProcess ID:\t\t0x40c8\r\n\tProcess Name:\t\tC:\\Windows\\System32\\svchost.exe"
    },
    {
        "RecordId": 3153947,
        "Id": 4798,
        "TimeCreated": "/Date(1785298929528)/",
        "MachineName": "Nish",
        "LevelDisplayName": "Information",
        "Message": "A user's local group membership was enumerated.\r\n\r\nSubject:\r\n\tSecurity ID:\t\tS-1-5-18\r\n\tAccount Name:\t\tNISH$\r\n\tAccount Domain:\t\tWORKGROUP\r\n\tLogon ID:\t\t0x3E7\r\n\r\nUser:\r\n\tSecurity ID:\t\tS-1-5-21-362189039-2697129851-2754481102-1001\r\n\tAccount Name:\t\trish2\r\n\tAccount Domain:\t\tNISH\r\n\r\nProcess Information:\r\n\tProcess ID:\t\t0x40c8\r\n\tProcess Name:\t\tC:\\Windows\\System32\\svchost.exe"
    },
    {
        "RecordId": 3153946,
        "Id": 4798,
        "TimeCreated": "/Date(1785298929526)/",
        "MachineName": "Nish",
        "LevelDisplayName": "Information",
        "Message": "A user's local group membership was enumerated.\r\n\r\nSubject:\r\n\tSecurity ID:\t\tS-1-5-18\r\n\tAccount Name:\t\tNISH$\r\n\tAccount Domain:\t\tWORKGROUP\r\n\tLogon ID:\t\t0x3E7\r\n\r\nUser:\r\n\tSecurity ID:\t\tS-1-5-21-362189039-2697129851-2754481102-501\r\n\tAccount Name:\t\tGuest\r\n\tAccount Domain:\t\tNISH\r\n\r\nProcess Information:\r\n\tProcess ID:\t\t0x40c8\r\n\tProcess Name:\t\tC:\\Windows\\System32\\svchost.exe"
    },
    {
        "RecordId": 3153945,
        "Id": 4798,
        "TimeCreated": "/Date(1785298929525)/",
        "MachineName": "Nish",
        "LevelDisplayName": "Information",
        "Message": "A user's local group membership was enumerated.\r\n\r\nSubject:\r\n\tSecurity ID:\t\tS-1-5-18\r\n\tAccount Name:\t\tNISH$\r\n\tAccount Domain:\t\tWORKGROUP\r\n\tLogon ID:\t\t0x3E7\r\n\r\nUser:\r\n\tSecurity ID:\t\tS-1-5-21-362189039-2697129851-2754481102-503\r\n\tAccount Name:\t\tDefaultAccount\r\n\tAccount Domain:\t\tNISH\r\n\r\nProcess Information:\r\n\tProcess ID:\t\t0x40c8\r\n\tProcess Name:\t\tC:\\Windows\\System32\\svchost.exe"
    },
    {
        "RecordId": 3153944,
        "Id": 4798,
        "TimeCreated": "/Date(1785298929524)/",
        "MachineName": "Nish",
        "LevelDisplayName": "Information",
        "Message": "A user's local group membership was enumerated.\r\n\r\nSubject:\r\n\tSecurity ID:\t\tS-1-5-18\r\n\tAccount Name:\t\tNISH$\r\n\tAccount Domain:\t\tWORKGROUP\r\n\tLogon ID:\t\t0x3E7\r\n\r\nUser:\r\n\tSecurity ID:\t\tS-1-5-21-362189039-2697129851-2754481102-1019\r\n\tAccount Name:\t\tCodexSandboxOnline\r\n\tAccount Domain:\t\tNISH\r\n\r\nProcess Information:\r\n\tProcess ID:\t\t0x40c8\r\n\tProcess Name:\t\tC:\\Windows\\System32\\svchost.exe"
    },
    {
        "RecordId": 3153943,
        "Id": 4798,
        "TimeCreated": "/Date(1785298929522)/",
        "MachineName": "Nish",
        "LevelDisplayName": "Information",
        "Message": "A user's local group membership was enumerated.\r\n\r\nSubject:\r\n\tSecurity ID:\t\tS-1-5-18\r\n\tAccount Name:\t\tNISH$\r\n\tAccount Domain:\t\tWORKGROUP\r\n\tLogon ID:\t\t0x3E7\r\n\r\nUser:\r\n\tSecurity ID:\t\tS-1-5-21-362189039-2697129851-2754481102-1018\r\n\tAccount Name:\t\tCodexSandboxOffline\r\n\tAccount Domain:\t\tNISH\r\n\r\nProcess Information:\r\n\tProcess ID:\t\t0x40c8\r\n\tProcess Name:\t\tC:\\Windows\\System32\\svchost.exe"
    },
    {
        "RecordId": 3153942,
        "Id": 4798,
        "TimeCreated": "/Date(1785298929521)/",
        "MachineName": "Nish",
        "LevelDisplayName": "Information",
        "Message": "A user's local group membership was enumerated.\r\n\r\nSubject:\r\n\tSecurity ID:\t\tS-1-5-18\r\n\tAccount Name:\t\tNISH$\r\n\tAccount Domain:\t\tWORKGROUP\r\n\tLogon ID:\t\t0x3E7\r\n\r\nUser:\r\n\tSecurity ID:\t\tS-1-5-21-362189039-2697129851-2754481102-500\r\n\tAccount Name:\t\tAdministrator\r\n\tAccount Domain:\t\tNISH\r\n\r\nProcess Information:\r\n\tProcess ID:\t\t0x40c8\r\n\tProcess Name:\t\tC:\\Windows\\System32\\svchost.exe"
    },
    {
        "RecordId": 3153941,
        "Id": 4798,
        "TimeCreated": "/Date(1785298929511)/",
        "MachineName": "Nish",
        "LevelDisplayName": "Information",
        "Message": "A user's local group membership was enumerated.\r\n\r\nSubject:\r\n\tSecurity ID:\t\tS-1-5-18\r\n\tAccount Name:\t\tNISH$\r\n\tAccount Domain:\t\tWORKGROUP\r\n\tLogon ID:\t\t0x3E7\r\n\r\nUser:\r\n\tSecurity ID:\t\tS-1-5-21-362189039-2697129851-2754481102-1001\r\n\tAccount Name:\t\trish2\r\n\tAccount Domain:\t\tNISH\r\n\r\nProcess Information:\r\n\tProcess ID:\t\t0x40c8\r\n\tProcess Name:\t\tC:\\Windows\\System32\\svchost.exe"
    },
    {
        "RecordId": 3153940,
        "Id": 4798,
        "TimeCreated": "/Date(1785298929510)/",
        "MachineName": "Nish",
        "LevelDisplayName": "Information",
        "Message": "A user's local group membership was enumerated.\r\n\r\nSubject:\r\n\tSecurity ID:\t\tS-1-5-18\r\n\tAccount Name:\t\tNISH$\r\n\tAccount Domain:\t\tWORKGROUP\r\n\tLogon ID:\t\t0x3E7\r\n\r\nUser:\r\n\tSecurity ID:\t\tS-1-5-21-362189039-2697129851-2754481102-501\r\n\tAccount Name:\t\tGuest\r\n\tAccount Domain:\t\tNISH\r\n\r\nProcess Information:\r\n\tProcess ID:\t\t0x40c8\r\n\tProcess Name:\t\tC:\\Windows\\System32\\svchost.exe"
    },
