    {
        "RecordId": 3154517,
        "Id": 4798,
        "TimeCreated": "/Date(1785299360411)/",
        "MachineName": "Nish",
        "LevelDisplayName": "Information",
        "Message": "A user's local group membership was enumerated.\r\n\r\nSubject:\r\n\tSecurity ID:\t\tS-1-5-18\r\n\tAccount Name:\t\tNISH$\r\n\tAccount Domain:\t\tWORKGROUP\r\n\tLogon ID:\t\t0x3E7\r\n\r\nUser:\r\n\tSecurity ID:\t\tS-1-5-21-362189039-2697129851-2754481102-1001\r\n\tAccount Name:\t\trish2\r\n\tAccount Domain:\t\tNISH\r\n\r\nProcess Information:\r\n\tProcess ID:\t\t0x40c8\r\n\tProcess Name:\t\tC:\\Windows\\System32\\svchost.exe"
    },
    {
        "RecordId": 3154516,
        "Id": 4798,
        "TimeCreated": "/Date(1785299360410)/",
        "MachineName": "Nish",
        "LevelDisplayName": "Information",
        "Message": "A user's local group membership was enumerated.\r\n\r\nSubject:\r\n\tSecurity ID:\t\tS-1-5-18\r\n\tAccount Name:\t\tNISH$\r\n\tAccount Domain:\t\tWORKGROUP\r\n\tLogon ID:\t\t0x3E7\r\n\r\nUser:\r\n\tSecurity ID:\t\tS-1-5-21-362189039-2697129851-2754481102-501\r\n\tAccount Name:\t\tGuest\r\n\tAccount Domain:\t\tNISH\r\n\r\nProcess Information:\r\n\tProcess ID:\t\t0x40c8\r\n\tProcess Name:\t\tC:\\Windows\\System32\\svchost.exe"
    },
    {
        "RecordId": 3154515,
        "Id": 4798,
        "TimeCreated": "/Date(1785299360409)/",
        "MachineName": "Nish",
        "LevelDisplayName": "Information",
        "Message": "A user's local group membership was enumerated.\r\n\r\nSubject:\r\n\tSecurity ID:\t\tS-1-5-18\r\n\tAccount Name:\t\tNISH$\r\n\tAccount Domain:\t\tWORKGROUP\r\n\tLogon ID:\t\t0x3E7\r\n\r\nUser:\r\n\tSecurity ID:\t\tS-1-5-21-362189039-2697129851-2754481102-503\r\n\tAccount Name:\t\tDefaultAccount\r\n\tAccount Domain:\t\tNISH\r\n\r\nProcess Information:\r\n\tProcess ID:\t\t0x40c8\r\n\tProcess Name:\t\tC:\\Windows\\System32\\svchost.exe"
    },
    {
        "RecordId": 3154514,
        "Id": 4798,
        "TimeCreated": "/Date(1785299360408)/",
        "MachineName": "Nish",
        "LevelDisplayName": "Information",
        "Message": "A user's local group membership was enumerated.\r\n\r\nSubject:\r\n\tSecurity ID:\t\tS-1-5-18\r\n\tAccount Name:\t\tNISH$\r\n\tAccount Domain:\t\tWORKGROUP\r\n\tLogon ID:\t\t0x3E7\r\n\r\nUser:\r\n\tSecurity ID:\t\tS-1-5-21-362189039-2697129851-2754481102-1019\r\n\tAccount Name:\t\tCodexSandboxOnline\r\n\tAccount Domain:\t\tNISH\r\n\r\nProcess Information:\r\n\tProcess ID:\t\t0x40c8\r\n\tProcess Name:\t\tC:\\Windows\\System32\\svchost.exe"
    },
    {
        "RecordId": 3154513,
        "Id": 4798,
        "TimeCreated": "/Date(1785299360406)/",
        "MachineName": "Nish",
        "LevelDisplayName": "Information",
        "Message": "A user's local group membership was enumerated.\r\n\r\nSubject:\r\n\tSecurity ID:\t\tS-1-5-18\r\n\tAccount Name:\t\tNISH$\r\n\tAccount Domain:\t\tWORKGROUP\r\n\tLogon ID:\t\t0x3E7\r\n\r\nUser:\r\n\tSecurity ID:\t\tS-1-5-21-362189039-2697129851-2754481102-1018\r\n\tAccount Name:\t\tCodexSandboxOffline\r\n\tAccount Domain:\t\tNISH\r\n\r\nProcess Information:\r\n\tProcess ID:\t\t0x40c8\r\n\tProcess Name:\t\tC:\\Windows\\System32\\svchost.exe"
    },
    {
        "RecordId": 3154512,
        "Id": 4798,
        "TimeCreated": "/Date(1785299360403)/",
        "MachineName": "Nish",
        "LevelDisplayName": "Information",
        "Message": "A user's local group membership was enumerated.\r\n\r\nSubject:\r\n\tSecurity ID:\t\tS-1-5-18\r\n\tAccount Name:\t\tNISH$\r\n\tAccount Domain:\t\tWORKGROUP\r\n\tLogon ID:\t\t0x3E7\r\n\r\nUser:\r\n\tSecurity ID:\t\tS-1-5-21-362189039-2697129851-2754481102-500\r\n\tAccount Name:\t\tAdministrator\r\n\tAccount Domain:\t\tNISH\r\n\r\nProcess Information:\r\n\tProcess ID:\t\t0x40c8\r\n\tProcess Name:\t\tC:\\Windows\\System32\\svchost.exe"
    },
    {
        "RecordId": 3154511,
        "Id": 4798,
        "TimeCreated": "/Date(1785299354141)/",
        "MachineName": "Nish",
        "LevelDisplayName": "Information",
        "Message": "A user's local group membership was enumerated.\r\n\r\nSubject:\r\n\tSecurity ID:\t\tS-1-5-18\r\n\tAccount Name:\t\tNISH$\r\n\tAccount Domain:\t\tWORKGROUP\r\n\tLogon ID:\t\t0x3E7\r\n\r\nUser:\r\n\tSecurity ID:\t\tS-1-5-21-362189039-2697129851-2754481102-1001\r\n\tAccount Name:\t\trish2\r\n\tAccount Domain:\t\tNISH\r\n\r\nProcess Information:\r\n\tProcess ID:\t\t0x40c8\r\n\tProcess Name:\t\tC:\\Windows\\System32\\svchost.exe"
    },
    {
        "RecordId": 3154510,
        "Id": 4798,
        "TimeCreated": "/Date(1785299354139)/",
        "MachineName": "Nish",
        "LevelDisplayName": "Information",
        "Message": "A user's local group membership was enumerated.\r\n\r\nSubject:\r\n\tSecurity ID:\t\tS-1-5-18\r\n\tAccount Name:\t\tNISH$\r\n\tAccount Domain:\t\tWORKGROUP\r\n\tLogon ID:\t\t0x3E7\r\n\r\nUser:\r\n\tSecurity ID:\t\tS-1-5-21-362189039-2697129851-2754481102-501\r\n\tAccount Name:\t\tGuest\r\n\tAccount Domain:\t\tNISH\r\n\r\nProcess Information:\r\n\tProcess ID:\t\t0x40c8\r\n\tProcess Name:\t\tC:\\Windows\\System32\\svchost.exe"
    },
    {
        "RecordId": 3154509,
        "Id": 4798,
        "TimeCreated": "/Date(1785299354137)/",
        "MachineName": "Nish",
        "LevelDisplayName": "Information",
        "Message": "A user's local group membership was enumerated.\r\n\r\nSubject:\r\n\tSecurity ID:\t\tS-1-5-18\r\n\tAccount Name:\t\tNISH$\r\n\tAccount Domain:\t\tWORKGROUP\r\n\tLogon ID:\t\t0x3E7\r\n\r\nUser:\r\n\tSecurity ID:\t\tS-1-5-21-362189039-2697129851-2754481102-503\r\n\tAccount Name:\t\tDefaultAccount\r\n\tAccount Domain:\t\tNISH\r\n\r\nProcess Information:\r\n\tProcess ID:\t\t0x40c8\r\n\tProcess Name:\t\tC:\\Windows\\System32\\svchost.exe"
    },
    {
        "RecordId": 3154508,
        "Id": 4798,
        "TimeCreated": "/Date(1785299354136)/",
        "MachineName": "Nish",
        "LevelDisplayName": "Information",
        "Message": "A user's local group membership was enumerated.\r\n\r\nSubject:\r\n\tSecurity ID:\t\tS-1-5-18\r\n\tAccount Name:\t\tNISH$\r\n\tAccount Domain:\t\tWORKGROUP\r\n\tLogon ID:\t\t0x3E7\r\n\r\nUser:\r\n\tSecurity ID:\t\tS-1-5-21-362189039-2697129851-2754481102-1019\r\n\tAccount Name:\t\tCodexSandboxOnline\r\n\tAccount Domain:\t\tNISH\r\n\r\nProcess Information:\r\n\tProcess ID:\t\t0x40c8\r\n\tProcess Name:\t\tC:\\Windows\\System32\\svchost.exe"
    },
    {
        "RecordId": 3154507,
        "Id": 4798,
        "TimeCreated": "/Date(1785299354135)/",
        "MachineName": "Nish",
        "LevelDisplayName": "Information",
        "Message": "A user's local group membership was enumerated.\r\n\r\nSubject:\r\n\tSecurity ID:\t\tS-1-5-18\r\n\tAccount Name:\t\tNISH$\r\n\tAccount Domain:\t\tWORKGROUP\r\n\tLogon ID:\t\t0x3E7\r\n\r\nUser:\r\n\tSecurity ID:\t\tS-1-5-21-362189039-2697129851-2754481102-1018\r\n\tAccount Name:\t\tCodexSandboxOffline\r\n\tAccount Domain:\t\tNISH\r\n\r\nProcess Information:\r\n\tProcess ID:\t\t0x40c8\r\n\tProcess Name:\t\tC:\\Windows\\System32\\svchost.exe"
    },
    {
        "RecordId": 3154506,
        "Id": 4798,
        "TimeCreated": "/Date(1785299354133)/",
        "MachineName": "Nish",
        "LevelDisplayName": "Information",
        "Message": "A user's local group membership was enumerated.\r\n\r\nSubject:\r\n\tSecurity ID:\t\tS-1-5-18\r\n\tAccount Name:\t\tNISH$\r\n\tAccount Domain:\t\tWORKGROUP\r\n\tLogon ID:\t\t0x3E7\r\n\r\nUser:\r\n\tSecurity ID:\t\tS-1-5-21-362189039-2697129851-2754481102-500\r\n\tAccount Name:\t\tAdministrator\r\n\tAccount Domain:\t\tNISH\r\n\r\nProcess Information:\r\n\tProcess ID:\t\t0x40c8\r\n\tProcess Name:\t\tC:\\Windows\\System32\\svchost.exe"
    },
    {
        "RecordId": 3154505,
        "Id": 4798,
        "TimeCreated": "/Date(1785299354121)/",
        "MachineName": "Nish",
        "LevelDisplayName": "Information",
        "Message": "A user's local group membership was enumerated.\r\n\r\nSubject:\r\n\tSecurity ID:\t\tS-1-5-18\r\n\tAccount Name:\t\tNISH$\r\n\tAccount Domain:\t\tWORKGROUP\r\n\tLogon ID:\t\t0x3E7\r\n\r\nUser:\r\n\tSecurity ID:\t\tS-1-5-21-362189039-2697129851-2754481102-1001\r\n\tAccount Name:\t\trish2\r\n\tAccount Domain:\t\tNISH\r\n\r\nProcess Information:\r\n\tProcess ID:\t\t0x40c8\r\n\tProcess Name:\t\tC:\\Windows\\System32\\svchost.exe"
    },
    {
        "RecordId": 3154504,
        "Id": 4798,
        "TimeCreated": "/Date(1785299354120)/",
        "MachineName": "Nish",
        "LevelDisplayName": "Information",
        "Message": "A user's local group membership was enumerated.\r\n\r\nSubject:\r\n\tSecurity ID:\t\tS-1-5-18\r\n\tAccount Name:\t\tNISH$\r\n\tAccount Domain:\t\tWORKGROUP\r\n\tLogon ID:\t\t0x3E7\r\n\r\nUser:\r\n\tSecurity ID:\t\tS-1-5-21-362189039-2697129851-2754481102-501\r\n\tAccount Name:\t\tGuest\r\n\tAccount Domain:\t\tNISH\r\n\r\nProcess Information:\r\n\tProcess ID:\t\t0x40c8\r\n\tProcess Name:\t\tC:\\Windows\\System32\\svchost.exe"
    },
    {
        "RecordId": 3154503,
        "Id": 4798,
        "TimeCreated": "/Date(1785299354118)/",
        "MachineName": "Nish",
        "LevelDisplayName": "Information",
        "Message": "A user's local group membership was enumerated.\r\n\r\nSubject:\r\n\tSecurity ID:\t\tS-1-5-18\r\n\tAccount Name:\t\tNISH$\r\n\tAccount Domain:\t\tWORKGROUP\r\n\tLogon ID:\t\t0x3E7\r\n\r\nUser:\r\n\tSecurity ID:\t\tS-1-5-21-362189039-2697129851-2754481102-503\r\n\tAccount Name:\t\tDefaultAccount\r\n\tAccount Domain:\t\tNISH\r\n\r\nProcess Information:\r\n\tProcess ID:\t\t0x40c8\r\n\tProcess Name:\t\tC:\\Windows\\System32\\svchost.exe"
    },
    {
        "RecordId": 3154502,
        "Id": 4798,
        "TimeCreated": "/Date(1785299354117)/",
        "MachineName": "Nish",
        "LevelDisplayName": "Information",
        "Message": "A user's local group membership was enumerated.\r\n\r\nSubject:\r\n\tSecurity ID:\t\tS-1-5-18\r\n\tAccount Name:\t\tNISH$\r\n\tAccount Domain:\t\tWORKGROUP\r\n\tLogon ID:\t\t0x3E7\r\n\r\nUser:\r\n\tSecurity ID:\t\tS-1-5-21-362189039-2697129851-2754481102-1019\r\n\tAccount Name:\t\tCodexSandboxOnline\r\n\tAccount Domain:\t\tNISH\r\n\r\nProcess Information:\r\n\tProcess ID:\t\t0x40c8\r\n\tProcess Name:\t\tC:\\Windows\\System32\\svchost.exe"
    },
    {
        "RecordId": 3154501,
        "Id": 4798,
        "TimeCreated": "/Date(1785299354115)/",
        "MachineName": "Nish",
        "LevelDisplayName": "Information",
        "Message": "A user's local group membership was enumerated.\r\n\r\nSubject:\r\n\tSecurity ID:\t\tS-1-5-18\r\n\tAccount Name:\t\tNISH$\r\n\tAccount Domain:\t\tWORKGROUP\r\n\tLogon ID:\t\t0x3E7\r\n\r\nUser:\r\n\tSecurity ID:\t\tS-1-5-21-362189039-2697129851-2754481102-1018\r\n\tAccount Name:\t\tCodexSandboxOffline\r\n\tAccount Domain:\t\tNISH\r\n\r\nProcess Information:\r\n\tProcess ID:\t\t0x40c8\r\n\tProcess Name:\t\tC:\\Windows\\System32\\svchost.exe"
    },
    {
        "RecordId": 3154500,
        "Id": 4798,
        "TimeCreated": "/Date(1785299354112)/",
        "MachineName": "Nish",
        "LevelDisplayName": "Information",
        "Message": "A user's local group membership was enumerated.\r\n\r\nSubject:\r\n\tSecurity ID:\t\tS-1-5-18\r\n\tAccount Name:\t\tNISH$\r\n\tAccount Domain:\t\tWORKGROUP\r\n\tLogon ID:\t\t0x3E7\r\n\r\nUser:\r\n\tSecurity ID:\t\tS-1-5-21-362189039-2697129851-2754481102-500\r\n\tAccount Name:\t\tAdministrator\r\n\tAccount Domain:\t\tNISH\r\n\r\nProcess Information:\r\n\tProcess ID:\t\t0x40c8\r\n\tProcess Name:\t\tC:\\Windows\\System32\\svchost.exe"
    },
    {
        "RecordId": 3154499,
        "Id": 4798,
        "TimeCreated": "/Date(1785299349562)/",
        "MachineName": "Nish",
        "LevelDisplayName": "Information",
        "Message": "A user's local group membership was enumerated.\r\n\r\nSubject:\r\n\tSecurity ID:\t\tS-1-5-18\r\n\tAccount Name:\t\tNISH$\r\n\tAccount Domain:\t\tWORKGROUP\r\n\tLogon ID:\t\t0x3E7\r\n\r\nUser:\r\n\tSecurity ID:\t\tS-1-5-21-362189039-2697129851-2754481102-1001\r\n\tAccount Name:\t\trish2\r\n\tAccount Domain:\t\tNISH\r\n\r\nProcess Information:\r\n\tProcess ID:\t\t0x40c8\r\n\tProcess Name:\t\tC:\\Windows\\System32\\svchost.exe"
    },
    {
        "RecordId": 3154498,
        "Id": 4798,
        "TimeCreated": "/Date(1785299349561)/",
        "MachineName": "Nish",
        "LevelDisplayName": "Information",
        "Message": "A user's local group membership was enumerated.\r\n\r\nSubject:\r\n\tSecurity ID:\t\tS-1-5-18\r\n\tAccount Name:\t\tNISH$\r\n\tAccount Domain:\t\tWORKGROUP\r\n\tLogon ID:\t\t0x3E7\r\n\r\nUser:\r\n\tSecurity ID:\t\tS-1-5-21-362189039-2697129851-2754481102-501\r\n\tAccount Name:\t\tGuest\r\n\tAccount Domain:\t\tNISH\r\n\r\nProcess Information:\r\n\tProcess ID:\t\t0x40c8\r\n\tProcess Name:\t\tC:\\Windows\\System32\\svchost.exe"
    },
    {
        "RecordId": 3154497,
        "Id": 4798,
        "TimeCreated": "/Date(1785299349560)/",
        "MachineName": "Nish",
        "LevelDisplayName": "Information",
        "Message": "A user's local group membership was enumerated.\r\n\r\nSubject:\r\n\tSecurity ID:\t\tS-1-5-18\r\n\tAccount Name:\t\tNISH$\r\n\tAccount Domain:\t\tWORKGROUP\r\n\tLogon ID:\t\t0x3E7\r\n\r\nUser:\r\n\tSecurity ID:\t\tS-1-5-21-362189039-2697129851-2754481102-503\r\n\tAccount Name:\t\tDefaultAccount\r\n\tAccount Domain:\t\tNISH\r\n\r\nProcess Information:\r\n\tProcess ID:\t\t0x40c8\r\n\tProcess Name:\t\tC:\\Windows\\System32\\svchost.exe"
    },
    {
        "RecordId": 3154496,
        "Id": 4798,
        "TimeCreated": "/Date(1785299349559)/",
        "MachineName": "Nish",
        "LevelDisplayName": "Information",
        "Message": "A user's local group membership was enumerated.\r\n\r\nSubject:\r\n\tSecurity ID:\t\tS-1-5-18\r\n\tAccount Name:\t\tNISH$\r\n\tAccount Domain:\t\tWORKGROUP\r\n\tLogon ID:\t\t0x3E7\r\n\r\nUser:\r\n\tSecurity ID:\t\tS-1-5-21-362189039-2697129851-2754481102-1019\r\n\tAccount Name:\t\tCodexSandboxOnline\r\n\tAccount Domain:\t\tNISH\r\n\r\nProcess Information:\r\n\tProcess ID:\t\t0x40c8\r\n\tProcess Name:\t\tC:\\Windows\\System32\\svchost.exe"
    },
    {
        "RecordId": 3154495,
        "Id": 4798,
        "TimeCreated": "/Date(1785299349557)/",
        "MachineName": "Nish",
        "LevelDisplayName": "Information",
        "Message": "A user's local group membership was enumerated.\r\n\r\nSubject:\r\n\tSecurity ID:\t\tS-1-5-18\r\n\tAccount Name:\t\tNISH$\r\n\tAccount Domain:\t\tWORKGROUP\r\n\tLogon ID:\t\t0x3E7\r\n\r\nUser:\r\n\tSecurity ID:\t\tS-1-5-21-362189039-2697129851-2754481102-1018\r\n\tAccount Name:\t\tCodexSandboxOffline\r\n\tAccount Domain:\t\tNISH\r\n\r\nProcess Information:\r\n\tProcess ID:\t\t0x40c8\r\n\tProcess Name:\t\tC:\\Windows\\System32\\svchost.exe"
    },
    {
        "RecordId": 3154494,
        "Id": 4798,
        "TimeCreated": "/Date(1785299349556)/",
        "MachineName": "Nish",
        "LevelDisplayName": "Information",
        "Message": "A user's local group membership was enumerated.\r\n\r\nSubject:\r\n\tSecurity ID:\t\tS-1-5-18\r\n\tAccount Name:\t\tNISH$\r\n\tAccount Domain:\t\tWORKGROUP\r\n\tLogon ID:\t\t0x3E7\r\n\r\nUser:\r\n\tSecurity ID:\t\tS-1-5-21-362189039-2697129851-2754481102-500\r\n\tAccount Name:\t\tAdministrator\r\n\tAccount Domain:\t\tNISH\r\n\r\nProcess Information:\r\n\tProcess ID:\t\t0x40c8\r\n\tProcess Name:\t\tC:\\Windows\\System32\\svchost.exe"
    },
    {
        "RecordId": 3154493,
        "Id": 4798,
        "TimeCreated": "/Date(1785299349545)/",
        "MachineName": "Nish",
        "LevelDisplayName": "Information",
        "Message": "A user's local group membership was enumerated.\r\n\r\nSubject:\r\n\tSecurity ID:\t\tS-1-5-18\r\n\tAccount Name:\t\tNISH$\r\n\tAccount Domain:\t\tWORKGROUP\r\n\tLogon ID:\t\t0x3E7\r\n\r\nUser:\r\n\tSecurity ID:\t\tS-1-5-21-362189039-2697129851-2754481102-1001\r\n\tAccount Name:\t\trish2\r\n\tAccount Domain:\t\tNISH\r\n\r\nProcess Information:\r\n\tProcess ID:\t\t0x40c8\r\n\tProcess Name:\t\tC:\\Windows\\System32\\svchost.exe"
    },
    {
        "RecordId": 3154492,
        "Id": 4798,
        "TimeCreated": "/Date(1785299349544)/",
        "MachineName": "Nish",
        "LevelDisplayName": "Information",
        "Message": "A user's local group membership was enumerated.\r\n\r\nSubject:\r\n\tSecurity ID:\t\tS-1-5-18\r\n\tAccount Name:\t\tNISH$\r\n\tAccount Domain:\t\tWORKGROUP\r\n\tLogon ID:\t\t0x3E7\r\n\r\nUser:\r\n\tSecurity ID:\t\tS-1-5-21-362189039-2697129851-2754481102-501\r\n\tAccount Name:\t\tGuest\r\n\tAccount Domain:\t\tNISH\r\n\r\nProcess Information:\r\n\tProcess ID:\t\t0x40c8\r\n\tProcess Name:\t\tC:\\Windows\\System32\\svchost.exe"
    },
    {
        "RecordId": 3154491,
        "Id": 4798,
        "TimeCreated": "/Date(1785299349543)/",
        "MachineName": "Nish",
        "LevelDisplayName": "Information",
        "Message": "A user's local group membership was enumerated.\r\n\r\nSubject:\r\n\tSecurity ID:\t\tS-1-5-18\r\n\tAccount Name:\t\tNISH$\r\n\tAccount Domain:\t\tWORKGROUP\r\n\tLogon ID:\t\t0x3E7\r\n\r\nUser:\r\n\tSecurity ID:\t\tS-1-5-21-362189039-2697129851-2754481102-503\r\n\tAccount Name:\t\tDefaultAccount\r\n\tAccount Domain:\t\tNISH\r\n\r\nProcess Information:\r\n\tProcess ID:\t\t0x40c8\r\n\tProcess Name:\t\tC:\\Windows\\System32\\svchost.exe"
    },
    {
        "RecordId": 3154490,
        "Id": 4798,
        "TimeCreated": "/Date(1785299349542)/",
        "MachineName": "Nish",
        "LevelDisplayName": "Information",
        "Message": "A user's local group membership was enumerated.\r\n\r\nSubject:\r\n\tSecurity ID:\t\tS-1-5-18\r\n\tAccount Name:\t\tNISH$\r\n\tAccount Domain:\t\tWORKGROUP\r\n\tLogon ID:\t\t0x3E7\r\n\r\nUser:\r\n\tSecurity ID:\t\tS-1-5-21-362189039-2697129851-2754481102-1019\r\n\tAccount Name:\t\tCodexSandboxOnline\r\n\tAccount Domain:\t\tNISH\r\n\r\nProcess Information:\r\n\tProcess ID:\t\t0x40c8\r\n\tProcess Name:\t\tC:\\Windows\\System32\\svchost.exe"
    },
    {
        "RecordId": 3154489,
        "Id": 4798,
        "TimeCreated": "/Date(1785299349540)/",
        "MachineName": "Nish",
        "LevelDisplayName": "Information",
        "Message": "A user's local group membership was enumerated.\r\n\r\nSubject:\r\n\tSecurity ID:\t\tS-1-5-18\r\n\tAccount Name:\t\tNISH$\r\n\tAccount Domain:\t\tWORKGROUP\r\n\tLogon ID:\t\t0x3E7\r\n\r\nUser:\r\n\tSecurity ID:\t\tS-1-5-21-362189039-2697129851-2754481102-1018\r\n\tAccount Name:\t\tCodexSandboxOffline\r\n\tAccount Domain:\t\tNISH\r\n\r\nProcess Information:\r\n\tProcess ID:\t\t0x40c8\r\n\tProcess Name:\t\tC:\\Windows\\System32\\svchost.exe"
    },
    {
        "RecordId": 3154488,
        "Id": 4798,
        "TimeCreated": "/Date(1785299349537)/",
        "MachineName": "Nish",
        "LevelDisplayName": "Information",
        "Message": "A user's local group membership was enumerated.\r\n\r\nSubject:\r\n\tSecurity ID:\t\tS-1-5-18\r\n\tAccount Name:\t\tNISH$\r\n\tAccount Domain:\t\tWORKGROUP\r\n\tLogon ID:\t\t0x3E7\r\n\r\nUser:\r\n\tSecurity ID:\t\tS-1-5-21-362189039-2697129851-2754481102-500\r\n\tAccount Name:\t\tAdministrator\r\n\tAccount Domain:\t\tNISH\r\n\r\nProcess Information:\r\n\tProcess ID:\t\t0x40c8\r\n\tProcess Name:\t\tC:\\Windows\\System32\\svchost.exe"
    },
    {
        "RecordId": 3154425,
        "Id": 4798,
        "TimeCreated": "/Date(1785299337664)/",
        "MachineName": "Nish",
        "LevelDisplayName": "Information",
        "Message": "A user's local group membership was enumerated.\r\n\r\nSubject:\r\n\tSecurity ID:\t\tS-1-5-18\r\n\tAccount Name:\t\tNISH$\r\n\tAccount Domain:\t\tWORKGROUP\r\n\tLogon ID:\t\t0x3E7\r\n\r\nUser:\r\n\tSecurity ID:\t\tS-1-5-21-362189039-2697129851-2754481102-1001\r\n\tAccount Name:\t\trish2\r\n\tAccount Domain:\t\tNISH\r\n\r\nProcess Information:\r\n\tProcess ID:\t\t0x40c8\r\n\tProcess Name:\t\tC:\\Windows\\System32\\svchost.exe"
    },
    {
        "RecordId": 3154424,
        "Id": 4798,
        "TimeCreated": "/Date(1785299337662)/",
        "MachineName": "Nish",
        "LevelDisplayName": "Information",
        "Message": "A user's local group membership was enumerated.\r\n\r\nSubject:\r\n\tSecurity ID:\t\tS-1-5-18\r\n\tAccount Name:\t\tNISH$\r\n\tAccount Domain:\t\tWORKGROUP\r\n\tLogon ID:\t\t0x3E7\r\n\r\nUser:\r\n\tSecurity ID:\t\tS-1-5-21-362189039-2697129851-2754481102-501\r\n\tAccount Name:\t\tGuest\r\n\tAccount Domain:\t\tNISH\r\n\r\nProcess Information:\r\n\tProcess ID:\t\t0x40c8\r\n\tProcess Name:\t\tC:\\Windows\\System32\\svchost.exe"
    },
    {
        "RecordId": 3154423,
        "Id": 4798,
        "TimeCreated": "/Date(1785299337661)/",
        "MachineName": "Nish",
        "LevelDisplayName": "Information",
        "Message": "A user's local group membership was enumerated.\r\n\r\nSubject:\r\n\tSecurity ID:\t\tS-1-5-18\r\n\tAccount Name:\t\tNISH$\r\n\tAccount Domain:\t\tWORKGROUP\r\n\tLogon ID:\t\t0x3E7\r\n\r\nUser:\r\n\tSecurity ID:\t\tS-1-5-21-362189039-2697129851-2754481102-503\r\n\tAccount Name:\t\tDefaultAccount\r\n\tAccount Domain:\t\tNISH\r\n\r\nProcess Information:\r\n\tProcess ID:\t\t0x40c8\r\n\tProcess Name:\t\tC:\\Windows\\System32\\svchost.exe"
    },
    {
        "RecordId": 3154422,
        "Id": 4798,
        "TimeCreated": "/Date(1785299337659)/",
        "MachineName": "Nish",
        "LevelDisplayName": "Information",
        "Message": "A user's local group membership was enumerated.\r\n\r\nSubject:\r\n\tSecurity ID:\t\tS-1-5-18\r\n\tAccount Name:\t\tNISH$\r\n\tAccount Domain:\t\tWORKGROUP\r\n\tLogon ID:\t\t0x3E7\r\n\r\nUser:\r\n\tSecurity ID:\t\tS-1-5-21-362189039-2697129851-2754481102-1019\r\n\tAccount Name:\t\tCodexSandboxOnline\r\n\tAccount Domain:\t\tNISH\r\n\r\nProcess Information:\r\n\tProcess ID:\t\t0x40c8\r\n\tProcess Name:\t\tC:\\Windows\\System32\\svchost.exe"
    },
    {
        "RecordId": 3154421,
        "Id": 4798,
        "TimeCreated": "/Date(1785299337658)/",
        "MachineName": "Nish",
        "LevelDisplayName": "Information",
        "Message": "A user's local group membership was enumerated.\r\n\r\nSubject:\r\n\tSecurity ID:\t\tS-1-5-18\r\n\tAccount Name:\t\tNISH$\r\n\tAccount Domain:\t\tWORKGROUP\r\n\tLogon ID:\t\t0x3E7\r\n\r\nUser:\r\n\tSecurity ID:\t\tS-1-5-21-362189039-2697129851-2754481102-1018\r\n\tAccount Name:\t\tCodexSandboxOffline\r\n\tAccount Domain:\t\tNISH\r\n\r\nProcess Information:\r\n\tProcess ID:\t\t0x40c8\r\n\tProcess Name:\t\tC:\\Windows\\System32\\svchost.exe"
    },
    {
        "RecordId": 3154420,
        "Id": 4798,
        "TimeCreated": "/Date(1785299337656)/",
        "MachineName": "Nish",
        "LevelDisplayName": "Information",
        "Message": "A user's local group membership was enumerated.\r\n\r\nSubject:\r\n\tSecurity ID:\t\tS-1-5-18\r\n\tAccount Name:\t\tNISH$\r\n\tAccount Domain:\t\tWORKGROUP\r\n\tLogon ID:\t\t0x3E7\r\n\r\nUser:\r\n\tSecurity ID:\t\tS-1-5-21-362189039-2697129851-2754481102-500\r\n\tAccount Name:\t\tAdministrator\r\n\tAccount Domain:\t\tNISH\r\n\r\nProcess Information:\r\n\tProcess ID:\t\t0x40c8\r\n\tProcess Name:\t\tC:\\Windows\\System32\\svchost.exe"
    },
    {
        "RecordId": 3154419,
        "Id": 4798,
        "TimeCreated": "/Date(1785299337645)/",
        "MachineName": "Nish",
        "LevelDisplayName": "Information",
        "Message": "A user's local group membership was enumerated.\r\n\r\nSubject:\r\n\tSecurity ID:\t\tS-1-5-18\r\n\tAccount Name:\t\tNISH$\r\n\tAccount Domain:\t\tWORKGROUP\r\n\tLogon ID:\t\t0x3E7\r\n\r\nUser:\r\n\tSecurity ID:\t\tS-1-5-21-362189039-2697129851-2754481102-1001\r\n\tAccount Name:\t\trish2\r\n\tAccount Domain:\t\tNISH\r\n\r\nProcess Information:\r\n\tProcess ID:\t\t0x40c8\r\n\tProcess Name:\t\tC:\\Windows\\System32\\svchost.exe"
    },
    {
        "RecordId": 3154418,
        "Id": 4798,
        "TimeCreated": "/Date(1785299337644)/",
        "MachineName": "Nish",
        "LevelDisplayName": "Information",
        "Message": "A user's local group membership was enumerated.\r\n\r\nSubject:\r\n\tSecurity ID:\t\tS-1-5-18\r\n\tAccount Name:\t\tNISH$\r\n\tAccount Domain:\t\tWORKGROUP\r\n\tLogon ID:\t\t0x3E7\r\n\r\nUser:\r\n\tSecurity ID:\t\tS-1-5-21-362189039-2697129851-2754481102-501\r\n\tAccount Name:\t\tGuest\r\n\tAccount Domain:\t\tNISH\r\n\r\nProcess Information:\r\n\tProcess ID:\t\t0x40c8\r\n\tProcess Name:\t\tC:\\Windows\\System32\\svchost.exe"
    },
    {
        "RecordId": 3154417,
        "Id": 4798,
        "TimeCreated": "/Date(1785299337642)/",
        "MachineName": "Nish",
        "LevelDisplayName": "Information",
        "Message": "A user's local group membership was enumerated.\r\n\r\nSubject:\r\n\tSecurity ID:\t\tS-1-5-18\r\n\tAccount Name:\t\tNISH$\r\n\tAccount Domain:\t\tWORKGROUP\r\n\tLogon ID:\t\t0x3E7\r\n\r\nUser:\r\n\tSecurity ID:\t\tS-1-5-21-362189039-2697129851-2754481102-503\r\n\tAccount Name:\t\tDefaultAccount\r\n\tAccount Domain:\t\tNISH\r\n\r\nProcess Information:\r\n\tProcess ID:\t\t0x40c8\r\n\tProcess Name:\t\tC:\\Windows\\System32\\svchost.exe"
    },
    {
        "RecordId": 3154416,
        "Id": 4798,
        "TimeCreated": "/Date(1785299337641)/",
        "MachineName": "Nish",
        "LevelDisplayName": "Information",
        "Message": "A user's local group membership was enumerated.\r\n\r\nSubject:\r\n\tSecurity ID:\t\tS-1-5-18\r\n\tAccount Name:\t\tNISH$\r\n\tAccount Domain:\t\tWORKGROUP\r\n\tLogon ID:\t\t0x3E7\r\n\r\nUser:\r\n\tSecurity ID:\t\tS-1-5-21-362189039-2697129851-2754481102-1019\r\n\tAccount Name:\t\tCodexSandboxOnline\r\n\tAccount Domain:\t\tNISH\r\n\r\nProcess Information:\r\n\tProcess ID:\t\t0x40c8\r\n\tProcess Name:\t\tC:\\Windows\\System32\\svchost.exe"
    },
    {
        "RecordId": 3154415,
        "Id": 4798,
        "TimeCreated": "/Date(1785299337639)/",
        "MachineName": "Nish",
        "LevelDisplayName": "Information",
        "Message": "A user's local group membership was enumerated.\r\n\r\nSubject:\r\n\tSecurity ID:\t\tS-1-5-18\r\n\tAccount Name:\t\tNISH$\r\n\tAccount Domain:\t\tWORKGROUP\r\n\tLogon ID:\t\t0x3E7\r\n\r\nUser:\r\n\tSecurity ID:\t\tS-1-5-21-362189039-2697129851-2754481102-1018\r\n\tAccount Name:\t\tCodexSandboxOffline\r\n\tAccount Domain:\t\tNISH\r\n\r\nProcess Information:\r\n\tProcess ID:\t\t0x40c8\r\n\tProcess Name:\t\tC:\\Windows\\System32\\svchost.exe"
    },
    {
        "RecordId": 3154414,
        "Id": 4798,
        "TimeCreated": "/Date(1785299337636)/",
        "MachineName": "Nish",
        "LevelDisplayName": "Information",
        "Message": "A user's local group membership was enumerated.\r\n\r\nSubject:\r\n\tSecurity ID:\t\tS-1-5-18\r\n\tAccount Name:\t\tNISH$\r\n\tAccount Domain:\t\tWORKGROUP\r\n\tLogon ID:\t\t0x3E7\r\n\r\nUser:\r\n\tSecurity ID:\t\tS-1-5-21-362189039-2697129851-2754481102-500\r\n\tAccount Name:\t\tAdministrator\r\n\tAccount Domain:\t\tNISH\r\n\r\nProcess Information:\r\n\tProcess ID:\t\t0x40c8\r\n\tProcess Name:\t\tC:\\Windows\\System32\\svchost.exe"
    },
    {
        "RecordId": 3154413,
        "Id": 4798,
        "TimeCreated": "/Date(1785299317118)/",
        "MachineName": "Nish",
        "LevelDisplayName": "Information",
        "Message": "A user's local group membership was enumerated.\r\n\r\nSubject:\r\n\tSecurity ID:\t\tS-1-5-18\r\n\tAccount Name:\t\tNISH$\r\n\tAccount Domain:\t\tWORKGROUP\r\n\tLogon ID:\t\t0x3E7\r\n\r\nUser:\r\n\tSecurity ID:\t\tS-1-5-21-362189039-2697129851-2754481102-1001\r\n\tAccount Name:\t\trish2\r\n\tAccount Domain:\t\tNISH\r\n\r\nProcess Information:\r\n\tProcess ID:\t\t0x40c8\r\n\tProcess Name:\t\tC:\\Windows\\System32\\svchost.exe"
    },
    {
        "RecordId": 3154412,
        "Id": 4798,
        "TimeCreated": "/Date(1785299317117)/",
        "MachineName": "Nish",
        "LevelDisplayName": "Information",
        "Message": "A user's local group membership was enumerated.\r\n\r\nSubject:\r\n\tSecurity ID:\t\tS-1-5-18\r\n\tAccount Name:\t\tNISH$\r\n\tAccount Domain:\t\tWORKGROUP\r\n\tLogon ID:\t\t0x3E7\r\n\r\nUser:\r\n\tSecurity ID:\t\tS-1-5-21-362189039-2697129851-2754481102-501\r\n\tAccount Name:\t\tGuest\r\n\tAccount Domain:\t\tNISH\r\n\r\nProcess Information:\r\n\tProcess ID:\t\t0x40c8\r\n\tProcess Name:\t\tC:\\Windows\\System32\\svchost.exe"
    },
    {
        "RecordId": 3154411,
        "Id": 4798,
        "TimeCreated": "/Date(1785299317115)/",
        "MachineName": "Nish",
        "LevelDisplayName": "Information",
        "Message": "A user's local group membership was enumerated.\r\n\r\nSubject:\r\n\tSecurity ID:\t\tS-1-5-18\r\n\tAccount Name:\t\tNISH$\r\n\tAccount Domain:\t\tWORKGROUP\r\n\tLogon ID:\t\t0x3E7\r\n\r\nUser:\r\n\tSecurity ID:\t\tS-1-5-21-362189039-2697129851-2754481102-503\r\n\tAccount Name:\t\tDefaultAccount\r\n\tAccount Domain:\t\tNISH\r\n\r\nProcess Information:\r\n\tProcess ID:\t\t0x40c8\r\n\tProcess Name:\t\tC:\\Windows\\System32\\svchost.exe"
    },
    {
        "RecordId": 3154410,
        "Id": 4798,
        "TimeCreated": "/Date(1785299317114)/",
        "MachineName": "Nish",
        "LevelDisplayName": "Information",
        "Message": "A user's local group membership was enumerated.\r\n\r\nSubject:\r\n\tSecurity ID:\t\tS-1-5-18\r\n\tAccount Name:\t\tNISH$\r\n\tAccount Domain:\t\tWORKGROUP\r\n\tLogon ID:\t\t0x3E7\r\n\r\nUser:\r\n\tSecurity ID:\t\tS-1-5-21-362189039-2697129851-2754481102-1019\r\n\tAccount Name:\t\tCodexSandboxOnline\r\n\tAccount Domain:\t\tNISH\r\n\r\nProcess Information:\r\n\tProcess ID:\t\t0x40c8\r\n\tProcess Name:\t\tC:\\Windows\\System32\\svchost.exe"
    },
    {
        "RecordId": 3154409,
        "Id": 4798,
        "TimeCreated": "/Date(1785299317112)/",
        "MachineName": "Nish",
        "LevelDisplayName": "Information",
        "Message": "A user's local group membership was enumerated.\r\n\r\nSubject:\r\n\tSecurity ID:\t\tS-1-5-18\r\n\tAccount Name:\t\tNISH$\r\n\tAccount Domain:\t\tWORKGROUP\r\n\tLogon ID:\t\t0x3E7\r\n\r\nUser:\r\n\tSecurity ID:\t\tS-1-5-21-362189039-2697129851-2754481102-1018\r\n\tAccount Name:\t\tCodexSandboxOffline\r\n\tAccount Domain:\t\tNISH\r\n\r\nProcess Information:\r\n\tProcess ID:\t\t0x40c8\r\n\tProcess Name:\t\tC:\\Windows\\System32\\svchost.exe"
    },
    {
        "RecordId": 3154408,
        "Id": 4798,
        "TimeCreated": "/Date(1785299317110)/",
        "MachineName": "Nish",
        "LevelDisplayName": "Information",
        "Message": "A user's local group membership was enumerated.\r\n\r\nSubject:\r\n\tSecurity ID:\t\tS-1-5-18\r\n\tAccount Name:\t\tNISH$\r\n\tAccount Domain:\t\tWORKGROUP\r\n\tLogon ID:\t\t0x3E7\r\n\r\nUser:\r\n\tSecurity ID:\t\tS-1-5-21-362189039-2697129851-2754481102-500\r\n\tAccount Name:\t\tAdministrator\r\n\tAccount Domain:\t\tNISH\r\n\r\nProcess Information:\r\n\tProcess ID:\t\t0x40c8\r\n\tProcess Name:\t\tC:\\Windows\\System32\\svchost.exe"
    },
    {
        "RecordId": 3154407,
        "Id": 4798,
        "TimeCreated": "/Date(1785299317096)/",
        "MachineName": "Nish",
        "LevelDisplayName": "Information",
        "Message": "A user's local group membership was enumerated.\r\n\r\nSubject:\r\n\tSecurity ID:\t\tS-1-5-18\r\n\tAccount Name:\t\tNISH$\r\n\tAccount Domain:\t\tWORKGROUP\r\n\tLogon ID:\t\t0x3E7\r\n\r\nUser:\r\n\tSecurity ID:\t\tS-1-5-21-362189039-2697129851-2754481102-1001\r\n\tAccount Name:\t\trish2\r\n\tAccount Domain:\t\tNISH\r\n\r\nProcess Information:\r\n\tProcess ID:\t\t0x40c8\r\n\tProcess Name:\t\tC:\\Windows\\System32\\svchost.exe"
    },
    {
        "RecordId": 3154406,
        "Id": 4798,
        "TimeCreated": "/Date(1785299317094)/",
        "MachineName": "Nish",
        "LevelDisplayName": "Information",
        "Message": "A user's local group membership was enumerated.\r\n\r\nSubject:\r\n\tSecurity ID:\t\tS-1-5-18\r\n\tAccount Name:\t\tNISH$\r\n\tAccount Domain:\t\tWORKGROUP\r\n\tLogon ID:\t\t0x3E7\r\n\r\nUser:\r\n\tSecurity ID:\t\tS-1-5-21-362189039-2697129851-2754481102-501\r\n\tAccount Name:\t\tGuest\r\n\tAccount Domain:\t\tNISH\r\n\r\nProcess Information:\r\n\tProcess ID:\t\t0x40c8\r\n\tProcess Name:\t\tC:\\Windows\\System32\\svchost.exe"
    },
    {
        "RecordId": 3154405,
        "Id": 4798,
        "TimeCreated": "/Date(1785299317092)/",
        "MachineName": "Nish",
        "LevelDisplayName": "Information",
        "Message": "A user's local group membership was enumerated.\r\n\r\nSubject:\r\n\tSecurity ID:\t\tS-1-5-18\r\n\tAccount Name:\t\tNISH$\r\n\tAccount Domain:\t\tWORKGROUP\r\n\tLogon ID:\t\t0x3E7\r\n\r\nUser:\r\n\tSecurity ID:\t\tS-1-5-21-362189039-2697129851-2754481102-503\r\n\tAccount Name:\t\tDefaultAccount\r\n\tAccount Domain:\t\tNISH\r\n\r\nProcess Information:\r\n\tProcess ID:\t\t0x40c8\r\n\tProcess Name:\t\tC:\\Windows\\System32\\svchost.exe"
    },
    {
        "RecordId": 3154404,
        "Id": 4798,
        "TimeCreated": "/Date(1785299317091)/",
        "MachineName": "Nish",
        "LevelDisplayName": "Information",
        "Message": "A user's local group membership was enumerated.\r\n\r\nSubject:\r\n\tSecurity ID:\t\tS-1-5-18\r\n\tAccount Name:\t\tNISH$\r\n\tAccount Domain:\t\tWORKGROUP\r\n\tLogon ID:\t\t0x3E7\r\n\r\nUser:\r\n\tSecurity ID:\t\tS-1-5-21-362189039-2697129851-2754481102-1019\r\n\tAccount Name:\t\tCodexSandboxOnline\r\n\tAccount Domain:\t\tNISH\r\n\r\nProcess Information:\r\n\tProcess ID:\t\t0x40c8\r\n\tProcess Name:\t\tC:\\Windows\\System32\\svchost.exe"
    },
    {
        "RecordId": 3154403,
        "Id": 4798,
        "TimeCreated": "/Date(1785299317089)/",
        "MachineName": "Nish",
        "LevelDisplayName": "Information",
        "Message": "A user's local group membership was enumerated.\r\n\r\nSubject:\r\n\tSecurity ID:\t\tS-1-5-18\r\n\tAccount Name:\t\tNISH$\r\n\tAccount Domain:\t\tWORKGROUP\r\n\tLogon ID:\t\t0x3E7\r\n\r\nUser:\r\n\tSecurity ID:\t\tS-1-5-21-362189039-2697129851-2754481102-1018\r\n\tAccount Name:\t\tCodexSandboxOffline\r\n\tAccount Domain:\t\tNISH\r\n\r\nProcess Information:\r\n\tProcess ID:\t\t0x40c8\r\n\tProcess Name:\t\tC:\\Windows\\System32\\svchost.exe"
    },
    {
        "RecordId": 3154402,
        "Id": 4798,
        "TimeCreated": "/Date(1785299317086)/",
        "MachineName": "Nish",
        "LevelDisplayName": "Information",
        "Message": "A user's local group membership was enumerated.\r\n\r\nSubject:\r\n\tSecurity ID:\t\tS-1-5-18\r\n\tAccount Name:\t\tNISH$\r\n\tAccount Domain:\t\tWORKGROUP\r\n\tLogon ID:\t\t0x3E7\r\n\r\nUser:\r\n\tSecurity ID:\t\tS-1-5-21-362189039-2697129851-2754481102-500\r\n\tAccount Name:\t\tAdministrator\r\n\tAccount Domain:\t\tNISH\r\n\r\nProcess Information:\r\n\tProcess ID:\t\t0x40c8\r\n\tProcess Name:\t\tC:\\Windows\\System32\\svchost.exe"
    },
    {
        "RecordId": 3154338,
        "Id": 4624,
        "TimeCreated": "/Date(1785299310883)/",
        "MachineName": "Nish",
        "LevelDisplayName": "Information",
        "Message": "An account was successfully logged on.\r\n\r\nSubject:\r\n\tSecurity ID:\t\tS-1-5-18\r\n\tAccount Name:\t\tNISH$\r\n\tAccount Domain:\t\tWORKGROUP\r\n\tLogon ID:\t\t0x3E7\r\n\r\nLogon Information:\r\n\tLogon Type:\t\t5\r\n\tRestricted Admin Mode:\t-\r\n\tRemote Credential Guard:\t-\r\n\tVirtual Account:\t\tNo\r\n\tElevated Token:\t\tYes\r\n\r\nImpersonation Level:\t\tImpersonation\r\n\r\nNew Logon:\r\n\tSecurity ID:\t\tS-1-5-18\r\n\tAccount Name:\t\tSYSTEM\r\n\tAccount Domain:\t\tNT AUTHORITY\r\n\tLogon ID:\t\t0x3E7\r\n\tLinked Logon ID:\t\t0x0\r\n\tNetwork Account Name:\t-\r\n\tNetwork Account Domain:\t-\r\n\tLogon GUID:\t\t{00000000-0000-0000-0000-000000000000}\r\n\r\nProcess Information:\r\n\tProcess ID:\t\t0x648\r\n\tProcess Name:\t\tC:\\Windows\\System32\\services.exe\r\n\r\nNetwork Information:\r\n\tWorkstation Name:\t-\r\n\tSource Network Address:\t-\r\n\tSource Port:\t\t-\r\n\r\nDetailed Authentication Information:\r\n\tLogon Process:\t\tAdvapi  \r\n\tAuthentication Package:\tNegotiate\r\n\tTransited Services:\t-\r\n\tPackage Name (NTLM only):\t-\r\n\tKey Length:\t\t0\r\n\r\nThis event is generated when a logon session is created. It is generated on the computer that was accessed.\r\n\r\nThe subject fields indicate the account on the local system which requested the logon. This is most commonly a service such as the Server service, or a local process such as Winlogon.exe or Services.exe.\r\n\r\nThe logon type field indicates the kind of logon that occurred. The most common types are 2 (interactive) and 3 (network).\r\n\r\nThe New Logon fields indicate the account for whom the new logon was created, i.e. the account that was logged on.\r\n\r\nThe network fields indicate where a remote logon request originated. Workstation name is not always available and may be left blank in some cases.\r\n\r\nThe impersonation level field indicates the extent to which a process in the logon session can impersonate.\r\n\r\nThe authentication information fields provide detailed information about this specific logon request.\r\n\t- Logon GUID is a unique identifier that can be used to correlate this event with a KDC event.\r\n\t- Transited services indicate which intermediate services have participated in this logon request.\r\n\t- Package name indicates which sub-protocol was used among the NTLM protocols.\r\n\t- Key length indicates the length of the generated session key. This will be 0 if no session key was requested."
    },
    {
        "RecordId": 3154337,
        "Id": 4798,
        "TimeCreated": "/Date(1785299289559)/",
        "MachineName": "Nish",
        "LevelDisplayName": "Information",
        "Message": "A user's local group membership was enumerated.\r\n\r\nSubject:\r\n\tSecurity ID:\t\tS-1-5-18\r\n\tAccount Name:\t\tNISH$\r\n\tAccount Domain:\t\tWORKGROUP\r\n\tLogon ID:\t\t0x3E7\r\n\r\nUser:\r\n\tSecurity ID:\t\tS-1-5-21-362189039-2697129851-2754481102-1001\r\n\tAccount Name:\t\trish2\r\n\tAccount Domain:\t\tNISH\r\n\r\nProcess Information:\r\n\tProcess ID:\t\t0x40c8\r\n\tProcess Name:\t\tC:\\Windows\\System32\\svchost.exe"
    },
    {
        "RecordId": 3154336,
        "Id": 4798,
        "TimeCreated": "/Date(1785299289557)/",
        "MachineName": "Nish",
        "LevelDisplayName": "Information",
        "Message": "A user's local group membership was enumerated.\r\n\r\nSubject:\r\n\tSecurity ID:\t\tS-1-5-18\r\n\tAccount Name:\t\tNISH$\r\n\tAccount Domain:\t\tWORKGROUP\r\n\tLogon ID:\t\t0x3E7\r\n\r\nUser:\r\n\tSecurity ID:\t\tS-1-5-21-362189039-2697129851-2754481102-501\r\n\tAccount Name:\t\tGuest\r\n\tAccount Domain:\t\tNISH\r\n\r\nProcess Information:\r\n\tProcess ID:\t\t0x40c8\r\n\tProcess Name:\t\tC:\\Windows\\System32\\svchost.exe"
    },
    {
        "RecordId": 3154335,
        "Id": 4798,
        "TimeCreated": "/Date(1785299289556)/",
        "MachineName": "Nish",
        "LevelDisplayName": "Information",
        "Message": "A user's local group membership was enumerated.\r\n\r\nSubject:\r\n\tSecurity ID:\t\tS-1-5-18\r\n\tAccount Name:\t\tNISH$\r\n\tAccount Domain:\t\tWORKGROUP\r\n\tLogon ID:\t\t0x3E7\r\n\r\nUser:\r\n\tSecurity ID:\t\tS-1-5-21-362189039-2697129851-2754481102-503\r\n\tAccount Name:\t\tDefaultAccount\r\n\tAccount Domain:\t\tNISH\r\n\r\nProcess Information:\r\n\tProcess ID:\t\t0x40c8\r\n\tProcess Name:\t\tC:\\Windows\\System32\\svchost.exe"
    },
    {
        "RecordId": 3154334,
        "Id": 4798,
        "TimeCreated": "/Date(1785299289554)/",
        "MachineName": "Nish",
        "LevelDisplayName": "Information",
        "Message": "A user's local group membership was enumerated.\r\n\r\nSubject:\r\n\tSecurity ID:\t\tS-1-5-18\r\n\tAccount Name:\t\tNISH$\r\n\tAccount Domain:\t\tWORKGROUP\r\n\tLogon ID:\t\t0x3E7\r\n\r\nUser:\r\n\tSecurity ID:\t\tS-1-5-21-362189039-2697129851-2754481102-1019\r\n\tAccount Name:\t\tCodexSandboxOnline\r\n\tAccount Domain:\t\tNISH\r\n\r\nProcess Information:\r\n\tProcess ID:\t\t0x40c8\r\n\tProcess Name:\t\tC:\\Windows\\System32\\svchost.exe"
    },
    {
        "RecordId": 3154333,
        "Id": 4798,
        "TimeCreated": "/Date(1785299289552)/",
        "MachineName": "Nish",
        "LevelDisplayName": "Information",
        "Message": "A user's local group membership was enumerated.\r\n\r\nSubject:\r\n\tSecurity ID:\t\tS-1-5-18\r\n\tAccount Name:\t\tNISH$\r\n\tAccount Domain:\t\tWORKGROUP\r\n\tLogon ID:\t\t0x3E7\r\n\r\nUser:\r\n\tSecurity ID:\t\tS-1-5-21-362189039-2697129851-2754481102-1018\r\n\tAccount Name:\t\tCodexSandboxOffline\r\n\tAccount Domain:\t\tNISH\r\n\r\nProcess Information:\r\n\tProcess ID:\t\t0x40c8\r\n\tProcess Name:\t\tC:\\Windows\\System32\\svchost.exe"
    },
    {
        "RecordId": 3154332,
        "Id": 4798,
        "TimeCreated": "/Date(1785299289550)/",
        "MachineName": "Nish",
        "LevelDisplayName": "Information",
        "Message": "A user's local group membership was enumerated.\r\n\r\nSubject:\r\n\tSecurity ID:\t\tS-1-5-18\r\n\tAccount Name:\t\tNISH$\r\n\tAccount Domain:\t\tWORKGROUP\r\n\tLogon ID:\t\t0x3E7\r\n\r\nUser:\r\n\tSecurity ID:\t\tS-1-5-21-362189039-2697129851-2754481102-500\r\n\tAccount Name:\t\tAdministrator\r\n\tAccount Domain:\t\tNISH\r\n\r\nProcess Information:\r\n\tProcess ID:\t\t0x40c8\r\n\tProcess Name:\t\tC:\\Windows\\System32\\svchost.exe"
    },
    {
        "RecordId": 3154331,
        "Id": 4798,
        "TimeCreated": "/Date(1785299289540)/",
        "MachineName": "Nish",
        "LevelDisplayName": "Information",
        "Message": "A user's local group membership was enumerated.\r\n\r\nSubject:\r\n\tSecurity ID:\t\tS-1-5-18\r\n\tAccount Name:\t\tNISH$\r\n\tAccount Domain:\t\tWORKGROUP\r\n\tLogon ID:\t\t0x3E7\r\n\r\nUser:\r\n\tSecurity ID:\t\tS-1-5-21-362189039-2697129851-2754481102-1001\r\n\tAccount Name:\t\trish2\r\n\tAccount Domain:\t\tNISH\r\n\r\nProcess Information:\r\n\tProcess ID:\t\t0x40c8\r\n\tProcess Name:\t\tC:\\Windows\\System32\\svchost.exe"
    },
    {
        "RecordId": 3154330,
        "Id": 4798,
        "TimeCreated": "/Date(1785299289539)/",
        "MachineName": "Nish",
        "LevelDisplayName": "Information",
        "Message": "A user's local group membership was enumerated.\r\n\r\nSubject:\r\n\tSecurity ID:\t\tS-1-5-18\r\n\tAccount Name:\t\tNISH$\r\n\tAccount Domain:\t\tWORKGROUP\r\n\tLogon ID:\t\t0x3E7\r\n\r\nUser:\r\n\tSecurity ID:\t\tS-1-5-21-362189039-2697129851-2754481102-501\r\n\tAccount Name:\t\tGuest\r\n\tAccount Domain:\t\tNISH\r\n\r\nProcess Information:\r\n\tProcess ID:\t\t0x40c8\r\n\tProcess Name:\t\tC:\\Windows\\System32\\svchost.exe"
    },
    {
        "RecordId": 3154329,
        "Id": 4798,
        "TimeCreated": "/Date(1785299289538)/",
        "MachineName": "Nish",
        "LevelDisplayName": "Information",
        "Message": "A user's local group membership was enumerated.\r\n\r\nSubject:\r\n\tSecurity ID:\t\tS-1-5-18\r\n\tAccount Name:\t\tNISH$\r\n\tAccount Domain:\t\tWORKGROUP\r\n\tLogon ID:\t\t0x3E7\r\n\r\nUser:\r\n\tSecurity ID:\t\tS-1-5-21-362189039-2697129851-2754481102-503\r\n\tAccount Name:\t\tDefaultAccount\r\n\tAccount Domain:\t\tNISH\r\n\r\nProcess Information:\r\n\tProcess ID:\t\t0x40c8\r\n\tProcess Name:\t\tC:\\Windows\\System32\\svchost.exe"
    },
    {
        "RecordId": 3154328,
        "Id": 4798,
        "TimeCreated": "/Date(1785299289537)/",
        "MachineName": "Nish",
        "LevelDisplayName": "Information",
        "Message": "A user's local group membership was enumerated.\r\n\r\nSubject:\r\n\tSecurity ID:\t\tS-1-5-18\r\n\tAccount Name:\t\tNISH$\r\n\tAccount Domain:\t\tWORKGROUP\r\n\tLogon ID:\t\t0x3E7\r\n\r\nUser:\r\n\tSecurity ID:\t\tS-1-5-21-362189039-2697129851-2754481102-1019\r\n\tAccount Name:\t\tCodexSandboxOnline\r\n\tAccount Domain:\t\tNISH\r\n\r\nProcess Information:\r\n\tProcess ID:\t\t0x40c8\r\n\tProcess Name:\t\tC:\\Windows\\System32\\svchost.exe"
    },
    {
        "RecordId": 3154327,
        "Id": 4798,
        "TimeCreated": "/Date(1785299289536)/",
        "MachineName": "Nish",
        "LevelDisplayName": "Information",
        "Message": "A user's local group membership was enumerated.\r\n\r\nSubject:\r\n\tSecurity ID:\t\tS-1-5-18\r\n\tAccount Name:\t\tNISH$\r\n\tAccount Domain:\t\tWORKGROUP\r\n\tLogon ID:\t\t0x3E7\r\n\r\nUser:\r\n\tSecurity ID:\t\tS-1-5-21-362189039-2697129851-2754481102-1018\r\n\tAccount Name:\t\tCodexSandboxOffline\r\n\tAccount Domain:\t\tNISH\r\n\r\nProcess Information:\r\n\tProcess ID:\t\t0x40c8\r\n\tProcess Name:\t\tC:\\Windows\\System32\\svchost.exe"
    },
    {
        "RecordId": 3154326,
        "Id": 4798,
        "TimeCreated": "/Date(1785299289534)/",
        "MachineName": "Nish",
        "LevelDisplayName": "Information",
        "Message": "A user's local group membership was enumerated.\r\n\r\nSubject:\r\n\tSecurity ID:\t\tS-1-5-18\r\n\tAccount Name:\t\tNISH$\r\n\tAccount Domain:\t\tWORKGROUP\r\n\tLogon ID:\t\t0x3E7\r\n\r\nUser:\r\n\tSecurity ID:\t\tS-1-5-21-362189039-2697129851-2754481102-500\r\n\tAccount Name:\t\tAdministrator\r\n\tAccount Domain:\t\tNISH\r\n\r\nProcess Information:\r\n\tProcess ID:\t\t0x40c8\r\n\tProcess Name:\t\tC:\\Windows\\System32\\svchost.exe"
    },
    {
        "RecordId": 3154246,
        "Id": 4798,
        "TimeCreated": "/Date(1785299277572)/",
        "MachineName": "Nish",
        "LevelDisplayName": "Information",
        "Message": "A user's local group membership was enumerated.\r\n\r\nSubject:\r\n\tSecurity ID:\t\tS-1-5-21-362189039-2697129851-2754481102-1001\r\n\tAccount Name:\t\trish2\r\n\tAccount Domain:\t\tNISH\r\n\tLogon ID:\t\t0x2ADF9\r\n\r\nUser:\r\n\tSecurity ID:\t\tS-1-5-21-362189039-2697129851-2754481102-1001\r\n\tAccount Name:\t\trish2\r\n\tAccount Domain:\t\tNISH\r\n\r\nProcess Information:\r\n\tProcess ID:\t\t0x3680\r\n\tProcess Name:\t\tC:\\Windows\\System32\\taskhostw.exe"
    },
    {
        "RecordId": 3154245,
        "Id": 4798,
        "TimeCreated": "/Date(1785299277571)/",
        "MachineName": "Nish",
        "LevelDisplayName": "Information",
        "Message": "A user's local group membership was enumerated.\r\n\r\nSubject:\r\n\tSecurity ID:\t\tS-1-5-21-362189039-2697129851-2754481102-1001\r\n\tAccount Name:\t\trish2\r\n\tAccount Domain:\t\tNISH\r\n\tLogon ID:\t\t0x2ADF9\r\n\r\nUser:\r\n\tSecurity ID:\t\tS-1-5-21-362189039-2697129851-2754481102-501\r\n\tAccount Name:\t\tGuest\r\n\tAccount Domain:\t\tNISH\r\n\r\nProcess Information:\r\n\tProcess ID:\t\t0x3680\r\n\tProcess Name:\t\tC:\\Windows\\System32\\taskhostw.exe"
    },
    {
        "RecordId": 3154244,
        "Id": 4798,
        "TimeCreated": "/Date(1785299277569)/",
        "MachineName": "Nish",
        "LevelDisplayName": "Information",
        "Message": "A user's local group membership was enumerated.\r\n\r\nSubject:\r\n\tSecurity ID:\t\tS-1-5-21-362189039-2697129851-2754481102-1001\r\n\tAccount Name:\t\trish2\r\n\tAccount Domain:\t\tNISH\r\n\tLogon ID:\t\t0x2ADF9\r\n\r\nUser:\r\n\tSecurity ID:\t\tS-1-5-21-362189039-2697129851-2754481102-503\r\n\tAccount Name:\t\tDefaultAccount\r\n\tAccount Domain:\t\tNISH\r\n\r\nProcess Information:\r\n\tProcess ID:\t\t0x3680\r\n\tProcess Name:\t\tC:\\Windows\\System32\\taskhostw.exe"
    },
    {
        "RecordId": 3154243,
        "Id": 4798,
        "TimeCreated": "/Date(1785299277567)/",
        "MachineName": "Nish",
        "LevelDisplayName": "Information",
        "Message": "A user's local group membership was enumerated.\r\n\r\nSubject:\r\n\tSecurity ID:\t\tS-1-5-21-362189039-2697129851-2754481102-1001\r\n\tAccount Name:\t\trish2\r\n\tAccount Domain:\t\tNISH\r\n\tLogon ID:\t\t0x2ADF9\r\n\r\nUser:\r\n\tSecurity ID:\t\tS-1-5-21-362189039-2697129851-2754481102-1019\r\n\tAccount Name:\t\tCodexSandboxOnline\r\n\tAccount Domain:\t\tNISH\r\n\r\nProcess Information:\r\n\tProcess ID:\t\t0x3680\r\n\tProcess Name:\t\tC:\\Windows\\System32\\taskhostw.exe"
    },
    {
        "RecordId": 3154242,
        "Id": 4798,
        "TimeCreated": "/Date(1785299277564)/",
        "MachineName": "Nish",
        "LevelDisplayName": "Information",
        "Message": "A user's local group membership was enumerated.\r\n\r\nSubject:\r\n\tSecurity ID:\t\tS-1-5-21-362189039-2697129851-2754481102-1001\r\n\tAccount Name:\t\trish2\r\n\tAccount Domain:\t\tNISH\r\n\tLogon ID:\t\t0x2ADF9\r\n\r\nUser:\r\n\tSecurity ID:\t\tS-1-5-21-362189039-2697129851-2754481102-1018\r\n\tAccount Name:\t\tCodexSandboxOffline\r\n\tAccount Domain:\t\tNISH\r\n\r\nProcess Information:\r\n\tProcess ID:\t\t0x3680\r\n\tProcess Name:\t\tC:\\Windows\\System32\\taskhostw.exe"
    },
    {
        "RecordId": 3154241,
        "Id": 4798,
        "TimeCreated": "/Date(1785299277562)/",
        "MachineName": "Nish",
        "LevelDisplayName": "Information",
        "Message": "A user's local group membership was enumerated.\r\n\r\nSubject:\r\n\tSecurity ID:\t\tS-1-5-21-362189039-2697129851-2754481102-1001\r\n\tAccount Name:\t\trish2\r\n\tAccount Domain:\t\tNISH\r\n\tLogon ID:\t\t0x2ADF9\r\n\r\nUser:\r\n\tSecurity ID:\t\tS-1-5-21-362189039-2697129851-2754481102-500\r\n\tAccount Name:\t\tAdministrator\r\n\tAccount Domain:\t\tNISH\r\n\r\nProcess Information:\r\n\tProcess ID:\t\t0x3680\r\n\tProcess Name:\t\tC:\\Windows\\System32\\taskhostw.exe"
    },
    {
        "RecordId": 3154240,
        "Id": 4798,
        "TimeCreated": "/Date(1785299277552)/",
        "MachineName": "Nish",
        "LevelDisplayName": "Information",
        "Message": "A user's local group membership was enumerated.\r\n\r\nSubject:\r\n\tSecurity ID:\t\tS-1-5-21-362189039-2697129851-2754481102-1001\r\n\tAccount Name:\t\trish2\r\n\tAccount Domain:\t\tNISH\r\n\tLogon ID:\t\t0x2ADF9\r\n\r\nUser:\r\n\tSecurity ID:\t\tS-1-5-21-362189039-2697129851-2754481102-1001\r\n\tAccount Name:\t\trish2\r\n\tAccount Domain:\t\tNISH\r\n\r\nProcess Information:\r\n\tProcess ID:\t\t0x3680\r\n\tProcess Name:\t\tC:\\Windows\\System32\\taskhostw.exe"
    },
