    {
        "Id": 4624,
        "TimeCreated": "/Date(1784894644861)/",
        "MachineName": "LAPTOP-6BEVVOA4",
        "LevelDisplayName": "Information",
        "Message": "An account was successfully logged on.\r\n\r\nSubject:\r\n\tSecurity ID:\t\tS-1-5-18\r\n\tAccount Name:\t\tLAPTOP-6BEVVOA4$\r\n\tAccount Domain:\t\tWORKGROUP\r\n\tLogon ID:\t\t0x3E7\r\n\r\nLogon Information:\r\n\tLogon Type:\t\t5\r\n\tRestricted Admin Mode:\t-\r\n\tRemote Credential Guard:\t-\r\n\tVirtual Account:\t\tNo\r\n\tElevated Token:\t\tYes\r\n\r\nImpersonation Level:\t\tImpersonation\r\n\r\nNew Logon:\r\n\tSecurity ID:\t\tS-1-5-18\r\n\tAccount Name:\t\tSYSTEM\r\n\tAccount Domain:\t\tNT AUTHORITY\r\n\tLogon ID:\t\t0x3E7\r\n\tLinked Logon ID:\t\t0x0\r\n\tNetwork Account Name:\t-\r\n\tNetwork Account Domain:\t-\r\n\tLogon GUID:\t\t{00000000-0000-0000-0000-000000000000}\r\n\r\nProcess Information:\r\n\tProcess ID:\t\t0x5ac\r\n\tProcess Name:\t\tC:\\Windows\\System32\\services.exe\r\n\r\nNetwork Information:\r\n\tWorkstation Name:\t-\r\n\tSource Network Address:\t-\r\n\tSource Port:\t\t-\r\n\r\nDetailed Authentication Information:\r\n\tLogon Process:\t\tAdvapi  \r\n\tAuthentication Package:\tNegotiate\r\n\tTransited Services:\t-\r\n\tPackage Name (NTLM only):\t-\r\n\tKey Length:\t\t0\r\n\r\nThis event is generated when a logon session is created. It is generated on the computer that was accessed.\r\n\r\nThe subject fields indicate the account on the local system which requested the logon. This is most commonly a service such as the Server service, or a local process such as Winlogon.exe or Services.exe.\r\n\r\nThe logon type field indicates the kind of logon that occurred. The most common types are 2 (interactive) and 3 (network).\r\n\r\nThe New Logon fields indicate the account for whom the new logon was created, i.e. the account that was logged on.\r\n\r\nThe network fields indicate where a remote logon request originated. Workstation name is not always available and may be left blank in some cases.\r\n\r\nThe impersonation level field indicates the extent to which a process in the logon session can impersonate.\r\n\r\nThe authentication information fields provide detailed information about this specific logon request.\r\n\t- Logon GUID is a unique identifier that can be used to correlate this event with a KDC event.\r\n\t- Transited services indicate which intermediate services have participated in this logon request.\r\n\t- Package name indicates which sub-protocol was used among the NTLM protocols.\r\n\t- Key length indicates the length of the generated session key. This will be 0 if no session key was requested."
    },
    {
        "Id": 4624,
        "TimeCreated": "/Date(1784894644078)/",
        "MachineName": "LAPTOP-6BEVVOA4",
        "LevelDisplayName": "Information",
        "Message": "An account was successfully logged on.\r\n\r\nSubject:\r\n\tSecurity ID:\t\tS-1-5-18\r\n\tAccount Name:\t\tLAPTOP-6BEVVOA4$\r\n\tAccount Domain:\t\tWORKGROUP\r\n\tLogon ID:\t\t0x3E7\r\n\r\nLogon Information:\r\n\tLogon Type:\t\t5\r\n\tRestricted Admin Mode:\t-\r\n\tRemote Credential Guard:\t-\r\n\tVirtual Account:\t\tNo\r\n\tElevated Token:\t\tYes\r\n\r\nImpersonation Level:\t\tImpersonation\r\n\r\nNew Logon:\r\n\tSecurity ID:\t\tS-1-5-18\r\n\tAccount Name:\t\tSYSTEM\r\n\tAccount Domain:\t\tNT AUTHORITY\r\n\tLogon ID:\t\t0x3E7\r\n\tLinked Logon ID:\t\t0x0\r\n\tNetwork Account Name:\t-\r\n\tNetwork Account Domain:\t-\r\n\tLogon GUID:\t\t{00000000-0000-0000-0000-000000000000}\r\n\r\nProcess Information:\r\n\tProcess ID:\t\t0x5ac\r\n\tProcess Name:\t\tC:\\Windows\\System32\\services.exe\r\n\r\nNetwork Information:\r\n\tWorkstation Name:\t-\r\n\tSource Network Address:\t-\r\n\tSource Port:\t\t-\r\n\r\nDetailed Authentication Information:\r\n\tLogon Process:\t\tAdvapi  \r\n\tAuthentication Package:\tNegotiate\r\n\tTransited Services:\t-\r\n\tPackage Name (NTLM only):\t-\r\n\tKey Length:\t\t0\r\n\r\nThis event is generated when a logon session is created. It is generated on the computer that was accessed.\r\n\r\nThe subject fields indicate the account on the local system which requested the logon. This is most commonly a service such as the Server service, or a local process such as Winlogon.exe or Services.exe.\r\n\r\nThe logon type field indicates the kind of logon that occurred. The most common types are 2 (interactive) and 3 (network).\r\n\r\nThe New Logon fields indicate the account for whom the new logon was created, i.e. the account that was logged on.\r\n\r\nThe network fields indicate where a remote logon request originated. Workstation name is not always available and may be left blank in some cases.\r\n\r\nThe impersonation level field indicates the extent to which a process in the logon session can impersonate.\r\n\r\nThe authentication information fields provide detailed information about this specific logon request.\r\n\t- Logon GUID is a unique identifier that can be used to correlate this event with a KDC event.\r\n\t- Transited services indicate which intermediate services have participated in this logon request.\r\n\t- Package name indicates which sub-protocol was used among the NTLM protocols.\r\n\t- Key length indicates the length of the generated session key. This will be 0 if no session key was requested."
    },
    {
        "Id": 4624,
        "TimeCreated": "/Date(1784894643995)/",
        "MachineName": "LAPTOP-6BEVVOA4",
        "LevelDisplayName": "Information",
        "Message": "An account was successfully logged on.\r\n\r\nSubject:\r\n\tSecurity ID:\t\tS-1-5-18\r\n\tAccount Name:\t\tLAPTOP-6BEVVOA4$\r\n\tAccount Domain:\t\tWORKGROUP\r\n\tLogon ID:\t\t0x3E7\r\n\r\nLogon Information:\r\n\tLogon Type:\t\t5\r\n\tRestricted Admin Mode:\t-\r\n\tRemote Credential Guard:\t-\r\n\tVirtual Account:\t\tNo\r\n\tElevated Token:\t\tYes\r\n\r\nImpersonation Level:\t\tImpersonation\r\n\r\nNew Logon:\r\n\tSecurity ID:\t\tS-1-5-18\r\n\tAccount Name:\t\tSYSTEM\r\n\tAccount Domain:\t\tNT AUTHORITY\r\n\tLogon ID:\t\t0x3E7\r\n\tLinked Logon ID:\t\t0x0\r\n\tNetwork Account Name:\t-\r\n\tNetwork Account Domain:\t-\r\n\tLogon GUID:\t\t{00000000-0000-0000-0000-000000000000}\r\n\r\nProcess Information:\r\n\tProcess ID:\t\t0x5ac\r\n\tProcess Name:\t\tC:\\Windows\\System32\\services.exe\r\n\r\nNetwork Information:\r\n\tWorkstation Name:\t-\r\n\tSource Network Address:\t-\r\n\tSource Port:\t\t-\r\n\r\nDetailed Authentication Information:\r\n\tLogon Process:\t\tAdvapi  \r\n\tAuthentication Package:\tNegotiate\r\n\tTransited Services:\t-\r\n\tPackage Name (NTLM only):\t-\r\n\tKey Length:\t\t0\r\n\r\nThis event is generated when a logon session is created. It is generated on the computer that was accessed.\r\n\r\nThe subject fields indicate the account on the local system which requested the logon. This is most commonly a service such as the Server service, or a local process such as Winlogon.exe or Services.exe.\r\n\r\nThe logon type field indicates the kind of logon that occurred. The most common types are 2 (interactive) and 3 (network).\r\n\r\nThe New Logon fields indicate the account for whom the new logon was created, i.e. the account that was logged on.\r\n\r\nThe network fields indicate where a remote logon request originated. Workstation name is not always available and may be left blank in some cases.\r\n\r\nThe impersonation level field indicates the extent to which a process in the logon session can impersonate.\r\n\r\nThe authentication information fields provide detailed information about this specific logon request.\r\n\t- Logon GUID is a unique identifier that can be used to correlate this event with a KDC event.\r\n\t- Transited services indicate which intermediate services have participated in this logon request.\r\n\t- Package name indicates which sub-protocol was used among the NTLM protocols.\r\n\t- Key length indicates the length of the generated session key. This will be 0 if no session key was requested."
    },
    {
        "Id": 4624,
        "TimeCreated": "/Date(1784894643672)/",
        "MachineName": "LAPTOP-6BEVVOA4",
        "LevelDisplayName": "Information",
        "Message": "An account was successfully logged on.\r\n\r\nSubject:\r\n\tSecurity ID:\t\tS-1-5-18\r\n\tAccount Name:\t\tLAPTOP-6BEVVOA4$\r\n\tAccount Domain:\t\tWORKGROUP\r\n\tLogon ID:\t\t0x3E7\r\n\r\nLogon Information:\r\n\tLogon Type:\t\t2\r\n\tRestricted Admin Mode:\t-\r\n\tRemote Credential Guard:\t-\r\n\tVirtual Account:\t\tNo\r\n\tElevated Token:\t\tNo\r\n\r\nImpersonation Level:\t\tImpersonation\r\n\r\nNew Logon:\r\n\tSecurity ID:\t\tS-1-5-21-2556397086-2396263826-1917990192-1001\r\n\tAccount Name:\t\tJoel\r\n\tAccount Domain:\t\tLAPTOP-6BEVVOA4\r\n\tLogon ID:\t\t0x3EA4801\r\n\tLinked Logon ID:\t\t0x3EA47C8\r\n\tNetwork Account Name:\t-\r\n\tNetwork Account Domain:\t-\r\n\tLogon GUID:\t\t{00000000-0000-0000-0000-000000000000}\r\n\r\nProcess Information:\r\n\tProcess ID:\t\t0x980\r\n\tProcess Name:\t\tC:\\Windows\\System32\\svchost.exe\r\n\r\nNetwork Information:\r\n\tWorkstation Name:\tLAPTOP-6BEVVOA4\r\n\tSource Network Address:\t127.0.0.1\r\n\tSource Port:\t\t0\r\n\r\nDetailed Authentication Information:\r\n\tLogon Process:\t\tUser32 \r\n\tAuthentication Package:\tNegotiate\r\n\tTransited Services:\t-\r\n\tPackage Name (NTLM only):\t-\r\n\tKey Length:\t\t0\r\n\r\nThis event is generated when a logon session is created. It is generated on the computer that was accessed.\r\n\r\nThe subject fields indicate the account on the local system which requested the logon. This is most commonly a service such as the Server service, or a local process such as Winlogon.exe or Services.exe.\r\n\r\nThe logon type field indicates the kind of logon that occurred. The most common types are 2 (interactive) and 3 (network).\r\n\r\nThe New Logon fields indicate the account for whom the new logon was created, i.e. the account that was logged on.\r\n\r\nThe network fields indicate where a remote logon request originated. Workstation name is not always available and may be left blank in some cases.\r\n\r\nThe impersonation level field indicates the extent to which a process in the logon session can impersonate.\r\n\r\nThe authentication information fields provide detailed information about this specific logon request.\r\n\t- Logon GUID is a unique identifier that can be used to correlate this event with a KDC event.\r\n\t- Transited services indicate which intermediate services have participated in this logon request.\r\n\t- Package name indicates which sub-protocol was used among the NTLM protocols.\r\n\t- Key length indicates the length of the generated session key. This will be 0 if no session key was requested."
    },
    {
        "Id": 4624,
        "TimeCreated": "/Date(1784894643672)/",
        "MachineName": "LAPTOP-6BEVVOA4",
        "LevelDisplayName": "Information",
        "Message": "An account was successfully logged on.\r\n\r\nSubject:\r\n\tSecurity ID:\t\tS-1-5-18\r\n\tAccount Name:\t\tLAPTOP-6BEVVOA4$\r\n\tAccount Domain:\t\tWORKGROUP\r\n\tLogon ID:\t\t0x3E7\r\n\r\nLogon Information:\r\n\tLogon Type:\t\t2\r\n\tRestricted Admin Mode:\t-\r\n\tRemote Credential Guard:\t-\r\n\tVirtual Account:\t\tNo\r\n\tElevated Token:\t\tYes\r\n\r\nImpersonation Level:\t\tImpersonation\r\n\r\nNew Logon:\r\n\tSecurity ID:\t\tS-1-5-21-2556397086-2396263826-1917990192-1001\r\n\tAccount Name:\t\tJoel\r\n\tAccount Domain:\t\tLAPTOP-6BEVVOA4\r\n\tLogon ID:\t\t0x3EA47C8\r\n\tLinked Logon ID:\t\t0x3EA4801\r\n\tNetwork Account Name:\t-\r\n\tNetwork Account Domain:\t-\r\n\tLogon GUID:\t\t{00000000-0000-0000-0000-000000000000}\r\n\r\nProcess Information:\r\n\tProcess ID:\t\t0x980\r\n\tProcess Name:\t\tC:\\Windows\\System32\\svchost.exe\r\n\r\nNetwork Information:\r\n\tWorkstation Name:\tLAPTOP-6BEVVOA4\r\n\tSource Network Address:\t127.0.0.1\r\n\tSource Port:\t\t0\r\n\r\nDetailed Authentication Information:\r\n\tLogon Process:\t\tUser32 \r\n\tAuthentication Package:\tNegotiate\r\n\tTransited Services:\t-\r\n\tPackage Name (NTLM only):\t-\r\n\tKey Length:\t\t0\r\n\r\nThis event is generated when a logon session is created. It is generated on the computer that was accessed.\r\n\r\nThe subject fields indicate the account on the local system which requested the logon. This is most commonly a service such as the Server service, or a local process such as Winlogon.exe or Services.exe.\r\n\r\nThe logon type field indicates the kind of logon that occurred. The most common types are 2 (interactive) and 3 (network).\r\n\r\nThe New Logon fields indicate the account for whom the new logon was created, i.e. the account that was logged on.\r\n\r\nThe network fields indicate where a remote logon request originated. Workstation name is not always available and may be left blank in some cases.\r\n\r\nThe impersonation level field indicates the extent to which a process in the logon session can impersonate.\r\n\r\nThe authentication information fields provide detailed information about this specific logon request.\r\n\t- Logon GUID is a unique identifier that can be used to correlate this event with a KDC event.\r\n\t- Transited services indicate which intermediate services have participated in this logon request.\r\n\t- Package name indicates which sub-protocol was used among the NTLM protocols.\r\n\t- Key length indicates the length of the generated session key. This will be 0 if no session key was requested."
    },
    {
        "Id": 4798,
        "TimeCreated": "/Date(1784894643657)/",
        "MachineName": "LAPTOP-6BEVVOA4",
        "LevelDisplayName": "Information",
        "Message": "A user's local group membership was enumerated.\r\n\r\nSubject:\r\n\tSecurity ID:\t\tS-1-5-18\r\n\tAccount Name:\t\tLAPTOP-6BEVVOA4$\r\n\tAccount Domain:\t\tWORKGROUP\r\n\tLogon ID:\t\t0x3E7\r\n\r\nUser:\r\n\tSecurity ID:\t\tS-1-5-21-2556397086-2396263826-1917990192-1001\r\n\tAccount Name:\t\tJoel\r\n\tAccount Domain:\t\tLAPTOP-6BEVVOA4\r\n\r\nProcess Information:\r\n\tProcess ID:\t\t0x5c8\r\n\tProcess Name:\t\tC:\\Windows\\System32\\lsass.exe"
    },
    {
        "Id": 4798,
        "TimeCreated": "/Date(1784894593390)/",
        "MachineName": "LAPTOP-6BEVVOA4",
        "LevelDisplayName": "Information",
        "Message": "A user's local group membership was enumerated.\r\n\r\nSubject:\r\n\tSecurity ID:\t\tS-1-5-18\r\n\tAccount Name:\t\tLAPTOP-6BEVVOA4$\r\n\tAccount Domain:\t\tWORKGROUP\r\n\tLogon ID:\t\t0x3E7\r\n\r\nUser:\r\n\tSecurity ID:\t\tS-1-5-21-2556397086-2396263826-1917990192-1001\r\n\tAccount Name:\t\tJoel\r\n\tAccount Domain:\t\tLAPTOP-6BEVVOA4\r\n\r\nProcess Information:\r\n\tProcess ID:\t\t0x4b08\r\n\tProcess Name:\t\tC:\\Windows\\System32\\svchost.exe"
    },
    {
        "Id": 4798,
        "TimeCreated": "/Date(1784894593388)/",
        "MachineName": "LAPTOP-6BEVVOA4",
        "LevelDisplayName": "Information",
        "Message": "A user's local group membership was enumerated.\r\n\r\nSubject:\r\n\tSecurity ID:\t\tS-1-5-18\r\n\tAccount Name:\t\tLAPTOP-6BEVVOA4$\r\n\tAccount Domain:\t\tWORKGROUP\r\n\tLogon ID:\t\t0x3E7\r\n\r\nUser:\r\n\tSecurity ID:\t\tS-1-5-21-2556397086-2396263826-1917990192-501\r\n\tAccount Name:\t\tGuest\r\n\tAccount Domain:\t\tLAPTOP-6BEVVOA4\r\n\r\nProcess Information:\r\n\tProcess ID:\t\t0x4b08\r\n\tProcess Name:\t\tC:\\Windows\\System32\\svchost.exe"
    },
    {
        "Id": 4798,
        "TimeCreated": "/Date(1784894593385)/",
        "MachineName": "LAPTOP-6BEVVOA4",
        "LevelDisplayName": "Information",
        "Message": "A user's local group membership was enumerated.\r\n\r\nSubject:\r\n\tSecurity ID:\t\tS-1-5-18\r\n\tAccount Name:\t\tLAPTOP-6BEVVOA4$\r\n\tAccount Domain:\t\tWORKGROUP\r\n\tLogon ID:\t\t0x3E7\r\n\r\nUser:\r\n\tSecurity ID:\t\tS-1-5-21-2556397086-2396263826-1917990192-503\r\n\tAccount Name:\t\tDefaultAccount\r\n\tAccount Domain:\t\tLAPTOP-6BEVVOA4\r\n\r\nProcess Information:\r\n\tProcess ID:\t\t0x4b08\r\n\tProcess Name:\t\tC:\\Windows\\System32\\svchost.exe"
    },
    {
        "Id": 4798,
        "TimeCreated": "/Date(1784894593383)/",
        "MachineName": "LAPTOP-6BEVVOA4",
        "LevelDisplayName": "Information",
        "Message": "A user's local group membership was enumerated.\r\n\r\nSubject:\r\n\tSecurity ID:\t\tS-1-5-18\r\n\tAccount Name:\t\tLAPTOP-6BEVVOA4$\r\n\tAccount Domain:\t\tWORKGROUP\r\n\tLogon ID:\t\t0x3E7\r\n\r\nUser:\r\n\tSecurity ID:\t\tS-1-5-21-2556397086-2396263826-1917990192-500\r\n\tAccount Name:\t\tAdministrator\r\n\tAccount Domain:\t\tLAPTOP-6BEVVOA4\r\n\r\nProcess Information:\r\n\tProcess ID:\t\t0x4b08\r\n\tProcess Name:\t\tC:\\Windows\\System32\\svchost.exe"
    },
    {
        "Id": 4798,
        "TimeCreated": "/Date(1784894593373)/",
        "MachineName": "LAPTOP-6BEVVOA4",
        "LevelDisplayName": "Information",
        "Message": "A user's local group membership was enumerated.\r\n\r\nSubject:\r\n\tSecurity ID:\t\tS-1-5-18\r\n\tAccount Name:\t\tLAPTOP-6BEVVOA4$\r\n\tAccount Domain:\t\tWORKGROUP\r\n\tLogon ID:\t\t0x3E7\r\n\r\nUser:\r\n\tSecurity ID:\t\tS-1-5-21-2556397086-2396263826-1917990192-1001\r\n\tAccount Name:\t\tJoel\r\n\tAccount Domain:\t\tLAPTOP-6BEVVOA4\r\n\r\nProcess Information:\r\n\tProcess ID:\t\t0x4b08\r\n\tProcess Name:\t\tC:\\Windows\\System32\\svchost.exe"
    },
    {
        "Id": 4798,
        "TimeCreated": "/Date(1784894593371)/",
        "MachineName": "LAPTOP-6BEVVOA4",
        "LevelDisplayName": "Information",
        "Message": "A user's local group membership was enumerated.\r\n\r\nSubject:\r\n\tSecurity ID:\t\tS-1-5-18\r\n\tAccount Name:\t\tLAPTOP-6BEVVOA4$\r\n\tAccount Domain:\t\tWORKGROUP\r\n\tLogon ID:\t\t0x3E7\r\n\r\nUser:\r\n\tSecurity ID:\t\tS-1-5-21-2556397086-2396263826-1917990192-501\r\n\tAccount Name:\t\tGuest\r\n\tAccount Domain:\t\tLAPTOP-6BEVVOA4\r\n\r\nProcess Information:\r\n\tProcess ID:\t\t0x4b08\r\n\tProcess Name:\t\tC:\\Windows\\System32\\svchost.exe"
    },
    {
        "Id": 4798,
        "TimeCreated": "/Date(1784894593368)/",
        "MachineName": "LAPTOP-6BEVVOA4",
        "LevelDisplayName": "Information",
        "Message": "A user's local group membership was enumerated.\r\n\r\nSubject:\r\n\tSecurity ID:\t\tS-1-5-18\r\n\tAccount Name:\t\tLAPTOP-6BEVVOA4$\r\n\tAccount Domain:\t\tWORKGROUP\r\n\tLogon ID:\t\t0x3E7\r\n\r\nUser:\r\n\tSecurity ID:\t\tS-1-5-21-2556397086-2396263826-1917990192-503\r\n\tAccount Name:\t\tDefaultAccount\r\n\tAccount Domain:\t\tLAPTOP-6BEVVOA4\r\n\r\nProcess Information:\r\n\tProcess ID:\t\t0x4b08\r\n\tProcess Name:\t\tC:\\Windows\\System32\\svchost.exe"
    },
    {
        "Id": 4798,
        "TimeCreated": "/Date(1784894593365)/",
        "MachineName": "LAPTOP-6BEVVOA4",
        "LevelDisplayName": "Information",
        "Message": "A user's local group membership was enumerated.\r\n\r\nSubject:\r\n\tSecurity ID:\t\tS-1-5-18\r\n\tAccount Name:\t\tLAPTOP-6BEVVOA4$\r\n\tAccount Domain:\t\tWORKGROUP\r\n\tLogon ID:\t\t0x3E7\r\n\r\nUser:\r\n\tSecurity ID:\t\tS-1-5-21-2556397086-2396263826-1917990192-500\r\n\tAccount Name:\t\tAdministrator\r\n\tAccount Domain:\t\tLAPTOP-6BEVVOA4\r\n\r\nProcess Information:\r\n\tProcess ID:\t\t0x4b08\r\n\tProcess Name:\t\tC:\\Windows\\System32\\svchost.exe"
    },
    {
        "Id": 4624,
        "TimeCreated": "/Date(1784894576922)/",
        "MachineName": "LAPTOP-6BEVVOA4",
        "LevelDisplayName": "Information",
        "Message": "An account was successfully logged on.\r\n\r\nSubject:\r\n\tSecurity ID:\t\tS-1-5-18\r\n\tAccount Name:\t\tLAPTOP-6BEVVOA4$\r\n\tAccount Domain:\t\tWORKGROUP\r\n\tLogon ID:\t\t0x3E7\r\n\r\nLogon Information:\r\n\tLogon Type:\t\t5\r\n\tRestricted Admin Mode:\t-\r\n\tRemote Credential Guard:\t-\r\n\tVirtual Account:\t\tNo\r\n\tElevated Token:\t\tYes\r\n\r\nImpersonation Level:\t\tImpersonation\r\n\r\nNew Logon:\r\n\tSecurity ID:\t\tS-1-5-18\r\n\tAccount Name:\t\tSYSTEM\r\n\tAccount Domain:\t\tNT AUTHORITY\r\n\tLogon ID:\t\t0x3E7\r\n\tLinked Logon ID:\t\t0x0\r\n\tNetwork Account Name:\t-\r\n\tNetwork Account Domain:\t-\r\n\tLogon GUID:\t\t{00000000-0000-0000-0000-000000000000}\r\n\r\nProcess Information:\r\n\tProcess ID:\t\t0x5ac\r\n\tProcess Name:\t\tC:\\Windows\\System32\\services.exe\r\n\r\nNetwork Information:\r\n\tWorkstation Name:\t-\r\n\tSource Network Address:\t-\r\n\tSource Port:\t\t-\r\n\r\nDetailed Authentication Information:\r\n\tLogon Process:\t\tAdvapi  \r\n\tAuthentication Package:\tNegotiate\r\n\tTransited Services:\t-\r\n\tPackage Name (NTLM only):\t-\r\n\tKey Length:\t\t0\r\n\r\nThis event is generated when a logon session is created. It is generated on the computer that was accessed.\r\n\r\nThe subject fields indicate the account on the local system which requested the logon. This is most commonly a service such as the Server service, or a local process such as Winlogon.exe or Services.exe.\r\n\r\nThe logon type field indicates the kind of logon that occurred. The most common types are 2 (interactive) and 3 (network).\r\n\r\nThe New Logon fields indicate the account for whom the new logon was created, i.e. the account that was logged on.\r\n\r\nThe network fields indicate where a remote logon request originated. Workstation name is not always available and may be left blank in some cases.\r\n\r\nThe impersonation level field indicates the extent to which a process in the logon session can impersonate.\r\n\r\nThe authentication information fields provide detailed information about this specific logon request.\r\n\t- Logon GUID is a unique identifier that can be used to correlate this event with a KDC event.\r\n\t- Transited services indicate which intermediate services have participated in this logon request.\r\n\t- Package name indicates which sub-protocol was used among the NTLM protocols.\r\n\t- Key length indicates the length of the generated session key. This will be 0 if no session key was requested."
    },
    {
        "Id": 4798,
        "TimeCreated": "/Date(1784894559888)/",
        "MachineName": "LAPTOP-6BEVVOA4",
        "LevelDisplayName": "Information",
        "Message": "A user's local group membership was enumerated.\r\n\r\nSubject:\r\n\tSecurity ID:\t\tS-1-5-18\r\n\tAccount Name:\t\tLAPTOP-6BEVVOA4$\r\n\tAccount Domain:\t\tWORKGROUP\r\n\tLogon ID:\t\t0x3E7\r\n\r\nUser:\r\n\tSecurity ID:\t\tS-1-5-21-2556397086-2396263826-1917990192-1001\r\n\tAccount Name:\t\tJoel\r\n\tAccount Domain:\t\tLAPTOP-6BEVVOA4\r\n\r\nProcess Information:\r\n\tProcess ID:\t\t0x4b08\r\n\tProcess Name:\t\tC:\\Windows\\System32\\svchost.exe"
    },
    {
        "Id": 4798,
        "TimeCreated": "/Date(1784894559886)/",
        "MachineName": "LAPTOP-6BEVVOA4",
        "LevelDisplayName": "Information",
        "Message": "A user's local group membership was enumerated.\r\n\r\nSubject:\r\n\tSecurity ID:\t\tS-1-5-18\r\n\tAccount Name:\t\tLAPTOP-6BEVVOA4$\r\n\tAccount Domain:\t\tWORKGROUP\r\n\tLogon ID:\t\t0x3E7\r\n\r\nUser:\r\n\tSecurity ID:\t\tS-1-5-21-2556397086-2396263826-1917990192-501\r\n\tAccount Name:\t\tGuest\r\n\tAccount Domain:\t\tLAPTOP-6BEVVOA4\r\n\r\nProcess Information:\r\n\tProcess ID:\t\t0x4b08\r\n\tProcess Name:\t\tC:\\Windows\\System32\\svchost.exe"
    },
    {
        "Id": 4798,
        "TimeCreated": "/Date(1784894559883)/",
        "MachineName": "LAPTOP-6BEVVOA4",
        "LevelDisplayName": "Information",
        "Message": "A user's local group membership was enumerated.\r\n\r\nSubject:\r\n\tSecurity ID:\t\tS-1-5-18\r\n\tAccount Name:\t\tLAPTOP-6BEVVOA4$\r\n\tAccount Domain:\t\tWORKGROUP\r\n\tLogon ID:\t\t0x3E7\r\n\r\nUser:\r\n\tSecurity ID:\t\tS-1-5-21-2556397086-2396263826-1917990192-503\r\n\tAccount Name:\t\tDefaultAccount\r\n\tAccount Domain:\t\tLAPTOP-6BEVVOA4\r\n\r\nProcess Information:\r\n\tProcess ID:\t\t0x4b08\r\n\tProcess Name:\t\tC:\\Windows\\System32\\svchost.exe"
    },
    {
        "Id": 4798,
        "TimeCreated": "/Date(1784894559881)/",
        "MachineName": "LAPTOP-6BEVVOA4",
        "LevelDisplayName": "Information",
        "Message": "A user's local group membership was enumerated.\r\n\r\nSubject:\r\n\tSecurity ID:\t\tS-1-5-18\r\n\tAccount Name:\t\tLAPTOP-6BEVVOA4$\r\n\tAccount Domain:\t\tWORKGROUP\r\n\tLogon ID:\t\t0x3E7\r\n\r\nUser:\r\n\tSecurity ID:\t\tS-1-5-21-2556397086-2396263826-1917990192-500\r\n\tAccount Name:\t\tAdministrator\r\n\tAccount Domain:\t\tLAPTOP-6BEVVOA4\r\n\r\nProcess Information:\r\n\tProcess ID:\t\t0x4b08\r\n\tProcess Name:\t\tC:\\Windows\\System32\\svchost.exe"
    },
    {
        "Id": 4798,
        "TimeCreated": "/Date(1784894559873)/",
        "MachineName": "LAPTOP-6BEVVOA4",
        "LevelDisplayName": "Information",
        "Message": "A user's local group membership was enumerated.\r\n\r\nSubject:\r\n\tSecurity ID:\t\tS-1-5-18\r\n\tAccount Name:\t\tLAPTOP-6BEVVOA4$\r\n\tAccount Domain:\t\tWORKGROUP\r\n\tLogon ID:\t\t0x3E7\r\n\r\nUser:\r\n\tSecurity ID:\t\tS-1-5-21-2556397086-2396263826-1917990192-1001\r\n\tAccount Name:\t\tJoel\r\n\tAccount Domain:\t\tLAPTOP-6BEVVOA4\r\n\r\nProcess Information:\r\n\tProcess ID:\t\t0x4b08\r\n\tProcess Name:\t\tC:\\Windows\\System32\\svchost.exe"
    },
    {
        "Id": 4798,
        "TimeCreated": "/Date(1784894559871)/",
        "MachineName": "LAPTOP-6BEVVOA4",
        "LevelDisplayName": "Information",
        "Message": "A user's local group membership was enumerated.\r\n\r\nSubject:\r\n\tSecurity ID:\t\tS-1-5-18\r\n\tAccount Name:\t\tLAPTOP-6BEVVOA4$\r\n\tAccount Domain:\t\tWORKGROUP\r\n\tLogon ID:\t\t0x3E7\r\n\r\nUser:\r\n\tSecurity ID:\t\tS-1-5-21-2556397086-2396263826-1917990192-501\r\n\tAccount Name:\t\tGuest\r\n\tAccount Domain:\t\tLAPTOP-6BEVVOA4\r\n\r\nProcess Information:\r\n\tProcess ID:\t\t0x4b08\r\n\tProcess Name:\t\tC:\\Windows\\System32\\svchost.exe"
    },
    {
        "Id": 4798,
        "TimeCreated": "/Date(1784894559868)/",
        "MachineName": "LAPTOP-6BEVVOA4",
        "LevelDisplayName": "Information",
        "Message": "A user's local group membership was enumerated.\r\n\r\nSubject:\r\n\tSecurity ID:\t\tS-1-5-18\r\n\tAccount Name:\t\tLAPTOP-6BEVVOA4$\r\n\tAccount Domain:\t\tWORKGROUP\r\n\tLogon ID:\t\t0x3E7\r\n\r\nUser:\r\n\tSecurity ID:\t\tS-1-5-21-2556397086-2396263826-1917990192-503\r\n\tAccount Name:\t\tDefaultAccount\r\n\tAccount Domain:\t\tLAPTOP-6BEVVOA4\r\n\r\nProcess Information:\r\n\tProcess ID:\t\t0x4b08\r\n\tProcess Name:\t\tC:\\Windows\\System32\\svchost.exe"
    },
    {
        "Id": 4798,
        "TimeCreated": "/Date(1784894559864)/",
        "MachineName": "LAPTOP-6BEVVOA4",
        "LevelDisplayName": "Information",
        "Message": "A user's local group membership was enumerated.\r\n\r\nSubject:\r\n\tSecurity ID:\t\tS-1-5-18\r\n\tAccount Name:\t\tLAPTOP-6BEVVOA4$\r\n\tAccount Domain:\t\tWORKGROUP\r\n\tLogon ID:\t\t0x3E7\r\n\r\nUser:\r\n\tSecurity ID:\t\tS-1-5-21-2556397086-2396263826-1917990192-500\r\n\tAccount Name:\t\tAdministrator\r\n\tAccount Domain:\t\tLAPTOP-6BEVVOA4\r\n\r\nProcess Information:\r\n\tProcess ID:\t\t0x4b08\r\n\tProcess Name:\t\tC:\\Windows\\System32\\svchost.exe"
    },
    {
        "Id": 4798,
        "TimeCreated": "/Date(1784894527274)/",
        "MachineName": "LAPTOP-6BEVVOA4",
        "LevelDisplayName": "Information",
        "Message": "A user's local group membership was enumerated.\r\n\r\nSubject:\r\n\tSecurity ID:\t\tS-1-5-18\r\n\tAccount Name:\t\tLAPTOP-6BEVVOA4$\r\n\tAccount Domain:\t\tWORKGROUP\r\n\tLogon ID:\t\t0x3E7\r\n\r\nUser:\r\n\tSecurity ID:\t\tS-1-5-21-2556397086-2396263826-1917990192-1001\r\n\tAccount Name:\t\tJoel\r\n\tAccount Domain:\t\tLAPTOP-6BEVVOA4\r\n\r\nProcess Information:\r\n\tProcess ID:\t\t0x4b08\r\n\tProcess Name:\t\tC:\\Windows\\System32\\svchost.exe"
    },
    {
        "Id": 4798,
        "TimeCreated": "/Date(1784894527272)/",
        "MachineName": "LAPTOP-6BEVVOA4",
        "LevelDisplayName": "Information",
        "Message": "A user's local group membership was enumerated.\r\n\r\nSubject:\r\n\tSecurity ID:\t\tS-1-5-18\r\n\tAccount Name:\t\tLAPTOP-6BEVVOA4$\r\n\tAccount Domain:\t\tWORKGROUP\r\n\tLogon ID:\t\t0x3E7\r\n\r\nUser:\r\n\tSecurity ID:\t\tS-1-5-21-2556397086-2396263826-1917990192-501\r\n\tAccount Name:\t\tGuest\r\n\tAccount Domain:\t\tLAPTOP-6BEVVOA4\r\n\r\nProcess Information:\r\n\tProcess ID:\t\t0x4b08\r\n\tProcess Name:\t\tC:\\Windows\\System32\\svchost.exe"
    },
    {
        "Id": 4798,
        "TimeCreated": "/Date(1784894527270)/",
        "MachineName": "LAPTOP-6BEVVOA4",
        "LevelDisplayName": "Information",
        "Message": "A user's local group membership was enumerated.\r\n\r\nSubject:\r\n\tSecurity ID:\t\tS-1-5-18\r\n\tAccount Name:\t\tLAPTOP-6BEVVOA4$\r\n\tAccount Domain:\t\tWORKGROUP\r\n\tLogon ID:\t\t0x3E7\r\n\r\nUser:\r\n\tSecurity ID:\t\tS-1-5-21-2556397086-2396263826-1917990192-503\r\n\tAccount Name:\t\tDefaultAccount\r\n\tAccount Domain:\t\tLAPTOP-6BEVVOA4\r\n\r\nProcess Information:\r\n\tProcess ID:\t\t0x4b08\r\n\tProcess Name:\t\tC:\\Windows\\System32\\svchost.exe"
    },
    {
        "Id": 4798,
        "TimeCreated": "/Date(1784894527268)/",
        "MachineName": "LAPTOP-6BEVVOA4",
        "LevelDisplayName": "Information",
        "Message": "A user's local group membership was enumerated.\r\n\r\nSubject:\r\n\tSecurity ID:\t\tS-1-5-18\r\n\tAccount Name:\t\tLAPTOP-6BEVVOA4$\r\n\tAccount Domain:\t\tWORKGROUP\r\n\tLogon ID:\t\t0x3E7\r\n\r\nUser:\r\n\tSecurity ID:\t\tS-1-5-21-2556397086-2396263826-1917990192-500\r\n\tAccount Name:\t\tAdministrator\r\n\tAccount Domain:\t\tLAPTOP-6BEVVOA4\r\n\r\nProcess Information:\r\n\tProcess ID:\t\t0x4b08\r\n\tProcess Name:\t\tC:\\Windows\\System32\\svchost.exe"
    },
    {
        "Id": 4798,
        "TimeCreated": "/Date(1784894527259)/",
        "MachineName": "LAPTOP-6BEVVOA4",
        "LevelDisplayName": "Information",
        "Message": "A user's local group membership was enumerated.\r\n\r\nSubject:\r\n\tSecurity ID:\t\tS-1-5-18\r\n\tAccount Name:\t\tLAPTOP-6BEVVOA4$\r\n\tAccount Domain:\t\tWORKGROUP\r\n\tLogon ID:\t\t0x3E7\r\n\r\nUser:\r\n\tSecurity ID:\t\tS-1-5-21-2556397086-2396263826-1917990192-1001\r\n\tAccount Name:\t\tJoel\r\n\tAccount Domain:\t\tLAPTOP-6BEVVOA4\r\n\r\nProcess Information:\r\n\tProcess ID:\t\t0x4b08\r\n\tProcess Name:\t\tC:\\Windows\\System32\\svchost.exe"
    },
    {
        "Id": 4798,
        "TimeCreated": "/Date(1784894527257)/",
        "MachineName": "LAPTOP-6BEVVOA4",
        "LevelDisplayName": "Information",
        "Message": "A user's local group membership was enumerated.\r\n\r\nSubject:\r\n\tSecurity ID:\t\tS-1-5-18\r\n\tAccount Name:\t\tLAPTOP-6BEVVOA4$\r\n\tAccount Domain:\t\tWORKGROUP\r\n\tLogon ID:\t\t0x3E7\r\n\r\nUser:\r\n\tSecurity ID:\t\tS-1-5-21-2556397086-2396263826-1917990192-501\r\n\tAccount Name:\t\tGuest\r\n\tAccount Domain:\t\tLAPTOP-6BEVVOA4\r\n\r\nProcess Information:\r\n\tProcess ID:\t\t0x4b08\r\n\tProcess Name:\t\tC:\\Windows\\System32\\svchost.exe"
    },
    {
        "Id": 4798,
        "TimeCreated": "/Date(1784894527255)/",
        "MachineName": "LAPTOP-6BEVVOA4",
        "LevelDisplayName": "Information",
        "Message": "A user's local group membership was enumerated.\r\n\r\nSubject:\r\n\tSecurity ID:\t\tS-1-5-18\r\n\tAccount Name:\t\tLAPTOP-6BEVVOA4$\r\n\tAccount Domain:\t\tWORKGROUP\r\n\tLogon ID:\t\t0x3E7\r\n\r\nUser:\r\n\tSecurity ID:\t\tS-1-5-21-2556397086-2396263826-1917990192-503\r\n\tAccount Name:\t\tDefaultAccount\r\n\tAccount Domain:\t\tLAPTOP-6BEVVOA4\r\n\r\nProcess Information:\r\n\tProcess ID:\t\t0x4b08\r\n\tProcess Name:\t\tC:\\Windows\\System32\\svchost.exe"
    },
    {
        "Id": 4798,
        "TimeCreated": "/Date(1784894527252)/",
        "MachineName": "LAPTOP-6BEVVOA4",
        "LevelDisplayName": "Information",
        "Message": "A user's local group membership was enumerated.\r\n\r\nSubject:\r\n\tSecurity ID:\t\tS-1-5-18\r\n\tAccount Name:\t\tLAPTOP-6BEVVOA4$\r\n\tAccount Domain:\t\tWORKGROUP\r\n\tLogon ID:\t\t0x3E7\r\n\r\nUser:\r\n\tSecurity ID:\t\tS-1-5-21-2556397086-2396263826-1917990192-500\r\n\tAccount Name:\t\tAdministrator\r\n\tAccount Domain:\t\tLAPTOP-6BEVVOA4\r\n\r\nProcess Information:\r\n\tProcess ID:\t\t0x4b08\r\n\tProcess Name:\t\tC:\\Windows\\System32\\svchost.exe"
    },
    {
        "Id": 4798,
        "TimeCreated": "/Date(1784894494435)/",
        "MachineName": "LAPTOP-6BEVVOA4",
        "LevelDisplayName": "Information",
        "Message": "A user's local group membership was enumerated.\r\n\r\nSubject:\r\n\tSecurity ID:\t\tS-1-5-18\r\n\tAccount Name:\t\tLAPTOP-6BEVVOA4$\r\n\tAccount Domain:\t\tWORKGROUP\r\n\tLogon ID:\t\t0x3E7\r\n\r\nUser:\r\n\tSecurity ID:\t\tS-1-5-21-2556397086-2396263826-1917990192-1001\r\n\tAccount Name:\t\tJoel\r\n\tAccount Domain:\t\tLAPTOP-6BEVVOA4\r\n\r\nProcess Information:\r\n\tProcess ID:\t\t0x4b08\r\n\tProcess Name:\t\tC:\\Windows\\System32\\svchost.exe"
    },
    {
        "Id": 4798,
        "TimeCreated": "/Date(1784894494433)/",
        "MachineName": "LAPTOP-6BEVVOA4",
        "LevelDisplayName": "Information",
        "Message": "A user's local group membership was enumerated.\r\n\r\nSubject:\r\n\tSecurity ID:\t\tS-1-5-18\r\n\tAccount Name:\t\tLAPTOP-6BEVVOA4$\r\n\tAccount Domain:\t\tWORKGROUP\r\n\tLogon ID:\t\t0x3E7\r\n\r\nUser:\r\n\tSecurity ID:\t\tS-1-5-21-2556397086-2396263826-1917990192-501\r\n\tAccount Name:\t\tGuest\r\n\tAccount Domain:\t\tLAPTOP-6BEVVOA4\r\n\r\nProcess Information:\r\n\tProcess ID:\t\t0x4b08\r\n\tProcess Name:\t\tC:\\Windows\\System32\\svchost.exe"
    },
    {
        "Id": 4798,
        "TimeCreated": "/Date(1784894494431)/",
        "MachineName": "LAPTOP-6BEVVOA4",
        "LevelDisplayName": "Information",
        "Message": "A user's local group membership was enumerated.\r\n\r\nSubject:\r\n\tSecurity ID:\t\tS-1-5-18\r\n\tAccount Name:\t\tLAPTOP-6BEVVOA4$\r\n\tAccount Domain:\t\tWORKGROUP\r\n\tLogon ID:\t\t0x3E7\r\n\r\nUser:\r\n\tSecurity ID:\t\tS-1-5-21-2556397086-2396263826-1917990192-503\r\n\tAccount Name:\t\tDefaultAccount\r\n\tAccount Domain:\t\tLAPTOP-6BEVVOA4\r\n\r\nProcess Information:\r\n\tProcess ID:\t\t0x4b08\r\n\tProcess Name:\t\tC:\\Windows\\System32\\svchost.exe"
    },
    {
        "Id": 4798,
        "TimeCreated": "/Date(1784894494429)/",
        "MachineName": "LAPTOP-6BEVVOA4",
        "LevelDisplayName": "Information",
        "Message": "A user's local group membership was enumerated.\r\n\r\nSubject:\r\n\tSecurity ID:\t\tS-1-5-18\r\n\tAccount Name:\t\tLAPTOP-6BEVVOA4$\r\n\tAccount Domain:\t\tWORKGROUP\r\n\tLogon ID:\t\t0x3E7\r\n\r\nUser:\r\n\tSecurity ID:\t\tS-1-5-21-2556397086-2396263826-1917990192-500\r\n\tAccount Name:\t\tAdministrator\r\n\tAccount Domain:\t\tLAPTOP-6BEVVOA4\r\n\r\nProcess Information:\r\n\tProcess ID:\t\t0x4b08\r\n\tProcess Name:\t\tC:\\Windows\\System32\\svchost.exe"
    },
    {
        "Id": 4798,
        "TimeCreated": "/Date(1784894494420)/",
        "MachineName": "LAPTOP-6BEVVOA4",
        "LevelDisplayName": "Information",
        "Message": "A user's local group membership was enumerated.\r\n\r\nSubject:\r\n\tSecurity ID:\t\tS-1-5-18\r\n\tAccount Name:\t\tLAPTOP-6BEVVOA4$\r\n\tAccount Domain:\t\tWORKGROUP\r\n\tLogon ID:\t\t0x3E7\r\n\r\nUser:\r\n\tSecurity ID:\t\tS-1-5-21-2556397086-2396263826-1917990192-1001\r\n\tAccount Name:\t\tJoel\r\n\tAccount Domain:\t\tLAPTOP-6BEVVOA4\r\n\r\nProcess Information:\r\n\tProcess ID:\t\t0x4b08\r\n\tProcess Name:\t\tC:\\Windows\\System32\\svchost.exe"
    },
    {
        "Id": 4798,
        "TimeCreated": "/Date(1784894494418)/",
        "MachineName": "LAPTOP-6BEVVOA4",
        "LevelDisplayName": "Information",
        "Message": "A user's local group membership was enumerated.\r\n\r\nSubject:\r\n\tSecurity ID:\t\tS-1-5-18\r\n\tAccount Name:\t\tLAPTOP-6BEVVOA4$\r\n\tAccount Domain:\t\tWORKGROUP\r\n\tLogon ID:\t\t0x3E7\r\n\r\nUser:\r\n\tSecurity ID:\t\tS-1-5-21-2556397086-2396263826-1917990192-501\r\n\tAccount Name:\t\tGuest\r\n\tAccount Domain:\t\tLAPTOP-6BEVVOA4\r\n\r\nProcess Information:\r\n\tProcess ID:\t\t0x4b08\r\n\tProcess Name:\t\tC:\\Windows\\System32\\svchost.exe"
    },
    {
        "Id": 4798,
        "TimeCreated": "/Date(1784894494416)/",
        "MachineName": "LAPTOP-6BEVVOA4",
        "LevelDisplayName": "Information",
        "Message": "A user's local group membership was enumerated.\r\n\r\nSubject:\r\n\tSecurity ID:\t\tS-1-5-18\r\n\tAccount Name:\t\tLAPTOP-6BEVVOA4$\r\n\tAccount Domain:\t\tWORKGROUP\r\n\tLogon ID:\t\t0x3E7\r\n\r\nUser:\r\n\tSecurity ID:\t\tS-1-5-21-2556397086-2396263826-1917990192-503\r\n\tAccount Name:\t\tDefaultAccount\r\n\tAccount Domain:\t\tLAPTOP-6BEVVOA4\r\n\r\nProcess Information:\r\n\tProcess ID:\t\t0x4b08\r\n\tProcess Name:\t\tC:\\Windows\\System32\\svchost.exe"
    },
    {
        "Id": 4798,
        "TimeCreated": "/Date(1784894494413)/",
        "MachineName": "LAPTOP-6BEVVOA4",
        "LevelDisplayName": "Information",
        "Message": "A user's local group membership was enumerated.\r\n\r\nSubject:\r\n\tSecurity ID:\t\tS-1-5-18\r\n\tAccount Name:\t\tLAPTOP-6BEVVOA4$\r\n\tAccount Domain:\t\tWORKGROUP\r\n\tLogon ID:\t\t0x3E7\r\n\r\nUser:\r\n\tSecurity ID:\t\tS-1-5-21-2556397086-2396263826-1917990192-500\r\n\tAccount Name:\t\tAdministrator\r\n\tAccount Domain:\t\tLAPTOP-6BEVVOA4\r\n\r\nProcess Information:\r\n\tProcess ID:\t\t0x4b08\r\n\tProcess Name:\t\tC:\\Windows\\System32\\svchost.exe"
    },
    {
        "Id": 4798,
        "TimeCreated": "/Date(1784894461107)/",
        "MachineName": "LAPTOP-6BEVVOA4",
        "LevelDisplayName": "Information",
        "Message": "A user's local group membership was enumerated.\r\n\r\nSubject:\r\n\tSecurity ID:\t\tS-1-5-18\r\n\tAccount Name:\t\tLAPTOP-6BEVVOA4$\r\n\tAccount Domain:\t\tWORKGROUP\r\n\tLogon ID:\t\t0x3E7\r\n\r\nUser:\r\n\tSecurity ID:\t\tS-1-5-21-2556397086-2396263826-1917990192-1001\r\n\tAccount Name:\t\tJoel\r\n\tAccount Domain:\t\tLAPTOP-6BEVVOA4\r\n\r\nProcess Information:\r\n\tProcess ID:\t\t0x4b08\r\n\tProcess Name:\t\tC:\\Windows\\System32\\svchost.exe"
    },
    {
        "Id": 4798,
        "TimeCreated": "/Date(1784894461105)/",
        "MachineName": "LAPTOP-6BEVVOA4",
        "LevelDisplayName": "Information",
        "Message": "A user's local group membership was enumerated.\r\n\r\nSubject:\r\n\tSecurity ID:\t\tS-1-5-18\r\n\tAccount Name:\t\tLAPTOP-6BEVVOA4$\r\n\tAccount Domain:\t\tWORKGROUP\r\n\tLogon ID:\t\t0x3E7\r\n\r\nUser:\r\n\tSecurity ID:\t\tS-1-5-21-2556397086-2396263826-1917990192-501\r\n\tAccount Name:\t\tGuest\r\n\tAccount Domain:\t\tLAPTOP-6BEVVOA4\r\n\r\nProcess Information:\r\n\tProcess ID:\t\t0x4b08\r\n\tProcess Name:\t\tC:\\Windows\\System32\\svchost.exe"
    },
    {
        "Id": 4798,
        "TimeCreated": "/Date(1784894461104)/",
        "MachineName": "LAPTOP-6BEVVOA4",
        "LevelDisplayName": "Information",
        "Message": "A user's local group membership was enumerated.\r\n\r\nSubject:\r\n\tSecurity ID:\t\tS-1-5-18\r\n\tAccount Name:\t\tLAPTOP-6BEVVOA4$\r\n\tAccount Domain:\t\tWORKGROUP\r\n\tLogon ID:\t\t0x3E7\r\n\r\nUser:\r\n\tSecurity ID:\t\tS-1-5-21-2556397086-2396263826-1917990192-503\r\n\tAccount Name:\t\tDefaultAccount\r\n\tAccount Domain:\t\tLAPTOP-6BEVVOA4\r\n\r\nProcess Information:\r\n\tProcess ID:\t\t0x4b08\r\n\tProcess Name:\t\tC:\\Windows\\System32\\svchost.exe"
    },
    {
        "Id": 4798,
        "TimeCreated": "/Date(1784894461102)/",
        "MachineName": "LAPTOP-6BEVVOA4",
        "LevelDisplayName": "Information",
        "Message": "A user's local group membership was enumerated.\r\n\r\nSubject:\r\n\tSecurity ID:\t\tS-1-5-18\r\n\tAccount Name:\t\tLAPTOP-6BEVVOA4$\r\n\tAccount Domain:\t\tWORKGROUP\r\n\tLogon ID:\t\t0x3E7\r\n\r\nUser:\r\n\tSecurity ID:\t\tS-1-5-21-2556397086-2396263826-1917990192-500\r\n\tAccount Name:\t\tAdministrator\r\n\tAccount Domain:\t\tLAPTOP-6BEVVOA4\r\n\r\nProcess Information:\r\n\tProcess ID:\t\t0x4b08\r\n\tProcess Name:\t\tC:\\Windows\\System32\\svchost.exe"
    },
    {
        "Id": 4798,
        "TimeCreated": "/Date(1784894461093)/",
        "MachineName": "LAPTOP-6BEVVOA4",
        "LevelDisplayName": "Information",
        "Message": "A user's local group membership was enumerated.\r\n\r\nSubject:\r\n\tSecurity ID:\t\tS-1-5-18\r\n\tAccount Name:\t\tLAPTOP-6BEVVOA4$\r\n\tAccount Domain:\t\tWORKGROUP\r\n\tLogon ID:\t\t0x3E7\r\n\r\nUser:\r\n\tSecurity ID:\t\tS-1-5-21-2556397086-2396263826-1917990192-1001\r\n\tAccount Name:\t\tJoel\r\n\tAccount Domain:\t\tLAPTOP-6BEVVOA4\r\n\r\nProcess Information:\r\n\tProcess ID:\t\t0x4b08\r\n\tProcess Name:\t\tC:\\Windows\\System32\\svchost.exe"
    },
    {
        "Id": 4798,
        "TimeCreated": "/Date(1784894461091)/",
        "MachineName": "LAPTOP-6BEVVOA4",
        "LevelDisplayName": "Information",
        "Message": "A user's local group membership was enumerated.\r\n\r\nSubject:\r\n\tSecurity ID:\t\tS-1-5-18\r\n\tAccount Name:\t\tLAPTOP-6BEVVOA4$\r\n\tAccount Domain:\t\tWORKGROUP\r\n\tLogon ID:\t\t0x3E7\r\n\r\nUser:\r\n\tSecurity ID:\t\tS-1-5-21-2556397086-2396263826-1917990192-501\r\n\tAccount Name:\t\tGuest\r\n\tAccount Domain:\t\tLAPTOP-6BEVVOA4\r\n\r\nProcess Information:\r\n\tProcess ID:\t\t0x4b08\r\n\tProcess Name:\t\tC:\\Windows\\System32\\svchost.exe"
    },
    {
        "Id": 4798,
        "TimeCreated": "/Date(1784894461089)/",
        "MachineName": "LAPTOP-6BEVVOA4",
        "LevelDisplayName": "Information",
        "Message": "A user's local group membership was enumerated.\r\n\r\nSubject:\r\n\tSecurity ID:\t\tS-1-5-18\r\n\tAccount Name:\t\tLAPTOP-6BEVVOA4$\r\n\tAccount Domain:\t\tWORKGROUP\r\n\tLogon ID:\t\t0x3E7\r\n\r\nUser:\r\n\tSecurity ID:\t\tS-1-5-21-2556397086-2396263826-1917990192-503\r\n\tAccount Name:\t\tDefaultAccount\r\n\tAccount Domain:\t\tLAPTOP-6BEVVOA4\r\n\r\nProcess Information:\r\n\tProcess ID:\t\t0x4b08\r\n\tProcess Name:\t\tC:\\Windows\\System32\\svchost.exe"
    },
    {
        "Id": 4798,
        "TimeCreated": "/Date(1784894461085)/",
        "MachineName": "LAPTOP-6BEVVOA4",
        "LevelDisplayName": "Information",
        "Message": "A user's local group membership was enumerated.\r\n\r\nSubject:\r\n\tSecurity ID:\t\tS-1-5-18\r\n\tAccount Name:\t\tLAPTOP-6BEVVOA4$\r\n\tAccount Domain:\t\tWORKGROUP\r\n\tLogon ID:\t\t0x3E7\r\n\r\nUser:\r\n\tSecurity ID:\t\tS-1-5-21-2556397086-2396263826-1917990192-500\r\n\tAccount Name:\t\tAdministrator\r\n\tAccount Domain:\t\tLAPTOP-6BEVVOA4\r\n\r\nProcess Information:\r\n\tProcess ID:\t\t0x4b08\r\n\tProcess Name:\t\tC:\\Windows\\System32\\svchost.exe"
    },
    {
        "Id": 4798,
        "TimeCreated": "/Date(1784894405094)/",
        "MachineName": "LAPTOP-6BEVVOA4",
        "LevelDisplayName": "Information",
        "Message": "A user's local group membership was enumerated.\r\n\r\nSubject:\r\n\tSecurity ID:\t\tS-1-5-18\r\n\tAccount Name:\t\tLAPTOP-6BEVVOA4$\r\n\tAccount Domain:\t\tWORKGROUP\r\n\tLogon ID:\t\t0x3E7\r\n\r\nUser:\r\n\tSecurity ID:\t\tS-1-5-21-2556397086-2396263826-1917990192-1001\r\n\tAccount Name:\t\tJoel\r\n\tAccount Domain:\t\tLAPTOP-6BEVVOA4\r\n\r\nProcess Information:\r\n\tProcess ID:\t\t0x4b08\r\n\tProcess Name:\t\tC:\\Windows\\System32\\svchost.exe"
    },
    {
        "Id": 4798,
        "TimeCreated": "/Date(1784894405094)/",
        "MachineName": "LAPTOP-6BEVVOA4",
        "LevelDisplayName": "Information",
        "Message": "A user's local group membership was enumerated.\r\n\r\nSubject:\r\n\tSecurity ID:\t\tS-1-5-18\r\n\tAccount Name:\t\tLAPTOP-6BEVVOA4$\r\n\tAccount Domain:\t\tWORKGROUP\r\n\tLogon ID:\t\t0x3E7\r\n\r\nUser:\r\n\tSecurity ID:\t\tS-1-5-21-2556397086-2396263826-1917990192-501\r\n\tAccount Name:\t\tGuest\r\n\tAccount Domain:\t\tLAPTOP-6BEVVOA4\r\n\r\nProcess Information:\r\n\tProcess ID:\t\t0x4b08\r\n\tProcess Name:\t\tC:\\Windows\\System32\\svchost.exe"
    },
    {
        "Id": 4798,
        "TimeCreated": "/Date(1784894405093)/",
        "MachineName": "LAPTOP-6BEVVOA4",
        "LevelDisplayName": "Information",
        "Message": "A user's local group membership was enumerated.\r\n\r\nSubject:\r\n\tSecurity ID:\t\tS-1-5-18\r\n\tAccount Name:\t\tLAPTOP-6BEVVOA4$\r\n\tAccount Domain:\t\tWORKGROUP\r\n\tLogon ID:\t\t0x3E7\r\n\r\nUser:\r\n\tSecurity ID:\t\tS-1-5-21-2556397086-2396263826-1917990192-503\r\n\tAccount Name:\t\tDefaultAccount\r\n\tAccount Domain:\t\tLAPTOP-6BEVVOA4\r\n\r\nProcess Information:\r\n\tProcess ID:\t\t0x4b08\r\n\tProcess Name:\t\tC:\\Windows\\System32\\svchost.exe"
    },
    {
        "Id": 4798,
        "TimeCreated": "/Date(1784894405092)/",
        "MachineName": "LAPTOP-6BEVVOA4",
        "LevelDisplayName": "Information",
        "Message": "A user's local group membership was enumerated.\r\n\r\nSubject:\r\n\tSecurity ID:\t\tS-1-5-18\r\n\tAccount Name:\t\tLAPTOP-6BEVVOA4$\r\n\tAccount Domain:\t\tWORKGROUP\r\n\tLogon ID:\t\t0x3E7\r\n\r\nUser:\r\n\tSecurity ID:\t\tS-1-5-21-2556397086-2396263826-1917990192-500\r\n\tAccount Name:\t\tAdministrator\r\n\tAccount Domain:\t\tLAPTOP-6BEVVOA4\r\n\r\nProcess Information:\r\n\tProcess ID:\t\t0x4b08\r\n\tProcess Name:\t\tC:\\Windows\\System32\\svchost.exe"
    },
    {
        "Id": 4798,
        "TimeCreated": "/Date(1784894405089)/",
        "MachineName": "LAPTOP-6BEVVOA4",
        "LevelDisplayName": "Information",
        "Message": "A user's local group membership was enumerated.\r\n\r\nSubject:\r\n\tSecurity ID:\t\tS-1-5-18\r\n\tAccount Name:\t\tLAPTOP-6BEVVOA4$\r\n\tAccount Domain:\t\tWORKGROUP\r\n\tLogon ID:\t\t0x3E7\r\n\r\nUser:\r\n\tSecurity ID:\t\tS-1-5-21-2556397086-2396263826-1917990192-1001\r\n\tAccount Name:\t\tJoel\r\n\tAccount Domain:\t\tLAPTOP-6BEVVOA4\r\n\r\nProcess Information:\r\n\tProcess ID:\t\t0x4b08\r\n\tProcess Name:\t\tC:\\Windows\\System32\\svchost.exe"
    },
    {
        "Id": 4798,
        "TimeCreated": "/Date(1784894405088)/",
        "MachineName": "LAPTOP-6BEVVOA4",
        "LevelDisplayName": "Information",
        "Message": "A user's local group membership was enumerated.\r\n\r\nSubject:\r\n\tSecurity ID:\t\tS-1-5-18\r\n\tAccount Name:\t\tLAPTOP-6BEVVOA4$\r\n\tAccount Domain:\t\tWORKGROUP\r\n\tLogon ID:\t\t0x3E7\r\n\r\nUser:\r\n\tSecurity ID:\t\tS-1-5-21-2556397086-2396263826-1917990192-501\r\n\tAccount Name:\t\tGuest\r\n\tAccount Domain:\t\tLAPTOP-6BEVVOA4\r\n\r\nProcess Information:\r\n\tProcess ID:\t\t0x4b08\r\n\tProcess Name:\t\tC:\\Windows\\System32\\svchost.exe"
    },
    {
        "Id": 4798,
        "TimeCreated": "/Date(1784894405087)/",
        "MachineName": "LAPTOP-6BEVVOA4",
        "LevelDisplayName": "Information",
        "Message": "A user's local group membership was enumerated.\r\n\r\nSubject:\r\n\tSecurity ID:\t\tS-1-5-18\r\n\tAccount Name:\t\tLAPTOP-6BEVVOA4$\r\n\tAccount Domain:\t\tWORKGROUP\r\n\tLogon ID:\t\t0x3E7\r\n\r\nUser:\r\n\tSecurity ID:\t\tS-1-5-21-2556397086-2396263826-1917990192-503\r\n\tAccount Name:\t\tDefaultAccount\r\n\tAccount Domain:\t\tLAPTOP-6BEVVOA4\r\n\r\nProcess Information:\r\n\tProcess ID:\t\t0x4b08\r\n\tProcess Name:\t\tC:\\Windows\\System32\\svchost.exe"
    },
    {
        "Id": 4798,
        "TimeCreated": "/Date(1784894405086)/",
        "MachineName": "LAPTOP-6BEVVOA4",
        "LevelDisplayName": "Information",
        "Message": "A user's local group membership was enumerated.\r\n\r\nSubject:\r\n\tSecurity ID:\t\tS-1-5-18\r\n\tAccount Name:\t\tLAPTOP-6BEVVOA4$\r\n\tAccount Domain:\t\tWORKGROUP\r\n\tLogon ID:\t\t0x3E7\r\n\r\nUser:\r\n\tSecurity ID:\t\tS-1-5-21-2556397086-2396263826-1917990192-500\r\n\tAccount Name:\t\tAdministrator\r\n\tAccount Domain:\t\tLAPTOP-6BEVVOA4\r\n\r\nProcess Information:\r\n\tProcess ID:\t\t0x4b08\r\n\tProcess Name:\t\tC:\\Windows\\System32\\svchost.exe"
    },
    {
        "Id": 4798,
        "TimeCreated": "/Date(1784894401411)/",
        "MachineName": "LAPTOP-6BEVVOA4",
        "LevelDisplayName": "Information",
        "Message": "A user's local group membership was enumerated.\r\n\r\nSubject:\r\n\tSecurity ID:\t\tS-1-5-18\r\n\tAccount Name:\t\tLAPTOP-6BEVVOA4$\r\n\tAccount Domain:\t\tWORKGROUP\r\n\tLogon ID:\t\t0x3E7\r\n\r\nUser:\r\n\tSecurity ID:\t\tS-1-5-21-2556397086-2396263826-1917990192-1001\r\n\tAccount Name:\t\tJoel\r\n\tAccount Domain:\t\tLAPTOP-6BEVVOA4\r\n\r\nProcess Information:\r\n\tProcess ID:\t\t0x4b08\r\n\tProcess Name:\t\tC:\\Windows\\System32\\svchost.exe"
    },
    {
        "Id": 4798,
        "TimeCreated": "/Date(1784894401410)/",
        "MachineName": "LAPTOP-6BEVVOA4",
        "LevelDisplayName": "Information",
        "Message": "A user's local group membership was enumerated.\r\n\r\nSubject:\r\n\tSecurity ID:\t\tS-1-5-18\r\n\tAccount Name:\t\tLAPTOP-6BEVVOA4$\r\n\tAccount Domain:\t\tWORKGROUP\r\n\tLogon ID:\t\t0x3E7\r\n\r\nUser:\r\n\tSecurity ID:\t\tS-1-5-21-2556397086-2396263826-1917990192-501\r\n\tAccount Name:\t\tGuest\r\n\tAccount Domain:\t\tLAPTOP-6BEVVOA4\r\n\r\nProcess Information:\r\n\tProcess ID:\t\t0x4b08\r\n\tProcess Name:\t\tC:\\Windows\\System32\\svchost.exe"
    },
    {
        "Id": 4798,
        "TimeCreated": "/Date(1784894401410)/",
        "MachineName": "LAPTOP-6BEVVOA4",
        "LevelDisplayName": "Information",
        "Message": "A user's local group membership was enumerated.\r\n\r\nSubject:\r\n\tSecurity ID:\t\tS-1-5-18\r\n\tAccount Name:\t\tLAPTOP-6BEVVOA4$\r\n\tAccount Domain:\t\tWORKGROUP\r\n\tLogon ID:\t\t0x3E7\r\n\r\nUser:\r\n\tSecurity ID:\t\tS-1-5-21-2556397086-2396263826-1917990192-503\r\n\tAccount Name:\t\tDefaultAccount\r\n\tAccount Domain:\t\tLAPTOP-6BEVVOA4\r\n\r\nProcess Information:\r\n\tProcess ID:\t\t0x4b08\r\n\tProcess Name:\t\tC:\\Windows\\System32\\svchost.exe"
    },
