        "Message": "A new process has been created.\r\n\r\nCreator Subject:\r\n\tSecurity ID:\t\tS-1-5-21-143728362-1813376488-3078198151-1001\r\n\tAccount Name:\t\tHOME\r\n\tAccount Domain:\t\tDESKTOP-NE3H1LC\r\n\tLogon ID:\t\t0x22443E1D\r\n\r\nTarget Subject:\r\n\tSecurity ID:\t\tS-1-0-0\r\n\tAccount Name:\t\t-\r\n\tAccount Domain:\t\t-\r\n\tLogon ID:\t\t0x0\r\n\r\nProcess Information:\r\n\tNew Process ID:\t\t0x1470\r\n\tNew Process Name:\tC:\\Windows\\System32\\conhost.exe\r\n\tToken Elevation Type:\tTokenElevationTypeFull (2)\r\n\tMandatory Label:\t\tS-1-16-12288\r\n\tCreator Process ID:\t0x2274\r\n\tCreator Process Name:\tC:\\Program Files\\Git\\cmd\\git.exe\r\n\tProcess Command Line:\t\r\n\r\nToken Elevation Type indicates the type of token that was assigned to the new process in accordance with User Account Control policy.\r\n\r\nType 1 is a full token with no privileges removed or groups disabled.  A full token is only used if User Account Control is disabled or if the user is the built-in Administrator account or a service account.\r\n\r\nType 2 is an elevated token with no privileges removed or groups disabled.  An elevated token is used when User Account Control is enabled and the user chooses to start the program using Run as administrator.  An elevated token is also used when an application is configured to always require administrative privilege or to always require maximum privilege, and the user is a member of the Administrators group.\r\n\r\nType 3 is a limited token with administrative privileges removed and administrative groups disabled.  The limited token is used when User Account Control is enabled, the application does not require administrative privilege, and the user does not choose to start the program using Run as administrator."
    },
    {
        "Id": 4688,
        "TimeCreated": "/Date(1784264557232)/",
        "MachineName": "DESKTOP-NE3H1LC",
        "LevelDisplayName": "Information",
        "Message": "A new process has been created.\r\n\r\nCreator Subject:\r\n\tSecurity ID:\t\tS-1-5-21-143728362-1813376488-3078198151-1001\r\n\tAccount Name:\t\tHOME\r\n\tAccount Domain:\t\tDESKTOP-NE3H1LC\r\n\tLogon ID:\t\t0x22443E1D\r\n\r\nTarget Subject:\r\n\tSecurity ID:\t\tS-1-0-0\r\n\tAccount Name:\t\t-\r\n\tAccount Domain:\t\t-\r\n\tLogon ID:\t\t0x0\r\n\r\nProcess Information:\r\n\tNew Process ID:\t\t0x3edc\r\n\tNew Process Name:\tC:\\Program Files\\Git\\cmd\\git.exe\r\n\tToken Elevation Type:\tTokenElevationTypeFull (2)\r\n\tMandatory Label:\t\tS-1-16-12288\r\n\tCreator Process ID:\t0x4064\r\n\tCreator Process Name:\tC:\\Users\\HOME\\AppData\\Local\\Programs\\Microsoft VS Code\\Code.exe\r\n\tProcess Command Line:\t\r\n\r\nToken Elevation Type indicates the type of token that was assigned to the new process in accordance with User Account Control policy.\r\n\r\nType 1 is a full token with no privileges removed or groups disabled.  A full token is only used if User Account Control is disabled or if the user is the built-in Administrator account or a service account.\r\n\r\nType 2 is an elevated token with no privileges removed or groups disabled.  An elevated token is used when User Account Control is enabled and the user chooses to start the program using Run as administrator.  An elevated token is also used when an application is configured to always require administrative privilege or to always require maximum privilege, and the user is a member of the Administrators group.\r\n\r\nType 3 is a limited token with administrative privileges removed and administrative groups disabled.  The limited token is used when User Account Control is enabled, the application does not require administrative privilege, and the user does not choose to start the program using Run as administrator."
    },
    {
        "Id": 4688,
        "TimeCreated": "/Date(1784264557220)/",
        "MachineName": "DESKTOP-NE3H1LC",
        "LevelDisplayName": "Information",
        "Message": "A new process has been created.\r\n\r\nCreator Subject:\r\n\tSecurity ID:\t\tS-1-5-21-143728362-1813376488-3078198151-1001\r\n\tAccount Name:\t\tHOME\r\n\tAccount Domain:\t\tDESKTOP-NE3H1LC\r\n\tLogon ID:\t\t0x22443E1D\r\n\r\nTarget Subject:\r\n\tSecurity ID:\t\tS-1-0-0\r\n\tAccount Name:\t\t-\r\n\tAccount Domain:\t\t-\r\n\tLogon ID:\t\t0x0\r\n\r\nProcess Information:\r\n\tNew Process ID:\t\t0x2274\r\n\tNew Process Name:\tC:\\Program Files\\Git\\cmd\\git.exe\r\n\tToken Elevation Type:\tTokenElevationTypeFull (2)\r\n\tMandatory Label:\t\tS-1-16-12288\r\n\tCreator Process ID:\t0x4064\r\n\tCreator Process Name:\tC:\\Users\\HOME\\AppData\\Local\\Programs\\Microsoft VS Code\\Code.exe\r\n\tProcess Command Line:\t\r\n\r\nToken Elevation Type indicates the type of token that was assigned to the new process in accordance with User Account Control policy.\r\n\r\nType 1 is a full token with no privileges removed or groups disabled.  A full token is only used if User Account Control is disabled or if the user is the built-in Administrator account or a service account.\r\n\r\nType 2 is an elevated token with no privileges removed or groups disabled.  An elevated token is used when User Account Control is enabled and the user chooses to start the program using Run as administrator.  An elevated token is also used when an application is configured to always require administrative privilege or to always require maximum privilege, and the user is a member of the Administrators group.\r\n\r\nType 3 is a limited token with administrative privileges removed and administrative groups disabled.  The limited token is used when User Account Control is enabled, the application does not require administrative privilege, and the user does not choose to start the program using Run as administrator."
    },
    {
        "Id": 4688,
        "TimeCreated": "/Date(1784264557111)/",
        "MachineName": "DESKTOP-NE3H1LC",
        "LevelDisplayName": "Information",
        "Message": "A new process has been created.\r\n\r\nCreator Subject:\r\n\tSecurity ID:\t\tS-1-5-21-143728362-1813376488-3078198151-1001\r\n\tAccount Name:\t\tHOME\r\n\tAccount Domain:\t\tDESKTOP-NE3H1LC\r\n\tLogon ID:\t\t0x22443E1D\r\n\r\nTarget Subject:\r\n\tSecurity ID:\t\tS-1-0-0\r\n\tAccount Name:\t\t-\r\n\tAccount Domain:\t\t-\r\n\tLogon ID:\t\t0x0\r\n\r\nProcess Information:\r\n\tNew Process ID:\t\t0x2a2c\r\n\tNew Process Name:\tC:\\Program Files\\Git\\mingw64\\bin\\git.exe\r\n\tToken Elevation Type:\tTokenElevationTypeFull (2)\r\n\tMandatory Label:\t\tS-1-16-12288\r\n\tCreator Process ID:\t0x48e4\r\n\tCreator Process Name:\tC:\\Program Files\\Git\\cmd\\git.exe\r\n\tProcess Command Line:\t\r\n\r\nToken Elevation Type indicates the type of token that was assigned to the new process in accordance with User Account Control policy.\r\n\r\nType 1 is a full token with no privileges removed or groups disabled.  A full token is only used if User Account Control is disabled or if the user is the built-in Administrator account or a service account.\r\n\r\nType 2 is an elevated token with no privileges removed or groups disabled.  An elevated token is used when User Account Control is enabled and the user chooses to start the program using Run as administrator.  An elevated token is also used when an application is configured to always require administrative privilege or to always require maximum privilege, and the user is a member of the Administrators group.\r\n\r\nType 3 is a limited token with administrative privileges removed and administrative groups disabled.  The limited token is used when User Account Control is enabled, the application does not require administrative privilege, and the user does not choose to start the program using Run as administrator."
    },
    {
        "Id": 4688,
        "TimeCreated": "/Date(1784264557024)/",
        "MachineName": "DESKTOP-NE3H1LC",
        "LevelDisplayName": "Information",
        "Message": "A new process has been created.\r\n\r\nCreator Subject:\r\n\tSecurity ID:\t\tS-1-5-21-143728362-1813376488-3078198151-1001\r\n\tAccount Name:\t\tHOME\r\n\tAccount Domain:\t\tDESKTOP-NE3H1LC\r\n\tLogon ID:\t\t0x22443E1D\r\n\r\nTarget Subject:\r\n\tSecurity ID:\t\tS-1-0-0\r\n\tAccount Name:\t\t-\r\n\tAccount Domain:\t\t-\r\n\tLogon ID:\t\t0x0\r\n\r\nProcess Information:\r\n\tNew Process ID:\t\t0x1150\r\n\tNew Process Name:\tC:\\Program Files\\Git\\mingw64\\bin\\git.exe\r\n\tToken Elevation Type:\tTokenElevationTypeFull (2)\r\n\tMandatory Label:\t\tS-1-16-12288\r\n\tCreator Process ID:\t0x475c\r\n\tCreator Process Name:\tC:\\Program Files\\Git\\cmd\\git.exe\r\n\tProcess Command Line:\t\r\n\r\nToken Elevation Type indicates the type of token that was assigned to the new process in accordance with User Account Control policy.\r\n\r\nType 1 is a full token with no privileges removed or groups disabled.  A full token is only used if User Account Control is disabled or if the user is the built-in Administrator account or a service account.\r\n\r\nType 2 is an elevated token with no privileges removed or groups disabled.  An elevated token is used when User Account Control is enabled and the user chooses to start the program using Run as administrator.  An elevated token is also used when an application is configured to always require administrative privilege or to always require maximum privilege, and the user is a member of the Administrators group.\r\n\r\nType 3 is a limited token with administrative privileges removed and administrative groups disabled.  The limited token is used when User Account Control is enabled, the application does not require administrative privilege, and the user does not choose to start the program using Run as administrator."
    },
    {
        "Id": 5156,
        "TimeCreated": "/Date(1784264556995)/",
        "MachineName": "DESKTOP-NE3H1LC",
        "LevelDisplayName": "Information",
        "Message": "The Windows Filtering Platform has permitted a connection.\r\n\r\nApplication Information:\r\n\tProcess ID:\t\t16484\r\n\tApplication Name:\t\\device\\harddiskvolume3\\users\\home\\appdata\\local\\programs\\microsoft vs code\\code.exe\r\n\r\nNetwork Information:\r\n\tDirection:\t\tOutbound\r\n\tSource Address:\t\t10.39.7.234\r\n\tSource Port:\t\t54063\r\n\tDestination Address:\t13.69.116.107\r\n\tDestination Port:\t\t443\r\n\tProtocol:\t\t6\r\n\tInterface Index:\t\t10\r\n\r\nFilter Information:\r\n\tFilter Origin:\t\tUnknown\r\n\tFilter Run-Time ID:\t144136\r\n\tLayer Name:\t\tConnect\r\n\tLayer Run-Time ID:\t48\r\n\tRemote User ID:\t\tS-1-0-0\r\n\tRemote Machine ID:\tS-1-0-0"
    },
    {
        "Id": 5158,
        "TimeCreated": "/Date(1784264556995)/",
        "MachineName": "DESKTOP-NE3H1LC",
        "LevelDisplayName": "Information",
        "Message": "The Windows Filtering Platform has permitted a bind to a local port.\r\n\r\nApplication Information:\r\n\tProcess ID:\t\t16484\r\n\tApplication Name:\t\\device\\harddiskvolume3\\users\\home\\appdata\\local\\programs\\microsoft vs code\\code.exe\r\n\r\nNetwork Information:\r\n\tSource Address:\t\t0.0.0.0\r\n\tSource Port:\t\t54063\r\n\tProtocol:\t\t6\r\n\r\nFilter Information:\r\n\tFilter Run-Time ID:\t0\r\n\tLayer Name:\t\tResource Assignment\r\n\tLayer Run-Time ID:\t36"
    },
    {
        "Id": 4688,
        "TimeCreated": "/Date(1784264556966)/",
        "MachineName": "DESKTOP-NE3H1LC",
        "LevelDisplayName": "Information",
        "Message": "A new process has been created.\r\n\r\nCreator Subject:\r\n\tSecurity ID:\t\tS-1-5-21-143728362-1813376488-3078198151-1001\r\n\tAccount Name:\t\tHOME\r\n\tAccount Domain:\t\tDESKTOP-NE3H1LC\r\n\tLogon ID:\t\t0x22443E1D\r\n\r\nTarget Subject:\r\n\tSecurity ID:\t\tS-1-0-0\r\n\tAccount Name:\t\t-\r\n\tAccount Domain:\t\t-\r\n\tLogon ID:\t\t0x0\r\n\r\nProcess Information:\r\n\tNew Process ID:\t\t0x43a4\r\n\tNew Process Name:\tC:\\Program Files\\Git\\mingw64\\bin\\git.exe\r\n\tToken Elevation Type:\tTokenElevationTypeFull (2)\r\n\tMandatory Label:\t\tS-1-16-12288\r\n\tCreator Process ID:\t0x5100\r\n\tCreator Process Name:\tC:\\Program Files\\Git\\cmd\\git.exe\r\n\tProcess Command Line:\t\r\n\r\nToken Elevation Type indicates the type of token that was assigned to the new process in accordance with User Account Control policy.\r\n\r\nType 1 is a full token with no privileges removed or groups disabled.  A full token is only used if User Account Control is disabled or if the user is the built-in Administrator account or a service account.\r\n\r\nType 2 is an elevated token with no privileges removed or groups disabled.  An elevated token is used when User Account Control is enabled and the user chooses to start the program using Run as administrator.  An elevated token is also used when an application is configured to always require administrative privilege or to always require maximum privilege, and the user is a member of the Administrators group.\r\n\r\nType 3 is a limited token with administrative privileges removed and administrative groups disabled.  The limited token is used when User Account Control is enabled, the application does not require administrative privilege, and the user does not choose to start the program using Run as administrator."
    },
    {
        "Id": 4688,
        "TimeCreated": "/Date(1784264556966)/",
        "MachineName": "DESKTOP-NE3H1LC",
        "LevelDisplayName": "Information",
        "Message": "A new process has been created.\r\n\r\nCreator Subject:\r\n\tSecurity ID:\t\tS-1-5-21-143728362-1813376488-3078198151-1001\r\n\tAccount Name:\t\tHOME\r\n\tAccount Domain:\t\tDESKTOP-NE3H1LC\r\n\tLogon ID:\t\t0x22443E1D\r\n\r\nTarget Subject:\r\n\tSecurity ID:\t\tS-1-0-0\r\n\tAccount Name:\t\t-\r\n\tAccount Domain:\t\t-\r\n\tLogon ID:\t\t0x0\r\n\r\nProcess Information:\r\n\tNew Process ID:\t\t0x484c\r\n\tNew Process Name:\tC:\\Program Files\\Git\\mingw64\\bin\\git.exe\r\n\tToken Elevation Type:\tTokenElevationTypeFull (2)\r\n\tMandatory Label:\t\tS-1-16-12288\r\n\tCreator Process ID:\t0x3a70\r\n\tCreator Process Name:\tC:\\Program Files\\Git\\cmd\\git.exe\r\n\tProcess Command Line:\t\r\n\r\nToken Elevation Type indicates the type of token that was assigned to the new process in accordance with User Account Control policy.\r\n\r\nType 1 is a full token with no privileges removed or groups disabled.  A full token is only used if User Account Control is disabled or if the user is the built-in Administrator account or a service account.\r\n\r\nType 2 is an elevated token with no privileges removed or groups disabled.  An elevated token is used when User Account Control is enabled and the user chooses to start the program using Run as administrator.  An elevated token is also used when an application is configured to always require administrative privilege or to always require maximum privilege, and the user is a member of the Administrators group.\r\n\r\nType 3 is a limited token with administrative privileges removed and administrative groups disabled.  The limited token is used when User Account Control is enabled, the application does not require administrative privilege, and the user does not choose to start the program using Run as administrator."
    },
    {
        "Id": 4688,
        "TimeCreated": "/Date(1784264556961)/",
        "MachineName": "DESKTOP-NE3H1LC",
        "LevelDisplayName": "Information",
        "Message": "A new process has been created.\r\n\r\nCreator Subject:\r\n\tSecurity ID:\t\tS-1-5-21-143728362-1813376488-3078198151-1001\r\n\tAccount Name:\t\tHOME\r\n\tAccount Domain:\t\tDESKTOP-NE3H1LC\r\n\tLogon ID:\t\t0x22443E1D\r\n\r\nTarget Subject:\r\n\tSecurity ID:\t\tS-1-0-0\r\n\tAccount Name:\t\t-\r\n\tAccount Domain:\t\t-\r\n\tLogon ID:\t\t0x0\r\n\r\nProcess Information:\r\n\tNew Process ID:\t\t0x3260\r\n\tNew Process Name:\tC:\\Program Files\\Git\\mingw64\\bin\\git.exe\r\n\tToken Elevation Type:\tTokenElevationTypeFull (2)\r\n\tMandatory Label:\t\tS-1-16-12288\r\n\tCreator Process ID:\t0x2b34\r\n\tCreator Process Name:\tC:\\Program Files\\Git\\cmd\\git.exe\r\n\tProcess Command Line:\t\r\n\r\nToken Elevation Type indicates the type of token that was assigned to the new process in accordance with User Account Control policy.\r\n\r\nType 1 is a full token with no privileges removed or groups disabled.  A full token is only used if User Account Control is disabled or if the user is the built-in Administrator account or a service account.\r\n\r\nType 2 is an elevated token with no privileges removed or groups disabled.  An elevated token is used when User Account Control is enabled and the user chooses to start the program using Run as administrator.  An elevated token is also used when an application is configured to always require administrative privilege or to always require maximum privilege, and the user is a member of the Administrators group.\r\n\r\nType 3 is a limited token with administrative privileges removed and administrative groups disabled.  The limited token is used when User Account Control is enabled, the application does not require administrative privilege, and the user does not choose to start the program using Run as administrator."
    },
    {
        "Id": 5158,
        "TimeCreated": "/Date(1784264556906)/",
        "MachineName": "DESKTOP-NE3H1LC",
        "LevelDisplayName": "Information",
        "Message": "The Windows Filtering Platform has permitted a bind to a local port.\r\n\r\nApplication Information:\r\n\tProcess ID:\t\t12760\r\n\tApplication Name:\t\\device\\harddiskvolume3\\users\\home\\appdata\\local\\programs\\microsoft vs code\\code.exe\r\n\r\nNetwork Information:\r\n\tSource Address:\t\t::\r\n\tSource Port:\t\t61108\r\n\tProtocol:\t\t17\r\n\r\nFilter Information:\r\n\tFilter Run-Time ID:\t0\r\n\tLayer Name:\t\tResource Assignment\r\n\tLayer Run-Time ID:\t38"
    },
    {
        "Id": 5158,
        "TimeCreated": "/Date(1784264556906)/",
        "MachineName": "DESKTOP-NE3H1LC",
        "LevelDisplayName": "Information",
        "Message": "The Windows Filtering Platform has permitted a bind to a local port.\r\n\r\nApplication Information:\r\n\tProcess ID:\t\t12760\r\n\tApplication Name:\t\\device\\harddiskvolume3\\users\\home\\appdata\\local\\programs\\microsoft vs code\\code.exe\r\n\r\nNetwork Information:\r\n\tSource Address:\t\t::\r\n\tSource Port:\t\t61108\r\n\tProtocol:\t\t17\r\n\r\nFilter Information:\r\n\tFilter Run-Time ID:\t0\r\n\tLayer Name:\t\tResource Assignment\r\n\tLayer Run-Time ID:\t36"
    },
    {
        "Id": 4688,
        "TimeCreated": "/Date(1784264556833)/",
        "MachineName": "DESKTOP-NE3H1LC",
        "LevelDisplayName": "Information",
        "Message": "A new process has been created.\r\n\r\nCreator Subject:\r\n\tSecurity ID:\t\tS-1-5-21-143728362-1813376488-3078198151-1001\r\n\tAccount Name:\t\tHOME\r\n\tAccount Domain:\t\tDESKTOP-NE3H1LC\r\n\tLogon ID:\t\t0x22443E1D\r\n\r\nTarget Subject:\r\n\tSecurity ID:\t\tS-1-0-0\r\n\tAccount Name:\t\t-\r\n\tAccount Domain:\t\t-\r\n\tLogon ID:\t\t0x0\r\n\r\nProcess Information:\r\n\tNew Process ID:\t\t0x47c0\r\n\tNew Process Name:\tC:\\Windows\\System32\\conhost.exe\r\n\tToken Elevation Type:\tTokenElevationTypeFull (2)\r\n\tMandatory Label:\t\tS-1-16-12288\r\n\tCreator Process ID:\t0xcf8\r\n\tCreator Process Name:\tC:\\Users\\HOME\\AppData\\Local\\Programs\\Microsoft VS Code\\125df4672b\\resources\\app\\node_modules.asar.unpacked\\@vscode\\ripgrep-universal\\bin\\win32-x64\\rg.exe\r\n\tProcess Command Line:\t\r\n\r\nToken Elevation Type indicates the type of token that was assigned to the new process in accordance with User Account Control policy.\r\n\r\nType 1 is a full token with no privileges removed or groups disabled.  A full token is only used if User Account Control is disabled or if the user is the built-in Administrator account or a service account.\r\n\r\nType 2 is an elevated token with no privileges removed or groups disabled.  An elevated token is used when User Account Control is enabled and the user chooses to start the program using Run as administrator.  An elevated token is also used when an application is configured to always require administrative privilege or to always require maximum privilege, and the user is a member of the Administrators group.\r\n\r\nType 3 is a limited token with administrative privileges removed and administrative groups disabled.  The limited token is used when User Account Control is enabled, the application does not require administrative privilege, and the user does not choose to start the program using Run as administrator."
    },
    {
        "Id": 4688,
        "TimeCreated": "/Date(1784264556772)/",
        "MachineName": "DESKTOP-NE3H1LC",
        "LevelDisplayName": "Information",
        "Message": "A new process has been created.\r\n\r\nCreator Subject:\r\n\tSecurity ID:\t\tS-1-5-21-143728362-1813376488-3078198151-1001\r\n\tAccount Name:\t\tHOME\r\n\tAccount Domain:\t\tDESKTOP-NE3H1LC\r\n\tLogon ID:\t\t0x22443E1D\r\n\r\nTarget Subject:\r\n\tSecurity ID:\t\tS-1-0-0\r\n\tAccount Name:\t\t-\r\n\tAccount Domain:\t\t-\r\n\tLogon ID:\t\t0x0\r\n\r\nProcess Information:\r\n\tNew Process ID:\t\t0xcf8\r\n\tNew Process Name:\tC:\\Users\\HOME\\AppData\\Local\\Programs\\Microsoft VS Code\\125df4672b\\resources\\app\\node_modules.asar.unpacked\\@vscode\\ripgrep-universal\\bin\\win32-x64\\rg.exe\r\n\tToken Elevation Type:\tTokenElevationTypeFull (2)\r\n\tMandatory Label:\t\tS-1-16-12288\r\n\tCreator Process ID:\t0x4064\r\n\tCreator Process Name:\tC:\\Users\\HOME\\AppData\\Local\\Programs\\Microsoft VS Code\\Code.exe\r\n\tProcess Command Line:\t\r\n\r\nToken Elevation Type indicates the type of token that was assigned to the new process in accordance with User Account Control policy.\r\n\r\nType 1 is a full token with no privileges removed or groups disabled.  A full token is only used if User Account Control is disabled or if the user is the built-in Administrator account or a service account.\r\n\r\nType 2 is an elevated token with no privileges removed or groups disabled.  An elevated token is used when User Account Control is enabled and the user chooses to start the program using Run as administrator.  An elevated token is also used when an application is configured to always require administrative privilege or to always require maximum privilege, and the user is a member of the Administrators group.\r\n\r\nType 3 is a limited token with administrative privileges removed and administrative groups disabled.  The limited token is used when User Account Control is enabled, the application does not require administrative privilege, and the user does not choose to start the program using Run as administrator."
    },
    {
        "Id": 4688,
        "TimeCreated": "/Date(1784264556724)/",
        "MachineName": "DESKTOP-NE3H1LC",
        "LevelDisplayName": "Information",
        "Message": "A new process has been created.\r\n\r\nCreator Subject:\r\n\tSecurity ID:\t\tS-1-5-21-143728362-1813376488-3078198151-1001\r\n\tAccount Name:\t\tHOME\r\n\tAccount Domain:\t\tDESKTOP-NE3H1LC\r\n\tLogon ID:\t\t0x22443E1D\r\n\r\nTarget Subject:\r\n\tSecurity ID:\t\tS-1-0-0\r\n\tAccount Name:\t\t-\r\n\tAccount Domain:\t\t-\r\n\tLogon ID:\t\t0x0\r\n\r\nProcess Information:\r\n\tNew Process ID:\t\t0x4464\r\n\tNew Process Name:\tC:\\Windows\\System32\\conhost.exe\r\n\tToken Elevation Type:\tTokenElevationTypeFull (2)\r\n\tMandatory Label:\t\tS-1-16-12288\r\n\tCreator Process ID:\t0x48e4\r\n\tCreator Process Name:\tC:\\Program Files\\Git\\cmd\\git.exe\r\n\tProcess Command Line:\t\r\n\r\nToken Elevation Type indicates the type of token that was assigned to the new process in accordance with User Account Control policy.\r\n\r\nType 1 is a full token with no privileges removed or groups disabled.  A full token is only used if User Account Control is disabled or if the user is the built-in Administrator account or a service account.\r\n\r\nType 2 is an elevated token with no privileges removed or groups disabled.  An elevated token is used when User Account Control is enabled and the user chooses to start the program using Run as administrator.  An elevated token is also used when an application is configured to always require administrative privilege or to always require maximum privilege, and the user is a member of the Administrators group.\r\n\r\nType 3 is a limited token with administrative privileges removed and administrative groups disabled.  The limited token is used when User Account Control is enabled, the application does not require administrative privilege, and the user does not choose to start the program using Run as administrator."
    },
    {
        "Id": 4688,
        "TimeCreated": "/Date(1784264556714)/",
        "MachineName": "DESKTOP-NE3H1LC",
        "LevelDisplayName": "Information",
        "Message": "A new process has been created.\r\n\r\nCreator Subject:\r\n\tSecurity ID:\t\tS-1-5-21-143728362-1813376488-3078198151-1001\r\n\tAccount Name:\t\tHOME\r\n\tAccount Domain:\t\tDESKTOP-NE3H1LC\r\n\tLogon ID:\t\t0x22443E1D\r\n\r\nTarget Subject:\r\n\tSecurity ID:\t\tS-1-0-0\r\n\tAccount Name:\t\t-\r\n\tAccount Domain:\t\t-\r\n\tLogon ID:\t\t0x0\r\n\r\nProcess Information:\r\n\tNew Process ID:\t\t0x4c84\r\n\tNew Process Name:\tC:\\Windows\\System32\\conhost.exe\r\n\tToken Elevation Type:\tTokenElevationTypeFull (2)\r\n\tMandatory Label:\t\tS-1-16-12288\r\n\tCreator Process ID:\t0x475c\r\n\tCreator Process Name:\tC:\\Program Files\\Git\\cmd\\git.exe\r\n\tProcess Command Line:\t\r\n\r\nToken Elevation Type indicates the type of token that was assigned to the new process in accordance with User Account Control policy.\r\n\r\nType 1 is a full token with no privileges removed or groups disabled.  A full token is only used if User Account Control is disabled or if the user is the built-in Administrator account or a service account.\r\n\r\nType 2 is an elevated token with no privileges removed or groups disabled.  An elevated token is used when User Account Control is enabled and the user chooses to start the program using Run as administrator.  An elevated token is also used when an application is configured to always require administrative privilege or to always require maximum privilege, and the user is a member of the Administrators group.\r\n\r\nType 3 is a limited token with administrative privileges removed and administrative groups disabled.  The limited token is used when User Account Control is enabled, the application does not require administrative privilege, and the user does not choose to start the program using Run as administrator."
    },
    {
        "Id": 4688,
        "TimeCreated": "/Date(1784264556714)/",
        "MachineName": "DESKTOP-NE3H1LC",
        "LevelDisplayName": "Information",
        "Message": "A new process has been created.\r\n\r\nCreator Subject:\r\n\tSecurity ID:\t\tS-1-5-21-143728362-1813376488-3078198151-1001\r\n\tAccount Name:\t\tHOME\r\n\tAccount Domain:\t\tDESKTOP-NE3H1LC\r\n\tLogon ID:\t\t0x22443E1D\r\n\r\nTarget Subject:\r\n\tSecurity ID:\t\tS-1-0-0\r\n\tAccount Name:\t\t-\r\n\tAccount Domain:\t\t-\r\n\tLogon ID:\t\t0x0\r\n\r\nProcess Information:\r\n\tNew Process ID:\t\t0x1bc4\r\n\tNew Process Name:\tC:\\Windows\\System32\\conhost.exe\r\n\tToken Elevation Type:\tTokenElevationTypeFull (2)\r\n\tMandatory Label:\t\tS-1-16-12288\r\n\tCreator Process ID:\t0x3a70\r\n\tCreator Process Name:\tC:\\Program Files\\Git\\cmd\\git.exe\r\n\tProcess Command Line:\t\r\n\r\nToken Elevation Type indicates the type of token that was assigned to the new process in accordance with User Account Control policy.\r\n\r\nType 1 is a full token with no privileges removed or groups disabled.  A full token is only used if User Account Control is disabled or if the user is the built-in Administrator account or a service account.\r\n\r\nType 2 is an elevated token with no privileges removed or groups disabled.  An elevated token is used when User Account Control is enabled and the user chooses to start the program using Run as administrator.  An elevated token is also used when an application is configured to always require administrative privilege or to always require maximum privilege, and the user is a member of the Administrators group.\r\n\r\nType 3 is a limited token with administrative privileges removed and administrative groups disabled.  The limited token is used when User Account Control is enabled, the application does not require administrative privilege, and the user does not choose to start the program using Run as administrator."
    },
    {
        "Id": 4688,
        "TimeCreated": "/Date(1784264556689)/",
        "MachineName": "DESKTOP-NE3H1LC",
        "LevelDisplayName": "Information",
        "Message": "A new process has been created.\r\n\r\nCreator Subject:\r\n\tSecurity ID:\t\tS-1-5-21-143728362-1813376488-3078198151-1001\r\n\tAccount Name:\t\tHOME\r\n\tAccount Domain:\t\tDESKTOP-NE3H1LC\r\n\tLogon ID:\t\t0x22443E1D\r\n\r\nTarget Subject:\r\n\tSecurity ID:\t\tS-1-0-0\r\n\tAccount Name:\t\t-\r\n\tAccount Domain:\t\t-\r\n\tLogon ID:\t\t0x0\r\n\r\nProcess Information:\r\n\tNew Process ID:\t\t0x475c\r\n\tNew Process Name:\tC:\\Program Files\\Git\\cmd\\git.exe\r\n\tToken Elevation Type:\tTokenElevationTypeFull (2)\r\n\tMandatory Label:\t\tS-1-16-12288\r\n\tCreator Process ID:\t0x4064\r\n\tCreator Process Name:\tC:\\Users\\HOME\\AppData\\Local\\Programs\\Microsoft VS Code\\Code.exe\r\n\tProcess Command Line:\t\r\n\r\nToken Elevation Type indicates the type of token that was assigned to the new process in accordance with User Account Control policy.\r\n\r\nType 1 is a full token with no privileges removed or groups disabled.  A full token is only used if User Account Control is disabled or if the user is the built-in Administrator account or a service account.\r\n\r\nType 2 is an elevated token with no privileges removed or groups disabled.  An elevated token is used when User Account Control is enabled and the user chooses to start the program using Run as administrator.  An elevated token is also used when an application is configured to always require administrative privilege or to always require maximum privilege, and the user is a member of the Administrators group.\r\n\r\nType 3 is a limited token with administrative privileges removed and administrative groups disabled.  The limited token is used when User Account Control is enabled, the application does not require administrative privilege, and the user does not choose to start the program using Run as administrator."
    },
    {
        "Id": 4688,
        "TimeCreated": "/Date(1784264556685)/",
        "MachineName": "DESKTOP-NE3H1LC",
        "LevelDisplayName": "Information",
        "Message": "A new process has been created.\r\n\r\nCreator Subject:\r\n\tSecurity ID:\t\tS-1-5-21-143728362-1813376488-3078198151-1001\r\n\tAccount Name:\t\tHOME\r\n\tAccount Domain:\t\tDESKTOP-NE3H1LC\r\n\tLogon ID:\t\t0x22443E1D\r\n\r\nTarget Subject:\r\n\tSecurity ID:\t\tS-1-0-0\r\n\tAccount Name:\t\t-\r\n\tAccount Domain:\t\t-\r\n\tLogon ID:\t\t0x0\r\n\r\nProcess Information:\r\n\tNew Process ID:\t\t0x49b4\r\n\tNew Process Name:\tC:\\Windows\\System32\\conhost.exe\r\n\tToken Elevation Type:\tTokenElevationTypeFull (2)\r\n\tMandatory Label:\t\tS-1-16-12288\r\n\tCreator Process ID:\t0x5100\r\n\tCreator Process Name:\tC:\\Program Files\\Git\\cmd\\git.exe\r\n\tProcess Command Line:\t\r\n\r\nToken Elevation Type indicates the type of token that was assigned to the new process in accordance with User Account Control policy.\r\n\r\nType 1 is a full token with no privileges removed or groups disabled.  A full token is only used if User Account Control is disabled or if the user is the built-in Administrator account or a service account.\r\n\r\nType 2 is an elevated token with no privileges removed or groups disabled.  An elevated token is used when User Account Control is enabled and the user chooses to start the program using Run as administrator.  An elevated token is also used when an application is configured to always require administrative privilege or to always require maximum privilege, and the user is a member of the Administrators group.\r\n\r\nType 3 is a limited token with administrative privileges removed and administrative groups disabled.  The limited token is used when User Account Control is enabled, the application does not require administrative privilege, and the user does not choose to start the program using Run as administrator."
    },
    {
        "Id": 4688,
        "TimeCreated": "/Date(1784264556683)/",
        "MachineName": "DESKTOP-NE3H1LC",
        "LevelDisplayName": "Information",
        "Message": "A new process has been created.\r\n\r\nCreator Subject:\r\n\tSecurity ID:\t\tS-1-5-21-143728362-1813376488-3078198151-1001\r\n\tAccount Name:\t\tHOME\r\n\tAccount Domain:\t\tDESKTOP-NE3H1LC\r\n\tLogon ID:\t\t0x22443E1D\r\n\r\nTarget Subject:\r\n\tSecurity ID:\t\tS-1-0-0\r\n\tAccount Name:\t\t-\r\n\tAccount Domain:\t\t-\r\n\tLogon ID:\t\t0x0\r\n\r\nProcess Information:\r\n\tNew Process ID:\t\t0x48e4\r\n\tNew Process Name:\tC:\\Program Files\\Git\\cmd\\git.exe\r\n\tToken Elevation Type:\tTokenElevationTypeFull (2)\r\n\tMandatory Label:\t\tS-1-16-12288\r\n\tCreator Process ID:\t0x4064\r\n\tCreator Process Name:\tC:\\Users\\HOME\\AppData\\Local\\Programs\\Microsoft VS Code\\Code.exe\r\n\tProcess Command Line:\t\r\n\r\nToken Elevation Type indicates the type of token that was assigned to the new process in accordance with User Account Control policy.\r\n\r\nType 1 is a full token with no privileges removed or groups disabled.  A full token is only used if User Account Control is disabled or if the user is the built-in Administrator account or a service account.\r\n\r\nType 2 is an elevated token with no privileges removed or groups disabled.  An elevated token is used when User Account Control is enabled and the user chooses to start the program using Run as administrator.  An elevated token is also used when an application is configured to always require administrative privilege or to always require maximum privilege, and the user is a member of the Administrators group.\r\n\r\nType 3 is a limited token with administrative privileges removed and administrative groups disabled.  The limited token is used when User Account Control is enabled, the application does not require administrative privilege, and the user does not choose to start the program using Run as administrator."
    },
    {
        "Id": 4688,
        "TimeCreated": "/Date(1784264556669)/",
        "MachineName": "DESKTOP-NE3H1LC",
        "LevelDisplayName": "Information",
        "Message": "A new process has been created.\r\n\r\nCreator Subject:\r\n\tSecurity ID:\t\tS-1-5-21-143728362-1813376488-3078198151-1001\r\n\tAccount Name:\t\tHOME\r\n\tAccount Domain:\t\tDESKTOP-NE3H1LC\r\n\tLogon ID:\t\t0x22443E1D\r\n\r\nTarget Subject:\r\n\tSecurity ID:\t\tS-1-0-0\r\n\tAccount Name:\t\t-\r\n\tAccount Domain:\t\t-\r\n\tLogon ID:\t\t0x0\r\n\r\nProcess Information:\r\n\tNew Process ID:\t\t0x5100\r\n\tNew Process Name:\tC:\\Program Files\\Git\\cmd\\git.exe\r\n\tToken Elevation Type:\tTokenElevationTypeFull (2)\r\n\tMandatory Label:\t\tS-1-16-12288\r\n\tCreator Process ID:\t0x4064\r\n\tCreator Process Name:\tC:\\Users\\HOME\\AppData\\Local\\Programs\\Microsoft VS Code\\Code.exe\r\n\tProcess Command Line:\t\r\n\r\nToken Elevation Type indicates the type of token that was assigned to the new process in accordance with User Account Control policy.\r\n\r\nType 1 is a full token with no privileges removed or groups disabled.  A full token is only used if User Account Control is disabled or if the user is the built-in Administrator account or a service account.\r\n\r\nType 2 is an elevated token with no privileges removed or groups disabled.  An elevated token is used when User Account Control is enabled and the user chooses to start the program using Run as administrator.  An elevated token is also used when an application is configured to always require administrative privilege or to always require maximum privilege, and the user is a member of the Administrators group.\r\n\r\nType 3 is a limited token with administrative privileges removed and administrative groups disabled.  The limited token is used when User Account Control is enabled, the application does not require administrative privilege, and the user does not choose to start the program using Run as administrator."
    },
    {
        "Id": 4688,
        "TimeCreated": "/Date(1784264556635)/",
        "MachineName": "DESKTOP-NE3H1LC",
        "LevelDisplayName": "Information",
        "Message": "A new process has been created.\r\n\r\nCreator Subject:\r\n\tSecurity ID:\t\tS-1-5-21-143728362-1813376488-3078198151-1001\r\n\tAccount Name:\t\tHOME\r\n\tAccount Domain:\t\tDESKTOP-NE3H1LC\r\n\tLogon ID:\t\t0x22443E1D\r\n\r\nTarget Subject:\r\n\tSecurity ID:\t\tS-1-0-0\r\n\tAccount Name:\t\t-\r\n\tAccount Domain:\t\t-\r\n\tLogon ID:\t\t0x0\r\n\r\nProcess Information:\r\n\tNew Process ID:\t\t0x3a70\r\n\tNew Process Name:\tC:\\Program Files\\Git\\cmd\\git.exe\r\n\tToken Elevation Type:\tTokenElevationTypeFull (2)\r\n\tMandatory Label:\t\tS-1-16-12288\r\n\tCreator Process ID:\t0x4064\r\n\tCreator Process Name:\tC:\\Users\\HOME\\AppData\\Local\\Programs\\Microsoft VS Code\\Code.exe\r\n\tProcess Command Line:\t\r\n\r\nToken Elevation Type indicates the type of token that was assigned to the new process in accordance with User Account Control policy.\r\n\r\nType 1 is a full token with no privileges removed or groups disabled.  A full token is only used if User Account Control is disabled or if the user is the built-in Administrator account or a service account.\r\n\r\nType 2 is an elevated token with no privileges removed or groups disabled.  An elevated token is used when User Account Control is enabled and the user chooses to start the program using Run as administrator.  An elevated token is also used when an application is configured to always require administrative privilege or to always require maximum privilege, and the user is a member of the Administrators group.\r\n\r\nType 3 is a limited token with administrative privileges removed and administrative groups disabled.  The limited token is used when User Account Control is enabled, the application does not require administrative privilege, and the user does not choose to start the program using Run as administrator."
    },
    {
        "Id": 4688,
        "TimeCreated": "/Date(1784264556606)/",
        "MachineName": "DESKTOP-NE3H1LC",
        "LevelDisplayName": "Information",
        "Message": "A new process has been created.\r\n\r\nCreator Subject:\r\n\tSecurity ID:\t\tS-1-5-21-143728362-1813376488-3078198151-1001\r\n\tAccount Name:\t\tHOME\r\n\tAccount Domain:\t\tDESKTOP-NE3H1LC\r\n\tLogon ID:\t\t0x22443E1D\r\n\r\nTarget Subject:\r\n\tSecurity ID:\t\tS-1-0-0\r\n\tAccount Name:\t\t-\r\n\tAccount Domain:\t\t-\r\n\tLogon ID:\t\t0x0\r\n\r\nProcess Information:\r\n\tNew Process ID:\t\t0x2ff8\r\n\tNew Process Name:\tC:\\Windows\\System32\\conhost.exe\r\n\tToken Elevation Type:\tTokenElevationTypeFull (2)\r\n\tMandatory Label:\t\tS-1-16-12288\r\n\tCreator Process ID:\t0x2b34\r\n\tCreator Process Name:\tC:\\Program Files\\Git\\cmd\\git.exe\r\n\tProcess Command Line:\t\r\n\r\nToken Elevation Type indicates the type of token that was assigned to the new process in accordance with User Account Control policy.\r\n\r\nType 1 is a full token with no privileges removed or groups disabled.  A full token is only used if User Account Control is disabled or if the user is the built-in Administrator account or a service account.\r\n\r\nType 2 is an elevated token with no privileges removed or groups disabled.  An elevated token is used when User Account Control is enabled and the user chooses to start the program using Run as administrator.  An elevated token is also used when an application is configured to always require administrative privilege or to always require maximum privilege, and the user is a member of the Administrators group.\r\n\r\nType 3 is a limited token with administrative privileges removed and administrative groups disabled.  The limited token is used when User Account Control is enabled, the application does not require administrative privilege, and the user does not choose to start the program using Run as administrator."
    },
    {
        "Id": 4688,
        "TimeCreated": "/Date(1784264556540)/",
        "MachineName": "DESKTOP-NE3H1LC",
        "LevelDisplayName": "Information",
        "Message": "A new process has been created.\r\n\r\nCreator Subject:\r\n\tSecurity ID:\t\tS-1-5-21-143728362-1813376488-3078198151-1001\r\n\tAccount Name:\t\tHOME\r\n\tAccount Domain:\t\tDESKTOP-NE3H1LC\r\n\tLogon ID:\t\t0x22443E1D\r\n\r\nTarget Subject:\r\n\tSecurity ID:\t\tS-1-0-0\r\n\tAccount Name:\t\t-\r\n\tAccount Domain:\t\t-\r\n\tLogon ID:\t\t0x0\r\n\r\nProcess Information:\r\n\tNew Process ID:\t\t0x2b34\r\n\tNew Process Name:\tC:\\Program Files\\Git\\cmd\\git.exe\r\n\tToken Elevation Type:\tTokenElevationTypeFull (2)\r\n\tMandatory Label:\t\tS-1-16-12288\r\n\tCreator Process ID:\t0x4064\r\n\tCreator Process Name:\tC:\\Users\\HOME\\AppData\\Local\\Programs\\Microsoft VS Code\\Code.exe\r\n\tProcess Command Line:\t\r\n\r\nToken Elevation Type indicates the type of token that was assigned to the new process in accordance with User Account Control policy.\r\n\r\nType 1 is a full token with no privileges removed or groups disabled.  A full token is only used if User Account Control is disabled or if the user is the built-in Administrator account or a service account.\r\n\r\nType 2 is an elevated token with no privileges removed or groups disabled.  An elevated token is used when User Account Control is enabled and the user chooses to start the program using Run as administrator.  An elevated token is also used when an application is configured to always require administrative privilege or to always require maximum privilege, and the user is a member of the Administrators group.\r\n\r\nType 3 is a limited token with administrative privileges removed and administrative groups disabled.  The limited token is used when User Account Control is enabled, the application does not require administrative privilege, and the user does not choose to start the program using Run as administrator."
    },
    {
        "Id": 5156,
        "TimeCreated": "/Date(1784264556262)/",
        "MachineName": "DESKTOP-NE3H1LC",
        "LevelDisplayName": "Information",
        "Message": "The Windows Filtering Platform has permitted a connection.\r\n\r\nApplication Information:\r\n\tProcess ID:\t\t16484\r\n\tApplication Name:\t\\device\\harddiskvolume3\\users\\home\\appdata\\local\\programs\\microsoft vs code\\code.exe\r\n\r\nNetwork Information:\r\n\tDirection:\t\tOutbound\r\n\tSource Address:\t\t10.39.7.234\r\n\tSource Port:\t\t54062\r\n\tDestination Address:\t140.82.114.21\r\n\tDestination Port:\t\t443\r\n\tProtocol:\t\t6\r\n\tInterface Index:\t\t10\r\n\r\nFilter Information:\r\n\tFilter Origin:\t\tUnknown\r\n\tFilter Run-Time ID:\t144136\r\n\tLayer Name:\t\tConnect\r\n\tLayer Run-Time ID:\t48\r\n\tRemote User ID:\t\tS-1-0-0\r\n\tRemote Machine ID:\tS-1-0-0"
    },
    {
        "Id": 5158,
        "TimeCreated": "/Date(1784264556262)/",
        "MachineName": "DESKTOP-NE3H1LC",
        "LevelDisplayName": "Information",
        "Message": "The Windows Filtering Platform has permitted a bind to a local port.\r\n\r\nApplication Information:\r\n\tProcess ID:\t\t16484\r\n\tApplication Name:\t\\device\\harddiskvolume3\\users\\home\\appdata\\local\\programs\\microsoft vs code\\code.exe\r\n\r\nNetwork Information:\r\n\tSource Address:\t\t0.0.0.0\r\n\tSource Port:\t\t54062\r\n\tProtocol:\t\t6\r\n\r\nFilter Information:\r\n\tFilter Run-Time ID:\t0\r\n\tLayer Name:\t\tResource Assignment\r\n\tLayer Run-Time ID:\t36"
    },
    {
        "Id": 5156,
        "TimeCreated": "/Date(1784264556078)/",
        "MachineName": "DESKTOP-NE3H1LC",
        "LevelDisplayName": "Information",
        "Message": "The Windows Filtering Platform has permitted a connection.\r\n\r\nApplication Information:\r\n\tProcess ID:\t\t12760\r\n\tApplication Name:\t\\device\\harddiskvolume3\\users\\home\\appdata\\local\\programs\\microsoft vs code\\code.exe\r\n\r\nNetwork Information:\r\n\tDirection:\t\tOutbound\r\n\tSource Address:\t\t10.39.7.234\r\n\tSource Port:\t\t54061\r\n\tDestination Address:\t140.82.114.21\r\n\tDestination Port:\t\t443\r\n\tProtocol:\t\t6\r\n\tInterface Index:\t\t10\r\n\r\nFilter Information:\r\n\tFilter Origin:\t\tUnknown\r\n\tFilter Run-Time ID:\t144136\r\n\tLayer Name:\t\tConnect\r\n\tLayer Run-Time ID:\t48\r\n\tRemote User ID:\t\tS-1-0-0\r\n\tRemote Machine ID:\tS-1-0-0"
    },
    {
        "Id": 5158,
        "TimeCreated": "/Date(1784264556078)/",
        "MachineName": "DESKTOP-NE3H1LC",
        "LevelDisplayName": "Information",
        "Message": "The Windows Filtering Platform has permitted a bind to a local port.\r\n\r\nApplication Information:\r\n\tProcess ID:\t\t12760\r\n\tApplication Name:\t\\device\\harddiskvolume3\\users\\home\\appdata\\local\\programs\\microsoft vs code\\code.exe\r\n\r\nNetwork Information:\r\n\tSource Address:\t\t0.0.0.0\r\n\tSource Port:\t\t54061\r\n\tProtocol:\t\t6\r\n\r\nFilter Information:\r\n\tFilter Run-Time ID:\t0\r\n\tLayer Name:\t\tResource Assignment\r\n\tLayer Run-Time ID:\t36"
    },
    {
        "Id": 5156,
        "TimeCreated": "/Date(1784264556077)/",
        "MachineName": "DESKTOP-NE3H1LC",
        "LevelDisplayName": "Information",
        "Message": "The Windows Filtering Platform has permitted a connection.\r\n\r\nApplication Information:\r\n\tProcess ID:\t\t12760\r\n\tApplication Name:\t\\device\\harddiskvolume3\\users\\home\\appdata\\local\\programs\\microsoft vs code\\code.exe\r\n\r\nNetwork Information:\r\n\tDirection:\t\tOutbound\r\n\tSource Address:\t\t10.39.7.234\r\n\tSource Port:\t\t64345\r\n\tDestination Address:\t140.82.114.21\r\n\tDestination Port:\t\t443\r\n\tProtocol:\t\t6\r\n\tInterface Index:\t\t10\r\n\r\nFilter Information:\r\n\tFilter Origin:\t\tUnknown\r\n\tFilter Run-Time ID:\t144136\r\n\tLayer Name:\t\tConnect\r\n\tLayer Run-Time ID:\t48\r\n\tRemote User ID:\t\tS-1-0-0\r\n\tRemote Machine ID:\tS-1-0-0"
    },
    {
        "Id": 5158,
        "TimeCreated": "/Date(1784264556077)/",
        "MachineName": "DESKTOP-NE3H1LC",
        "LevelDisplayName": "Information",
        "Message": "The Windows Filtering Platform has permitted a bind to a local port.\r\n\r\nApplication Information:\r\n\tProcess ID:\t\t12760\r\n\tApplication Name:\t\\device\\harddiskvolume3\\users\\home\\appdata\\local\\programs\\microsoft vs code\\code.exe\r\n\r\nNetwork Information:\r\n\tSource Address:\t\t0.0.0.0\r\n\tSource Port:\t\t64345\r\n\tProtocol:\t\t6\r\n\r\nFilter Information:\r\n\tFilter Run-Time ID:\t0\r\n\tLayer Name:\t\tResource Assignment\r\n\tLayer Run-Time ID:\t36"
    },
    {
        "Id": 5156,
        "TimeCreated": "/Date(1784264556072)/",
        "MachineName": "DESKTOP-NE3H1LC",
        "LevelDisplayName": "Information",
        "Message": "The Windows Filtering Platform has permitted a connection.\r\n\r\nApplication Information:\r\n\tProcess ID:\t\t16484\r\n\tApplication Name:\t\\device\\harddiskvolume3\\users\\home\\appdata\\local\\programs\\microsoft vs code\\code.exe\r\n\r\nNetwork Information:\r\n\tDirection:\t\tOutbound\r\n\tSource Address:\t\t10.39.7.234\r\n\tSource Port:\t\t52280\r\n\tDestination Address:\t20.207.73.85\r\n\tDestination Port:\t\t443\r\n\tProtocol:\t\t6\r\n\tInterface Index:\t\t10\r\n\r\nFilter Information:\r\n\tFilter Origin:\t\tUnknown\r\n\tFilter Run-Time ID:\t144136\r\n\tLayer Name:\t\tConnect\r\n\tLayer Run-Time ID:\t48\r\n\tRemote User ID:\t\tS-1-0-0\r\n\tRemote Machine ID:\tS-1-0-0"
    },
    {
        "Id": 5158,
        "TimeCreated": "/Date(1784264556072)/",
        "MachineName": "DESKTOP-NE3H1LC",
        "LevelDisplayName": "Information",
        "Message": "The Windows Filtering Platform has permitted a bind to a local port.\r\n\r\nApplication Information:\r\n\tProcess ID:\t\t16484\r\n\tApplication Name:\t\\device\\harddiskvolume3\\users\\home\\appdata\\local\\programs\\microsoft vs code\\code.exe\r\n\r\nNetwork Information:\r\n\tSource Address:\t\t0.0.0.0\r\n\tSource Port:\t\t52280\r\n\tProtocol:\t\t6\r\n\r\nFilter Information:\r\n\tFilter Run-Time ID:\t0\r\n\tLayer Name:\t\tResource Assignment\r\n\tLayer Run-Time ID:\t36"
    },
    {
        "Id": 5158,
        "TimeCreated": "/Date(1784264556072)/",
        "MachineName": "DESKTOP-NE3H1LC",
        "LevelDisplayName": "Information",
        "Message": "The Windows Filtering Platform has permitted a bind to a local port.\r\n\r\nApplication Information:\r\n\tProcess ID:\t\t16484\r\n\tApplication Name:\t\\device\\harddiskvolume3\\users\\home\\appdata\\local\\programs\\microsoft vs code\\code.exe\r\n\r\nNetwork Information:\r\n\tSource Address:\t\t127.0.0.1\r\n\tSource Port:\t\t34254\r\n\tProtocol:\t\t17\r\n\r\nFilter Information:\r\n\tFilter Run-Time ID:\t0\r\n\tLayer Name:\t\tResource Assignment\r\n\tLayer Run-Time ID:\t36"
    },
    {
        "Id": 4688,
        "TimeCreated": "/Date(1784264556056)/",
        "MachineName": "DESKTOP-NE3H1LC",
        "LevelDisplayName": "Information",
