[
    {
        "Id": 4798,
        "TimeCreated": "/Date(1784902961841)/",
        "MachineName": "LAPTOP-6BEVVOA4",
        "LevelDisplayName": "Information",
        "Message": "A user's local group membership was enumerated.\r\n\r\nSubject:\r\n\tSecurity ID:\t\tS-1-5-18\r\n\tAccount Name:\t\tLAPTOP-6BEVVOA4$\r\n\tAccount Domain:\t\tWORKGROUP\r\n\tLogon ID:\t\t0x3E7\r\n\r\nUser:\r\n\tSecurity ID:\t\tS-1-5-21-2556397086-2396263826-1917990192-1001\r\n\tAccount Name:\t\tJoel\r\n\tAccount Domain:\t\tLAPTOP-6BEVVOA4\r\n\r\nProcess Information:\r\n\tProcess ID:\t\t0x4b08\r\n\tProcess Name:\t\tC:\\Windows\\System32\\svchost.exe"
    },
    {
        "Id": 4798,
        "TimeCreated": "/Date(1784902961839)/",
        "MachineName": "LAPTOP-6BEVVOA4",
        "LevelDisplayName": "Information",
        "Message": "A user's local group membership was enumerated.\r\n\r\nSubject:\r\n\tSecurity ID:\t\tS-1-5-18\r\n\tAccount Name:\t\tLAPTOP-6BEVVOA4$\r\n\tAccount Domain:\t\tWORKGROUP\r\n\tLogon ID:\t\t0x3E7\r\n\r\nUser:\r\n\tSecurity ID:\t\tS-1-5-21-2556397086-2396263826-1917990192-501\r\n\tAccount Name:\t\tGuest\r\n\tAccount Domain:\t\tLAPTOP-6BEVVOA4\r\n\r\nProcess Information:\r\n\tProcess ID:\t\t0x4b08\r\n\tProcess Name:\t\tC:\\Windows\\System32\\svchost.exe"
    },
    {
        "Id": 4798,
        "TimeCreated": "/Date(1784902961837)/",
        "MachineName": "LAPTOP-6BEVVOA4",
        "LevelDisplayName": "Information",
        "Message": "A user's local group membership was enumerated.\r\n\r\nSubject:\r\n\tSecurity ID:\t\tS-1-5-18\r\n\tAccount Name:\t\tLAPTOP-6BEVVOA4$\r\n\tAccount Domain:\t\tWORKGROUP\r\n\tLogon ID:\t\t0x3E7\r\n\r\nUser:\r\n\tSecurity ID:\t\tS-1-5-21-2556397086-2396263826-1917990192-503\r\n\tAccount Name:\t\tDefaultAccount\r\n\tAccount Domain:\t\tLAPTOP-6BEVVOA4\r\n\r\nProcess Information:\r\n\tProcess ID:\t\t0x4b08\r\n\tProcess Name:\t\tC:\\Windows\\System32\\svchost.exe"
    },
    {
        "Id": 4798,
        "TimeCreated": "/Date(1784902961835)/",
        "MachineName": "LAPTOP-6BEVVOA4",
        "LevelDisplayName": "Information",
        "Message": "A user's local group membership was enumerated.\r\n\r\nSubject:\r\n\tSecurity ID:\t\tS-1-5-18\r\n\tAccount Name:\t\tLAPTOP-6BEVVOA4$\r\n\tAccount Domain:\t\tWORKGROUP\r\n\tLogon ID:\t\t0x3E7\r\n\r\nUser:\r\n\tSecurity ID:\t\tS-1-5-21-2556397086-2396263826-1917990192-500\r\n\tAccount Name:\t\tAdministrator\r\n\tAccount Domain:\t\tLAPTOP-6BEVVOA4\r\n\r\nProcess Information:\r\n\tProcess ID:\t\t0x4b08\r\n\tProcess Name:\t\tC:\\Windows\\System32\\svchost.exe"
    },
    {
        "Id": 4798,
        "TimeCreated": "/Date(1784902961825)/",
        "MachineName": "LAPTOP-6BEVVOA4",
        "LevelDisplayName": "Information",
        "Message": "A user's local group membership was enumerated.\r\n\r\nSubject:\r\n\tSecurity ID:\t\tS-1-5-18\r\n\tAccount Name:\t\tLAPTOP-6BEVVOA4$\r\n\tAccount Domain:\t\tWORKGROUP\r\n\tLogon ID:\t\t0x3E7\r\n\r\nUser:\r\n\tSecurity ID:\t\tS-1-5-21-2556397086-2396263826-1917990192-1001\r\n\tAccount Name:\t\tJoel\r\n\tAccount Domain:\t\tLAPTOP-6BEVVOA4\r\n\r\nProcess Information:\r\n\tProcess ID:\t\t0x4b08\r\n\tProcess Name:\t\tC:\\Windows\\System32\\svchost.exe"
    },
    {
        "Id": 4798,
        "TimeCreated": "/Date(1784902961823)/",
        "MachineName": "LAPTOP-6BEVVOA4",
        "LevelDisplayName": "Information",
        "Message": "A user's local group membership was enumerated.\r\n\r\nSubject:\r\n\tSecurity ID:\t\tS-1-5-18\r\n\tAccount Name:\t\tLAPTOP-6BEVVOA4$\r\n\tAccount Domain:\t\tWORKGROUP\r\n\tLogon ID:\t\t0x3E7\r\n\r\nUser:\r\n\tSecurity ID:\t\tS-1-5-21-2556397086-2396263826-1917990192-501\r\n\tAccount Name:\t\tGuest\r\n\tAccount Domain:\t\tLAPTOP-6BEVVOA4\r\n\r\nProcess Information:\r\n\tProcess ID:\t\t0x4b08\r\n\tProcess Name:\t\tC:\\Windows\\System32\\svchost.exe"
    },
    {
        "Id": 4798,
        "TimeCreated": "/Date(1784902961821)/",
        "MachineName": "LAPTOP-6BEVVOA4",
        "LevelDisplayName": "Information",
        "Message": "A user's local group membership was enumerated.\r\n\r\nSubject:\r\n\tSecurity ID:\t\tS-1-5-18\r\n\tAccount Name:\t\tLAPTOP-6BEVVOA4$\r\n\tAccount Domain:\t\tWORKGROUP\r\n\tLogon ID:\t\t0x3E7\r\n\r\nUser:\r\n\tSecurity ID:\t\tS-1-5-21-2556397086-2396263826-1917990192-503\r\n\tAccount Name:\t\tDefaultAccount\r\n\tAccount Domain:\t\tLAPTOP-6BEVVOA4\r\n\r\nProcess Information:\r\n\tProcess ID:\t\t0x4b08\r\n\tProcess Name:\t\tC:\\Windows\\System32\\svchost.exe"
    },
    {
        "Id": 4798,
        "TimeCreated": "/Date(1784902961817)/",
        "MachineName": "LAPTOP-6BEVVOA4",
        "LevelDisplayName": "Information",
        "Message": "A user's local group membership was enumerated.\r\n\r\nSubject:\r\n\tSecurity ID:\t\tS-1-5-18\r\n\tAccount Name:\t\tLAPTOP-6BEVVOA4$\r\n\tAccount Domain:\t\tWORKGROUP\r\n\tLogon ID:\t\t0x3E7\r\n\r\nUser:\r\n\tSecurity ID:\t\tS-1-5-21-2556397086-2396263826-1917990192-500\r\n\tAccount Name:\t\tAdministrator\r\n\tAccount Domain:\t\tLAPTOP-6BEVVOA4\r\n\r\nProcess Information:\r\n\tProcess ID:\t\t0x4b08\r\n\tProcess Name:\t\tC:\\Windows\\System32\\svchost.exe"
    },
    {
        "Id": 4798,
        "TimeCreated": "/Date(1784902961803)/",
        "MachineName": "LAPTOP-6BEVVOA4",
        "LevelDisplayName": "Information",
        "Message": "A user's local group membership was enumerated.\r\n\r\nSubject:\r\n\tSecurity ID:\t\tS-1-5-18\r\n\tAccount Name:\t\tLAPTOP-6BEVVOA4$\r\n\tAccount Domain:\t\tWORKGROUP\r\n\tLogon ID:\t\t0x3E7\r\n\r\nUser:\r\n\tSecurity ID:\t\tS-1-5-21-2556397086-2396263826-1917990192-1001\r\n\tAccount Name:\t\tJoel\r\n\tAccount Domain:\t\tLAPTOP-6BEVVOA4\r\n\r\nProcess Information:\r\n\tProcess ID:\t\t0x4b08\r\n\tProcess Name:\t\tC:\\Windows\\System32\\svchost.exe"
    },
    {
        "Id": 4798,
        "TimeCreated": "/Date(1784902961802)/",
        "MachineName": "LAPTOP-6BEVVOA4",
        "LevelDisplayName": "Information",
        "Message": "A user's local group membership was enumerated.\r\n\r\nSubject:\r\n\tSecurity ID:\t\tS-1-5-18\r\n\tAccount Name:\t\tLAPTOP-6BEVVOA4$\r\n\tAccount Domain:\t\tWORKGROUP\r\n\tLogon ID:\t\t0x3E7\r\n\r\nUser:\r\n\tSecurity ID:\t\tS-1-5-21-2556397086-2396263826-1917990192-501\r\n\tAccount Name:\t\tGuest\r\n\tAccount Domain:\t\tLAPTOP-6BEVVOA4\r\n\r\nProcess Information:\r\n\tProcess ID:\t\t0x4b08\r\n\tProcess Name:\t\tC:\\Windows\\System32\\svchost.exe"
    },
    {
        "Id": 4798,
        "TimeCreated": "/Date(1784902961800)/",
        "MachineName": "LAPTOP-6BEVVOA4",
        "LevelDisplayName": "Information",
        "Message": "A user's local group membership was enumerated.\r\n\r\nSubject:\r\n\tSecurity ID:\t\tS-1-5-18\r\n\tAccount Name:\t\tLAPTOP-6BEVVOA4$\r\n\tAccount Domain:\t\tWORKGROUP\r\n\tLogon ID:\t\t0x3E7\r\n\r\nUser:\r\n\tSecurity ID:\t\tS-1-5-21-2556397086-2396263826-1917990192-503\r\n\tAccount Name:\t\tDefaultAccount\r\n\tAccount Domain:\t\tLAPTOP-6BEVVOA4\r\n\r\nProcess Information:\r\n\tProcess ID:\t\t0x4b08\r\n\tProcess Name:\t\tC:\\Windows\\System32\\svchost.exe"
    },
    {
        "Id": 4798,
        "TimeCreated": "/Date(1784902961799)/",
        "MachineName": "LAPTOP-6BEVVOA4",
        "LevelDisplayName": "Information",
        "Message": "A user's local group membership was enumerated.\r\n\r\nSubject:\r\n\tSecurity ID:\t\tS-1-5-18\r\n\tAccount Name:\t\tLAPTOP-6BEVVOA4$\r\n\tAccount Domain:\t\tWORKGROUP\r\n\tLogon ID:\t\t0x3E7\r\n\r\nUser:\r\n\tSecurity ID:\t\tS-1-5-21-2556397086-2396263826-1917990192-500\r\n\tAccount Name:\t\tAdministrator\r\n\tAccount Domain:\t\tLAPTOP-6BEVVOA4\r\n\r\nProcess Information:\r\n\tProcess ID:\t\t0x4b08\r\n\tProcess Name:\t\tC:\\Windows\\System32\\svchost.exe"
    },
    {
        "Id": 4798,
        "TimeCreated": "/Date(1784902961792)/",
        "MachineName": "LAPTOP-6BEVVOA4",
        "LevelDisplayName": "Information",
        "Message": "A user's local group membership was enumerated.\r\n\r\nSubject:\r\n\tSecurity ID:\t\tS-1-5-18\r\n\tAccount Name:\t\tLAPTOP-6BEVVOA4$\r\n\tAccount Domain:\t\tWORKGROUP\r\n\tLogon ID:\t\t0x3E7\r\n\r\nUser:\r\n\tSecurity ID:\t\tS-1-5-21-2556397086-2396263826-1917990192-1001\r\n\tAccount Name:\t\tJoel\r\n\tAccount Domain:\t\tLAPTOP-6BEVVOA4\r\n\r\nProcess Information:\r\n\tProcess ID:\t\t0x4b08\r\n\tProcess Name:\t\tC:\\Windows\\System32\\svchost.exe"
    },
    {
        "Id": 4798,
        "TimeCreated": "/Date(1784902961790)/",
        "MachineName": "LAPTOP-6BEVVOA4",
        "LevelDisplayName": "Information",
        "Message": "A user's local group membership was enumerated.\r\n\r\nSubject:\r\n\tSecurity ID:\t\tS-1-5-18\r\n\tAccount Name:\t\tLAPTOP-6BEVVOA4$\r\n\tAccount Domain:\t\tWORKGROUP\r\n\tLogon ID:\t\t0x3E7\r\n\r\nUser:\r\n\tSecurity ID:\t\tS-1-5-21-2556397086-2396263826-1917990192-501\r\n\tAccount Name:\t\tGuest\r\n\tAccount Domain:\t\tLAPTOP-6BEVVOA4\r\n\r\nProcess Information:\r\n\tProcess ID:\t\t0x4b08\r\n\tProcess Name:\t\tC:\\Windows\\System32\\svchost.exe"
    },
    {
        "Id": 4798,
        "TimeCreated": "/Date(1784902961789)/",
        "MachineName": "LAPTOP-6BEVVOA4",
        "LevelDisplayName": "Information",
        "Message": "A user's local group membership was enumerated.\r\n\r\nSubject:\r\n\tSecurity ID:\t\tS-1-5-18\r\n\tAccount Name:\t\tLAPTOP-6BEVVOA4$\r\n\tAccount Domain:\t\tWORKGROUP\r\n\tLogon ID:\t\t0x3E7\r\n\r\nUser:\r\n\tSecurity ID:\t\tS-1-5-21-2556397086-2396263826-1917990192-503\r\n\tAccount Name:\t\tDefaultAccount\r\n\tAccount Domain:\t\tLAPTOP-6BEVVOA4\r\n\r\nProcess Information:\r\n\tProcess ID:\t\t0x4b08\r\n\tProcess Name:\t\tC:\\Windows\\System32\\svchost.exe"
    },
    {
        "Id": 4798,
        "TimeCreated": "/Date(1784902961786)/",
        "MachineName": "LAPTOP-6BEVVOA4",
        "LevelDisplayName": "Information",
        "Message": "A user's local group membership was enumerated.\r\n\r\nSubject:\r\n\tSecurity ID:\t\tS-1-5-18\r\n\tAccount Name:\t\tLAPTOP-6BEVVOA4$\r\n\tAccount Domain:\t\tWORKGROUP\r\n\tLogon ID:\t\t0x3E7\r\n\r\nUser:\r\n\tSecurity ID:\t\tS-1-5-21-2556397086-2396263826-1917990192-500\r\n\tAccount Name:\t\tAdministrator\r\n\tAccount Domain:\t\tLAPTOP-6BEVVOA4\r\n\r\nProcess Information:\r\n\tProcess ID:\t\t0x4b08\r\n\tProcess Name:\t\tC:\\Windows\\System32\\svchost.exe"
    },
    {
        "Id": 4798,
        "TimeCreated": "/Date(1784902961631)/",
        "MachineName": "LAPTOP-6BEVVOA4",
        "LevelDisplayName": "Information",
        "Message": "A user's local group membership was enumerated.\r\n\r\nSubject:\r\n\tSecurity ID:\t\tS-1-5-18\r\n\tAccount Name:\t\tLAPTOP-6BEVVOA4$\r\n\tAccount Domain:\t\tWORKGROUP\r\n\tLogon ID:\t\t0x3E7\r\n\r\nUser:\r\n\tSecurity ID:\t\tS-1-5-21-2556397086-2396263826-1917990192-1001\r\n\tAccount Name:\t\tJoel\r\n\tAccount Domain:\t\tLAPTOP-6BEVVOA4\r\n\r\nProcess Information:\r\n\tProcess ID:\t\t0x4b08\r\n\tProcess Name:\t\tC:\\Windows\\System32\\svchost.exe"
    },
    {
        "Id": 4798,
        "TimeCreated": "/Date(1784902961629)/",
        "MachineName": "LAPTOP-6BEVVOA4",
        "LevelDisplayName": "Information",
        "Message": "A user's local group membership was enumerated.\r\n\r\nSubject:\r\n\tSecurity ID:\t\tS-1-5-18\r\n\tAccount Name:\t\tLAPTOP-6BEVVOA4$\r\n\tAccount Domain:\t\tWORKGROUP\r\n\tLogon ID:\t\t0x3E7\r\n\r\nUser:\r\n\tSecurity ID:\t\tS-1-5-21-2556397086-2396263826-1917990192-501\r\n\tAccount Name:\t\tGuest\r\n\tAccount Domain:\t\tLAPTOP-6BEVVOA4\r\n\r\nProcess Information:\r\n\tProcess ID:\t\t0x4b08\r\n\tProcess Name:\t\tC:\\Windows\\System32\\svchost.exe"
    },
    {
        "Id": 4798,
        "TimeCreated": "/Date(1784902961627)/",
        "MachineName": "LAPTOP-6BEVVOA4",
        "LevelDisplayName": "Information",
        "Message": "A user's local group membership was enumerated.\r\n\r\nSubject:\r\n\tSecurity ID:\t\tS-1-5-18\r\n\tAccount Name:\t\tLAPTOP-6BEVVOA4$\r\n\tAccount Domain:\t\tWORKGROUP\r\n\tLogon ID:\t\t0x3E7\r\n\r\nUser:\r\n\tSecurity ID:\t\tS-1-5-21-2556397086-2396263826-1917990192-503\r\n\tAccount Name:\t\tDefaultAccount\r\n\tAccount Domain:\t\tLAPTOP-6BEVVOA4\r\n\r\nProcess Information:\r\n\tProcess ID:\t\t0x4b08\r\n\tProcess Name:\t\tC:\\Windows\\System32\\svchost.exe"
    },
    {
        "Id": 4798,
        "TimeCreated": "/Date(1784902961624)/",
        "MachineName": "LAPTOP-6BEVVOA4",
        "LevelDisplayName": "Information",
        "Message": "A user's local group membership was enumerated.\r\n\r\nSubject:\r\n\tSecurity ID:\t\tS-1-5-18\r\n\tAccount Name:\t\tLAPTOP-6BEVVOA4$\r\n\tAccount Domain:\t\tWORKGROUP\r\n\tLogon ID:\t\t0x3E7\r\n\r\nUser:\r\n\tSecurity ID:\t\tS-1-5-21-2556397086-2396263826-1917990192-500\r\n\tAccount Name:\t\tAdministrator\r\n\tAccount Domain:\t\tLAPTOP-6BEVVOA4\r\n\r\nProcess Information:\r\n\tProcess ID:\t\t0x4b08\r\n\tProcess Name:\t\tC:\\Windows\\System32\\svchost.exe"
    },
    {
        "Id": 4798,
        "TimeCreated": "/Date(1784902961616)/",
        "MachineName": "LAPTOP-6BEVVOA4",
        "LevelDisplayName": "Information",
        "Message": "A user's local group membership was enumerated.\r\n\r\nSubject:\r\n\tSecurity ID:\t\tS-1-5-18\r\n\tAccount Name:\t\tLAPTOP-6BEVVOA4$\r\n\tAccount Domain:\t\tWORKGROUP\r\n\tLogon ID:\t\t0x3E7\r\n\r\nUser:\r\n\tSecurity ID:\t\tS-1-5-21-2556397086-2396263826-1917990192-1001\r\n\tAccount Name:\t\tJoel\r\n\tAccount Domain:\t\tLAPTOP-6BEVVOA4\r\n\r\nProcess Information:\r\n\tProcess ID:\t\t0x4b08\r\n\tProcess Name:\t\tC:\\Windows\\System32\\svchost.exe"
    },
    {
        "Id": 4798,
        "TimeCreated": "/Date(1784902961613)/",
        "MachineName": "LAPTOP-6BEVVOA4",
        "LevelDisplayName": "Information",
        "Message": "A user's local group membership was enumerated.\r\n\r\nSubject:\r\n\tSecurity ID:\t\tS-1-5-18\r\n\tAccount Name:\t\tLAPTOP-6BEVVOA4$\r\n\tAccount Domain:\t\tWORKGROUP\r\n\tLogon ID:\t\t0x3E7\r\n\r\nUser:\r\n\tSecurity ID:\t\tS-1-5-21-2556397086-2396263826-1917990192-501\r\n\tAccount Name:\t\tGuest\r\n\tAccount Domain:\t\tLAPTOP-6BEVVOA4\r\n\r\nProcess Information:\r\n\tProcess ID:\t\t0x4b08\r\n\tProcess Name:\t\tC:\\Windows\\System32\\svchost.exe"
    },
    {
        "Id": 4798,
        "TimeCreated": "/Date(1784902961611)/",
        "MachineName": "LAPTOP-6BEVVOA4",
        "LevelDisplayName": "Information",
        "Message": "A user's local group membership was enumerated.\r\n\r\nSubject:\r\n\tSecurity ID:\t\tS-1-5-18\r\n\tAccount Name:\t\tLAPTOP-6BEVVOA4$\r\n\tAccount Domain:\t\tWORKGROUP\r\n\tLogon ID:\t\t0x3E7\r\n\r\nUser:\r\n\tSecurity ID:\t\tS-1-5-21-2556397086-2396263826-1917990192-503\r\n\tAccount Name:\t\tDefaultAccount\r\n\tAccount Domain:\t\tLAPTOP-6BEVVOA4\r\n\r\nProcess Information:\r\n\tProcess ID:\t\t0x4b08\r\n\tProcess Name:\t\tC:\\Windows\\System32\\svchost.exe"
    },
    {
        "Id": 4798,
        "TimeCreated": "/Date(1784902961608)/",
        "MachineName": "LAPTOP-6BEVVOA4",
        "LevelDisplayName": "Information",
        "Message": "A user's local group membership was enumerated.\r\n\r\nSubject:\r\n\tSecurity ID:\t\tS-1-5-18\r\n\tAccount Name:\t\tLAPTOP-6BEVVOA4$\r\n\tAccount Domain:\t\tWORKGROUP\r\n\tLogon ID:\t\t0x3E7\r\n\r\nUser:\r\n\tSecurity ID:\t\tS-1-5-21-2556397086-2396263826-1917990192-500\r\n\tAccount Name:\t\tAdministrator\r\n\tAccount Domain:\t\tLAPTOP-6BEVVOA4\r\n\r\nProcess Information:\r\n\tProcess ID:\t\t0x4b08\r\n\tProcess Name:\t\tC:\\Windows\\System32\\svchost.exe"
    },
    {
        "Id": 4624,
        "TimeCreated": "/Date(1784902961530)/",
        "MachineName": "LAPTOP-6BEVVOA4",
        "LevelDisplayName": "Information",
        "Message": "An account was successfully logged on.\r\n\r\nSubject:\r\n\tSecurity ID:\t\tS-1-5-18\r\n\tAccount Name:\t\tLAPTOP-6BEVVOA4$\r\n\tAccount Domain:\t\tWORKGROUP\r\n\tLogon ID:\t\t0x3E7\r\n\r\nLogon Information:\r\n\tLogon Type:\t\t5\r\n\tRestricted Admin Mode:\t-\r\n\tRemote Credential Guard:\t-\r\n\tVirtual Account:\t\tNo\r\n\tElevated Token:\t\tYes\r\n\r\nImpersonation Level:\t\tImpersonation\r\n\r\nNew Logon:\r\n\tSecurity ID:\t\tS-1-5-18\r\n\tAccount Name:\t\tSYSTEM\r\n\tAccount Domain:\t\tNT AUTHORITY\r\n\tLogon ID:\t\t0x3E7\r\n\tLinked Logon ID:\t\t0x0\r\n\tNetwork Account Name:\t-\r\n\tNetwork Account Domain:\t-\r\n\tLogon GUID:\t\t{00000000-0000-0000-0000-000000000000}\r\n\r\nProcess Information:\r\n\tProcess ID:\t\t0x5ac\r\n\tProcess Name:\t\tC:\\Windows\\System32\\services.exe\r\n\r\nNetwork Information:\r\n\tWorkstation Name:\t-\r\n\tSource Network Address:\t-\r\n\tSource Port:\t\t-\r\n\r\nDetailed Authentication Information:\r\n\tLogon Process:\t\tAdvapi  \r\n\tAuthentication Package:\tNegotiate\r\n\tTransited Services:\t-\r\n\tPackage Name (NTLM only):\t-\r\n\tKey Length:\t\t0\r\n\r\nThis event is generated when a logon session is created. It is generated on the computer that was accessed.\r\n\r\nThe subject fields indicate the account on the local system which requested the logon. This is most commonly a service such as the Server service, or a local process such as Winlogon.exe or Services.exe.\r\n\r\nThe logon type field indicates the kind of logon that occurred. The most common types are 2 (interactive) and 3 (network).\r\n\r\nThe New Logon fields indicate the account for whom the new logon was created, i.e. the account that was logged on.\r\n\r\nThe network fields indicate where a remote logon request originated. Workstation name is not always available and may be left blank in some cases.\r\n\r\nThe impersonation level field indicates the extent to which a process in the logon session can impersonate.\r\n\r\nThe authentication information fields provide detailed information about this specific logon request.\r\n\t- Logon GUID is a unique identifier that can be used to correlate this event with a KDC event.\r\n\t- Transited services indicate which intermediate services have participated in this logon request.\r\n\t- Package name indicates which sub-protocol was used among the NTLM protocols.\r\n\t- Key length indicates the length of the generated session key. This will be 0 if no session key was requested."
    },
    {
        "Id": 4624,
        "TimeCreated": "/Date(1784902765530)/",
        "MachineName": "LAPTOP-6BEVVOA4",
        "LevelDisplayName": "Information",
        "Message": "An account was successfully logged on.\r\n\r\nSubject:\r\n\tSecurity ID:\t\tS-1-5-18\r\n\tAccount Name:\t\tLAPTOP-6BEVVOA4$\r\n\tAccount Domain:\t\tWORKGROUP\r\n\tLogon ID:\t\t0x3E7\r\n\r\nLogon Information:\r\n\tLogon Type:\t\t5\r\n\tRestricted Admin Mode:\t-\r\n\tRemote Credential Guard:\t-\r\n\tVirtual Account:\t\tNo\r\n\tElevated Token:\t\tYes\r\n\r\nImpersonation Level:\t\tImpersonation\r\n\r\nNew Logon:\r\n\tSecurity ID:\t\tS-1-5-18\r\n\tAccount Name:\t\tSYSTEM\r\n\tAccount Domain:\t\tNT AUTHORITY\r\n\tLogon ID:\t\t0x3E7\r\n\tLinked Logon ID:\t\t0x0\r\n\tNetwork Account Name:\t-\r\n\tNetwork Account Domain:\t-\r\n\tLogon GUID:\t\t{00000000-0000-0000-0000-000000000000}\r\n\r\nProcess Information:\r\n\tProcess ID:\t\t0x5ac\r\n\tProcess Name:\t\tC:\\Windows\\System32\\services.exe\r\n\r\nNetwork Information:\r\n\tWorkstation Name:\t-\r\n\tSource Network Address:\t-\r\n\tSource Port:\t\t-\r\n\r\nDetailed Authentication Information:\r\n\tLogon Process:\t\tAdvapi  \r\n\tAuthentication Package:\tNegotiate\r\n\tTransited Services:\t-\r\n\tPackage Name (NTLM only):\t-\r\n\tKey Length:\t\t0\r\n\r\nThis event is generated when a logon session is created. It is generated on the computer that was accessed.\r\n\r\nThe subject fields indicate the account on the local system which requested the logon. This is most commonly a service such as the Server service, or a local process such as Winlogon.exe or Services.exe.\r\n\r\nThe logon type field indicates the kind of logon that occurred. The most common types are 2 (interactive) and 3 (network).\r\n\r\nThe New Logon fields indicate the account for whom the new logon was created, i.e. the account that was logged on.\r\n\r\nThe network fields indicate where a remote logon request originated. Workstation name is not always available and may be left blank in some cases.\r\n\r\nThe impersonation level field indicates the extent to which a process in the logon session can impersonate.\r\n\r\nThe authentication information fields provide detailed information about this specific logon request.\r\n\t- Logon GUID is a unique identifier that can be used to correlate this event with a KDC event.\r\n\t- Transited services indicate which intermediate services have participated in this logon request.\r\n\t- Package name indicates which sub-protocol was used among the NTLM protocols.\r\n\t- Key length indicates the length of the generated session key. This will be 0 if no session key was requested."
    },
    {
        "Id": 4624,
        "TimeCreated": "/Date(1784902566118)/",
        "MachineName": "LAPTOP-6BEVVOA4",
        "LevelDisplayName": "Information",
        "Message": "An account was successfully logged on.\r\n\r\nSubject:\r\n\tSecurity ID:\t\tS-1-5-18\r\n\tAccount Name:\t\tLAPTOP-6BEVVOA4$\r\n\tAccount Domain:\t\tWORKGROUP\r\n\tLogon ID:\t\t0x3E7\r\n\r\nLogon Information:\r\n\tLogon Type:\t\t5\r\n\tRestricted Admin Mode:\t-\r\n\tRemote Credential Guard:\t-\r\n\tVirtual Account:\t\tNo\r\n\tElevated Token:\t\tYes\r\n\r\nImpersonation Level:\t\tImpersonation\r\n\r\nNew Logon:\r\n\tSecurity ID:\t\tS-1-5-18\r\n\tAccount Name:\t\tSYSTEM\r\n\tAccount Domain:\t\tNT AUTHORITY\r\n\tLogon ID:\t\t0x3E7\r\n\tLinked Logon ID:\t\t0x0\r\n\tNetwork Account Name:\t-\r\n\tNetwork Account Domain:\t-\r\n\tLogon GUID:\t\t{00000000-0000-0000-0000-000000000000}\r\n\r\nProcess Information:\r\n\tProcess ID:\t\t0x5ac\r\n\tProcess Name:\t\tC:\\Windows\\System32\\services.exe\r\n\r\nNetwork Information:\r\n\tWorkstation Name:\t-\r\n\tSource Network Address:\t-\r\n\tSource Port:\t\t-\r\n\r\nDetailed Authentication Information:\r\n\tLogon Process:\t\tAdvapi  \r\n\tAuthentication Package:\tNegotiate\r\n\tTransited Services:\t-\r\n\tPackage Name (NTLM only):\t-\r\n\tKey Length:\t\t0\r\n\r\nThis event is generated when a logon session is created. It is generated on the computer that was accessed.\r\n\r\nThe subject fields indicate the account on the local system which requested the logon. This is most commonly a service such as the Server service, or a local process such as Winlogon.exe or Services.exe.\r\n\r\nThe logon type field indicates the kind of logon that occurred. The most common types are 2 (interactive) and 3 (network).\r\n\r\nThe New Logon fields indicate the account for whom the new logon was created, i.e. the account that was logged on.\r\n\r\nThe network fields indicate where a remote logon request originated. Workstation name is not always available and may be left blank in some cases.\r\n\r\nThe impersonation level field indicates the extent to which a process in the logon session can impersonate.\r\n\r\nThe authentication information fields provide detailed information about this specific logon request.\r\n\t- Logon GUID is a unique identifier that can be used to correlate this event with a KDC event.\r\n\t- Transited services indicate which intermediate services have participated in this logon request.\r\n\t- Package name indicates which sub-protocol was used among the NTLM protocols.\r\n\t- Key length indicates the length of the generated session key. This will be 0 if no session key was requested."
    },
    {
        "Id": 4624,
        "TimeCreated": "/Date(1784901865456)/",
        "MachineName": "LAPTOP-6BEVVOA4",
        "LevelDisplayName": "Information",
        "Message": "An account was successfully logged on.\r\n\r\nSubject:\r\n\tSecurity ID:\t\tS-1-5-18\r\n\tAccount Name:\t\tLAPTOP-6BEVVOA4$\r\n\tAccount Domain:\t\tWORKGROUP\r\n\tLogon ID:\t\t0x3E7\r\n\r\nLogon Information:\r\n\tLogon Type:\t\t5\r\n\tRestricted Admin Mode:\t-\r\n\tRemote Credential Guard:\t-\r\n\tVirtual Account:\t\tNo\r\n\tElevated Token:\t\tYes\r\n\r\nImpersonation Level:\t\tImpersonation\r\n\r\nNew Logon:\r\n\tSecurity ID:\t\tS-1-5-18\r\n\tAccount Name:\t\tSYSTEM\r\n\tAccount Domain:\t\tNT AUTHORITY\r\n\tLogon ID:\t\t0x3E7\r\n\tLinked Logon ID:\t\t0x0\r\n\tNetwork Account Name:\t-\r\n\tNetwork Account Domain:\t-\r\n\tLogon GUID:\t\t{00000000-0000-0000-0000-000000000000}\r\n\r\nProcess Information:\r\n\tProcess ID:\t\t0x5ac\r\n\tProcess Name:\t\tC:\\Windows\\System32\\services.exe\r\n\r\nNetwork Information:\r\n\tWorkstation Name:\t-\r\n\tSource Network Address:\t-\r\n\tSource Port:\t\t-\r\n\r\nDetailed Authentication Information:\r\n\tLogon Process:\t\tAdvapi  \r\n\tAuthentication Package:\tNegotiate\r\n\tTransited Services:\t-\r\n\tPackage Name (NTLM only):\t-\r\n\tKey Length:\t\t0\r\n\r\nThis event is generated when a logon session is created. It is generated on the computer that was accessed.\r\n\r\nThe subject fields indicate the account on the local system which requested the logon. This is most commonly a service such as the Server service, or a local process such as Winlogon.exe or Services.exe.\r\n\r\nThe logon type field indicates the kind of logon that occurred. The most common types are 2 (interactive) and 3 (network).\r\n\r\nThe New Logon fields indicate the account for whom the new logon was created, i.e. the account that was logged on.\r\n\r\nThe network fields indicate where a remote logon request originated. Workstation name is not always available and may be left blank in some cases.\r\n\r\nThe impersonation level field indicates the extent to which a process in the logon session can impersonate.\r\n\r\nThe authentication information fields provide detailed information about this specific logon request.\r\n\t- Logon GUID is a unique identifier that can be used to correlate this event with a KDC event.\r\n\t- Transited services indicate which intermediate services have participated in this logon request.\r\n\t- Package name indicates which sub-protocol was used among the NTLM protocols.\r\n\t- Key length indicates the length of the generated session key. This will be 0 if no session key was requested."
    },
    {
        "Id": 4624,
        "TimeCreated": "/Date(1784901849442)/",
        "MachineName": "LAPTOP-6BEVVOA4",
        "LevelDisplayName": "Information",
        "Message": "An account was successfully logged on.\r\n\r\nSubject:\r\n\tSecurity ID:\t\tS-1-5-18\r\n\tAccount Name:\t\tLAPTOP-6BEVVOA4$\r\n\tAccount Domain:\t\tWORKGROUP\r\n\tLogon ID:\t\t0x3E7\r\n\r\nLogon Information:\r\n\tLogon Type:\t\t5\r\n\tRestricted Admin Mode:\t-\r\n\tRemote Credential Guard:\t-\r\n\tVirtual Account:\t\tNo\r\n\tElevated Token:\t\tYes\r\n\r\nImpersonation Level:\t\tImpersonation\r\n\r\nNew Logon:\r\n\tSecurity ID:\t\tS-1-5-18\r\n\tAccount Name:\t\tSYSTEM\r\n\tAccount Domain:\t\tNT AUTHORITY\r\n\tLogon ID:\t\t0x3E7\r\n\tLinked Logon ID:\t\t0x0\r\n\tNetwork Account Name:\t-\r\n\tNetwork Account Domain:\t-\r\n\tLogon GUID:\t\t{00000000-0000-0000-0000-000000000000}\r\n\r\nProcess Information:\r\n\tProcess ID:\t\t0x5ac\r\n\tProcess Name:\t\tC:\\Windows\\System32\\services.exe\r\n\r\nNetwork Information:\r\n\tWorkstation Name:\t-\r\n\tSource Network Address:\t-\r\n\tSource Port:\t\t-\r\n\r\nDetailed Authentication Information:\r\n\tLogon Process:\t\tAdvapi  \r\n\tAuthentication Package:\tNegotiate\r\n\tTransited Services:\t-\r\n\tPackage Name (NTLM only):\t-\r\n\tKey Length:\t\t0\r\n\r\nThis event is generated when a logon session is created. It is generated on the computer that was accessed.\r\n\r\nThe subject fields indicate the account on the local system which requested the logon. This is most commonly a service such as the Server service, or a local process such as Winlogon.exe or Services.exe.\r\n\r\nThe logon type field indicates the kind of logon that occurred. The most common types are 2 (interactive) and 3 (network).\r\n\r\nThe New Logon fields indicate the account for whom the new logon was created, i.e. the account that was logged on.\r\n\r\nThe network fields indicate where a remote logon request originated. Workstation name is not always available and may be left blank in some cases.\r\n\r\nThe impersonation level field indicates the extent to which a process in the logon session can impersonate.\r\n\r\nThe authentication information fields provide detailed information about this specific logon request.\r\n\t- Logon GUID is a unique identifier that can be used to correlate this event with a KDC event.\r\n\t- Transited services indicate which intermediate services have participated in this logon request.\r\n\t- Package name indicates which sub-protocol was used among the NTLM protocols.\r\n\t- Key length indicates the length of the generated session key. This will be 0 if no session key was requested."
    },
    {
        "Id": 4624,
        "TimeCreated": "/Date(1784901845656)/",
        "MachineName": "LAPTOP-6BEVVOA4",
        "LevelDisplayName": "Information",
        "Message": "An account was successfully logged on.\r\n\r\nSubject:\r\n\tSecurity ID:\t\tS-1-5-18\r\n\tAccount Name:\t\tLAPTOP-6BEVVOA4$\r\n\tAccount Domain:\t\tWORKGROUP\r\n\tLogon ID:\t\t0x3E7\r\n\r\nLogon Information:\r\n\tLogon Type:\t\t5\r\n\tRestricted Admin Mode:\t-\r\n\tRemote Credential Guard:\t-\r\n\tVirtual Account:\t\tNo\r\n\tElevated Token:\t\tYes\r\n\r\nImpersonation Level:\t\tImpersonation\r\n\r\nNew Logon:\r\n\tSecurity ID:\t\tS-1-5-18\r\n\tAccount Name:\t\tSYSTEM\r\n\tAccount Domain:\t\tNT AUTHORITY\r\n\tLogon ID:\t\t0x3E7\r\n\tLinked Logon ID:\t\t0x0\r\n\tNetwork Account Name:\t-\r\n\tNetwork Account Domain:\t-\r\n\tLogon GUID:\t\t{00000000-0000-0000-0000-000000000000}\r\n\r\nProcess Information:\r\n\tProcess ID:\t\t0x5ac\r\n\tProcess Name:\t\tC:\\Windows\\System32\\services.exe\r\n\r\nNetwork Information:\r\n\tWorkstation Name:\t-\r\n\tSource Network Address:\t-\r\n\tSource Port:\t\t-\r\n\r\nDetailed Authentication Information:\r\n\tLogon Process:\t\tAdvapi  \r\n\tAuthentication Package:\tNegotiate\r\n\tTransited Services:\t-\r\n\tPackage Name (NTLM only):\t-\r\n\tKey Length:\t\t0\r\n\r\nThis event is generated when a logon session is created. It is generated on the computer that was accessed.\r\n\r\nThe subject fields indicate the account on the local system which requested the logon. This is most commonly a service such as the Server service, or a local process such as Winlogon.exe or Services.exe.\r\n\r\nThe logon type field indicates the kind of logon that occurred. The most common types are 2 (interactive) and 3 (network).\r\n\r\nThe New Logon fields indicate the account for whom the new logon was created, i.e. the account that was logged on.\r\n\r\nThe network fields indicate where a remote logon request originated. Workstation name is not always available and may be left blank in some cases.\r\n\r\nThe impersonation level field indicates the extent to which a process in the logon session can impersonate.\r\n\r\nThe authentication information fields provide detailed information about this specific logon request.\r\n\t- Logon GUID is a unique identifier that can be used to correlate this event with a KDC event.\r\n\t- Transited services indicate which intermediate services have participated in this logon request.\r\n\t- Package name indicates which sub-protocol was used among the NTLM protocols.\r\n\t- Key length indicates the length of the generated session key. This will be 0 if no session key was requested."
    },
    {
        "Id": 4624,
        "TimeCreated": "/Date(1784901845609)/",
        "MachineName": "LAPTOP-6BEVVOA4",
        "LevelDisplayName": "Information",
        "Message": "An account was successfully logged on.\r\n\r\nSubject:\r\n\tSecurity ID:\t\tS-1-5-18\r\n\tAccount Name:\t\tLAPTOP-6BEVVOA4$\r\n\tAccount Domain:\t\tWORKGROUP\r\n\tLogon ID:\t\t0x3E7\r\n\r\nLogon Information:\r\n\tLogon Type:\t\t5\r\n\tRestricted Admin Mode:\t-\r\n\tRemote Credential Guard:\t-\r\n\tVirtual Account:\t\tNo\r\n\tElevated Token:\t\tYes\r\n\r\nImpersonation Level:\t\tImpersonation\r\n\r\nNew Logon:\r\n\tSecurity ID:\t\tS-1-5-18\r\n\tAccount Name:\t\tSYSTEM\r\n\tAccount Domain:\t\tNT AUTHORITY\r\n\tLogon ID:\t\t0x3E7\r\n\tLinked Logon ID:\t\t0x0\r\n\tNetwork Account Name:\t-\r\n\tNetwork Account Domain:\t-\r\n\tLogon GUID:\t\t{00000000-0000-0000-0000-000000000000}\r\n\r\nProcess Information:\r\n\tProcess ID:\t\t0x5ac\r\n\tProcess Name:\t\tC:\\Windows\\System32\\services.exe\r\n\r\nNetwork Information:\r\n\tWorkstation Name:\t-\r\n\tSource Network Address:\t-\r\n\tSource Port:\t\t-\r\n\r\nDetailed Authentication Information:\r\n\tLogon Process:\t\tAdvapi  \r\n\tAuthentication Package:\tNegotiate\r\n\tTransited Services:\t-\r\n\tPackage Name (NTLM only):\t-\r\n\tKey Length:\t\t0\r\n\r\nThis event is generated when a logon session is created. It is generated on the computer that was accessed.\r\n\r\nThe subject fields indicate the account on the local system which requested the logon. This is most commonly a service such as the Server service, or a local process such as Winlogon.exe or Services.exe.\r\n\r\nThe logon type field indicates the kind of logon that occurred. The most common types are 2 (interactive) and 3 (network).\r\n\r\nThe New Logon fields indicate the account for whom the new logon was created, i.e. the account that was logged on.\r\n\r\nThe network fields indicate where a remote logon request originated. Workstation name is not always available and may be left blank in some cases.\r\n\r\nThe impersonation level field indicates the extent to which a process in the logon session can impersonate.\r\n\r\nThe authentication information fields provide detailed information about this specific logon request.\r\n\t- Logon GUID is a unique identifier that can be used to correlate this event with a KDC event.\r\n\t- Transited services indicate which intermediate services have participated in this logon request.\r\n\t- Package name indicates which sub-protocol was used among the NTLM protocols.\r\n\t- Key length indicates the length of the generated session key. This will be 0 if no session key was requested."
    },
    {
        "Id": 4624,
        "TimeCreated": "/Date(1784901845567)/",
        "MachineName": "LAPTOP-6BEVVOA4",
        "LevelDisplayName": "Information",
        "Message": "An account was successfully logged on.\r\n\r\nSubject:\r\n\tSecurity ID:\t\tS-1-5-18\r\n\tAccount Name:\t\tLAPTOP-6BEVVOA4$\r\n\tAccount Domain:\t\tWORKGROUP\r\n\tLogon ID:\t\t0x3E7\r\n\r\nLogon Information:\r\n\tLogon Type:\t\t5\r\n\tRestricted Admin Mode:\t-\r\n\tRemote Credential Guard:\t-\r\n\tVirtual Account:\t\tNo\r\n\tElevated Token:\t\tYes\r\n\r\nImpersonation Level:\t\tImpersonation\r\n\r\nNew Logon:\r\n\tSecurity ID:\t\tS-1-5-18\r\n\tAccount Name:\t\tSYSTEM\r\n\tAccount Domain:\t\tNT AUTHORITY\r\n\tLogon ID:\t\t0x3E7\r\n\tLinked Logon ID:\t\t0x0\r\n\tNetwork Account Name:\t-\r\n\tNetwork Account Domain:\t-\r\n\tLogon GUID:\t\t{00000000-0000-0000-0000-000000000000}\r\n\r\nProcess Information:\r\n\tProcess ID:\t\t0x5ac\r\n\tProcess Name:\t\tC:\\Windows\\System32\\services.exe\r\n\r\nNetwork Information:\r\n\tWorkstation Name:\t-\r\n\tSource Network Address:\t-\r\n\tSource Port:\t\t-\r\n\r\nDetailed Authentication Information:\r\n\tLogon Process:\t\tAdvapi  \r\n\tAuthentication Package:\tNegotiate\r\n\tTransited Services:\t-\r\n\tPackage Name (NTLM only):\t-\r\n\tKey Length:\t\t0\r\n\r\nThis event is generated when a logon session is created. It is generated on the computer that was accessed.\r\n\r\nThe subject fields indicate the account on the local system which requested the logon. This is most commonly a service such as the Server service, or a local process such as Winlogon.exe or Services.exe.\r\n\r\nThe logon type field indicates the kind of logon that occurred. The most common types are 2 (interactive) and 3 (network).\r\n\r\nThe New Logon fields indicate the account for whom the new logon was created, i.e. the account that was logged on.\r\n\r\nThe network fields indicate where a remote logon request originated. Workstation name is not always available and may be left blank in some cases.\r\n\r\nThe impersonation level field indicates the extent to which a process in the logon session can impersonate.\r\n\r\nThe authentication information fields provide detailed information about this specific logon request.\r\n\t- Logon GUID is a unique identifier that can be used to correlate this event with a KDC event.\r\n\t- Transited services indicate which intermediate services have participated in this logon request.\r\n\t- Package name indicates which sub-protocol was used among the NTLM protocols.\r\n\t- Key length indicates the length of the generated session key. This will be 0 if no session key was requested."
    },
    {
        "Id": 4798,
        "TimeCreated": "/Date(1784901161402)/",
        "MachineName": "LAPTOP-6BEVVOA4",
        "LevelDisplayName": "Information",
        "Message": "A user's local group membership was enumerated.\r\n\r\nSubject:\r\n\tSecurity ID:\t\tS-1-5-18\r\n\tAccount Name:\t\tLAPTOP-6BEVVOA4$\r\n\tAccount Domain:\t\tWORKGROUP\r\n\tLogon ID:\t\t0x3E7\r\n\r\nUser:\r\n\tSecurity ID:\t\tS-1-5-21-2556397086-2396263826-1917990192-1001\r\n\tAccount Name:\t\tJoel\r\n\tAccount Domain:\t\tLAPTOP-6BEVVOA4\r\n\r\nProcess Information:\r\n\tProcess ID:\t\t0x4b08\r\n\tProcess Name:\t\tC:\\Windows\\System32\\svchost.exe"
    },
    {
        "Id": 4798,
        "TimeCreated": "/Date(1784901161399)/",
        "MachineName": "LAPTOP-6BEVVOA4",
        "LevelDisplayName": "Information",
        "Message": "A user's local group membership was enumerated.\r\n\r\nSubject:\r\n\tSecurity ID:\t\tS-1-5-18\r\n\tAccount Name:\t\tLAPTOP-6BEVVOA4$\r\n\tAccount Domain:\t\tWORKGROUP\r\n\tLogon ID:\t\t0x3E7\r\n\r\nUser:\r\n\tSecurity ID:\t\tS-1-5-21-2556397086-2396263826-1917990192-501\r\n\tAccount Name:\t\tGuest\r\n\tAccount Domain:\t\tLAPTOP-6BEVVOA4\r\n\r\nProcess Information:\r\n\tProcess ID:\t\t0x4b08\r\n\tProcess Name:\t\tC:\\Windows\\System32\\svchost.exe"
    },
    {
        "Id": 4798,
        "TimeCreated": "/Date(1784901161397)/",
        "MachineName": "LAPTOP-6BEVVOA4",
        "LevelDisplayName": "Information",
        "Message": "A user's local group membership was enumerated.\r\n\r\nSubject:\r\n\tSecurity ID:\t\tS-1-5-18\r\n\tAccount Name:\t\tLAPTOP-6BEVVOA4$\r\n\tAccount Domain:\t\tWORKGROUP\r\n\tLogon ID:\t\t0x3E7\r\n\r\nUser:\r\n\tSecurity ID:\t\tS-1-5-21-2556397086-2396263826-1917990192-503\r\n\tAccount Name:\t\tDefaultAccount\r\n\tAccount Domain:\t\tLAPTOP-6BEVVOA4\r\n\r\nProcess Information:\r\n\tProcess ID:\t\t0x4b08\r\n\tProcess Name:\t\tC:\\Windows\\System32\\svchost.exe"
    },
    {
        "Id": 4798,
        "TimeCreated": "/Date(1784901161395)/",
        "MachineName": "LAPTOP-6BEVVOA4",
        "LevelDisplayName": "Information",
        "Message": "A user's local group membership was enumerated.\r\n\r\nSubject:\r\n\tSecurity ID:\t\tS-1-5-18\r\n\tAccount Name:\t\tLAPTOP-6BEVVOA4$\r\n\tAccount Domain:\t\tWORKGROUP\r\n\tLogon ID:\t\t0x3E7\r\n\r\nUser:\r\n\tSecurity ID:\t\tS-1-5-21-2556397086-2396263826-1917990192-500\r\n\tAccount Name:\t\tAdministrator\r\n\tAccount Domain:\t\tLAPTOP-6BEVVOA4\r\n\r\nProcess Information:\r\n\tProcess ID:\t\t0x4b08\r\n\tProcess Name:\t\tC:\\Windows\\System32\\svchost.exe"
    },
    {
        "Id": 4798,
        "TimeCreated": "/Date(1784901161384)/",
        "MachineName": "LAPTOP-6BEVVOA4",
        "LevelDisplayName": "Information",
        "Message": "A user's local group membership was enumerated.\r\n\r\nSubject:\r\n\tSecurity ID:\t\tS-1-5-18\r\n\tAccount Name:\t\tLAPTOP-6BEVVOA4$\r\n\tAccount Domain:\t\tWORKGROUP\r\n\tLogon ID:\t\t0x3E7\r\n\r\nUser:\r\n\tSecurity ID:\t\tS-1-5-21-2556397086-2396263826-1917990192-1001\r\n\tAccount Name:\t\tJoel\r\n\tAccount Domain:\t\tLAPTOP-6BEVVOA4\r\n\r\nProcess Information:\r\n\tProcess ID:\t\t0x4b08\r\n\tProcess Name:\t\tC:\\Windows\\System32\\svchost.exe"
    },
    {
        "Id": 4798,
        "TimeCreated": "/Date(1784901161382)/",
        "MachineName": "LAPTOP-6BEVVOA4",
        "LevelDisplayName": "Information",
        "Message": "A user's local group membership was enumerated.\r\n\r\nSubject:\r\n\tSecurity ID:\t\tS-1-5-18\r\n\tAccount Name:\t\tLAPTOP-6BEVVOA4$\r\n\tAccount Domain:\t\tWORKGROUP\r\n\tLogon ID:\t\t0x3E7\r\n\r\nUser:\r\n\tSecurity ID:\t\tS-1-5-21-2556397086-2396263826-1917990192-501\r\n\tAccount Name:\t\tGuest\r\n\tAccount Domain:\t\tLAPTOP-6BEVVOA4\r\n\r\nProcess Information:\r\n\tProcess ID:\t\t0x4b08\r\n\tProcess Name:\t\tC:\\Windows\\System32\\svchost.exe"
    },
    {
        "Id": 4798,
        "TimeCreated": "/Date(1784901161380)/",
        "MachineName": "LAPTOP-6BEVVOA4",
        "LevelDisplayName": "Information",
        "Message": "A user's local group membership was enumerated.\r\n\r\nSubject:\r\n\tSecurity ID:\t\tS-1-5-18\r\n\tAccount Name:\t\tLAPTOP-6BEVVOA4$\r\n\tAccount Domain:\t\tWORKGROUP\r\n\tLogon ID:\t\t0x3E7\r\n\r\nUser:\r\n\tSecurity ID:\t\tS-1-5-21-2556397086-2396263826-1917990192-503\r\n\tAccount Name:\t\tDefaultAccount\r\n\tAccount Domain:\t\tLAPTOP-6BEVVOA4\r\n\r\nProcess Information:\r\n\tProcess ID:\t\t0x4b08\r\n\tProcess Name:\t\tC:\\Windows\\System32\\svchost.exe"
    },
    {
        "Id": 4798,
        "TimeCreated": "/Date(1784901161376)/",
        "MachineName": "LAPTOP-6BEVVOA4",
        "LevelDisplayName": "Information",
        "Message": "A user's local group membership was enumerated.\r\n\r\nSubject:\r\n\tSecurity ID:\t\tS-1-5-18\r\n\tAccount Name:\t\tLAPTOP-6BEVVOA4$\r\n\tAccount Domain:\t\tWORKGROUP\r\n\tLogon ID:\t\t0x3E7\r\n\r\nUser:\r\n\tSecurity ID:\t\tS-1-5-21-2556397086-2396263826-1917990192-500\r\n\tAccount Name:\t\tAdministrator\r\n\tAccount Domain:\t\tLAPTOP-6BEVVOA4\r\n\r\nProcess Information:\r\n\tProcess ID:\t\t0x4b08\r\n\tProcess Name:\t\tC:\\Windows\\System32\\svchost.exe"
    },
    {
        "Id": 4798,
        "TimeCreated": "/Date(1784901161362)/",
        "MachineName": "LAPTOP-6BEVVOA4",
        "LevelDisplayName": "Information",
        "Message": "A user's local group membership was enumerated.\r\n\r\nSubject:\r\n\tSecurity ID:\t\tS-1-5-18\r\n\tAccount Name:\t\tLAPTOP-6BEVVOA4$\r\n\tAccount Domain:\t\tWORKGROUP\r\n\tLogon ID:\t\t0x3E7\r\n\r\nUser:\r\n\tSecurity ID:\t\tS-1-5-21-2556397086-2396263826-1917990192-1001\r\n\tAccount Name:\t\tJoel\r\n\tAccount Domain:\t\tLAPTOP-6BEVVOA4\r\n\r\nProcess Information:\r\n\tProcess ID:\t\t0x4b08\r\n\tProcess Name:\t\tC:\\Windows\\System32\\svchost.exe"
    },
    {
        "Id": 4798,
        "TimeCreated": "/Date(1784901161360)/",
        "MachineName": "LAPTOP-6BEVVOA4",
        "LevelDisplayName": "Information",
        "Message": "A user's local group membership was enumerated.\r\n\r\nSubject:\r\n\tSecurity ID:\t\tS-1-5-18\r\n\tAccount Name:\t\tLAPTOP-6BEVVOA4$\r\n\tAccount Domain:\t\tWORKGROUP\r\n\tLogon ID:\t\t0x3E7\r\n\r\nUser:\r\n\tSecurity ID:\t\tS-1-5-21-2556397086-2396263826-1917990192-501\r\n\tAccount Name:\t\tGuest\r\n\tAccount Domain:\t\tLAPTOP-6BEVVOA4\r\n\r\nProcess Information:\r\n\tProcess ID:\t\t0x4b08\r\n\tProcess Name:\t\tC:\\Windows\\System32\\svchost.exe"
    },
    {
        "Id": 4798,
        "TimeCreated": "/Date(1784901161360)/",
        "MachineName": "LAPTOP-6BEVVOA4",
        "LevelDisplayName": "Information",
        "Message": "A user's local group membership was enumerated.\r\n\r\nSubject:\r\n\tSecurity ID:\t\tS-1-5-18\r\n\tAccount Name:\t\tLAPTOP-6BEVVOA4$\r\n\tAccount Domain:\t\tWORKGROUP\r\n\tLogon ID:\t\t0x3E7\r\n\r\nUser:\r\n\tSecurity ID:\t\tS-1-5-21-2556397086-2396263826-1917990192-503\r\n\tAccount Name:\t\tDefaultAccount\r\n\tAccount Domain:\t\tLAPTOP-6BEVVOA4\r\n\r\nProcess Information:\r\n\tProcess ID:\t\t0x4b08\r\n\tProcess Name:\t\tC:\\Windows\\System32\\svchost.exe"
    },
    {
        "Id": 4798,
        "TimeCreated": "/Date(1784901161359)/",
        "MachineName": "LAPTOP-6BEVVOA4",
        "LevelDisplayName": "Information",
        "Message": "A user's local group membership was enumerated.\r\n\r\nSubject:\r\n\tSecurity ID:\t\tS-1-5-18\r\n\tAccount Name:\t\tLAPTOP-6BEVVOA4$\r\n\tAccount Domain:\t\tWORKGROUP\r\n\tLogon ID:\t\t0x3E7\r\n\r\nUser:\r\n\tSecurity ID:\t\tS-1-5-21-2556397086-2396263826-1917990192-500\r\n\tAccount Name:\t\tAdministrator\r\n\tAccount Domain:\t\tLAPTOP-6BEVVOA4\r\n\r\nProcess Information:\r\n\tProcess ID:\t\t0x4b08\r\n\tProcess Name:\t\tC:\\Windows\\System32\\svchost.exe"
    },
    {
        "Id": 4798,
        "TimeCreated": "/Date(1784901161351)/",
        "MachineName": "LAPTOP-6BEVVOA4",
        "LevelDisplayName": "Information",
        "Message": "A user's local group membership was enumerated.\r\n\r\nSubject:\r\n\tSecurity ID:\t\tS-1-5-18\r\n\tAccount Name:\t\tLAPTOP-6BEVVOA4$\r\n\tAccount Domain:\t\tWORKGROUP\r\n\tLogon ID:\t\t0x3E7\r\n\r\nUser:\r\n\tSecurity ID:\t\tS-1-5-21-2556397086-2396263826-1917990192-1001\r\n\tAccount Name:\t\tJoel\r\n\tAccount Domain:\t\tLAPTOP-6BEVVOA4\r\n\r\nProcess Information:\r\n\tProcess ID:\t\t0x4b08\r\n\tProcess Name:\t\tC:\\Windows\\System32\\svchost.exe"
    },
    {
        "Id": 4798,
        "TimeCreated": "/Date(1784901161349)/",
        "MachineName": "LAPTOP-6BEVVOA4",
        "LevelDisplayName": "Information",
        "Message": "A user's local group membership was enumerated.\r\n\r\nSubject:\r\n\tSecurity ID:\t\tS-1-5-18\r\n\tAccount Name:\t\tLAPTOP-6BEVVOA4$\r\n\tAccount Domain:\t\tWORKGROUP\r\n\tLogon ID:\t\t0x3E7\r\n\r\nUser:\r\n\tSecurity ID:\t\tS-1-5-21-2556397086-2396263826-1917990192-501\r\n\tAccount Name:\t\tGuest\r\n\tAccount Domain:\t\tLAPTOP-6BEVVOA4\r\n\r\nProcess Information:\r\n\tProcess ID:\t\t0x4b08\r\n\tProcess Name:\t\tC:\\Windows\\System32\\svchost.exe"
    },
    {
        "Id": 4798,
        "TimeCreated": "/Date(1784901161346)/",
        "MachineName": "LAPTOP-6BEVVOA4",
        "LevelDisplayName": "Information",
        "Message": "A user's local group membership was enumerated.\r\n\r\nSubject:\r\n\tSecurity ID:\t\tS-1-5-18\r\n\tAccount Name:\t\tLAPTOP-6BEVVOA4$\r\n\tAccount Domain:\t\tWORKGROUP\r\n\tLogon ID:\t\t0x3E7\r\n\r\nUser:\r\n\tSecurity ID:\t\tS-1-5-21-2556397086-2396263826-1917990192-503\r\n\tAccount Name:\t\tDefaultAccount\r\n\tAccount Domain:\t\tLAPTOP-6BEVVOA4\r\n\r\nProcess Information:\r\n\tProcess ID:\t\t0x4b08\r\n\tProcess Name:\t\tC:\\Windows\\System32\\svchost.exe"
    },
    {
        "Id": 4798,
        "TimeCreated": "/Date(1784901161340)/",
        "MachineName": "LAPTOP-6BEVVOA4",
        "LevelDisplayName": "Information",
        "Message": "A user's local group membership was enumerated.\r\n\r\nSubject:\r\n\tSecurity ID:\t\tS-1-5-18\r\n\tAccount Name:\t\tLAPTOP-6BEVVOA4$\r\n\tAccount Domain:\t\tWORKGROUP\r\n\tLogon ID:\t\t0x3E7\r\n\r\nUser:\r\n\tSecurity ID:\t\tS-1-5-21-2556397086-2396263826-1917990192-500\r\n\tAccount Name:\t\tAdministrator\r\n\tAccount Domain:\t\tLAPTOP-6BEVVOA4\r\n\r\nProcess Information:\r\n\tProcess ID:\t\t0x4b08\r\n\tProcess Name:\t\tC:\\Windows\\System32\\svchost.exe"
    },
    {
        "Id": 4624,
        "TimeCreated": "/Date(1784901161274)/",
        "MachineName": "LAPTOP-6BEVVOA4",
        "LevelDisplayName": "Information",
        "Message": "An account was successfully logged on.\r\n\r\nSubject:\r\n\tSecurity ID:\t\tS-1-5-18\r\n\tAccount Name:\t\tLAPTOP-6BEVVOA4$\r\n\tAccount Domain:\t\tWORKGROUP\r\n\tLogon ID:\t\t0x3E7\r\n\r\nLogon Information:\r\n\tLogon Type:\t\t5\r\n\tRestricted Admin Mode:\t-\r\n\tRemote Credential Guard:\t-\r\n\tVirtual Account:\t\tNo\r\n\tElevated Token:\t\tYes\r\n\r\nImpersonation Level:\t\tImpersonation\r\n\r\nNew Logon:\r\n\tSecurity ID:\t\tS-1-5-18\r\n\tAccount Name:\t\tSYSTEM\r\n\tAccount Domain:\t\tNT AUTHORITY\r\n\tLogon ID:\t\t0x3E7\r\n\tLinked Logon ID:\t\t0x0\r\n\tNetwork Account Name:\t-\r\n\tNetwork Account Domain:\t-\r\n\tLogon GUID:\t\t{00000000-0000-0000-0000-000000000000}\r\n\r\nProcess Information:\r\n\tProcess ID:\t\t0x5ac\r\n\tProcess Name:\t\tC:\\Windows\\System32\\services.exe\r\n\r\nNetwork Information:\r\n\tWorkstation Name:\t-\r\n\tSource Network Address:\t-\r\n\tSource Port:\t\t-\r\n\r\nDetailed Authentication Information:\r\n\tLogon Process:\t\tAdvapi  \r\n\tAuthentication Package:\tNegotiate\r\n\tTransited Services:\t-\r\n\tPackage Name (NTLM only):\t-\r\n\tKey Length:\t\t0\r\n\r\nThis event is generated when a logon session is created. It is generated on the computer that was accessed.\r\n\r\nThe subject fields indicate the account on the local system which requested the logon. This is most commonly a service such as the Server service, or a local process such as Winlogon.exe or Services.exe.\r\n\r\nThe logon type field indicates the kind of logon that occurred. The most common types are 2 (interactive) and 3 (network).\r\n\r\nThe New Logon fields indicate the account for whom the new logon was created, i.e. the account that was logged on.\r\n\r\nThe network fields indicate where a remote logon request originated. Workstation name is not always available and may be left blank in some cases.\r\n\r\nThe impersonation level field indicates the extent to which a process in the logon session can impersonate.\r\n\r\nThe authentication information fields provide detailed information about this specific logon request.\r\n\t- Logon GUID is a unique identifier that can be used to correlate this event with a KDC event.\r\n\t- Transited services indicate which intermediate services have participated in this logon request.\r\n\t- Package name indicates which sub-protocol was used among the NTLM protocols.\r\n\t- Key length indicates the length of the generated session key. This will be 0 if no session key was requested."
    },
