        "raw_log": "A new process has been created.\r\n\r\nCreator Subject:\r\n\tSecurity ID:\t\tS-1-5-21-143728362-1813376488-3078198151-1001\r\n\tAccount Name:\t\tHOME\r\n\tAccount Domain:\t\tDESKTOP-NE3H1LC\r\n\tLogon ID:\t\t0x22443E1D\r\n\r\nTarget Subject:\r\n\tSecurity ID:\t\tS-1-0-0\r\n\tAccount Name:\t\t-\r\n\tAccount Domain:\t\t-\r\n\tLogon ID:\t\t0x0\r\n\r\nProcess Information:\r\n\tNew Process ID:\t\t0x37cc\r\n\tNew Process Name:\tC:\\Program Files\\Git\\mingw64\\bin\\git.exe\r\n\tToken Elevation Type:\tTokenElevationTypeFull (2)\r\n\tMandatory Label:\t\tS-1-16-12288\r\n\tCreator Process ID:\t0x3150\r\n\tCreator Process Name:\tC:\\Program Files\\Git\\cmd\\git.exe\r\n\tProcess Command Line:\t\r\n\r\nToken Elevation Type indicates the type of token that was assigned to the new process in accordance with User Account Control policy.\r\n\r\nType 1 is a full token with no privileges removed or groups disabled.  A full token is only used if User Account Control is disabled or if the user is the built-in Administrator account or a service account.\r\n\r\nType 2 is an elevated token with no privileges removed or groups disabled.  An elevated token is used when User Account Control is enabled and the user chooses to start the program using Run as administrator.  An elevated token is also used when an application is configured to always require administrative privilege or to always require maximum privilege, and the user is a member of the Administrators group.\r\n\r\nType 3 is a limited token with administrative privileges removed and administrative groups disabled.  The limited token is used when User Account Control is enabled, the application does not require administrative privilege, and the user does not choose to start the program using Run as administrator.",
        "threat_level": "LOW"
    },
    {
        "timestamp": "/Date(1784264579221)/",
        "event_type": "PROCESS_CREATED",
        "user": "HOME",
        "hostname": "DESKTOP-NE3H1LC",
        "source_ip": "",
        "destination_ip": "",
        "process": "C:\\Windows\\System32\\conhost.exe",
        "file_path": "",
        "severity": "Information",
        "raw_log": "A new process has been created.\r\n\r\nCreator Subject:\r\n\tSecurity ID:\t\tS-1-5-21-143728362-1813376488-3078198151-1001\r\n\tAccount Name:\t\tHOME\r\n\tAccount Domain:\t\tDESKTOP-NE3H1LC\r\n\tLogon ID:\t\t0x22443E1D\r\n\r\nTarget Subject:\r\n\tSecurity ID:\t\tS-1-0-0\r\n\tAccount Name:\t\t-\r\n\tAccount Domain:\t\t-\r\n\tLogon ID:\t\t0x0\r\n\r\nProcess Information:\r\n\tNew Process ID:\t\t0x4188\r\n\tNew Process Name:\tC:\\Windows\\System32\\conhost.exe\r\n\tToken Elevation Type:\tTokenElevationTypeFull (2)\r\n\tMandatory Label:\t\tS-1-16-12288\r\n\tCreator Process ID:\t0x3150\r\n\tCreator Process Name:\tC:\\Program Files\\Git\\cmd\\git.exe\r\n\tProcess Command Line:\t\r\n\r\nToken Elevation Type indicates the type of token that was assigned to the new process in accordance with User Account Control policy.\r\n\r\nType 1 is a full token with no privileges removed or groups disabled.  A full token is only used if User Account Control is disabled or if the user is the built-in Administrator account or a service account.\r\n\r\nType 2 is an elevated token with no privileges removed or groups disabled.  An elevated token is used when User Account Control is enabled and the user chooses to start the program using Run as administrator.  An elevated token is also used when an application is configured to always require administrative privilege or to always require maximum privilege, and the user is a member of the Administrators group.\r\n\r\nType 3 is a limited token with administrative privileges removed and administrative groups disabled.  The limited token is used when User Account Control is enabled, the application does not require administrative privilege, and the user does not choose to start the program using Run as administrator.",
        "threat_level": "LOW"
    },
    {
        "timestamp": "/Date(1784264579213)/",
        "event_type": "PROCESS_CREATED",
        "user": "HOME",
        "hostname": "DESKTOP-NE3H1LC",
        "source_ip": "",
        "destination_ip": "",
        "process": "C:\\Program Files\\Git\\cmd\\git.exe",
        "file_path": "",
        "severity": "Information",
        "raw_log": "A new process has been created.\r\n\r\nCreator Subject:\r\n\tSecurity ID:\t\tS-1-5-21-143728362-1813376488-3078198151-1001\r\n\tAccount Name:\t\tHOME\r\n\tAccount Domain:\t\tDESKTOP-NE3H1LC\r\n\tLogon ID:\t\t0x22443E1D\r\n\r\nTarget Subject:\r\n\tSecurity ID:\t\tS-1-0-0\r\n\tAccount Name:\t\t-\r\n\tAccount Domain:\t\t-\r\n\tLogon ID:\t\t0x0\r\n\r\nProcess Information:\r\n\tNew Process ID:\t\t0x3150\r\n\tNew Process Name:\tC:\\Program Files\\Git\\cmd\\git.exe\r\n\tToken Elevation Type:\tTokenElevationTypeFull (2)\r\n\tMandatory Label:\t\tS-1-16-12288\r\n\tCreator Process ID:\t0x4064\r\n\tCreator Process Name:\tC:\\Users\\HOME\\AppData\\Local\\Programs\\Microsoft VS Code\\Code.exe\r\n\tProcess Command Line:\t\r\n\r\nToken Elevation Type indicates the type of token that was assigned to the new process in accordance with User Account Control policy.\r\n\r\nType 1 is a full token with no privileges removed or groups disabled.  A full token is only used if User Account Control is disabled or if the user is the built-in Administrator account or a service account.\r\n\r\nType 2 is an elevated token with no privileges removed or groups disabled.  An elevated token is used when User Account Control is enabled and the user chooses to start the program using Run as administrator.  An elevated token is also used when an application is configured to always require administrative privilege or to always require maximum privilege, and the user is a member of the Administrators group.\r\n\r\nType 3 is a limited token with administrative privileges removed and administrative groups disabled.  The limited token is used when User Account Control is enabled, the application does not require administrative privilege, and the user does not choose to start the program using Run as administrator.",
        "threat_level": "LOW"
    },
    {
        "timestamp": "/Date(1784264576083)/",
        "event_type": "LOCAL_GROUP_ENUMERATION",
        "user": "HOME",
        "hostname": "DESKTOP-NE3H1LC",
        "source_ip": "",
        "destination_ip": "",
        "process": "C:\\Windows\\System32\\svchost.exe",
        "file_path": "",
        "severity": "Information",
        "raw_log": "A user's local group membership was enumerated.\r\n\r\nSubject:\r\n\tSecurity ID:\t\tS-1-5-18\r\n\tAccount Name:\t\tDESKTOP-NE3H1LC$\r\n\tAccount Domain:\t\tWORKGROUP\r\n\tLogon ID:\t\t0x3E7\r\n\r\nUser:\r\n\tSecurity ID:\t\tS-1-5-21-143728362-1813376488-3078198151-1001\r\n\tAccount Name:\t\tHOME\r\n\tAccount Domain:\t\tDESKTOP-NE3H1LC\r\n\r\nProcess Information:\r\n\tProcess ID:\t\t0x2c6c\r\n\tProcess Name:\t\tC:\\Windows\\System32\\svchost.exe",
        "threat_level": "MEDIUM"
    },
    {
        "timestamp": "/Date(1784264576081)/",
        "event_type": "LOCAL_GROUP_ENUMERATION",
        "user": "Guest",
        "hostname": "DESKTOP-NE3H1LC",
        "source_ip": "",
        "destination_ip": "",
        "process": "C:\\Windows\\System32\\svchost.exe",
        "file_path": "",
        "severity": "Information",
        "raw_log": "A user's local group membership was enumerated.\r\n\r\nSubject:\r\n\tSecurity ID:\t\tS-1-5-18\r\n\tAccount Name:\t\tDESKTOP-NE3H1LC$\r\n\tAccount Domain:\t\tWORKGROUP\r\n\tLogon ID:\t\t0x3E7\r\n\r\nUser:\r\n\tSecurity ID:\t\tS-1-5-21-143728362-1813376488-3078198151-501\r\n\tAccount Name:\t\tGuest\r\n\tAccount Domain:\t\tDESKTOP-NE3H1LC\r\n\r\nProcess Information:\r\n\tProcess ID:\t\t0x2c6c\r\n\tProcess Name:\t\tC:\\Windows\\System32\\svchost.exe",
        "threat_level": "MEDIUM"
    },
    {
        "timestamp": "/Date(1784264576080)/",
        "event_type": "LOCAL_GROUP_ENUMERATION",
        "user": "DefaultAccount",
        "hostname": "DESKTOP-NE3H1LC",
        "source_ip": "",
        "destination_ip": "",
        "process": "C:\\Windows\\System32\\svchost.exe",
        "file_path": "",
        "severity": "Information",
        "raw_log": "A user's local group membership was enumerated.\r\n\r\nSubject:\r\n\tSecurity ID:\t\tS-1-5-18\r\n\tAccount Name:\t\tDESKTOP-NE3H1LC$\r\n\tAccount Domain:\t\tWORKGROUP\r\n\tLogon ID:\t\t0x3E7\r\n\r\nUser:\r\n\tSecurity ID:\t\tS-1-5-21-143728362-1813376488-3078198151-503\r\n\tAccount Name:\t\tDefaultAccount\r\n\tAccount Domain:\t\tDESKTOP-NE3H1LC\r\n\r\nProcess Information:\r\n\tProcess ID:\t\t0x2c6c\r\n\tProcess Name:\t\tC:\\Windows\\System32\\svchost.exe",
        "threat_level": "MEDIUM"
    },
    {
        "timestamp": "/Date(1784264576079)/",
        "event_type": "LOCAL_GROUP_ENUMERATION",
        "user": "Administrator",
        "hostname": "DESKTOP-NE3H1LC",
        "source_ip": "",
        "destination_ip": "",
        "process": "C:\\Windows\\System32\\svchost.exe",
        "file_path": "",
        "severity": "Information",
        "raw_log": "A user's local group membership was enumerated.\r\n\r\nSubject:\r\n\tSecurity ID:\t\tS-1-5-18\r\n\tAccount Name:\t\tDESKTOP-NE3H1LC$\r\n\tAccount Domain:\t\tWORKGROUP\r\n\tLogon ID:\t\t0x3E7\r\n\r\nUser:\r\n\tSecurity ID:\t\tS-1-5-21-143728362-1813376488-3078198151-500\r\n\tAccount Name:\t\tAdministrator\r\n\tAccount Domain:\t\tDESKTOP-NE3H1LC\r\n\r\nProcess Information:\r\n\tProcess ID:\t\t0x2c6c\r\n\tProcess Name:\t\tC:\\Windows\\System32\\svchost.exe",
        "threat_level": "MEDIUM"
    },
    {
        "timestamp": "/Date(1784264576071)/",
        "event_type": "LOCAL_GROUP_ENUMERATION",
        "user": "HOME",
        "hostname": "DESKTOP-NE3H1LC",
        "source_ip": "",
        "destination_ip": "",
        "process": "C:\\Windows\\System32\\svchost.exe",
        "file_path": "",
        "severity": "Information",
        "raw_log": "A user's local group membership was enumerated.\r\n\r\nSubject:\r\n\tSecurity ID:\t\tS-1-5-18\r\n\tAccount Name:\t\tDESKTOP-NE3H1LC$\r\n\tAccount Domain:\t\tWORKGROUP\r\n\tLogon ID:\t\t0x3E7\r\n\r\nUser:\r\n\tSecurity ID:\t\tS-1-5-21-143728362-1813376488-3078198151-1001\r\n\tAccount Name:\t\tHOME\r\n\tAccount Domain:\t\tDESKTOP-NE3H1LC\r\n\r\nProcess Information:\r\n\tProcess ID:\t\t0x2c6c\r\n\tProcess Name:\t\tC:\\Windows\\System32\\svchost.exe",
        "threat_level": "MEDIUM"
    },
    {
        "timestamp": "/Date(1784264576070)/",
        "event_type": "LOCAL_GROUP_ENUMERATION",
        "user": "Guest",
        "hostname": "DESKTOP-NE3H1LC",
        "source_ip": "",
        "destination_ip": "",
        "process": "C:\\Windows\\System32\\svchost.exe",
        "file_path": "",
        "severity": "Information",
        "raw_log": "A user's local group membership was enumerated.\r\n\r\nSubject:\r\n\tSecurity ID:\t\tS-1-5-18\r\n\tAccount Name:\t\tDESKTOP-NE3H1LC$\r\n\tAccount Domain:\t\tWORKGROUP\r\n\tLogon ID:\t\t0x3E7\r\n\r\nUser:\r\n\tSecurity ID:\t\tS-1-5-21-143728362-1813376488-3078198151-501\r\n\tAccount Name:\t\tGuest\r\n\tAccount Domain:\t\tDESKTOP-NE3H1LC\r\n\r\nProcess Information:\r\n\tProcess ID:\t\t0x2c6c\r\n\tProcess Name:\t\tC:\\Windows\\System32\\svchost.exe",
        "threat_level": "MEDIUM"
    },
    {
        "timestamp": "/Date(1784264576069)/",
        "event_type": "LOCAL_GROUP_ENUMERATION",
        "user": "DefaultAccount",
        "hostname": "DESKTOP-NE3H1LC",
        "source_ip": "",
        "destination_ip": "",
        "process": "C:\\Windows\\System32\\svchost.exe",
        "file_path": "",
        "severity": "Information",
        "raw_log": "A user's local group membership was enumerated.\r\n\r\nSubject:\r\n\tSecurity ID:\t\tS-1-5-18\r\n\tAccount Name:\t\tDESKTOP-NE3H1LC$\r\n\tAccount Domain:\t\tWORKGROUP\r\n\tLogon ID:\t\t0x3E7\r\n\r\nUser:\r\n\tSecurity ID:\t\tS-1-5-21-143728362-1813376488-3078198151-503\r\n\tAccount Name:\t\tDefaultAccount\r\n\tAccount Domain:\t\tDESKTOP-NE3H1LC\r\n\r\nProcess Information:\r\n\tProcess ID:\t\t0x2c6c\r\n\tProcess Name:\t\tC:\\Windows\\System32\\svchost.exe",
        "threat_level": "MEDIUM"
    },
    {
        "timestamp": "/Date(1784264576068)/",
        "event_type": "LOCAL_GROUP_ENUMERATION",
        "user": "Administrator",
        "hostname": "DESKTOP-NE3H1LC",
        "source_ip": "",
        "destination_ip": "",
        "process": "C:\\Windows\\System32\\svchost.exe",
        "file_path": "",
        "severity": "Information",
        "raw_log": "A user's local group membership was enumerated.\r\n\r\nSubject:\r\n\tSecurity ID:\t\tS-1-5-18\r\n\tAccount Name:\t\tDESKTOP-NE3H1LC$\r\n\tAccount Domain:\t\tWORKGROUP\r\n\tLogon ID:\t\t0x3E7\r\n\r\nUser:\r\n\tSecurity ID:\t\tS-1-5-21-143728362-1813376488-3078198151-500\r\n\tAccount Name:\t\tAdministrator\r\n\tAccount Domain:\t\tDESKTOP-NE3H1LC\r\n\r\nProcess Information:\r\n\tProcess ID:\t\t0x2c6c\r\n\tProcess Name:\t\tC:\\Windows\\System32\\svchost.exe",
        "threat_level": "MEDIUM"
    },
    {
        "timestamp": "/Date(1784264575853)/",
        "event_type": "PROCESS_CREATED",
        "user": "HOME",
        "hostname": "DESKTOP-NE3H1LC",
        "source_ip": "",
        "destination_ip": "",
        "process": "C:\\Program Files\\Git\\mingw64\\bin\\git.exe",
        "file_path": "",
        "severity": "Information",
        "raw_log": "A new process has been created.\r\n\r\nCreator Subject:\r\n\tSecurity ID:\t\tS-1-5-21-143728362-1813376488-3078198151-1001\r\n\tAccount Name:\t\tHOME\r\n\tAccount Domain:\t\tDESKTOP-NE3H1LC\r\n\tLogon ID:\t\t0x22443E1D\r\n\r\nTarget Subject:\r\n\tSecurity ID:\t\tS-1-0-0\r\n\tAccount Name:\t\t-\r\n\tAccount Domain:\t\t-\r\n\tLogon ID:\t\t0x0\r\n\r\nProcess Information:\r\n\tNew Process ID:\t\t0x3c7c\r\n\tNew Process Name:\tC:\\Program Files\\Git\\mingw64\\bin\\git.exe\r\n\tToken Elevation Type:\tTokenElevationTypeFull (2)\r\n\tMandatory Label:\t\tS-1-16-12288\r\n\tCreator Process ID:\t0x34\r\n\tCreator Process Name:\tC:\\Program Files\\Git\\cmd\\git.exe\r\n\tProcess Command Line:\t\r\n\r\nToken Elevation Type indicates the type of token that was assigned to the new process in accordance with User Account Control policy.\r\n\r\nType 1 is a full token with no privileges removed or groups disabled.  A full token is only used if User Account Control is disabled or if the user is the built-in Administrator account or a service account.\r\n\r\nType 2 is an elevated token with no privileges removed or groups disabled.  An elevated token is used when User Account Control is enabled and the user chooses to start the program using Run as administrator.  An elevated token is also used when an application is configured to always require administrative privilege or to always require maximum privilege, and the user is a member of the Administrators group.\r\n\r\nType 3 is a limited token with administrative privileges removed and administrative groups disabled.  The limited token is used when User Account Control is enabled, the application does not require administrative privilege, and the user does not choose to start the program using Run as administrator.",
        "threat_level": "LOW"
    },
    {
        "timestamp": "/Date(1784264575807)/",
        "event_type": "PROCESS_CREATED",
        "user": "HOME",
        "hostname": "DESKTOP-NE3H1LC",
        "source_ip": "",
        "destination_ip": "",
        "process": "C:\\Windows\\System32\\conhost.exe",
        "file_path": "",
        "severity": "Information",
        "raw_log": "A new process has been created.\r\n\r\nCreator Subject:\r\n\tSecurity ID:\t\tS-1-5-21-143728362-1813376488-3078198151-1001\r\n\tAccount Name:\t\tHOME\r\n\tAccount Domain:\t\tDESKTOP-NE3H1LC\r\n\tLogon ID:\t\t0x22443E1D\r\n\r\nTarget Subject:\r\n\tSecurity ID:\t\tS-1-0-0\r\n\tAccount Name:\t\t-\r\n\tAccount Domain:\t\t-\r\n\tLogon ID:\t\t0x0\r\n\r\nProcess Information:\r\n\tNew Process ID:\t\t0x152c\r\n\tNew Process Name:\tC:\\Windows\\System32\\conhost.exe\r\n\tToken Elevation Type:\tTokenElevationTypeFull (2)\r\n\tMandatory Label:\t\tS-1-16-12288\r\n\tCreator Process ID:\t0x34\r\n\tCreator Process Name:\tC:\\Program Files\\Git\\cmd\\git.exe\r\n\tProcess Command Line:\t\r\n\r\nToken Elevation Type indicates the type of token that was assigned to the new process in accordance with User Account Control policy.\r\n\r\nType 1 is a full token with no privileges removed or groups disabled.  A full token is only used if User Account Control is disabled or if the user is the built-in Administrator account or a service account.\r\n\r\nType 2 is an elevated token with no privileges removed or groups disabled.  An elevated token is used when User Account Control is enabled and the user chooses to start the program using Run as administrator.  An elevated token is also used when an application is configured to always require administrative privilege or to always require maximum privilege, and the user is a member of the Administrators group.\r\n\r\nType 3 is a limited token with administrative privileges removed and administrative groups disabled.  The limited token is used when User Account Control is enabled, the application does not require administrative privilege, and the user does not choose to start the program using Run as administrator.",
        "threat_level": "LOW"
    },
    {
        "timestamp": "/Date(1784264575801)/",
        "event_type": "PROCESS_CREATED",
        "user": "HOME",
        "hostname": "DESKTOP-NE3H1LC",
        "source_ip": "",
        "destination_ip": "",
        "process": "C:\\Program Files\\Git\\cmd\\git.exe",
        "file_path": "",
        "severity": "Information",
        "raw_log": "A new process has been created.\r\n\r\nCreator Subject:\r\n\tSecurity ID:\t\tS-1-5-21-143728362-1813376488-3078198151-1001\r\n\tAccount Name:\t\tHOME\r\n\tAccount Domain:\t\tDESKTOP-NE3H1LC\r\n\tLogon ID:\t\t0x22443E1D\r\n\r\nTarget Subject:\r\n\tSecurity ID:\t\tS-1-0-0\r\n\tAccount Name:\t\t-\r\n\tAccount Domain:\t\t-\r\n\tLogon ID:\t\t0x0\r\n\r\nProcess Information:\r\n\tNew Process ID:\t\t0x34\r\n\tNew Process Name:\tC:\\Program Files\\Git\\cmd\\git.exe\r\n\tToken Elevation Type:\tTokenElevationTypeFull (2)\r\n\tMandatory Label:\t\tS-1-16-12288\r\n\tCreator Process ID:\t0x4064\r\n\tCreator Process Name:\tC:\\Users\\HOME\\AppData\\Local\\Programs\\Microsoft VS Code\\Code.exe\r\n\tProcess Command Line:\t\r\n\r\nToken Elevation Type indicates the type of token that was assigned to the new process in accordance with User Account Control policy.\r\n\r\nType 1 is a full token with no privileges removed or groups disabled.  A full token is only used if User Account Control is disabled or if the user is the built-in Administrator account or a service account.\r\n\r\nType 2 is an elevated token with no privileges removed or groups disabled.  An elevated token is used when User Account Control is enabled and the user chooses to start the program using Run as administrator.  An elevated token is also used when an application is configured to always require administrative privilege or to always require maximum privilege, and the user is a member of the Administrators group.\r\n\r\nType 3 is a limited token with administrative privileges removed and administrative groups disabled.  The limited token is used when User Account Control is enabled, the application does not require administrative privilege, and the user does not choose to start the program using Run as administrator.",
        "threat_level": "LOW"
    },
    {
        "timestamp": "/Date(1784264575376)/",
        "event_type": "PROCESS_CREATED",
        "user": "HOME",
        "hostname": "DESKTOP-NE3H1LC",
        "source_ip": "",
        "destination_ip": "",
        "process": "C:\\Program Files\\Git\\mingw64\\bin\\git.exe",
        "file_path": "",
        "severity": "Information",
        "raw_log": "A new process has been created.\r\n\r\nCreator Subject:\r\n\tSecurity ID:\t\tS-1-5-21-143728362-1813376488-3078198151-1001\r\n\tAccount Name:\t\tHOME\r\n\tAccount Domain:\t\tDESKTOP-NE3H1LC\r\n\tLogon ID:\t\t0x22443E1D\r\n\r\nTarget Subject:\r\n\tSecurity ID:\t\tS-1-0-0\r\n\tAccount Name:\t\t-\r\n\tAccount Domain:\t\t-\r\n\tLogon ID:\t\t0x0\r\n\r\nProcess Information:\r\n\tNew Process ID:\t\t0x4c4c\r\n\tNew Process Name:\tC:\\Program Files\\Git\\mingw64\\bin\\git.exe\r\n\tToken Elevation Type:\tTokenElevationTypeFull (2)\r\n\tMandatory Label:\t\tS-1-16-12288\r\n\tCreator Process ID:\t0x49bc\r\n\tCreator Process Name:\tC:\\Program Files\\Git\\cmd\\git.exe\r\n\tProcess Command Line:\t\r\n\r\nToken Elevation Type indicates the type of token that was assigned to the new process in accordance with User Account Control policy.\r\n\r\nType 1 is a full token with no privileges removed or groups disabled.  A full token is only used if User Account Control is disabled or if the user is the built-in Administrator account or a service account.\r\n\r\nType 2 is an elevated token with no privileges removed or groups disabled.  An elevated token is used when User Account Control is enabled and the user chooses to start the program using Run as administrator.  An elevated token is also used when an application is configured to always require administrative privilege or to always require maximum privilege, and the user is a member of the Administrators group.\r\n\r\nType 3 is a limited token with administrative privileges removed and administrative groups disabled.  The limited token is used when User Account Control is enabled, the application does not require administrative privilege, and the user does not choose to start the program using Run as administrator.",
        "threat_level": "LOW"
    },
    {
        "timestamp": "/Date(1784264575355)/",
        "event_type": "PROCESS_CREATED",
        "user": "HOME",
        "hostname": "DESKTOP-NE3H1LC",
        "source_ip": "",
        "destination_ip": "",
        "process": "C:\\Program Files\\Git\\mingw64\\bin\\git.exe",
        "file_path": "",
        "severity": "Information",
        "raw_log": "A new process has been created.\r\n\r\nCreator Subject:\r\n\tSecurity ID:\t\tS-1-5-21-143728362-1813376488-3078198151-1001\r\n\tAccount Name:\t\tHOME\r\n\tAccount Domain:\t\tDESKTOP-NE3H1LC\r\n\tLogon ID:\t\t0x22443E1D\r\n\r\nTarget Subject:\r\n\tSecurity ID:\t\tS-1-0-0\r\n\tAccount Name:\t\t-\r\n\tAccount Domain:\t\t-\r\n\tLogon ID:\t\t0x0\r\n\r\nProcess Information:\r\n\tNew Process ID:\t\t0x1360\r\n\tNew Process Name:\tC:\\Program Files\\Git\\mingw64\\bin\\git.exe\r\n\tToken Elevation Type:\tTokenElevationTypeFull (2)\r\n\tMandatory Label:\t\tS-1-16-12288\r\n\tCreator Process ID:\t0x13c4\r\n\tCreator Process Name:\tC:\\Program Files\\Git\\cmd\\git.exe\r\n\tProcess Command Line:\t\r\n\r\nToken Elevation Type indicates the type of token that was assigned to the new process in accordance with User Account Control policy.\r\n\r\nType 1 is a full token with no privileges removed or groups disabled.  A full token is only used if User Account Control is disabled or if the user is the built-in Administrator account or a service account.\r\n\r\nType 2 is an elevated token with no privileges removed or groups disabled.  An elevated token is used when User Account Control is enabled and the user chooses to start the program using Run as administrator.  An elevated token is also used when an application is configured to always require administrative privilege or to always require maximum privilege, and the user is a member of the Administrators group.\r\n\r\nType 3 is a limited token with administrative privileges removed and administrative groups disabled.  The limited token is used when User Account Control is enabled, the application does not require administrative privilege, and the user does not choose to start the program using Run as administrator.",
        "threat_level": "LOW"
    },
    {
        "timestamp": "/Date(1784264575242)/",
        "event_type": "PROCESS_CREATED",
        "user": "HOME",
        "hostname": "DESKTOP-NE3H1LC",
        "source_ip": "",
        "destination_ip": "",
        "process": "C:\\Windows\\System32\\conhost.exe",
        "file_path": "",
        "severity": "Information",
        "raw_log": "A new process has been created.\r\n\r\nCreator Subject:\r\n\tSecurity ID:\t\tS-1-5-21-143728362-1813376488-3078198151-1001\r\n\tAccount Name:\t\tHOME\r\n\tAccount Domain:\t\tDESKTOP-NE3H1LC\r\n\tLogon ID:\t\t0x22443E1D\r\n\r\nTarget Subject:\r\n\tSecurity ID:\t\tS-1-0-0\r\n\tAccount Name:\t\t-\r\n\tAccount Domain:\t\t-\r\n\tLogon ID:\t\t0x0\r\n\r\nProcess Information:\r\n\tNew Process ID:\t\t0x38ac\r\n\tNew Process Name:\tC:\\Windows\\System32\\conhost.exe\r\n\tToken Elevation Type:\tTokenElevationTypeFull (2)\r\n\tMandatory Label:\t\tS-1-16-12288\r\n\tCreator Process ID:\t0x49bc\r\n\tCreator Process Name:\tC:\\Program Files\\Git\\cmd\\git.exe\r\n\tProcess Command Line:\t\r\n\r\nToken Elevation Type indicates the type of token that was assigned to the new process in accordance with User Account Control policy.\r\n\r\nType 1 is a full token with no privileges removed or groups disabled.  A full token is only used if User Account Control is disabled or if the user is the built-in Administrator account or a service account.\r\n\r\nType 2 is an elevated token with no privileges removed or groups disabled.  An elevated token is used when User Account Control is enabled and the user chooses to start the program using Run as administrator.  An elevated token is also used when an application is configured to always require administrative privilege or to always require maximum privilege, and the user is a member of the Administrators group.\r\n\r\nType 3 is a limited token with administrative privileges removed and administrative groups disabled.  The limited token is used when User Account Control is enabled, the application does not require administrative privilege, and the user does not choose to start the program using Run as administrator.",
        "threat_level": "LOW"
    },
    {
        "timestamp": "/Date(1784264575225)/",
        "event_type": "PROCESS_CREATED",
        "user": "HOME",
        "hostname": "DESKTOP-NE3H1LC",
        "source_ip": "",
        "destination_ip": "",
        "process": "C:\\Windows\\System32\\conhost.exe",
        "file_path": "",
        "severity": "Information",
        "raw_log": "A new process has been created.\r\n\r\nCreator Subject:\r\n\tSecurity ID:\t\tS-1-5-21-143728362-1813376488-3078198151-1001\r\n\tAccount Name:\t\tHOME\r\n\tAccount Domain:\t\tDESKTOP-NE3H1LC\r\n\tLogon ID:\t\t0x22443E1D\r\n\r\nTarget Subject:\r\n\tSecurity ID:\t\tS-1-0-0\r\n\tAccount Name:\t\t-\r\n\tAccount Domain:\t\t-\r\n\tLogon ID:\t\t0x0\r\n\r\nProcess Information:\r\n\tNew Process ID:\t\t0x4688\r\n\tNew Process Name:\tC:\\Windows\\System32\\conhost.exe\r\n\tToken Elevation Type:\tTokenElevationTypeFull (2)\r\n\tMandatory Label:\t\tS-1-16-12288\r\n\tCreator Process ID:\t0x13c4\r\n\tCreator Process Name:\tC:\\Program Files\\Git\\cmd\\git.exe\r\n\tProcess Command Line:\t\r\n\r\nToken Elevation Type indicates the type of token that was assigned to the new process in accordance with User Account Control policy.\r\n\r\nType 1 is a full token with no privileges removed or groups disabled.  A full token is only used if User Account Control is disabled or if the user is the built-in Administrator account or a service account.\r\n\r\nType 2 is an elevated token with no privileges removed or groups disabled.  An elevated token is used when User Account Control is enabled and the user chooses to start the program using Run as administrator.  An elevated token is also used when an application is configured to always require administrative privilege or to always require maximum privilege, and the user is a member of the Administrators group.\r\n\r\nType 3 is a limited token with administrative privileges removed and administrative groups disabled.  The limited token is used when User Account Control is enabled, the application does not require administrative privilege, and the user does not choose to start the program using Run as administrator.",
        "threat_level": "LOW"
    },
    {
        "timestamp": "/Date(1784264575210)/",
        "event_type": "PROCESS_CREATED",
        "user": "HOME",
        "hostname": "DESKTOP-NE3H1LC",
        "source_ip": "",
        "destination_ip": "",
        "process": "C:\\Program Files\\Git\\cmd\\git.exe",
        "file_path": "",
        "severity": "Information",
        "raw_log": "A new process has been created.\r\n\r\nCreator Subject:\r\n\tSecurity ID:\t\tS-1-5-21-143728362-1813376488-3078198151-1001\r\n\tAccount Name:\t\tHOME\r\n\tAccount Domain:\t\tDESKTOP-NE3H1LC\r\n\tLogon ID:\t\t0x22443E1D\r\n\r\nTarget Subject:\r\n\tSecurity ID:\t\tS-1-0-0\r\n\tAccount Name:\t\t-\r\n\tAccount Domain:\t\t-\r\n\tLogon ID:\t\t0x0\r\n\r\nProcess Information:\r\n\tNew Process ID:\t\t0x49bc\r\n\tNew Process Name:\tC:\\Program Files\\Git\\cmd\\git.exe\r\n\tToken Elevation Type:\tTokenElevationTypeFull (2)\r\n\tMandatory Label:\t\tS-1-16-12288\r\n\tCreator Process ID:\t0x4064\r\n\tCreator Process Name:\tC:\\Users\\HOME\\AppData\\Local\\Programs\\Microsoft VS Code\\Code.exe\r\n\tProcess Command Line:\t\r\n\r\nToken Elevation Type indicates the type of token that was assigned to the new process in accordance with User Account Control policy.\r\n\r\nType 1 is a full token with no privileges removed or groups disabled.  A full token is only used if User Account Control is disabled or if the user is the built-in Administrator account or a service account.\r\n\r\nType 2 is an elevated token with no privileges removed or groups disabled.  An elevated token is used when User Account Control is enabled and the user chooses to start the program using Run as administrator.  An elevated token is also used when an application is configured to always require administrative privilege or to always require maximum privilege, and the user is a member of the Administrators group.\r\n\r\nType 3 is a limited token with administrative privileges removed and administrative groups disabled.  The limited token is used when User Account Control is enabled, the application does not require administrative privilege, and the user does not choose to start the program using Run as administrator.",
        "threat_level": "LOW"
    },
    {
        "timestamp": "/Date(1784264575204)/",
        "event_type": "PROCESS_CREATED",
        "user": "HOME",
        "hostname": "DESKTOP-NE3H1LC",
        "source_ip": "",
        "destination_ip": "",
        "process": "C:\\Program Files\\Git\\cmd\\git.exe",
        "file_path": "",
        "severity": "Information",
        "raw_log": "A new process has been created.\r\n\r\nCreator Subject:\r\n\tSecurity ID:\t\tS-1-5-21-143728362-1813376488-3078198151-1001\r\n\tAccount Name:\t\tHOME\r\n\tAccount Domain:\t\tDESKTOP-NE3H1LC\r\n\tLogon ID:\t\t0x22443E1D\r\n\r\nTarget Subject:\r\n\tSecurity ID:\t\tS-1-0-0\r\n\tAccount Name:\t\t-\r\n\tAccount Domain:\t\t-\r\n\tLogon ID:\t\t0x0\r\n\r\nProcess Information:\r\n\tNew Process ID:\t\t0x13c4\r\n\tNew Process Name:\tC:\\Program Files\\Git\\cmd\\git.exe\r\n\tToken Elevation Type:\tTokenElevationTypeFull (2)\r\n\tMandatory Label:\t\tS-1-16-12288\r\n\tCreator Process ID:\t0x4064\r\n\tCreator Process Name:\tC:\\Users\\HOME\\AppData\\Local\\Programs\\Microsoft VS Code\\Code.exe\r\n\tProcess Command Line:\t\r\n\r\nToken Elevation Type indicates the type of token that was assigned to the new process in accordance with User Account Control policy.\r\n\r\nType 1 is a full token with no privileges removed or groups disabled.  A full token is only used if User Account Control is disabled or if the user is the built-in Administrator account or a service account.\r\n\r\nType 2 is an elevated token with no privileges removed or groups disabled.  An elevated token is used when User Account Control is enabled and the user chooses to start the program using Run as administrator.  An elevated token is also used when an application is configured to always require administrative privilege or to always require maximum privilege, and the user is a member of the Administrators group.\r\n\r\nType 3 is a limited token with administrative privileges removed and administrative groups disabled.  The limited token is used when User Account Control is enabled, the application does not require administrative privilege, and the user does not choose to start the program using Run as administrator.",
        "threat_level": "LOW"
    },
    {
        "timestamp": "/Date(1784264574840)/",
        "event_type": "PROCESS_CREATED",
        "user": "HOME",
        "hostname": "DESKTOP-NE3H1LC",
        "source_ip": "",
        "destination_ip": "",
        "process": "C:\\Program Files\\Git\\mingw64\\bin\\git.exe",
        "file_path": "",
        "severity": "Information",
        "raw_log": "A new process has been created.\r\n\r\nCreator Subject:\r\n\tSecurity ID:\t\tS-1-5-21-143728362-1813376488-3078198151-1001\r\n\tAccount Name:\t\tHOME\r\n\tAccount Domain:\t\tDESKTOP-NE3H1LC\r\n\tLogon ID:\t\t0x22443E1D\r\n\r\nTarget Subject:\r\n\tSecurity ID:\t\tS-1-0-0\r\n\tAccount Name:\t\t-\r\n\tAccount Domain:\t\t-\r\n\tLogon ID:\t\t0x0\r\n\r\nProcess Information:\r\n\tNew Process ID:\t\t0x4dd8\r\n\tNew Process Name:\tC:\\Program Files\\Git\\mingw64\\bin\\git.exe\r\n\tToken Elevation Type:\tTokenElevationTypeFull (2)\r\n\tMandatory Label:\t\tS-1-16-12288\r\n\tCreator Process ID:\t0x3b34\r\n\tCreator Process Name:\tC:\\Program Files\\Git\\cmd\\git.exe\r\n\tProcess Command Line:\t\r\n\r\nToken Elevation Type indicates the type of token that was assigned to the new process in accordance with User Account Control policy.\r\n\r\nType 1 is a full token with no privileges removed or groups disabled.  A full token is only used if User Account Control is disabled or if the user is the built-in Administrator account or a service account.\r\n\r\nType 2 is an elevated token with no privileges removed or groups disabled.  An elevated token is used when User Account Control is enabled and the user chooses to start the program using Run as administrator.  An elevated token is also used when an application is configured to always require administrative privilege or to always require maximum privilege, and the user is a member of the Administrators group.\r\n\r\nType 3 is a limited token with administrative privileges removed and administrative groups disabled.  The limited token is used when User Account Control is enabled, the application does not require administrative privilege, and the user does not choose to start the program using Run as administrator.",
        "threat_level": "LOW"
    },
    {
        "timestamp": "/Date(1784264574835)/",
        "event_type": "PROCESS_CREATED",
        "user": "HOME",
        "hostname": "DESKTOP-NE3H1LC",
        "source_ip": "",
        "destination_ip": "",
        "process": "C:\\Program Files\\Git\\mingw64\\bin\\git.exe",
        "file_path": "",
        "severity": "Information",
        "raw_log": "A new process has been created.\r\n\r\nCreator Subject:\r\n\tSecurity ID:\t\tS-1-5-21-143728362-1813376488-3078198151-1001\r\n\tAccount Name:\t\tHOME\r\n\tAccount Domain:\t\tDESKTOP-NE3H1LC\r\n\tLogon ID:\t\t0x22443E1D\r\n\r\nTarget Subject:\r\n\tSecurity ID:\t\tS-1-0-0\r\n\tAccount Name:\t\t-\r\n\tAccount Domain:\t\t-\r\n\tLogon ID:\t\t0x0\r\n\r\nProcess Information:\r\n\tNew Process ID:\t\t0x4e88\r\n\tNew Process Name:\tC:\\Program Files\\Git\\mingw64\\bin\\git.exe\r\n\tToken Elevation Type:\tTokenElevationTypeFull (2)\r\n\tMandatory Label:\t\tS-1-16-12288\r\n\tCreator Process ID:\t0x62c\r\n\tCreator Process Name:\tC:\\Program Files\\Git\\cmd\\git.exe\r\n\tProcess Command Line:\t\r\n\r\nToken Elevation Type indicates the type of token that was assigned to the new process in accordance with User Account Control policy.\r\n\r\nType 1 is a full token with no privileges removed or groups disabled.  A full token is only used if User Account Control is disabled or if the user is the built-in Administrator account or a service account.\r\n\r\nType 2 is an elevated token with no privileges removed or groups disabled.  An elevated token is used when User Account Control is enabled and the user chooses to start the program using Run as administrator.  An elevated token is also used when an application is configured to always require administrative privilege or to always require maximum privilege, and the user is a member of the Administrators group.\r\n\r\nType 3 is a limited token with administrative privileges removed and administrative groups disabled.  The limited token is used when User Account Control is enabled, the application does not require administrative privilege, and the user does not choose to start the program using Run as administrator.",
        "threat_level": "LOW"
    },
    {
        "timestamp": "/Date(1784264574723)/",
        "event_type": "PROCESS_CREATED",
        "user": "HOME",
        "hostname": "DESKTOP-NE3H1LC",
        "source_ip": "",
        "destination_ip": "",
        "process": "C:\\Windows\\System32\\conhost.exe",
        "file_path": "",
        "severity": "Information",
        "raw_log": "A new process has been created.\r\n\r\nCreator Subject:\r\n\tSecurity ID:\t\tS-1-5-21-143728362-1813376488-3078198151-1001\r\n\tAccount Name:\t\tHOME\r\n\tAccount Domain:\t\tDESKTOP-NE3H1LC\r\n\tLogon ID:\t\t0x22443E1D\r\n\r\nTarget Subject:\r\n\tSecurity ID:\t\tS-1-0-0\r\n\tAccount Name:\t\t-\r\n\tAccount Domain:\t\t-\r\n\tLogon ID:\t\t0x0\r\n\r\nProcess Information:\r\n\tNew Process ID:\t\t0x4958\r\n\tNew Process Name:\tC:\\Windows\\System32\\conhost.exe\r\n\tToken Elevation Type:\tTokenElevationTypeFull (2)\r\n\tMandatory Label:\t\tS-1-16-12288\r\n\tCreator Process ID:\t0x62c\r\n\tCreator Process Name:\tC:\\Program Files\\Git\\cmd\\git.exe\r\n\tProcess Command Line:\t\r\n\r\nToken Elevation Type indicates the type of token that was assigned to the new process in accordance with User Account Control policy.\r\n\r\nType 1 is a full token with no privileges removed or groups disabled.  A full token is only used if User Account Control is disabled or if the user is the built-in Administrator account or a service account.\r\n\r\nType 2 is an elevated token with no privileges removed or groups disabled.  An elevated token is used when User Account Control is enabled and the user chooses to start the program using Run as administrator.  An elevated token is also used when an application is configured to always require administrative privilege or to always require maximum privilege, and the user is a member of the Administrators group.\r\n\r\nType 3 is a limited token with administrative privileges removed and administrative groups disabled.  The limited token is used when User Account Control is enabled, the application does not require administrative privilege, and the user does not choose to start the program using Run as administrator.",
        "threat_level": "LOW"
    },
    {
        "timestamp": "/Date(1784264574714)/",
        "event_type": "PROCESS_CREATED",
        "user": "HOME",
        "hostname": "DESKTOP-NE3H1LC",
        "source_ip": "",
        "destination_ip": "",
        "process": "C:\\Windows\\System32\\conhost.exe",
        "file_path": "",
        "severity": "Information",
        "raw_log": "A new process has been created.\r\n\r\nCreator Subject:\r\n\tSecurity ID:\t\tS-1-5-21-143728362-1813376488-3078198151-1001\r\n\tAccount Name:\t\tHOME\r\n\tAccount Domain:\t\tDESKTOP-NE3H1LC\r\n\tLogon ID:\t\t0x22443E1D\r\n\r\nTarget Subject:\r\n\tSecurity ID:\t\tS-1-0-0\r\n\tAccount Name:\t\t-\r\n\tAccount Domain:\t\t-\r\n\tLogon ID:\t\t0x0\r\n\r\nProcess Information:\r\n\tNew Process ID:\t\t0x3ab8\r\n\tNew Process Name:\tC:\\Windows\\System32\\conhost.exe\r\n\tToken Elevation Type:\tTokenElevationTypeFull (2)\r\n\tMandatory Label:\t\tS-1-16-12288\r\n\tCreator Process ID:\t0x3b34\r\n\tCreator Process Name:\tC:\\Program Files\\Git\\cmd\\git.exe\r\n\tProcess Command Line:\t\r\n\r\nToken Elevation Type indicates the type of token that was assigned to the new process in accordance with User Account Control policy.\r\n\r\nType 1 is a full token with no privileges removed or groups disabled.  A full token is only used if User Account Control is disabled or if the user is the built-in Administrator account or a service account.\r\n\r\nType 2 is an elevated token with no privileges removed or groups disabled.  An elevated token is used when User Account Control is enabled and the user chooses to start the program using Run as administrator.  An elevated token is also used when an application is configured to always require administrative privilege or to always require maximum privilege, and the user is a member of the Administrators group.\r\n\r\nType 3 is a limited token with administrative privileges removed and administrative groups disabled.  The limited token is used when User Account Control is enabled, the application does not require administrative privilege, and the user does not choose to start the program using Run as administrator.",
        "threat_level": "LOW"
    },
    {
        "timestamp": "/Date(1784264574660)/",
        "event_type": "PROCESS_CREATED",
        "user": "HOME",
        "hostname": "DESKTOP-NE3H1LC",
        "source_ip": "",
        "destination_ip": "",
        "process": "C:\\Program Files\\Git\\cmd\\git.exe",
        "file_path": "",
        "severity": "Information",
        "raw_log": "A new process has been created.\r\n\r\nCreator Subject:\r\n\tSecurity ID:\t\tS-1-5-21-143728362-1813376488-3078198151-1001\r\n\tAccount Name:\t\tHOME\r\n\tAccount Domain:\t\tDESKTOP-NE3H1LC\r\n\tLogon ID:\t\t0x22443E1D\r\n\r\nTarget Subject:\r\n\tSecurity ID:\t\tS-1-0-0\r\n\tAccount Name:\t\t-\r\n\tAccount Domain:\t\t-\r\n\tLogon ID:\t\t0x0\r\n\r\nProcess Information:\r\n\tNew Process ID:\t\t0x62c\r\n\tNew Process Name:\tC:\\Program Files\\Git\\cmd\\git.exe\r\n\tToken Elevation Type:\tTokenElevationTypeFull (2)\r\n\tMandatory Label:\t\tS-1-16-12288\r\n\tCreator Process ID:\t0x4064\r\n\tCreator Process Name:\tC:\\Users\\HOME\\AppData\\Local\\Programs\\Microsoft VS Code\\Code.exe\r\n\tProcess Command Line:\t\r\n\r\nToken Elevation Type indicates the type of token that was assigned to the new process in accordance with User Account Control policy.\r\n\r\nType 1 is a full token with no privileges removed or groups disabled.  A full token is only used if User Account Control is disabled or if the user is the built-in Administrator account or a service account.\r\n\r\nType 2 is an elevated token with no privileges removed or groups disabled.  An elevated token is used when User Account Control is enabled and the user chooses to start the program using Run as administrator.  An elevated token is also used when an application is configured to always require administrative privilege or to always require maximum privilege, and the user is a member of the Administrators group.\r\n\r\nType 3 is a limited token with administrative privileges removed and administrative groups disabled.  The limited token is used when User Account Control is enabled, the application does not require administrative privilege, and the user does not choose to start the program using Run as administrator.",
        "threat_level": "LOW"
    },
    {
        "timestamp": "/Date(1784264574652)/",
        "event_type": "PROCESS_CREATED",
        "user": "HOME",
        "hostname": "DESKTOP-NE3H1LC",
        "source_ip": "",
        "destination_ip": "",
        "process": "C:\\Program Files\\Git\\cmd\\git.exe",
        "file_path": "",
        "severity": "Information",
        "raw_log": "A new process has been created.\r\n\r\nCreator Subject:\r\n\tSecurity ID:\t\tS-1-5-21-143728362-1813376488-3078198151-1001\r\n\tAccount Name:\t\tHOME\r\n\tAccount Domain:\t\tDESKTOP-NE3H1LC\r\n\tLogon ID:\t\t0x22443E1D\r\n\r\nTarget Subject:\r\n\tSecurity ID:\t\tS-1-0-0\r\n\tAccount Name:\t\t-\r\n\tAccount Domain:\t\t-\r\n\tLogon ID:\t\t0x0\r\n\r\nProcess Information:\r\n\tNew Process ID:\t\t0x3b34\r\n\tNew Process Name:\tC:\\Program Files\\Git\\cmd\\git.exe\r\n\tToken Elevation Type:\tTokenElevationTypeFull (2)\r\n\tMandatory Label:\t\tS-1-16-12288\r\n\tCreator Process ID:\t0x4064\r\n\tCreator Process Name:\tC:\\Users\\HOME\\AppData\\Local\\Programs\\Microsoft VS Code\\Code.exe\r\n\tProcess Command Line:\t\r\n\r\nToken Elevation Type indicates the type of token that was assigned to the new process in accordance with User Account Control policy.\r\n\r\nType 1 is a full token with no privileges removed or groups disabled.  A full token is only used if User Account Control is disabled or if the user is the built-in Administrator account or a service account.\r\n\r\nType 2 is an elevated token with no privileges removed or groups disabled.  An elevated token is used when User Account Control is enabled and the user chooses to start the program using Run as administrator.  An elevated token is also used when an application is configured to always require administrative privilege or to always require maximum privilege, and the user is a member of the Administrators group.\r\n\r\nType 3 is a limited token with administrative privileges removed and administrative groups disabled.  The limited token is used when User Account Control is enabled, the application does not require administrative privilege, and the user does not choose to start the program using Run as administrator.",
        "threat_level": "LOW"
    },
    {
        "timestamp": "/Date(1784264574365)/",
        "event_type": "LOCAL_GROUP_ENUMERATION",
        "user": "HOME",
        "hostname": "DESKTOP-NE3H1LC",
        "source_ip": "",
        "destination_ip": "",
        "process": "C:\\Windows\\explorer.exe",
        "file_path": "",
        "severity": "Information",
