    {
        "record_id": 3513497,
        "timestamp": "2026-07-28T16:11:04.994000+00:00",
        "event_type": "LOCAL_GROUP_ENUMERATION",
        "user": "Guest",
        "hostname": "LAPTOP-6BEVVOA4",
        "source_ip": "",
        "destination_ip": "",
        "process": "C:\\Windows\\System32\\svchost.exe",
        "file_path": "",
        "severity": "Information",
        "raw_log": "A user's local group membership was enumerated.\r\n\r\nSubject:\r\n\tSecurity ID:\t\tS-1-5-18\r\n\tAccount Name:\t\tLAPTOP-6BEVVOA4$\r\n\tAccount Domain:\t\tWORKGROUP\r\n\tLogon ID:\t\t0x3E7\r\n\r\nUser:\r\n\tSecurity ID:\t\tS-1-5-21-2556397086-2396263826-1917990192-501\r\n\tAccount Name:\t\tGuest\r\n\tAccount Domain:\t\tLAPTOP-6BEVVOA4\r\n\r\nProcess Information:\r\n\tProcess ID:\t\t0x4560\r\n\tProcess Name:\t\tC:\\Windows\\System32\\svchost.exe",
        "threat_level": "MEDIUM"
    },
    {
        "record_id": 3513498,
        "timestamp": "2026-07-28T16:11:04.996000+00:00",
        "event_type": "LOCAL_GROUP_ENUMERATION",
        "user": "Joel",
        "hostname": "LAPTOP-6BEVVOA4",
        "source_ip": "",
        "destination_ip": "",
        "process": "C:\\Windows\\System32\\svchost.exe",
        "file_path": "",
        "severity": "Information",
        "raw_log": "A user's local group membership was enumerated.\r\n\r\nSubject:\r\n\tSecurity ID:\t\tS-1-5-18\r\n\tAccount Name:\t\tLAPTOP-6BEVVOA4$\r\n\tAccount Domain:\t\tWORKGROUP\r\n\tLogon ID:\t\t0x3E7\r\n\r\nUser:\r\n\tSecurity ID:\t\tS-1-5-21-2556397086-2396263826-1917990192-1001\r\n\tAccount Name:\t\tJoel\r\n\tAccount Domain:\t\tLAPTOP-6BEVVOA4\r\n\r\nProcess Information:\r\n\tProcess ID:\t\t0x4560\r\n\tProcess Name:\t\tC:\\Windows\\System32\\svchost.exe",
        "threat_level": "MEDIUM"
    },
    {
        "record_id": 3513508,
        "timestamp": "2026-07-28T16:11:05.006000+00:00",
        "event_type": "LOCAL_GROUP_ENUMERATION",
        "user": "Administrator",
        "hostname": "LAPTOP-6BEVVOA4",
        "source_ip": "",
        "destination_ip": "",
        "process": "C:\\Windows\\System32\\svchost.exe",
        "file_path": "",
        "severity": "Information",
        "raw_log": "A user's local group membership was enumerated.\r\n\r\nSubject:\r\n\tSecurity ID:\t\tS-1-5-18\r\n\tAccount Name:\t\tLAPTOP-6BEVVOA4$\r\n\tAccount Domain:\t\tWORKGROUP\r\n\tLogon ID:\t\t0x3E7\r\n\r\nUser:\r\n\tSecurity ID:\t\tS-1-5-21-2556397086-2396263826-1917990192-500\r\n\tAccount Name:\t\tAdministrator\r\n\tAccount Domain:\t\tLAPTOP-6BEVVOA4\r\n\r\nProcess Information:\r\n\tProcess ID:\t\t0x4560\r\n\tProcess Name:\t\tC:\\Windows\\System32\\svchost.exe",
        "threat_level": "MEDIUM"
    },
    {
        "record_id": 3513509,
        "timestamp": "2026-07-28T16:11:05.007000+00:00",
        "event_type": "LOCAL_GROUP_ENUMERATION",
        "user": "DefaultAccount",
        "hostname": "LAPTOP-6BEVVOA4",
        "source_ip": "",
        "destination_ip": "",
        "process": "C:\\Windows\\System32\\svchost.exe",
        "file_path": "",
        "severity": "Information",
        "raw_log": "A user's local group membership was enumerated.\r\n\r\nSubject:\r\n\tSecurity ID:\t\tS-1-5-18\r\n\tAccount Name:\t\tLAPTOP-6BEVVOA4$\r\n\tAccount Domain:\t\tWORKGROUP\r\n\tLogon ID:\t\t0x3E7\r\n\r\nUser:\r\n\tSecurity ID:\t\tS-1-5-21-2556397086-2396263826-1917990192-503\r\n\tAccount Name:\t\tDefaultAccount\r\n\tAccount Domain:\t\tLAPTOP-6BEVVOA4\r\n\r\nProcess Information:\r\n\tProcess ID:\t\t0x4560\r\n\tProcess Name:\t\tC:\\Windows\\System32\\svchost.exe",
        "threat_level": "MEDIUM"
    },
    {
        "record_id": 3513510,
        "timestamp": "2026-07-28T16:11:05.009000+00:00",
        "event_type": "LOCAL_GROUP_ENUMERATION",
        "user": "Guest",
        "hostname": "LAPTOP-6BEVVOA4",
        "source_ip": "",
        "destination_ip": "",
        "process": "C:\\Windows\\System32\\svchost.exe",
        "file_path": "",
        "severity": "Information",
        "raw_log": "A user's local group membership was enumerated.\r\n\r\nSubject:\r\n\tSecurity ID:\t\tS-1-5-18\r\n\tAccount Name:\t\tLAPTOP-6BEVVOA4$\r\n\tAccount Domain:\t\tWORKGROUP\r\n\tLogon ID:\t\t0x3E7\r\n\r\nUser:\r\n\tSecurity ID:\t\tS-1-5-21-2556397086-2396263826-1917990192-501\r\n\tAccount Name:\t\tGuest\r\n\tAccount Domain:\t\tLAPTOP-6BEVVOA4\r\n\r\nProcess Information:\r\n\tProcess ID:\t\t0x4560\r\n\tProcess Name:\t\tC:\\Windows\\System32\\svchost.exe",
        "threat_level": "MEDIUM"
    },
    {
        "record_id": 3513511,
        "timestamp": "2026-07-28T16:11:05.013000+00:00",
        "event_type": "LOCAL_GROUP_ENUMERATION",
        "user": "Joel",
        "hostname": "LAPTOP-6BEVVOA4",
        "source_ip": "",
        "destination_ip": "",
        "process": "C:\\Windows\\System32\\svchost.exe",
        "file_path": "",
        "severity": "Information",
        "raw_log": "A user's local group membership was enumerated.\r\n\r\nSubject:\r\n\tSecurity ID:\t\tS-1-5-18\r\n\tAccount Name:\t\tLAPTOP-6BEVVOA4$\r\n\tAccount Domain:\t\tWORKGROUP\r\n\tLogon ID:\t\t0x3E7\r\n\r\nUser:\r\n\tSecurity ID:\t\tS-1-5-21-2556397086-2396263826-1917990192-1001\r\n\tAccount Name:\t\tJoel\r\n\tAccount Domain:\t\tLAPTOP-6BEVVOA4\r\n\r\nProcess Information:\r\n\tProcess ID:\t\t0x4560\r\n\tProcess Name:\t\tC:\\Windows\\System32\\svchost.exe",
        "threat_level": "MEDIUM"
    },
    {
        "record_id": 3513512,
        "timestamp": "2026-07-28T16:11:05.182000+00:00",
        "event_type": "LOCAL_GROUP_ENUMERATION",
        "user": "Administrator",
        "hostname": "LAPTOP-6BEVVOA4",
        "source_ip": "",
        "destination_ip": "",
        "process": "C:\\Windows\\System32\\svchost.exe",
        "file_path": "",
        "severity": "Information",
        "raw_log": "A user's local group membership was enumerated.\r\n\r\nSubject:\r\n\tSecurity ID:\t\tS-1-5-18\r\n\tAccount Name:\t\tLAPTOP-6BEVVOA4$\r\n\tAccount Domain:\t\tWORKGROUP\r\n\tLogon ID:\t\t0x3E7\r\n\r\nUser:\r\n\tSecurity ID:\t\tS-1-5-21-2556397086-2396263826-1917990192-500\r\n\tAccount Name:\t\tAdministrator\r\n\tAccount Domain:\t\tLAPTOP-6BEVVOA4\r\n\r\nProcess Information:\r\n\tProcess ID:\t\t0x4560\r\n\tProcess Name:\t\tC:\\Windows\\System32\\svchost.exe",
        "threat_level": "MEDIUM"
    },
    {
        "record_id": 3513513,
        "timestamp": "2026-07-28T16:11:05.187000+00:00",
        "event_type": "LOCAL_GROUP_ENUMERATION",
        "user": "DefaultAccount",
        "hostname": "LAPTOP-6BEVVOA4",
        "source_ip": "",
        "destination_ip": "",
        "process": "C:\\Windows\\System32\\svchost.exe",
        "file_path": "",
        "severity": "Information",
        "raw_log": "A user's local group membership was enumerated.\r\n\r\nSubject:\r\n\tSecurity ID:\t\tS-1-5-18\r\n\tAccount Name:\t\tLAPTOP-6BEVVOA4$\r\n\tAccount Domain:\t\tWORKGROUP\r\n\tLogon ID:\t\t0x3E7\r\n\r\nUser:\r\n\tSecurity ID:\t\tS-1-5-21-2556397086-2396263826-1917990192-503\r\n\tAccount Name:\t\tDefaultAccount\r\n\tAccount Domain:\t\tLAPTOP-6BEVVOA4\r\n\r\nProcess Information:\r\n\tProcess ID:\t\t0x4560\r\n\tProcess Name:\t\tC:\\Windows\\System32\\svchost.exe",
        "threat_level": "MEDIUM"
    },
    {
        "record_id": 3513514,
        "timestamp": "2026-07-28T16:11:05.188000+00:00",
        "event_type": "LOCAL_GROUP_ENUMERATION",
        "user": "Guest",
        "hostname": "LAPTOP-6BEVVOA4",
        "source_ip": "",
        "destination_ip": "",
        "process": "C:\\Windows\\System32\\svchost.exe",
        "file_path": "",
        "severity": "Information",
        "raw_log": "A user's local group membership was enumerated.\r\n\r\nSubject:\r\n\tSecurity ID:\t\tS-1-5-18\r\n\tAccount Name:\t\tLAPTOP-6BEVVOA4$\r\n\tAccount Domain:\t\tWORKGROUP\r\n\tLogon ID:\t\t0x3E7\r\n\r\nUser:\r\n\tSecurity ID:\t\tS-1-5-21-2556397086-2396263826-1917990192-501\r\n\tAccount Name:\t\tGuest\r\n\tAccount Domain:\t\tLAPTOP-6BEVVOA4\r\n\r\nProcess Information:\r\n\tProcess ID:\t\t0x4560\r\n\tProcess Name:\t\tC:\\Windows\\System32\\svchost.exe",
        "threat_level": "MEDIUM"
    },
    {
        "record_id": 3513515,
        "timestamp": "2026-07-28T16:11:05.190000+00:00",
        "event_type": "LOCAL_GROUP_ENUMERATION",
        "user": "Joel",
        "hostname": "LAPTOP-6BEVVOA4",
        "source_ip": "",
        "destination_ip": "",
        "process": "C:\\Windows\\System32\\svchost.exe",
        "file_path": "",
        "severity": "Information",
        "raw_log": "A user's local group membership was enumerated.\r\n\r\nSubject:\r\n\tSecurity ID:\t\tS-1-5-18\r\n\tAccount Name:\t\tLAPTOP-6BEVVOA4$\r\n\tAccount Domain:\t\tWORKGROUP\r\n\tLogon ID:\t\t0x3E7\r\n\r\nUser:\r\n\tSecurity ID:\t\tS-1-5-21-2556397086-2396263826-1917990192-1001\r\n\tAccount Name:\t\tJoel\r\n\tAccount Domain:\t\tLAPTOP-6BEVVOA4\r\n\r\nProcess Information:\r\n\tProcess ID:\t\t0x4560\r\n\tProcess Name:\t\tC:\\Windows\\System32\\svchost.exe",
        "threat_level": "MEDIUM"
    },
    {
        "record_id": 3513516,
        "timestamp": "2026-07-28T16:11:05.202000+00:00",
        "event_type": "LOCAL_GROUP_ENUMERATION",
        "user": "Administrator",
        "hostname": "LAPTOP-6BEVVOA4",
        "source_ip": "",
        "destination_ip": "",
        "process": "C:\\Windows\\System32\\svchost.exe",
        "file_path": "",
        "severity": "Information",
        "raw_log": "A user's local group membership was enumerated.\r\n\r\nSubject:\r\n\tSecurity ID:\t\tS-1-5-18\r\n\tAccount Name:\t\tLAPTOP-6BEVVOA4$\r\n\tAccount Domain:\t\tWORKGROUP\r\n\tLogon ID:\t\t0x3E7\r\n\r\nUser:\r\n\tSecurity ID:\t\tS-1-5-21-2556397086-2396263826-1917990192-500\r\n\tAccount Name:\t\tAdministrator\r\n\tAccount Domain:\t\tLAPTOP-6BEVVOA4\r\n\r\nProcess Information:\r\n\tProcess ID:\t\t0x4560\r\n\tProcess Name:\t\tC:\\Windows\\System32\\svchost.exe",
        "threat_level": "MEDIUM"
    },
    {
        "record_id": 3513517,
        "timestamp": "2026-07-28T16:11:05.204000+00:00",
        "event_type": "LOCAL_GROUP_ENUMERATION",
        "user": "DefaultAccount",
        "hostname": "LAPTOP-6BEVVOA4",
        "source_ip": "",
        "destination_ip": "",
        "process": "C:\\Windows\\System32\\svchost.exe",
        "file_path": "",
        "severity": "Information",
        "raw_log": "A user's local group membership was enumerated.\r\n\r\nSubject:\r\n\tSecurity ID:\t\tS-1-5-18\r\n\tAccount Name:\t\tLAPTOP-6BEVVOA4$\r\n\tAccount Domain:\t\tWORKGROUP\r\n\tLogon ID:\t\t0x3E7\r\n\r\nUser:\r\n\tSecurity ID:\t\tS-1-5-21-2556397086-2396263826-1917990192-503\r\n\tAccount Name:\t\tDefaultAccount\r\n\tAccount Domain:\t\tLAPTOP-6BEVVOA4\r\n\r\nProcess Information:\r\n\tProcess ID:\t\t0x4560\r\n\tProcess Name:\t\tC:\\Windows\\System32\\svchost.exe",
        "threat_level": "MEDIUM"
    },
    {
        "record_id": 3513518,
        "timestamp": "2026-07-28T16:11:05.207000+00:00",
        "event_type": "LOCAL_GROUP_ENUMERATION",
        "user": "Guest",
        "hostname": "LAPTOP-6BEVVOA4",
        "source_ip": "",
        "destination_ip": "",
        "process": "C:\\Windows\\System32\\svchost.exe",
        "file_path": "",
        "severity": "Information",
        "raw_log": "A user's local group membership was enumerated.\r\n\r\nSubject:\r\n\tSecurity ID:\t\tS-1-5-18\r\n\tAccount Name:\t\tLAPTOP-6BEVVOA4$\r\n\tAccount Domain:\t\tWORKGROUP\r\n\tLogon ID:\t\t0x3E7\r\n\r\nUser:\r\n\tSecurity ID:\t\tS-1-5-21-2556397086-2396263826-1917990192-501\r\n\tAccount Name:\t\tGuest\r\n\tAccount Domain:\t\tLAPTOP-6BEVVOA4\r\n\r\nProcess Information:\r\n\tProcess ID:\t\t0x4560\r\n\tProcess Name:\t\tC:\\Windows\\System32\\svchost.exe",
        "threat_level": "MEDIUM"
    },
    {
        "record_id": 3513519,
        "timestamp": "2026-07-28T16:11:05.209000+00:00",
        "event_type": "LOCAL_GROUP_ENUMERATION",
        "user": "Joel",
        "hostname": "LAPTOP-6BEVVOA4",
        "source_ip": "",
        "destination_ip": "",
        "process": "C:\\Windows\\System32\\svchost.exe",
        "file_path": "",
        "severity": "Information",
        "raw_log": "A user's local group membership was enumerated.\r\n\r\nSubject:\r\n\tSecurity ID:\t\tS-1-5-18\r\n\tAccount Name:\t\tLAPTOP-6BEVVOA4$\r\n\tAccount Domain:\t\tWORKGROUP\r\n\tLogon ID:\t\t0x3E7\r\n\r\nUser:\r\n\tSecurity ID:\t\tS-1-5-21-2556397086-2396263826-1917990192-1001\r\n\tAccount Name:\t\tJoel\r\n\tAccount Domain:\t\tLAPTOP-6BEVVOA4\r\n\r\nProcess Information:\r\n\tProcess ID:\t\t0x4560\r\n\tProcess Name:\t\tC:\\Windows\\System32\\svchost.exe",
        "threat_level": "MEDIUM"
    },
    {
        "record_id": 3513520,
        "timestamp": "2026-07-28T16:11:05.223000+00:00",
        "event_type": "LOCAL_GROUP_ENUMERATION",
        "user": "Administrator",
        "hostname": "LAPTOP-6BEVVOA4",
        "source_ip": "",
        "destination_ip": "",
        "process": "C:\\Windows\\System32\\svchost.exe",
        "file_path": "",
        "severity": "Information",
        "raw_log": "A user's local group membership was enumerated.\r\n\r\nSubject:\r\n\tSecurity ID:\t\tS-1-5-18\r\n\tAccount Name:\t\tLAPTOP-6BEVVOA4$\r\n\tAccount Domain:\t\tWORKGROUP\r\n\tLogon ID:\t\t0x3E7\r\n\r\nUser:\r\n\tSecurity ID:\t\tS-1-5-21-2556397086-2396263826-1917990192-500\r\n\tAccount Name:\t\tAdministrator\r\n\tAccount Domain:\t\tLAPTOP-6BEVVOA4\r\n\r\nProcess Information:\r\n\tProcess ID:\t\t0x4560\r\n\tProcess Name:\t\tC:\\Windows\\System32\\svchost.exe",
        "threat_level": "MEDIUM"
    },
    {
        "record_id": 3513521,
        "timestamp": "2026-07-28T16:11:05.225000+00:00",
        "event_type": "LOCAL_GROUP_ENUMERATION",
        "user": "DefaultAccount",
        "hostname": "LAPTOP-6BEVVOA4",
        "source_ip": "",
        "destination_ip": "",
        "process": "C:\\Windows\\System32\\svchost.exe",
        "file_path": "",
        "severity": "Information",
        "raw_log": "A user's local group membership was enumerated.\r\n\r\nSubject:\r\n\tSecurity ID:\t\tS-1-5-18\r\n\tAccount Name:\t\tLAPTOP-6BEVVOA4$\r\n\tAccount Domain:\t\tWORKGROUP\r\n\tLogon ID:\t\t0x3E7\r\n\r\nUser:\r\n\tSecurity ID:\t\tS-1-5-21-2556397086-2396263826-1917990192-503\r\n\tAccount Name:\t\tDefaultAccount\r\n\tAccount Domain:\t\tLAPTOP-6BEVVOA4\r\n\r\nProcess Information:\r\n\tProcess ID:\t\t0x4560\r\n\tProcess Name:\t\tC:\\Windows\\System32\\svchost.exe",
        "threat_level": "MEDIUM"
    },
    {
        "record_id": 3513522,
        "timestamp": "2026-07-28T16:11:05.230000+00:00",
        "event_type": "LOCAL_GROUP_ENUMERATION",
        "user": "Guest",
        "hostname": "LAPTOP-6BEVVOA4",
        "source_ip": "",
        "destination_ip": "",
        "process": "C:\\Windows\\System32\\svchost.exe",
        "file_path": "",
        "severity": "Information",
        "raw_log": "A user's local group membership was enumerated.\r\n\r\nSubject:\r\n\tSecurity ID:\t\tS-1-5-18\r\n\tAccount Name:\t\tLAPTOP-6BEVVOA4$\r\n\tAccount Domain:\t\tWORKGROUP\r\n\tLogon ID:\t\t0x3E7\r\n\r\nUser:\r\n\tSecurity ID:\t\tS-1-5-21-2556397086-2396263826-1917990192-501\r\n\tAccount Name:\t\tGuest\r\n\tAccount Domain:\t\tLAPTOP-6BEVVOA4\r\n\r\nProcess Information:\r\n\tProcess ID:\t\t0x4560\r\n\tProcess Name:\t\tC:\\Windows\\System32\\svchost.exe",
        "threat_level": "MEDIUM"
    },
    {
        "record_id": 3513523,
        "timestamp": "2026-07-28T16:11:05.231000+00:00",
        "event_type": "LOCAL_GROUP_ENUMERATION",
        "user": "Joel",
        "hostname": "LAPTOP-6BEVVOA4",
        "source_ip": "",
        "destination_ip": "",
        "process": "C:\\Windows\\System32\\svchost.exe",
        "file_path": "",
        "severity": "Information",
        "raw_log": "A user's local group membership was enumerated.\r\n\r\nSubject:\r\n\tSecurity ID:\t\tS-1-5-18\r\n\tAccount Name:\t\tLAPTOP-6BEVVOA4$\r\n\tAccount Domain:\t\tWORKGROUP\r\n\tLogon ID:\t\t0x3E7\r\n\r\nUser:\r\n\tSecurity ID:\t\tS-1-5-21-2556397086-2396263826-1917990192-1001\r\n\tAccount Name:\t\tJoel\r\n\tAccount Domain:\t\tLAPTOP-6BEVVOA4\r\n\r\nProcess Information:\r\n\tProcess ID:\t\t0x4560\r\n\tProcess Name:\t\tC:\\Windows\\System32\\svchost.exe",
        "threat_level": "MEDIUM"
    },
    {
        "record_id": 3513524,
        "timestamp": "2026-07-28T16:11:05.239000+00:00",
        "event_type": "LOCAL_GROUP_ENUMERATION",
        "user": "Administrator",
        "hostname": "LAPTOP-6BEVVOA4",
        "source_ip": "",
        "destination_ip": "",
        "process": "C:\\Windows\\System32\\svchost.exe",
        "file_path": "",
        "severity": "Information",
        "raw_log": "A user's local group membership was enumerated.\r\n\r\nSubject:\r\n\tSecurity ID:\t\tS-1-5-18\r\n\tAccount Name:\t\tLAPTOP-6BEVVOA4$\r\n\tAccount Domain:\t\tWORKGROUP\r\n\tLogon ID:\t\t0x3E7\r\n\r\nUser:\r\n\tSecurity ID:\t\tS-1-5-21-2556397086-2396263826-1917990192-500\r\n\tAccount Name:\t\tAdministrator\r\n\tAccount Domain:\t\tLAPTOP-6BEVVOA4\r\n\r\nProcess Information:\r\n\tProcess ID:\t\t0x4560\r\n\tProcess Name:\t\tC:\\Windows\\System32\\svchost.exe",
        "threat_level": "MEDIUM"
    },
    {
        "record_id": 3513525,
        "timestamp": "2026-07-28T16:11:05.243000+00:00",
        "event_type": "LOCAL_GROUP_ENUMERATION",
        "user": "DefaultAccount",
        "hostname": "LAPTOP-6BEVVOA4",
        "source_ip": "",
        "destination_ip": "",
        "process": "C:\\Windows\\System32\\svchost.exe",
        "file_path": "",
        "severity": "Information",
        "raw_log": "A user's local group membership was enumerated.\r\n\r\nSubject:\r\n\tSecurity ID:\t\tS-1-5-18\r\n\tAccount Name:\t\tLAPTOP-6BEVVOA4$\r\n\tAccount Domain:\t\tWORKGROUP\r\n\tLogon ID:\t\t0x3E7\r\n\r\nUser:\r\n\tSecurity ID:\t\tS-1-5-21-2556397086-2396263826-1917990192-503\r\n\tAccount Name:\t\tDefaultAccount\r\n\tAccount Domain:\t\tLAPTOP-6BEVVOA4\r\n\r\nProcess Information:\r\n\tProcess ID:\t\t0x4560\r\n\tProcess Name:\t\tC:\\Windows\\System32\\svchost.exe",
        "threat_level": "MEDIUM"
    },
    {
        "record_id": 3513526,
        "timestamp": "2026-07-28T16:11:05.245000+00:00",
        "event_type": "LOCAL_GROUP_ENUMERATION",
        "user": "Guest",
        "hostname": "LAPTOP-6BEVVOA4",
        "source_ip": "",
        "destination_ip": "",
        "process": "C:\\Windows\\System32\\svchost.exe",
        "file_path": "",
        "severity": "Information",
        "raw_log": "A user's local group membership was enumerated.\r\n\r\nSubject:\r\n\tSecurity ID:\t\tS-1-5-18\r\n\tAccount Name:\t\tLAPTOP-6BEVVOA4$\r\n\tAccount Domain:\t\tWORKGROUP\r\n\tLogon ID:\t\t0x3E7\r\n\r\nUser:\r\n\tSecurity ID:\t\tS-1-5-21-2556397086-2396263826-1917990192-501\r\n\tAccount Name:\t\tGuest\r\n\tAccount Domain:\t\tLAPTOP-6BEVVOA4\r\n\r\nProcess Information:\r\n\tProcess ID:\t\t0x4560\r\n\tProcess Name:\t\tC:\\Windows\\System32\\svchost.exe",
        "threat_level": "MEDIUM"
    },
    {
        "record_id": 3513527,
        "timestamp": "2026-07-28T16:11:05.246000+00:00",
        "event_type": "LOCAL_GROUP_ENUMERATION",
        "user": "Joel",
        "hostname": "LAPTOP-6BEVVOA4",
        "source_ip": "",
        "destination_ip": "",
        "process": "C:\\Windows\\System32\\svchost.exe",
        "file_path": "",
        "severity": "Information",
        "raw_log": "A user's local group membership was enumerated.\r\n\r\nSubject:\r\n\tSecurity ID:\t\tS-1-5-18\r\n\tAccount Name:\t\tLAPTOP-6BEVVOA4$\r\n\tAccount Domain:\t\tWORKGROUP\r\n\tLogon ID:\t\t0x3E7\r\n\r\nUser:\r\n\tSecurity ID:\t\tS-1-5-21-2556397086-2396263826-1917990192-1001\r\n\tAccount Name:\t\tJoel\r\n\tAccount Domain:\t\tLAPTOP-6BEVVOA4\r\n\r\nProcess Information:\r\n\tProcess ID:\t\t0x4560\r\n\tProcess Name:\t\tC:\\Windows\\System32\\svchost.exe",
        "threat_level": "MEDIUM"
    },
    {
        "record_id": 3513528,
        "timestamp": "2026-07-28T16:11:29.205000+00:00",
        "event_type": "LOGON_SUCCESS",
        "user": "SYSTEM",
        "hostname": "LAPTOP-6BEVVOA4",
        "source_ip": "",
        "destination_ip": "",
        "process": "C:\\Windows\\System32\\services.exe",
        "file_path": "",
        "severity": "Information",
        "raw_log": "An account was successfully logged on.\r\n\r\nSubject:\r\n\tSecurity ID:\t\tS-1-5-18\r\n\tAccount Name:\t\tLAPTOP-6BEVVOA4$\r\n\tAccount Domain:\t\tWORKGROUP\r\n\tLogon ID:\t\t0x3E7\r\n\r\nLogon Information:\r\n\tLogon Type:\t\t5\r\n\tRestricted Admin Mode:\t-\r\n\tRemote Credential Guard:\t-\r\n\tVirtual Account:\t\tNo\r\n\tElevated Token:\t\tYes\r\n\r\nImpersonation Level:\t\tImpersonation\r\n\r\nNew Logon:\r\n\tSecurity ID:\t\tS-1-5-18\r\n\tAccount Name:\t\tSYSTEM\r\n\tAccount Domain:\t\tNT AUTHORITY\r\n\tLogon ID:\t\t0x3E7\r\n\tLinked Logon ID:\t\t0x0\r\n\tNetwork Account Name:\t-\r\n\tNetwork Account Domain:\t-\r\n\tLogon GUID:\t\t{00000000-0000-0000-0000-000000000000}\r\n\r\nProcess Information:\r\n\tProcess ID:\t\t0x570\r\n\tProcess Name:\t\tC:\\Windows\\System32\\services.exe\r\n\r\nNetwork Information:\r\n\tWorkstation Name:\t-\r\n\tSource Network Address:\t-\r\n\tSource Port:\t\t-\r\n\r\nDetailed Authentication Information:\r\n\tLogon Process:\t\tAdvapi  \r\n\tAuthentication Package:\tNegotiate\r\n\tTransited Services:\t-\r\n\tPackage Name (NTLM only):\t-\r\n\tKey Length:\t\t0\r\n\r\nThis event is generated when a logon session is created. It is generated on the computer that was accessed.\r\n\r\nThe subject fields indicate the account on the local system which requested the logon. This is most commonly a service such as the Server service, or a local process such as Winlogon.exe or Services.exe.\r\n\r\nThe logon type field indicates the kind of logon that occurred. The most common types are 2 (interactive) and 3 (network).\r\n\r\nThe New Logon fields indicate the account for whom the new logon was created, i.e. the account that was logged on.\r\n\r\nThe network fields indicate where a remote logon request originated. Workstation name is not always available and may be left blank in some cases.\r\n\r\nThe impersonation level field indicates the extent to which a process in the logon session can impersonate.\r\n\r\nThe authentication information fields provide detailed information about this specific logon request.\r\n\t- Logon GUID is a unique identifier that can be used to correlate this event with a KDC event.\r\n\t- Transited services indicate which intermediate services have participated in this logon request.\r\n\t- Package name indicates which sub-protocol was used among the NTLM protocols.\r\n\t- Key length indicates the length of the generated session key. This will be 0 if no session key was requested.",
        "threat_level": "LOW"
    },
    {
        "record_id": 3513530,
        "timestamp": "2026-07-28T16:12:51.002000+00:00",
        "event_type": "LOGON_SUCCESS",
        "user": "SYSTEM",
        "hostname": "LAPTOP-6BEVVOA4",
        "source_ip": "",
        "destination_ip": "",
        "process": "C:\\Windows\\System32\\services.exe",
        "file_path": "",
        "severity": "Information",
        "raw_log": "An account was successfully logged on.\r\n\r\nSubject:\r\n\tSecurity ID:\t\tS-1-5-18\r\n\tAccount Name:\t\tLAPTOP-6BEVVOA4$\r\n\tAccount Domain:\t\tWORKGROUP\r\n\tLogon ID:\t\t0x3E7\r\n\r\nLogon Information:\r\n\tLogon Type:\t\t5\r\n\tRestricted Admin Mode:\t-\r\n\tRemote Credential Guard:\t-\r\n\tVirtual Account:\t\tNo\r\n\tElevated Token:\t\tYes\r\n\r\nImpersonation Level:\t\tImpersonation\r\n\r\nNew Logon:\r\n\tSecurity ID:\t\tS-1-5-18\r\n\tAccount Name:\t\tSYSTEM\r\n\tAccount Domain:\t\tNT AUTHORITY\r\n\tLogon ID:\t\t0x3E7\r\n\tLinked Logon ID:\t\t0x0\r\n\tNetwork Account Name:\t-\r\n\tNetwork Account Domain:\t-\r\n\tLogon GUID:\t\t{00000000-0000-0000-0000-000000000000}\r\n\r\nProcess Information:\r\n\tProcess ID:\t\t0x570\r\n\tProcess Name:\t\tC:\\Windows\\System32\\services.exe\r\n\r\nNetwork Information:\r\n\tWorkstation Name:\t-\r\n\tSource Network Address:\t-\r\n\tSource Port:\t\t-\r\n\r\nDetailed Authentication Information:\r\n\tLogon Process:\t\tAdvapi  \r\n\tAuthentication Package:\tNegotiate\r\n\tTransited Services:\t-\r\n\tPackage Name (NTLM only):\t-\r\n\tKey Length:\t\t0\r\n\r\nThis event is generated when a logon session is created. It is generated on the computer that was accessed.\r\n\r\nThe subject fields indicate the account on the local system which requested the logon. This is most commonly a service such as the Server service, or a local process such as Winlogon.exe or Services.exe.\r\n\r\nThe logon type field indicates the kind of logon that occurred. The most common types are 2 (interactive) and 3 (network).\r\n\r\nThe New Logon fields indicate the account for whom the new logon was created, i.e. the account that was logged on.\r\n\r\nThe network fields indicate where a remote logon request originated. Workstation name is not always available and may be left blank in some cases.\r\n\r\nThe impersonation level field indicates the extent to which a process in the logon session can impersonate.\r\n\r\nThe authentication information fields provide detailed information about this specific logon request.\r\n\t- Logon GUID is a unique identifier that can be used to correlate this event with a KDC event.\r\n\t- Transited services indicate which intermediate services have participated in this logon request.\r\n\t- Package name indicates which sub-protocol was used among the NTLM protocols.\r\n\t- Key length indicates the length of the generated session key. This will be 0 if no session key was requested.",
        "threat_level": "LOW"
    },
    {
        "record_id": 3513532,
        "timestamp": "2026-07-28T16:12:53.062000+00:00",
        "event_type": "LOGON_SUCCESS",
        "user": "SYSTEM",
        "hostname": "LAPTOP-6BEVVOA4",
        "source_ip": "",
        "destination_ip": "",
        "process": "C:\\Windows\\System32\\services.exe",
        "file_path": "",
        "severity": "Information",
        "raw_log": "An account was successfully logged on.\r\n\r\nSubject:\r\n\tSecurity ID:\t\tS-1-5-18\r\n\tAccount Name:\t\tLAPTOP-6BEVVOA4$\r\n\tAccount Domain:\t\tWORKGROUP\r\n\tLogon ID:\t\t0x3E7\r\n\r\nLogon Information:\r\n\tLogon Type:\t\t5\r\n\tRestricted Admin Mode:\t-\r\n\tRemote Credential Guard:\t-\r\n\tVirtual Account:\t\tNo\r\n\tElevated Token:\t\tYes\r\n\r\nImpersonation Level:\t\tImpersonation\r\n\r\nNew Logon:\r\n\tSecurity ID:\t\tS-1-5-18\r\n\tAccount Name:\t\tSYSTEM\r\n\tAccount Domain:\t\tNT AUTHORITY\r\n\tLogon ID:\t\t0x3E7\r\n\tLinked Logon ID:\t\t0x0\r\n\tNetwork Account Name:\t-\r\n\tNetwork Account Domain:\t-\r\n\tLogon GUID:\t\t{00000000-0000-0000-0000-000000000000}\r\n\r\nProcess Information:\r\n\tProcess ID:\t\t0x570\r\n\tProcess Name:\t\tC:\\Windows\\System32\\services.exe\r\n\r\nNetwork Information:\r\n\tWorkstation Name:\t-\r\n\tSource Network Address:\t-\r\n\tSource Port:\t\t-\r\n\r\nDetailed Authentication Information:\r\n\tLogon Process:\t\tAdvapi  \r\n\tAuthentication Package:\tNegotiate\r\n\tTransited Services:\t-\r\n\tPackage Name (NTLM only):\t-\r\n\tKey Length:\t\t0\r\n\r\nThis event is generated when a logon session is created. It is generated on the computer that was accessed.\r\n\r\nThe subject fields indicate the account on the local system which requested the logon. This is most commonly a service such as the Server service, or a local process such as Winlogon.exe or Services.exe.\r\n\r\nThe logon type field indicates the kind of logon that occurred. The most common types are 2 (interactive) and 3 (network).\r\n\r\nThe New Logon fields indicate the account for whom the new logon was created, i.e. the account that was logged on.\r\n\r\nThe network fields indicate where a remote logon request originated. Workstation name is not always available and may be left blank in some cases.\r\n\r\nThe impersonation level field indicates the extent to which a process in the logon session can impersonate.\r\n\r\nThe authentication information fields provide detailed information about this specific logon request.\r\n\t- Logon GUID is a unique identifier that can be used to correlate this event with a KDC event.\r\n\t- Transited services indicate which intermediate services have participated in this logon request.\r\n\t- Package name indicates which sub-protocol was used among the NTLM protocols.\r\n\t- Key length indicates the length of the generated session key. This will be 0 if no session key was requested.",
        "threat_level": "LOW"
    },
    {
        "record_id": 3513541,
        "timestamp": "2026-07-28T16:18:12.190000+00:00",
        "event_type": "LOGON_SUCCESS",
        "user": "SYSTEM",
        "hostname": "LAPTOP-6BEVVOA4",
        "source_ip": "",
        "destination_ip": "",
        "process": "C:\\Windows\\System32\\services.exe",
        "file_path": "",
        "severity": "Information",
        "raw_log": "An account was successfully logged on.\r\n\r\nSubject:\r\n\tSecurity ID:\t\tS-1-5-18\r\n\tAccount Name:\t\tLAPTOP-6BEVVOA4$\r\n\tAccount Domain:\t\tWORKGROUP\r\n\tLogon ID:\t\t0x3E7\r\n\r\nLogon Information:\r\n\tLogon Type:\t\t5\r\n\tRestricted Admin Mode:\t-\r\n\tRemote Credential Guard:\t-\r\n\tVirtual Account:\t\tNo\r\n\tElevated Token:\t\tYes\r\n\r\nImpersonation Level:\t\tImpersonation\r\n\r\nNew Logon:\r\n\tSecurity ID:\t\tS-1-5-18\r\n\tAccount Name:\t\tSYSTEM\r\n\tAccount Domain:\t\tNT AUTHORITY\r\n\tLogon ID:\t\t0x3E7\r\n\tLinked Logon ID:\t\t0x0\r\n\tNetwork Account Name:\t-\r\n\tNetwork Account Domain:\t-\r\n\tLogon GUID:\t\t{00000000-0000-0000-0000-000000000000}\r\n\r\nProcess Information:\r\n\tProcess ID:\t\t0x570\r\n\tProcess Name:\t\tC:\\Windows\\System32\\services.exe\r\n\r\nNetwork Information:\r\n\tWorkstation Name:\t-\r\n\tSource Network Address:\t-\r\n\tSource Port:\t\t-\r\n\r\nDetailed Authentication Information:\r\n\tLogon Process:\t\tAdvapi  \r\n\tAuthentication Package:\tNegotiate\r\n\tTransited Services:\t-\r\n\tPackage Name (NTLM only):\t-\r\n\tKey Length:\t\t0\r\n\r\nThis event is generated when a logon session is created. It is generated on the computer that was accessed.\r\n\r\nThe subject fields indicate the account on the local system which requested the logon. This is most commonly a service such as the Server service, or a local process such as Winlogon.exe or Services.exe.\r\n\r\nThe logon type field indicates the kind of logon that occurred. The most common types are 2 (interactive) and 3 (network).\r\n\r\nThe New Logon fields indicate the account for whom the new logon was created, i.e. the account that was logged on.\r\n\r\nThe network fields indicate where a remote logon request originated. Workstation name is not always available and may be left blank in some cases.\r\n\r\nThe impersonation level field indicates the extent to which a process in the logon session can impersonate.\r\n\r\nThe authentication information fields provide detailed information about this specific logon request.\r\n\t- Logon GUID is a unique identifier that can be used to correlate this event with a KDC event.\r\n\t- Transited services indicate which intermediate services have participated in this logon request.\r\n\t- Package name indicates which sub-protocol was used among the NTLM protocols.\r\n\t- Key length indicates the length of the generated session key. This will be 0 if no session key was requested.",
        "threat_level": "LOW"
    },
    {
        "record_id": 3513543,
        "timestamp": "2026-07-28T16:26:29.328000+00:00",
        "event_type": "LOGON_SUCCESS",
        "user": "SYSTEM",
        "hostname": "LAPTOP-6BEVVOA4",
        "source_ip": "",
        "destination_ip": "",
        "process": "C:\\Windows\\System32\\services.exe",
        "file_path": "",
        "severity": "Information",
        "raw_log": "An account was successfully logged on.\r\n\r\nSubject:\r\n\tSecurity ID:\t\tS-1-5-18\r\n\tAccount Name:\t\tLAPTOP-6BEVVOA4$\r\n\tAccount Domain:\t\tWORKGROUP\r\n\tLogon ID:\t\t0x3E7\r\n\r\nLogon Information:\r\n\tLogon Type:\t\t5\r\n\tRestricted Admin Mode:\t-\r\n\tRemote Credential Guard:\t-\r\n\tVirtual Account:\t\tNo\r\n\tElevated Token:\t\tYes\r\n\r\nImpersonation Level:\t\tImpersonation\r\n\r\nNew Logon:\r\n\tSecurity ID:\t\tS-1-5-18\r\n\tAccount Name:\t\tSYSTEM\r\n\tAccount Domain:\t\tNT AUTHORITY\r\n\tLogon ID:\t\t0x3E7\r\n\tLinked Logon ID:\t\t0x0\r\n\tNetwork Account Name:\t-\r\n\tNetwork Account Domain:\t-\r\n\tLogon GUID:\t\t{00000000-0000-0000-0000-000000000000}\r\n\r\nProcess Information:\r\n\tProcess ID:\t\t0x570\r\n\tProcess Name:\t\tC:\\Windows\\System32\\services.exe\r\n\r\nNetwork Information:\r\n\tWorkstation Name:\t-\r\n\tSource Network Address:\t-\r\n\tSource Port:\t\t-\r\n\r\nDetailed Authentication Information:\r\n\tLogon Process:\t\tAdvapi  \r\n\tAuthentication Package:\tNegotiate\r\n\tTransited Services:\t-\r\n\tPackage Name (NTLM only):\t-\r\n\tKey Length:\t\t0\r\n\r\nThis event is generated when a logon session is created. It is generated on the computer that was accessed.\r\n\r\nThe subject fields indicate the account on the local system which requested the logon. This is most commonly a service such as the Server service, or a local process such as Winlogon.exe or Services.exe.\r\n\r\nThe logon type field indicates the kind of logon that occurred. The most common types are 2 (interactive) and 3 (network).\r\n\r\nThe New Logon fields indicate the account for whom the new logon was created, i.e. the account that was logged on.\r\n\r\nThe network fields indicate where a remote logon request originated. Workstation name is not always available and may be left blank in some cases.\r\n\r\nThe impersonation level field indicates the extent to which a process in the logon session can impersonate.\r\n\r\nThe authentication information fields provide detailed information about this specific logon request.\r\n\t- Logon GUID is a unique identifier that can be used to correlate this event with a KDC event.\r\n\t- Transited services indicate which intermediate services have participated in this logon request.\r\n\t- Package name indicates which sub-protocol was used among the NTLM protocols.\r\n\t- Key length indicates the length of the generated session key. This will be 0 if no session key was requested.",
        "threat_level": "LOW"
    },
    {
        "record_id": 3513545,
        "timestamp": "2026-07-28T16:32:39.151000+00:00",
        "event_type": "LOGON_SUCCESS",
        "user": "SYSTEM",
        "hostname": "LAPTOP-6BEVVOA4",
        "source_ip": "",
        "destination_ip": "",
        "process": "C:\\Windows\\System32\\services.exe",
        "file_path": "",
        "severity": "Information",
        "raw_log": "An account was successfully logged on.\r\n\r\nSubject:\r\n\tSecurity ID:\t\tS-1-5-18\r\n\tAccount Name:\t\tLAPTOP-6BEVVOA4$\r\n\tAccount Domain:\t\tWORKGROUP\r\n\tLogon ID:\t\t0x3E7\r\n\r\nLogon Information:\r\n\tLogon Type:\t\t5\r\n\tRestricted Admin Mode:\t-\r\n\tRemote Credential Guard:\t-\r\n\tVirtual Account:\t\tNo\r\n\tElevated Token:\t\tYes\r\n\r\nImpersonation Level:\t\tImpersonation\r\n\r\nNew Logon:\r\n\tSecurity ID:\t\tS-1-5-18\r\n\tAccount Name:\t\tSYSTEM\r\n\tAccount Domain:\t\tNT AUTHORITY\r\n\tLogon ID:\t\t0x3E7\r\n\tLinked Logon ID:\t\t0x0\r\n\tNetwork Account Name:\t-\r\n\tNetwork Account Domain:\t-\r\n\tLogon GUID:\t\t{00000000-0000-0000-0000-000000000000}\r\n\r\nProcess Information:\r\n\tProcess ID:\t\t0x570\r\n\tProcess Name:\t\tC:\\Windows\\System32\\services.exe\r\n\r\nNetwork Information:\r\n\tWorkstation Name:\t-\r\n\tSource Network Address:\t-\r\n\tSource Port:\t\t-\r\n\r\nDetailed Authentication Information:\r\n\tLogon Process:\t\tAdvapi  \r\n\tAuthentication Package:\tNegotiate\r\n\tTransited Services:\t-\r\n\tPackage Name (NTLM only):\t-\r\n\tKey Length:\t\t0\r\n\r\nThis event is generated when a logon session is created. It is generated on the computer that was accessed.\r\n\r\nThe subject fields indicate the account on the local system which requested the logon. This is most commonly a service such as the Server service, or a local process such as Winlogon.exe or Services.exe.\r\n\r\nThe logon type field indicates the kind of logon that occurred. The most common types are 2 (interactive) and 3 (network).\r\n\r\nThe New Logon fields indicate the account for whom the new logon was created, i.e. the account that was logged on.\r\n\r\nThe network fields indicate where a remote logon request originated. Workstation name is not always available and may be left blank in some cases.\r\n\r\nThe impersonation level field indicates the extent to which a process in the logon session can impersonate.\r\n\r\nThe authentication information fields provide detailed information about this specific logon request.\r\n\t- Logon GUID is a unique identifier that can be used to correlate this event with a KDC event.\r\n\t- Transited services indicate which intermediate services have participated in this logon request.\r\n\t- Package name indicates which sub-protocol was used among the NTLM protocols.\r\n\t- Key length indicates the length of the generated session key. This will be 0 if no session key was requested.",
        "threat_level": "LOW"
    },
    {
        "record_id": 3513549,
        "timestamp": "2026-07-28T16:33:06.268000+00:00",
        "event_type": "LOGON_SUCCESS",
        "user": "SYSTEM",
        "hostname": "LAPTOP-6BEVVOA4",
        "source_ip": "",
        "destination_ip": "",
        "process": "C:\\Windows\\System32\\services.exe",
        "file_path": "",
        "severity": "Information",
        "raw_log": "An account was successfully logged on.\r\n\r\nSubject:\r\n\tSecurity ID:\t\tS-1-5-18\r\n\tAccount Name:\t\tLAPTOP-6BEVVOA4$\r\n\tAccount Domain:\t\tWORKGROUP\r\n\tLogon ID:\t\t0x3E7\r\n\r\nLogon Information:\r\n\tLogon Type:\t\t5\r\n\tRestricted Admin Mode:\t-\r\n\tRemote Credential Guard:\t-\r\n\tVirtual Account:\t\tNo\r\n\tElevated Token:\t\tYes\r\n\r\nImpersonation Level:\t\tImpersonation\r\n\r\nNew Logon:\r\n\tSecurity ID:\t\tS-1-5-18\r\n\tAccount Name:\t\tSYSTEM\r\n\tAccount Domain:\t\tNT AUTHORITY\r\n\tLogon ID:\t\t0x3E7\r\n\tLinked Logon ID:\t\t0x0\r\n\tNetwork Account Name:\t-\r\n\tNetwork Account Domain:\t-\r\n\tLogon GUID:\t\t{00000000-0000-0000-0000-000000000000}\r\n\r\nProcess Information:\r\n\tProcess ID:\t\t0x570\r\n\tProcess Name:\t\tC:\\Windows\\System32\\services.exe\r\n\r\nNetwork Information:\r\n\tWorkstation Name:\t-\r\n\tSource Network Address:\t-\r\n\tSource Port:\t\t-\r\n\r\nDetailed Authentication Information:\r\n\tLogon Process:\t\tAdvapi  \r\n\tAuthentication Package:\tNegotiate\r\n\tTransited Services:\t-\r\n\tPackage Name (NTLM only):\t-\r\n\tKey Length:\t\t0\r\n\r\nThis event is generated when a logon session is created. It is generated on the computer that was accessed.\r\n\r\nThe subject fields indicate the account on the local system which requested the logon. This is most commonly a service such as the Server service, or a local process such as Winlogon.exe or Services.exe.\r\n\r\nThe logon type field indicates the kind of logon that occurred. The most common types are 2 (interactive) and 3 (network).\r\n\r\nThe New Logon fields indicate the account for whom the new logon was created, i.e. the account that was logged on.\r\n\r\nThe network fields indicate where a remote logon request originated. Workstation name is not always available and may be left blank in some cases.\r\n\r\nThe impersonation level field indicates the extent to which a process in the logon session can impersonate.\r\n\r\nThe authentication information fields provide detailed information about this specific logon request.\r\n\t- Logon GUID is a unique identifier that can be used to correlate this event with a KDC event.\r\n\t- Transited services indicate which intermediate services have participated in this logon request.\r\n\t- Package name indicates which sub-protocol was used among the NTLM protocols.\r\n\t- Key length indicates the length of the generated session key. This will be 0 if no session key was requested.",
        "threat_level": "LOW"
    },
    {
        "record_id": 3513551,
        "timestamp": "2026-07-28T16:38:14.375000+00:00",
        "event_type": "LOGON_SUCCESS",
        "user": "SYSTEM",
        "hostname": "LAPTOP-6BEVVOA4",
        "source_ip": "",
        "destination_ip": "",
        "process": "C:\\Windows\\System32\\services.exe",
        "file_path": "",
        "severity": "Information",
        "raw_log": "An account was successfully logged on.\r\n\r\nSubject:\r\n\tSecurity ID:\t\tS-1-5-18\r\n\tAccount Name:\t\tLAPTOP-6BEVVOA4$\r\n\tAccount Domain:\t\tWORKGROUP\r\n\tLogon ID:\t\t0x3E7\r\n\r\nLogon Information:\r\n\tLogon Type:\t\t5\r\n\tRestricted Admin Mode:\t-\r\n\tRemote Credential Guard:\t-\r\n\tVirtual Account:\t\tNo\r\n\tElevated Token:\t\tYes\r\n\r\nImpersonation Level:\t\tImpersonation\r\n\r\nNew Logon:\r\n\tSecurity ID:\t\tS-1-5-18\r\n\tAccount Name:\t\tSYSTEM\r\n\tAccount Domain:\t\tNT AUTHORITY\r\n\tLogon ID:\t\t0x3E7\r\n\tLinked Logon ID:\t\t0x0\r\n\tNetwork Account Name:\t-\r\n\tNetwork Account Domain:\t-\r\n\tLogon GUID:\t\t{00000000-0000-0000-0000-000000000000}\r\n\r\nProcess Information:\r\n\tProcess ID:\t\t0x570\r\n\tProcess Name:\t\tC:\\Windows\\System32\\services.exe\r\n\r\nNetwork Information:\r\n\tWorkstation Name:\t-\r\n\tSource Network Address:\t-\r\n\tSource Port:\t\t-\r\n\r\nDetailed Authentication Information:\r\n\tLogon Process:\t\tAdvapi  \r\n\tAuthentication Package:\tNegotiate\r\n\tTransited Services:\t-\r\n\tPackage Name (NTLM only):\t-\r\n\tKey Length:\t\t0\r\n\r\nThis event is generated when a logon session is created. It is generated on the computer that was accessed.\r\n\r\nThe subject fields indicate the account on the local system which requested the logon. This is most commonly a service such as the Server service, or a local process such as Winlogon.exe or Services.exe.\r\n\r\nThe logon type field indicates the kind of logon that occurred. The most common types are 2 (interactive) and 3 (network).\r\n\r\nThe New Logon fields indicate the account for whom the new logon was created, i.e. the account that was logged on.\r\n\r\nThe network fields indicate where a remote logon request originated. Workstation name is not always available and may be left blank in some cases.\r\n\r\nThe impersonation level field indicates the extent to which a process in the logon session can impersonate.\r\n\r\nThe authentication information fields provide detailed information about this specific logon request.\r\n\t- Logon GUID is a unique identifier that can be used to correlate this event with a KDC event.\r\n\t- Transited services indicate which intermediate services have participated in this logon request.\r\n\t- Package name indicates which sub-protocol was used among the NTLM protocols.\r\n\t- Key length indicates the length of the generated session key. This will be 0 if no session key was requested.",
        "threat_level": "LOW"
    },
    {
        "record_id": 3513553,
        "timestamp": "2026-07-28T16:38:16.881000+00:00",
        "event_type": "LOGON_SUCCESS",
        "user": "SYSTEM",
        "hostname": "LAPTOP-6BEVVOA4",
        "source_ip": "",
        "destination_ip": "",
        "process": "C:\\Windows\\System32\\services.exe",
        "file_path": "",
        "severity": "Information",
        "raw_log": "An account was successfully logged on.\r\n\r\nSubject:\r\n\tSecurity ID:\t\tS-1-5-18\r\n\tAccount Name:\t\tLAPTOP-6BEVVOA4$\r\n\tAccount Domain:\t\tWORKGROUP\r\n\tLogon ID:\t\t0x3E7\r\n\r\nLogon Information:\r\n\tLogon Type:\t\t5\r\n\tRestricted Admin Mode:\t-\r\n\tRemote Credential Guard:\t-\r\n\tVirtual Account:\t\tNo\r\n\tElevated Token:\t\tYes\r\n\r\nImpersonation Level:\t\tImpersonation\r\n\r\nNew Logon:\r\n\tSecurity ID:\t\tS-1-5-18\r\n\tAccount Name:\t\tSYSTEM\r\n\tAccount Domain:\t\tNT AUTHORITY\r\n\tLogon ID:\t\t0x3E7\r\n\tLinked Logon ID:\t\t0x0\r\n\tNetwork Account Name:\t-\r\n\tNetwork Account Domain:\t-\r\n\tLogon GUID:\t\t{00000000-0000-0000-0000-000000000000}\r\n\r\nProcess Information:\r\n\tProcess ID:\t\t0x570\r\n\tProcess Name:\t\tC:\\Windows\\System32\\services.exe\r\n\r\nNetwork Information:\r\n\tWorkstation Name:\t-\r\n\tSource Network Address:\t-\r\n\tSource Port:\t\t-\r\n\r\nDetailed Authentication Information:\r\n\tLogon Process:\t\tAdvapi  \r\n\tAuthentication Package:\tNegotiate\r\n\tTransited Services:\t-\r\n\tPackage Name (NTLM only):\t-\r\n\tKey Length:\t\t0\r\n\r\nThis event is generated when a logon session is created. It is generated on the computer that was accessed.\r\n\r\nThe subject fields indicate the account on the local system which requested the logon. This is most commonly a service such as the Server service, or a local process such as Winlogon.exe or Services.exe.\r\n\r\nThe logon type field indicates the kind of logon that occurred. The most common types are 2 (interactive) and 3 (network).\r\n\r\nThe New Logon fields indicate the account for whom the new logon was created, i.e. the account that was logged on.\r\n\r\nThe network fields indicate where a remote logon request originated. Workstation name is not always available and may be left blank in some cases.\r\n\r\nThe impersonation level field indicates the extent to which a process in the logon session can impersonate.\r\n\r\nThe authentication information fields provide detailed information about this specific logon request.\r\n\t- Logon GUID is a unique identifier that can be used to correlate this event with a KDC event.\r\n\t- Transited services indicate which intermediate services have participated in this logon request.\r\n\t- Package name indicates which sub-protocol was used among the NTLM protocols.\r\n\t- Key length indicates the length of the generated session key. This will be 0 if no session key was requested.",
        "threat_level": "LOW"
    },
    {
        "record_id": 3513555,
        "timestamp": "2026-07-28T16:38:17.168000+00:00",
        "event_type": "LOGON_SUCCESS",
        "user": "SYSTEM",
        "hostname": "LAPTOP-6BEVVOA4",
        "source_ip": "",
        "destination_ip": "",
        "process": "C:\\Windows\\System32\\services.exe",
        "file_path": "",
        "severity": "Information",
        "raw_log": "An account was successfully logged on.\r\n\r\nSubject:\r\n\tSecurity ID:\t\tS-1-5-18\r\n\tAccount Name:\t\tLAPTOP-6BEVVOA4$\r\n\tAccount Domain:\t\tWORKGROUP\r\n\tLogon ID:\t\t0x3E7\r\n\r\nLogon Information:\r\n\tLogon Type:\t\t5\r\n\tRestricted Admin Mode:\t-\r\n\tRemote Credential Guard:\t-\r\n\tVirtual Account:\t\tNo\r\n\tElevated Token:\t\tYes\r\n\r\nImpersonation Level:\t\tImpersonation\r\n\r\nNew Logon:\r\n\tSecurity ID:\t\tS-1-5-18\r\n\tAccount Name:\t\tSYSTEM\r\n\tAccount Domain:\t\tNT AUTHORITY\r\n\tLogon ID:\t\t0x3E7\r\n\tLinked Logon ID:\t\t0x0\r\n\tNetwork Account Name:\t-\r\n\tNetwork Account Domain:\t-\r\n\tLogon GUID:\t\t{00000000-0000-0000-0000-000000000000}\r\n\r\nProcess Information:\r\n\tProcess ID:\t\t0x570\r\n\tProcess Name:\t\tC:\\Windows\\System32\\services.exe\r\n\r\nNetwork Information:\r\n\tWorkstation Name:\t-\r\n\tSource Network Address:\t-\r\n\tSource Port:\t\t-\r\n\r\nDetailed Authentication Information:\r\n\tLogon Process:\t\tAdvapi  \r\n\tAuthentication Package:\tNegotiate\r\n\tTransited Services:\t-\r\n\tPackage Name (NTLM only):\t-\r\n\tKey Length:\t\t0\r\n\r\nThis event is generated when a logon session is created. It is generated on the computer that was accessed.\r\n\r\nThe subject fields indicate the account on the local system which requested the logon. This is most commonly a service such as the Server service, or a local process such as Winlogon.exe or Services.exe.\r\n\r\nThe logon type field indicates the kind of logon that occurred. The most common types are 2 (interactive) and 3 (network).\r\n\r\nThe New Logon fields indicate the account for whom the new logon was created, i.e. the account that was logged on.\r\n\r\nThe network fields indicate where a remote logon request originated. Workstation name is not always available and may be left blank in some cases.\r\n\r\nThe impersonation level field indicates the extent to which a process in the logon session can impersonate.\r\n\r\nThe authentication information fields provide detailed information about this specific logon request.\r\n\t- Logon GUID is a unique identifier that can be used to correlate this event with a KDC event.\r\n\t- Transited services indicate which intermediate services have participated in this logon request.\r\n\t- Package name indicates which sub-protocol was used among the NTLM protocols.\r\n\t- Key length indicates the length of the generated session key. This will be 0 if no session key was requested.",
        "threat_level": "LOW"
    },
