    {
        "record_id": 3513079,
        "timestamp": "2026-07-28T15:37:25.424000+00:00",
        "event_type": "LOGON_SUCCESS",
        "user": "SYSTEM",
        "hostname": "LAPTOP-6BEVVOA4",
        "source_ip": "",
        "destination_ip": "",
        "process": "C:\\Windows\\System32\\services.exe",
        "file_path": "",
        "severity": "Information",
        "raw_log": "An account was successfully logged on.\r\n\r\nSubject:\r\n\tSecurity ID:\t\tS-1-5-18\r\n\tAccount Name:\t\tLAPTOP-6BEVVOA4$\r\n\tAccount Domain:\t\tWORKGROUP\r\n\tLogon ID:\t\t0x3E7\r\n\r\nLogon Information:\r\n\tLogon Type:\t\t5\r\n\tRestricted Admin Mode:\t-\r\n\tRemote Credential Guard:\t-\r\n\tVirtual Account:\t\tNo\r\n\tElevated Token:\t\tYes\r\n\r\nImpersonation Level:\t\tImpersonation\r\n\r\nNew Logon:\r\n\tSecurity ID:\t\tS-1-5-18\r\n\tAccount Name:\t\tSYSTEM\r\n\tAccount Domain:\t\tNT AUTHORITY\r\n\tLogon ID:\t\t0x3E7\r\n\tLinked Logon ID:\t\t0x0\r\n\tNetwork Account Name:\t-\r\n\tNetwork Account Domain:\t-\r\n\tLogon GUID:\t\t{00000000-0000-0000-0000-000000000000}\r\n\r\nProcess Information:\r\n\tProcess ID:\t\t0x570\r\n\tProcess Name:\t\tC:\\Windows\\System32\\services.exe\r\n\r\nNetwork Information:\r\n\tWorkstation Name:\t-\r\n\tSource Network Address:\t-\r\n\tSource Port:\t\t-\r\n\r\nDetailed Authentication Information:\r\n\tLogon Process:\t\tAdvapi  \r\n\tAuthentication Package:\tNegotiate\r\n\tTransited Services:\t-\r\n\tPackage Name (NTLM only):\t-\r\n\tKey Length:\t\t0\r\n\r\nThis event is generated when a logon session is created. It is generated on the computer that was accessed.\r\n\r\nThe subject fields indicate the account on the local system which requested the logon. This is most commonly a service such as the Server service, or a local process such as Winlogon.exe or Services.exe.\r\n\r\nThe logon type field indicates the kind of logon that occurred. The most common types are 2 (interactive) and 3 (network).\r\n\r\nThe New Logon fields indicate the account for whom the new logon was created, i.e. the account that was logged on.\r\n\r\nThe network fields indicate where a remote logon request originated. Workstation name is not always available and may be left blank in some cases.\r\n\r\nThe impersonation level field indicates the extent to which a process in the logon session can impersonate.\r\n\r\nThe authentication information fields provide detailed information about this specific logon request.\r\n\t- Logon GUID is a unique identifier that can be used to correlate this event with a KDC event.\r\n\t- Transited services indicate which intermediate services have participated in this logon request.\r\n\t- Package name indicates which sub-protocol was used among the NTLM protocols.\r\n\t- Key length indicates the length of the generated session key. This will be 0 if no session key was requested.",
        "threat_level": "LOW"
    },
    {
        "record_id": 3513077,
        "timestamp": "2026-07-28T15:28:34.718000+00:00",
        "event_type": "LOGON_SUCCESS",
        "user": "SYSTEM",
        "hostname": "LAPTOP-6BEVVOA4",
        "source_ip": "",
        "destination_ip": "",
        "process": "C:\\Windows\\System32\\services.exe",
        "file_path": "",
        "severity": "Information",
        "raw_log": "An account was successfully logged on.\r\n\r\nSubject:\r\n\tSecurity ID:\t\tS-1-5-18\r\n\tAccount Name:\t\tLAPTOP-6BEVVOA4$\r\n\tAccount Domain:\t\tWORKGROUP\r\n\tLogon ID:\t\t0x3E7\r\n\r\nLogon Information:\r\n\tLogon Type:\t\t5\r\n\tRestricted Admin Mode:\t-\r\n\tRemote Credential Guard:\t-\r\n\tVirtual Account:\t\tNo\r\n\tElevated Token:\t\tYes\r\n\r\nImpersonation Level:\t\tImpersonation\r\n\r\nNew Logon:\r\n\tSecurity ID:\t\tS-1-5-18\r\n\tAccount Name:\t\tSYSTEM\r\n\tAccount Domain:\t\tNT AUTHORITY\r\n\tLogon ID:\t\t0x3E7\r\n\tLinked Logon ID:\t\t0x0\r\n\tNetwork Account Name:\t-\r\n\tNetwork Account Domain:\t-\r\n\tLogon GUID:\t\t{00000000-0000-0000-0000-000000000000}\r\n\r\nProcess Information:\r\n\tProcess ID:\t\t0x570\r\n\tProcess Name:\t\tC:\\Windows\\System32\\services.exe\r\n\r\nNetwork Information:\r\n\tWorkstation Name:\t-\r\n\tSource Network Address:\t-\r\n\tSource Port:\t\t-\r\n\r\nDetailed Authentication Information:\r\n\tLogon Process:\t\tAdvapi  \r\n\tAuthentication Package:\tNegotiate\r\n\tTransited Services:\t-\r\n\tPackage Name (NTLM only):\t-\r\n\tKey Length:\t\t0\r\n\r\nThis event is generated when a logon session is created. It is generated on the computer that was accessed.\r\n\r\nThe subject fields indicate the account on the local system which requested the logon. This is most commonly a service such as the Server service, or a local process such as Winlogon.exe or Services.exe.\r\n\r\nThe logon type field indicates the kind of logon that occurred. The most common types are 2 (interactive) and 3 (network).\r\n\r\nThe New Logon fields indicate the account for whom the new logon was created, i.e. the account that was logged on.\r\n\r\nThe network fields indicate where a remote logon request originated. Workstation name is not always available and may be left blank in some cases.\r\n\r\nThe impersonation level field indicates the extent to which a process in the logon session can impersonate.\r\n\r\nThe authentication information fields provide detailed information about this specific logon request.\r\n\t- Logon GUID is a unique identifier that can be used to correlate this event with a KDC event.\r\n\t- Transited services indicate which intermediate services have participated in this logon request.\r\n\t- Package name indicates which sub-protocol was used among the NTLM protocols.\r\n\t- Key length indicates the length of the generated session key. This will be 0 if no session key was requested.",
        "threat_level": "LOW"
    },
    {
        "record_id": 3513075,
        "timestamp": "2026-07-28T15:26:28.947000+00:00",
        "event_type": "LOGON_SUCCESS",
        "user": "SYSTEM",
        "hostname": "LAPTOP-6BEVVOA4",
        "source_ip": "",
        "destination_ip": "",
        "process": "C:\\Windows\\System32\\services.exe",
        "file_path": "",
        "severity": "Information",
        "raw_log": "An account was successfully logged on.\r\n\r\nSubject:\r\n\tSecurity ID:\t\tS-1-5-18\r\n\tAccount Name:\t\tLAPTOP-6BEVVOA4$\r\n\tAccount Domain:\t\tWORKGROUP\r\n\tLogon ID:\t\t0x3E7\r\n\r\nLogon Information:\r\n\tLogon Type:\t\t5\r\n\tRestricted Admin Mode:\t-\r\n\tRemote Credential Guard:\t-\r\n\tVirtual Account:\t\tNo\r\n\tElevated Token:\t\tYes\r\n\r\nImpersonation Level:\t\tImpersonation\r\n\r\nNew Logon:\r\n\tSecurity ID:\t\tS-1-5-18\r\n\tAccount Name:\t\tSYSTEM\r\n\tAccount Domain:\t\tNT AUTHORITY\r\n\tLogon ID:\t\t0x3E7\r\n\tLinked Logon ID:\t\t0x0\r\n\tNetwork Account Name:\t-\r\n\tNetwork Account Domain:\t-\r\n\tLogon GUID:\t\t{00000000-0000-0000-0000-000000000000}\r\n\r\nProcess Information:\r\n\tProcess ID:\t\t0x570\r\n\tProcess Name:\t\tC:\\Windows\\System32\\services.exe\r\n\r\nNetwork Information:\r\n\tWorkstation Name:\t-\r\n\tSource Network Address:\t-\r\n\tSource Port:\t\t-\r\n\r\nDetailed Authentication Information:\r\n\tLogon Process:\t\tAdvapi  \r\n\tAuthentication Package:\tNegotiate\r\n\tTransited Services:\t-\r\n\tPackage Name (NTLM only):\t-\r\n\tKey Length:\t\t0\r\n\r\nThis event is generated when a logon session is created. It is generated on the computer that was accessed.\r\n\r\nThe subject fields indicate the account on the local system which requested the logon. This is most commonly a service such as the Server service, or a local process such as Winlogon.exe or Services.exe.\r\n\r\nThe logon type field indicates the kind of logon that occurred. The most common types are 2 (interactive) and 3 (network).\r\n\r\nThe New Logon fields indicate the account for whom the new logon was created, i.e. the account that was logged on.\r\n\r\nThe network fields indicate where a remote logon request originated. Workstation name is not always available and may be left blank in some cases.\r\n\r\nThe impersonation level field indicates the extent to which a process in the logon session can impersonate.\r\n\r\nThe authentication information fields provide detailed information about this specific logon request.\r\n\t- Logon GUID is a unique identifier that can be used to correlate this event with a KDC event.\r\n\t- Transited services indicate which intermediate services have participated in this logon request.\r\n\t- Package name indicates which sub-protocol was used among the NTLM protocols.\r\n\t- Key length indicates the length of the generated session key. This will be 0 if no session key was requested.",
        "threat_level": "LOW"
    },
    {
        "record_id": 3513074,
        "timestamp": "2026-07-28T15:19:24.221000+00:00",
        "event_type": "LOCAL_GROUP_ENUMERATION",
        "user": "Joel",
        "hostname": "LAPTOP-6BEVVOA4",
        "source_ip": "",
        "destination_ip": "",
        "process": "C:\\Windows\\explorer.exe",
        "file_path": "",
        "severity": "Information",
        "raw_log": "A user's local group membership was enumerated.\r\n\r\nSubject:\r\n\tSecurity ID:\t\tS-1-5-21-2556397086-2396263826-1917990192-1001\r\n\tAccount Name:\t\tJoel\r\n\tAccount Domain:\t\tLAPTOP-6BEVVOA4\r\n\tLogon ID:\t\t0x4457202\r\n\r\nUser:\r\n\tSecurity ID:\t\tS-1-5-21-2556397086-2396263826-1917990192-1001\r\n\tAccount Name:\t\tJoel\r\n\tAccount Domain:\t\tLAPTOP-6BEVVOA4\r\n\r\nProcess Information:\r\n\tProcess ID:\t\t0x3150\r\n\tProcess Name:\t\tC:\\Windows\\explorer.exe",
        "threat_level": "MEDIUM"
    },
    {
        "record_id": 3513073,
        "timestamp": "2026-07-28T15:19:09.802000+00:00",
        "event_type": "LOCAL_GROUP_ENUMERATION",
        "user": "Joel",
        "hostname": "LAPTOP-6BEVVOA4",
        "source_ip": "",
        "destination_ip": "",
        "process": "C:\\Windows\\explorer.exe",
        "file_path": "",
        "severity": "Information",
        "raw_log": "A user's local group membership was enumerated.\r\n\r\nSubject:\r\n\tSecurity ID:\t\tS-1-5-21-2556397086-2396263826-1917990192-1001\r\n\tAccount Name:\t\tJoel\r\n\tAccount Domain:\t\tLAPTOP-6BEVVOA4\r\n\tLogon ID:\t\t0x4457202\r\n\r\nUser:\r\n\tSecurity ID:\t\tS-1-5-21-2556397086-2396263826-1917990192-1001\r\n\tAccount Name:\t\tJoel\r\n\tAccount Domain:\t\tLAPTOP-6BEVVOA4\r\n\r\nProcess Information:\r\n\tProcess ID:\t\t0x3150\r\n\tProcess Name:\t\tC:\\Windows\\explorer.exe",
        "threat_level": "MEDIUM"
    },
    {
        "record_id": 3513072,
        "timestamp": "2026-07-28T15:18:58.835000+00:00",
        "event_type": "LOCAL_GROUP_ENUMERATION",
        "user": "Joel",
        "hostname": "LAPTOP-6BEVVOA4",
        "source_ip": "",
        "destination_ip": "",
        "process": "C:\\Windows\\explorer.exe",
        "file_path": "",
        "severity": "Information",
        "raw_log": "A user's local group membership was enumerated.\r\n\r\nSubject:\r\n\tSecurity ID:\t\tS-1-5-21-2556397086-2396263826-1917990192-1001\r\n\tAccount Name:\t\tJoel\r\n\tAccount Domain:\t\tLAPTOP-6BEVVOA4\r\n\tLogon ID:\t\t0x4457202\r\n\r\nUser:\r\n\tSecurity ID:\t\tS-1-5-21-2556397086-2396263826-1917990192-1001\r\n\tAccount Name:\t\tJoel\r\n\tAccount Domain:\t\tLAPTOP-6BEVVOA4\r\n\r\nProcess Information:\r\n\tProcess ID:\t\t0x3150\r\n\tProcess Name:\t\tC:\\Windows\\explorer.exe",
        "threat_level": "MEDIUM"
    },
    {
        "record_id": 3513070,
        "timestamp": "2026-07-28T15:18:58.208000+00:00",
        "event_type": "LOGON_SUCCESS",
        "user": "SYSTEM",
        "hostname": "LAPTOP-6BEVVOA4",
        "source_ip": "",
        "destination_ip": "",
        "process": "C:\\Windows\\System32\\services.exe",
        "file_path": "",
        "severity": "Information",
        "raw_log": "An account was successfully logged on.\r\n\r\nSubject:\r\n\tSecurity ID:\t\tS-1-5-18\r\n\tAccount Name:\t\tLAPTOP-6BEVVOA4$\r\n\tAccount Domain:\t\tWORKGROUP\r\n\tLogon ID:\t\t0x3E7\r\n\r\nLogon Information:\r\n\tLogon Type:\t\t5\r\n\tRestricted Admin Mode:\t-\r\n\tRemote Credential Guard:\t-\r\n\tVirtual Account:\t\tNo\r\n\tElevated Token:\t\tYes\r\n\r\nImpersonation Level:\t\tImpersonation\r\n\r\nNew Logon:\r\n\tSecurity ID:\t\tS-1-5-18\r\n\tAccount Name:\t\tSYSTEM\r\n\tAccount Domain:\t\tNT AUTHORITY\r\n\tLogon ID:\t\t0x3E7\r\n\tLinked Logon ID:\t\t0x0\r\n\tNetwork Account Name:\t-\r\n\tNetwork Account Domain:\t-\r\n\tLogon GUID:\t\t{00000000-0000-0000-0000-000000000000}\r\n\r\nProcess Information:\r\n\tProcess ID:\t\t0x570\r\n\tProcess Name:\t\tC:\\Windows\\System32\\services.exe\r\n\r\nNetwork Information:\r\n\tWorkstation Name:\t-\r\n\tSource Network Address:\t-\r\n\tSource Port:\t\t-\r\n\r\nDetailed Authentication Information:\r\n\tLogon Process:\t\tAdvapi  \r\n\tAuthentication Package:\tNegotiate\r\n\tTransited Services:\t-\r\n\tPackage Name (NTLM only):\t-\r\n\tKey Length:\t\t0\r\n\r\nThis event is generated when a logon session is created. It is generated on the computer that was accessed.\r\n\r\nThe subject fields indicate the account on the local system which requested the logon. This is most commonly a service such as the Server service, or a local process such as Winlogon.exe or Services.exe.\r\n\r\nThe logon type field indicates the kind of logon that occurred. The most common types are 2 (interactive) and 3 (network).\r\n\r\nThe New Logon fields indicate the account for whom the new logon was created, i.e. the account that was logged on.\r\n\r\nThe network fields indicate where a remote logon request originated. Workstation name is not always available and may be left blank in some cases.\r\n\r\nThe impersonation level field indicates the extent to which a process in the logon session can impersonate.\r\n\r\nThe authentication information fields provide detailed information about this specific logon request.\r\n\t- Logon GUID is a unique identifier that can be used to correlate this event with a KDC event.\r\n\t- Transited services indicate which intermediate services have participated in this logon request.\r\n\t- Package name indicates which sub-protocol was used among the NTLM protocols.\r\n\t- Key length indicates the length of the generated session key. This will be 0 if no session key was requested.",
        "threat_level": "LOW"
    },
    {
        "record_id": 3513068,
        "timestamp": "2026-07-28T15:14:35.181000+00:00",
        "event_type": "LOGON_SUCCESS",
        "user": "SYSTEM",
        "hostname": "LAPTOP-6BEVVOA4",
        "source_ip": "",
        "destination_ip": "",
        "process": "C:\\Windows\\System32\\services.exe",
        "file_path": "",
        "severity": "Information",
        "raw_log": "An account was successfully logged on.\r\n\r\nSubject:\r\n\tSecurity ID:\t\tS-1-5-18\r\n\tAccount Name:\t\tLAPTOP-6BEVVOA4$\r\n\tAccount Domain:\t\tWORKGROUP\r\n\tLogon ID:\t\t0x3E7\r\n\r\nLogon Information:\r\n\tLogon Type:\t\t5\r\n\tRestricted Admin Mode:\t-\r\n\tRemote Credential Guard:\t-\r\n\tVirtual Account:\t\tNo\r\n\tElevated Token:\t\tYes\r\n\r\nImpersonation Level:\t\tImpersonation\r\n\r\nNew Logon:\r\n\tSecurity ID:\t\tS-1-5-18\r\n\tAccount Name:\t\tSYSTEM\r\n\tAccount Domain:\t\tNT AUTHORITY\r\n\tLogon ID:\t\t0x3E7\r\n\tLinked Logon ID:\t\t0x0\r\n\tNetwork Account Name:\t-\r\n\tNetwork Account Domain:\t-\r\n\tLogon GUID:\t\t{00000000-0000-0000-0000-000000000000}\r\n\r\nProcess Information:\r\n\tProcess ID:\t\t0x570\r\n\tProcess Name:\t\tC:\\Windows\\System32\\services.exe\r\n\r\nNetwork Information:\r\n\tWorkstation Name:\t-\r\n\tSource Network Address:\t-\r\n\tSource Port:\t\t-\r\n\r\nDetailed Authentication Information:\r\n\tLogon Process:\t\tAdvapi  \r\n\tAuthentication Package:\tNegotiate\r\n\tTransited Services:\t-\r\n\tPackage Name (NTLM only):\t-\r\n\tKey Length:\t\t0\r\n\r\nThis event is generated when a logon session is created. It is generated on the computer that was accessed.\r\n\r\nThe subject fields indicate the account on the local system which requested the logon. This is most commonly a service such as the Server service, or a local process such as Winlogon.exe or Services.exe.\r\n\r\nThe logon type field indicates the kind of logon that occurred. The most common types are 2 (interactive) and 3 (network).\r\n\r\nThe New Logon fields indicate the account for whom the new logon was created, i.e. the account that was logged on.\r\n\r\nThe network fields indicate where a remote logon request originated. Workstation name is not always available and may be left blank in some cases.\r\n\r\nThe impersonation level field indicates the extent to which a process in the logon session can impersonate.\r\n\r\nThe authentication information fields provide detailed information about this specific logon request.\r\n\t- Logon GUID is a unique identifier that can be used to correlate this event with a KDC event.\r\n\t- Transited services indicate which intermediate services have participated in this logon request.\r\n\t- Package name indicates which sub-protocol was used among the NTLM protocols.\r\n\t- Key length indicates the length of the generated session key. This will be 0 if no session key was requested.",
        "threat_level": "LOW"
    },
    {
        "record_id": 3513066,
        "timestamp": "2026-07-28T15:11:28.874000+00:00",
        "event_type": "LOGON_SUCCESS",
        "user": "SYSTEM",
        "hostname": "LAPTOP-6BEVVOA4",
        "source_ip": "",
        "destination_ip": "",
        "process": "C:\\Windows\\System32\\services.exe",
        "file_path": "",
        "severity": "Information",
        "raw_log": "An account was successfully logged on.\r\n\r\nSubject:\r\n\tSecurity ID:\t\tS-1-5-18\r\n\tAccount Name:\t\tLAPTOP-6BEVVOA4$\r\n\tAccount Domain:\t\tWORKGROUP\r\n\tLogon ID:\t\t0x3E7\r\n\r\nLogon Information:\r\n\tLogon Type:\t\t5\r\n\tRestricted Admin Mode:\t-\r\n\tRemote Credential Guard:\t-\r\n\tVirtual Account:\t\tNo\r\n\tElevated Token:\t\tYes\r\n\r\nImpersonation Level:\t\tImpersonation\r\n\r\nNew Logon:\r\n\tSecurity ID:\t\tS-1-5-18\r\n\tAccount Name:\t\tSYSTEM\r\n\tAccount Domain:\t\tNT AUTHORITY\r\n\tLogon ID:\t\t0x3E7\r\n\tLinked Logon ID:\t\t0x0\r\n\tNetwork Account Name:\t-\r\n\tNetwork Account Domain:\t-\r\n\tLogon GUID:\t\t{00000000-0000-0000-0000-000000000000}\r\n\r\nProcess Information:\r\n\tProcess ID:\t\t0x570\r\n\tProcess Name:\t\tC:\\Windows\\System32\\services.exe\r\n\r\nNetwork Information:\r\n\tWorkstation Name:\t-\r\n\tSource Network Address:\t-\r\n\tSource Port:\t\t-\r\n\r\nDetailed Authentication Information:\r\n\tLogon Process:\t\tAdvapi  \r\n\tAuthentication Package:\tNegotiate\r\n\tTransited Services:\t-\r\n\tPackage Name (NTLM only):\t-\r\n\tKey Length:\t\t0\r\n\r\nThis event is generated when a logon session is created. It is generated on the computer that was accessed.\r\n\r\nThe subject fields indicate the account on the local system which requested the logon. This is most commonly a service such as the Server service, or a local process such as Winlogon.exe or Services.exe.\r\n\r\nThe logon type field indicates the kind of logon that occurred. The most common types are 2 (interactive) and 3 (network).\r\n\r\nThe New Logon fields indicate the account for whom the new logon was created, i.e. the account that was logged on.\r\n\r\nThe network fields indicate where a remote logon request originated. Workstation name is not always available and may be left blank in some cases.\r\n\r\nThe impersonation level field indicates the extent to which a process in the logon session can impersonate.\r\n\r\nThe authentication information fields provide detailed information about this specific logon request.\r\n\t- Logon GUID is a unique identifier that can be used to correlate this event with a KDC event.\r\n\t- Transited services indicate which intermediate services have participated in this logon request.\r\n\t- Package name indicates which sub-protocol was used among the NTLM protocols.\r\n\t- Key length indicates the length of the generated session key. This will be 0 if no session key was requested.",
        "threat_level": "LOW"
    },
    {
        "record_id": 3513065,
        "timestamp": "2026-07-28T15:10:59.247000+00:00",
        "event_type": "LOCAL_GROUP_ENUMERATION",
        "user": "Joel",
        "hostname": "LAPTOP-6BEVVOA4",
        "source_ip": "",
        "destination_ip": "",
        "process": "C:\\Windows\\System32\\svchost.exe",
        "file_path": "",
        "severity": "Information",
        "raw_log": "A user's local group membership was enumerated.\r\n\r\nSubject:\r\n\tSecurity ID:\t\tS-1-5-18\r\n\tAccount Name:\t\tLAPTOP-6BEVVOA4$\r\n\tAccount Domain:\t\tWORKGROUP\r\n\tLogon ID:\t\t0x3E7\r\n\r\nUser:\r\n\tSecurity ID:\t\tS-1-5-21-2556397086-2396263826-1917990192-1001\r\n\tAccount Name:\t\tJoel\r\n\tAccount Domain:\t\tLAPTOP-6BEVVOA4\r\n\r\nProcess Information:\r\n\tProcess ID:\t\t0x4560\r\n\tProcess Name:\t\tC:\\Windows\\System32\\svchost.exe",
        "threat_level": "MEDIUM"
    },
    {
        "record_id": 3513064,
        "timestamp": "2026-07-28T15:10:59.246000+00:00",
        "event_type": "LOCAL_GROUP_ENUMERATION",
        "user": "Guest",
        "hostname": "LAPTOP-6BEVVOA4",
        "source_ip": "",
        "destination_ip": "",
        "process": "C:\\Windows\\System32\\svchost.exe",
        "file_path": "",
        "severity": "Information",
        "raw_log": "A user's local group membership was enumerated.\r\n\r\nSubject:\r\n\tSecurity ID:\t\tS-1-5-18\r\n\tAccount Name:\t\tLAPTOP-6BEVVOA4$\r\n\tAccount Domain:\t\tWORKGROUP\r\n\tLogon ID:\t\t0x3E7\r\n\r\nUser:\r\n\tSecurity ID:\t\tS-1-5-21-2556397086-2396263826-1917990192-501\r\n\tAccount Name:\t\tGuest\r\n\tAccount Domain:\t\tLAPTOP-6BEVVOA4\r\n\r\nProcess Information:\r\n\tProcess ID:\t\t0x4560\r\n\tProcess Name:\t\tC:\\Windows\\System32\\svchost.exe",
        "threat_level": "MEDIUM"
    },
    {
        "record_id": 3513063,
        "timestamp": "2026-07-28T15:10:59.244000+00:00",
        "event_type": "LOCAL_GROUP_ENUMERATION",
        "user": "DefaultAccount",
        "hostname": "LAPTOP-6BEVVOA4",
        "source_ip": "",
        "destination_ip": "",
        "process": "C:\\Windows\\System32\\svchost.exe",
        "file_path": "",
        "severity": "Information",
        "raw_log": "A user's local group membership was enumerated.\r\n\r\nSubject:\r\n\tSecurity ID:\t\tS-1-5-18\r\n\tAccount Name:\t\tLAPTOP-6BEVVOA4$\r\n\tAccount Domain:\t\tWORKGROUP\r\n\tLogon ID:\t\t0x3E7\r\n\r\nUser:\r\n\tSecurity ID:\t\tS-1-5-21-2556397086-2396263826-1917990192-503\r\n\tAccount Name:\t\tDefaultAccount\r\n\tAccount Domain:\t\tLAPTOP-6BEVVOA4\r\n\r\nProcess Information:\r\n\tProcess ID:\t\t0x4560\r\n\tProcess Name:\t\tC:\\Windows\\System32\\svchost.exe",
        "threat_level": "MEDIUM"
    },
    {
        "record_id": 3513062,
        "timestamp": "2026-07-28T15:10:59.243000+00:00",
        "event_type": "LOCAL_GROUP_ENUMERATION",
        "user": "Administrator",
        "hostname": "LAPTOP-6BEVVOA4",
        "source_ip": "",
        "destination_ip": "",
        "process": "C:\\Windows\\System32\\svchost.exe",
        "file_path": "",
        "severity": "Information",
        "raw_log": "A user's local group membership was enumerated.\r\n\r\nSubject:\r\n\tSecurity ID:\t\tS-1-5-18\r\n\tAccount Name:\t\tLAPTOP-6BEVVOA4$\r\n\tAccount Domain:\t\tWORKGROUP\r\n\tLogon ID:\t\t0x3E7\r\n\r\nUser:\r\n\tSecurity ID:\t\tS-1-5-21-2556397086-2396263826-1917990192-500\r\n\tAccount Name:\t\tAdministrator\r\n\tAccount Domain:\t\tLAPTOP-6BEVVOA4\r\n\r\nProcess Information:\r\n\tProcess ID:\t\t0x4560\r\n\tProcess Name:\t\tC:\\Windows\\System32\\svchost.exe",
        "threat_level": "MEDIUM"
    },
    {
        "record_id": 3513061,
        "timestamp": "2026-07-28T15:10:59.234000+00:00",
        "event_type": "LOCAL_GROUP_ENUMERATION",
        "user": "Joel",
        "hostname": "LAPTOP-6BEVVOA4",
        "source_ip": "",
        "destination_ip": "",
        "process": "C:\\Windows\\System32\\svchost.exe",
        "file_path": "",
        "severity": "Information",
        "raw_log": "A user's local group membership was enumerated.\r\n\r\nSubject:\r\n\tSecurity ID:\t\tS-1-5-18\r\n\tAccount Name:\t\tLAPTOP-6BEVVOA4$\r\n\tAccount Domain:\t\tWORKGROUP\r\n\tLogon ID:\t\t0x3E7\r\n\r\nUser:\r\n\tSecurity ID:\t\tS-1-5-21-2556397086-2396263826-1917990192-1001\r\n\tAccount Name:\t\tJoel\r\n\tAccount Domain:\t\tLAPTOP-6BEVVOA4\r\n\r\nProcess Information:\r\n\tProcess ID:\t\t0x4560\r\n\tProcess Name:\t\tC:\\Windows\\System32\\svchost.exe",
        "threat_level": "MEDIUM"
    },
    {
        "record_id": 3513060,
        "timestamp": "2026-07-28T15:10:59.232000+00:00",
        "event_type": "LOCAL_GROUP_ENUMERATION",
        "user": "Guest",
        "hostname": "LAPTOP-6BEVVOA4",
        "source_ip": "",
        "destination_ip": "",
        "process": "C:\\Windows\\System32\\svchost.exe",
        "file_path": "",
        "severity": "Information",
        "raw_log": "A user's local group membership was enumerated.\r\n\r\nSubject:\r\n\tSecurity ID:\t\tS-1-5-18\r\n\tAccount Name:\t\tLAPTOP-6BEVVOA4$\r\n\tAccount Domain:\t\tWORKGROUP\r\n\tLogon ID:\t\t0x3E7\r\n\r\nUser:\r\n\tSecurity ID:\t\tS-1-5-21-2556397086-2396263826-1917990192-501\r\n\tAccount Name:\t\tGuest\r\n\tAccount Domain:\t\tLAPTOP-6BEVVOA4\r\n\r\nProcess Information:\r\n\tProcess ID:\t\t0x4560\r\n\tProcess Name:\t\tC:\\Windows\\System32\\svchost.exe",
        "threat_level": "MEDIUM"
    },
    {
        "record_id": 3513059,
        "timestamp": "2026-07-28T15:10:59.229000+00:00",
        "event_type": "LOCAL_GROUP_ENUMERATION",
        "user": "DefaultAccount",
        "hostname": "LAPTOP-6BEVVOA4",
        "source_ip": "",
        "destination_ip": "",
        "process": "C:\\Windows\\System32\\svchost.exe",
        "file_path": "",
        "severity": "Information",
        "raw_log": "A user's local group membership was enumerated.\r\n\r\nSubject:\r\n\tSecurity ID:\t\tS-1-5-18\r\n\tAccount Name:\t\tLAPTOP-6BEVVOA4$\r\n\tAccount Domain:\t\tWORKGROUP\r\n\tLogon ID:\t\t0x3E7\r\n\r\nUser:\r\n\tSecurity ID:\t\tS-1-5-21-2556397086-2396263826-1917990192-503\r\n\tAccount Name:\t\tDefaultAccount\r\n\tAccount Domain:\t\tLAPTOP-6BEVVOA4\r\n\r\nProcess Information:\r\n\tProcess ID:\t\t0x4560\r\n\tProcess Name:\t\tC:\\Windows\\System32\\svchost.exe",
        "threat_level": "MEDIUM"
    },
    {
        "record_id": 3513058,
        "timestamp": "2026-07-28T15:10:59.226000+00:00",
        "event_type": "LOCAL_GROUP_ENUMERATION",
        "user": "Administrator",
        "hostname": "LAPTOP-6BEVVOA4",
        "source_ip": "",
        "destination_ip": "",
        "process": "C:\\Windows\\System32\\svchost.exe",
        "file_path": "",
        "severity": "Information",
        "raw_log": "A user's local group membership was enumerated.\r\n\r\nSubject:\r\n\tSecurity ID:\t\tS-1-5-18\r\n\tAccount Name:\t\tLAPTOP-6BEVVOA4$\r\n\tAccount Domain:\t\tWORKGROUP\r\n\tLogon ID:\t\t0x3E7\r\n\r\nUser:\r\n\tSecurity ID:\t\tS-1-5-21-2556397086-2396263826-1917990192-500\r\n\tAccount Name:\t\tAdministrator\r\n\tAccount Domain:\t\tLAPTOP-6BEVVOA4\r\n\r\nProcess Information:\r\n\tProcess ID:\t\t0x4560\r\n\tProcess Name:\t\tC:\\Windows\\System32\\svchost.exe",
        "threat_level": "MEDIUM"
    },
    {
        "record_id": 3513057,
        "timestamp": "2026-07-28T15:10:59.217000+00:00",
        "event_type": "LOCAL_GROUP_ENUMERATION",
        "user": "Joel",
        "hostname": "LAPTOP-6BEVVOA4",
        "source_ip": "",
        "destination_ip": "",
        "process": "C:\\Windows\\System32\\svchost.exe",
        "file_path": "",
        "severity": "Information",
        "raw_log": "A user's local group membership was enumerated.\r\n\r\nSubject:\r\n\tSecurity ID:\t\tS-1-5-18\r\n\tAccount Name:\t\tLAPTOP-6BEVVOA4$\r\n\tAccount Domain:\t\tWORKGROUP\r\n\tLogon ID:\t\t0x3E7\r\n\r\nUser:\r\n\tSecurity ID:\t\tS-1-5-21-2556397086-2396263826-1917990192-1001\r\n\tAccount Name:\t\tJoel\r\n\tAccount Domain:\t\tLAPTOP-6BEVVOA4\r\n\r\nProcess Information:\r\n\tProcess ID:\t\t0x4560\r\n\tProcess Name:\t\tC:\\Windows\\System32\\svchost.exe",
        "threat_level": "MEDIUM"
    },
    {
        "record_id": 3513056,
        "timestamp": "2026-07-28T15:10:59.216000+00:00",
        "event_type": "LOCAL_GROUP_ENUMERATION",
        "user": "Guest",
        "hostname": "LAPTOP-6BEVVOA4",
        "source_ip": "",
        "destination_ip": "",
        "process": "C:\\Windows\\System32\\svchost.exe",
        "file_path": "",
        "severity": "Information",
        "raw_log": "A user's local group membership was enumerated.\r\n\r\nSubject:\r\n\tSecurity ID:\t\tS-1-5-18\r\n\tAccount Name:\t\tLAPTOP-6BEVVOA4$\r\n\tAccount Domain:\t\tWORKGROUP\r\n\tLogon ID:\t\t0x3E7\r\n\r\nUser:\r\n\tSecurity ID:\t\tS-1-5-21-2556397086-2396263826-1917990192-501\r\n\tAccount Name:\t\tGuest\r\n\tAccount Domain:\t\tLAPTOP-6BEVVOA4\r\n\r\nProcess Information:\r\n\tProcess ID:\t\t0x4560\r\n\tProcess Name:\t\tC:\\Windows\\System32\\svchost.exe",
        "threat_level": "MEDIUM"
    },
    {
        "record_id": 3513055,
        "timestamp": "2026-07-28T15:10:59.214000+00:00",
        "event_type": "LOCAL_GROUP_ENUMERATION",
        "user": "DefaultAccount",
        "hostname": "LAPTOP-6BEVVOA4",
        "source_ip": "",
        "destination_ip": "",
        "process": "C:\\Windows\\System32\\svchost.exe",
        "file_path": "",
        "severity": "Information",
        "raw_log": "A user's local group membership was enumerated.\r\n\r\nSubject:\r\n\tSecurity ID:\t\tS-1-5-18\r\n\tAccount Name:\t\tLAPTOP-6BEVVOA4$\r\n\tAccount Domain:\t\tWORKGROUP\r\n\tLogon ID:\t\t0x3E7\r\n\r\nUser:\r\n\tSecurity ID:\t\tS-1-5-21-2556397086-2396263826-1917990192-503\r\n\tAccount Name:\t\tDefaultAccount\r\n\tAccount Domain:\t\tLAPTOP-6BEVVOA4\r\n\r\nProcess Information:\r\n\tProcess ID:\t\t0x4560\r\n\tProcess Name:\t\tC:\\Windows\\System32\\svchost.exe",
        "threat_level": "MEDIUM"
    },
    {
        "record_id": 3513054,
        "timestamp": "2026-07-28T15:10:59.212000+00:00",
        "event_type": "LOCAL_GROUP_ENUMERATION",
        "user": "Administrator",
        "hostname": "LAPTOP-6BEVVOA4",
        "source_ip": "",
        "destination_ip": "",
        "process": "C:\\Windows\\System32\\svchost.exe",
        "file_path": "",
        "severity": "Information",
        "raw_log": "A user's local group membership was enumerated.\r\n\r\nSubject:\r\n\tSecurity ID:\t\tS-1-5-18\r\n\tAccount Name:\t\tLAPTOP-6BEVVOA4$\r\n\tAccount Domain:\t\tWORKGROUP\r\n\tLogon ID:\t\t0x3E7\r\n\r\nUser:\r\n\tSecurity ID:\t\tS-1-5-21-2556397086-2396263826-1917990192-500\r\n\tAccount Name:\t\tAdministrator\r\n\tAccount Domain:\t\tLAPTOP-6BEVVOA4\r\n\r\nProcess Information:\r\n\tProcess ID:\t\t0x4560\r\n\tProcess Name:\t\tC:\\Windows\\System32\\svchost.exe",
        "threat_level": "MEDIUM"
    },
    {
        "record_id": 3513053,
        "timestamp": "2026-07-28T15:10:59.205000+00:00",
        "event_type": "LOCAL_GROUP_ENUMERATION",
        "user": "Joel",
        "hostname": "LAPTOP-6BEVVOA4",
        "source_ip": "",
        "destination_ip": "",
        "process": "C:\\Windows\\System32\\svchost.exe",
        "file_path": "",
        "severity": "Information",
        "raw_log": "A user's local group membership was enumerated.\r\n\r\nSubject:\r\n\tSecurity ID:\t\tS-1-5-18\r\n\tAccount Name:\t\tLAPTOP-6BEVVOA4$\r\n\tAccount Domain:\t\tWORKGROUP\r\n\tLogon ID:\t\t0x3E7\r\n\r\nUser:\r\n\tSecurity ID:\t\tS-1-5-21-2556397086-2396263826-1917990192-1001\r\n\tAccount Name:\t\tJoel\r\n\tAccount Domain:\t\tLAPTOP-6BEVVOA4\r\n\r\nProcess Information:\r\n\tProcess ID:\t\t0x4560\r\n\tProcess Name:\t\tC:\\Windows\\System32\\svchost.exe",
        "threat_level": "MEDIUM"
    },
    {
        "record_id": 3513052,
        "timestamp": "2026-07-28T15:10:59.203000+00:00",
        "event_type": "LOCAL_GROUP_ENUMERATION",
        "user": "Guest",
        "hostname": "LAPTOP-6BEVVOA4",
        "source_ip": "",
        "destination_ip": "",
        "process": "C:\\Windows\\System32\\svchost.exe",
        "file_path": "",
        "severity": "Information",
        "raw_log": "A user's local group membership was enumerated.\r\n\r\nSubject:\r\n\tSecurity ID:\t\tS-1-5-18\r\n\tAccount Name:\t\tLAPTOP-6BEVVOA4$\r\n\tAccount Domain:\t\tWORKGROUP\r\n\tLogon ID:\t\t0x3E7\r\n\r\nUser:\r\n\tSecurity ID:\t\tS-1-5-21-2556397086-2396263826-1917990192-501\r\n\tAccount Name:\t\tGuest\r\n\tAccount Domain:\t\tLAPTOP-6BEVVOA4\r\n\r\nProcess Information:\r\n\tProcess ID:\t\t0x4560\r\n\tProcess Name:\t\tC:\\Windows\\System32\\svchost.exe",
        "threat_level": "MEDIUM"
    },
    {
        "record_id": 3513051,
        "timestamp": "2026-07-28T15:10:59.201000+00:00",
        "event_type": "LOCAL_GROUP_ENUMERATION",
        "user": "DefaultAccount",
        "hostname": "LAPTOP-6BEVVOA4",
        "source_ip": "",
        "destination_ip": "",
        "process": "C:\\Windows\\System32\\svchost.exe",
        "file_path": "",
        "severity": "Information",
        "raw_log": "A user's local group membership was enumerated.\r\n\r\nSubject:\r\n\tSecurity ID:\t\tS-1-5-18\r\n\tAccount Name:\t\tLAPTOP-6BEVVOA4$\r\n\tAccount Domain:\t\tWORKGROUP\r\n\tLogon ID:\t\t0x3E7\r\n\r\nUser:\r\n\tSecurity ID:\t\tS-1-5-21-2556397086-2396263826-1917990192-503\r\n\tAccount Name:\t\tDefaultAccount\r\n\tAccount Domain:\t\tLAPTOP-6BEVVOA4\r\n\r\nProcess Information:\r\n\tProcess ID:\t\t0x4560\r\n\tProcess Name:\t\tC:\\Windows\\System32\\svchost.exe",
        "threat_level": "MEDIUM"
    },
    {
        "record_id": 3513050,
        "timestamp": "2026-07-28T15:10:59.198000+00:00",
        "event_type": "LOCAL_GROUP_ENUMERATION",
        "user": "Administrator",
        "hostname": "LAPTOP-6BEVVOA4",
        "source_ip": "",
        "destination_ip": "",
        "process": "C:\\Windows\\System32\\svchost.exe",
        "file_path": "",
        "severity": "Information",
        "raw_log": "A user's local group membership was enumerated.\r\n\r\nSubject:\r\n\tSecurity ID:\t\tS-1-5-18\r\n\tAccount Name:\t\tLAPTOP-6BEVVOA4$\r\n\tAccount Domain:\t\tWORKGROUP\r\n\tLogon ID:\t\t0x3E7\r\n\r\nUser:\r\n\tSecurity ID:\t\tS-1-5-21-2556397086-2396263826-1917990192-500\r\n\tAccount Name:\t\tAdministrator\r\n\tAccount Domain:\t\tLAPTOP-6BEVVOA4\r\n\r\nProcess Information:\r\n\tProcess ID:\t\t0x4560\r\n\tProcess Name:\t\tC:\\Windows\\System32\\svchost.exe",
        "threat_level": "MEDIUM"
    },
    {
        "record_id": 3513049,
        "timestamp": "2026-07-28T15:10:59.045000+00:00",
        "event_type": "LOCAL_GROUP_ENUMERATION",
        "user": "Joel",
        "hostname": "LAPTOP-6BEVVOA4",
        "source_ip": "",
        "destination_ip": "",
        "process": "C:\\Windows\\System32\\svchost.exe",
        "file_path": "",
        "severity": "Information",
        "raw_log": "A user's local group membership was enumerated.\r\n\r\nSubject:\r\n\tSecurity ID:\t\tS-1-5-18\r\n\tAccount Name:\t\tLAPTOP-6BEVVOA4$\r\n\tAccount Domain:\t\tWORKGROUP\r\n\tLogon ID:\t\t0x3E7\r\n\r\nUser:\r\n\tSecurity ID:\t\tS-1-5-21-2556397086-2396263826-1917990192-1001\r\n\tAccount Name:\t\tJoel\r\n\tAccount Domain:\t\tLAPTOP-6BEVVOA4\r\n\r\nProcess Information:\r\n\tProcess ID:\t\t0x4560\r\n\tProcess Name:\t\tC:\\Windows\\System32\\svchost.exe",
        "threat_level": "MEDIUM"
    },
    {
        "record_id": 3513048,
        "timestamp": "2026-07-28T15:10:59.043000+00:00",
        "event_type": "LOCAL_GROUP_ENUMERATION",
        "user": "Guest",
        "hostname": "LAPTOP-6BEVVOA4",
        "source_ip": "",
        "destination_ip": "",
        "process": "C:\\Windows\\System32\\svchost.exe",
        "file_path": "",
        "severity": "Information",
        "raw_log": "A user's local group membership was enumerated.\r\n\r\nSubject:\r\n\tSecurity ID:\t\tS-1-5-18\r\n\tAccount Name:\t\tLAPTOP-6BEVVOA4$\r\n\tAccount Domain:\t\tWORKGROUP\r\n\tLogon ID:\t\t0x3E7\r\n\r\nUser:\r\n\tSecurity ID:\t\tS-1-5-21-2556397086-2396263826-1917990192-501\r\n\tAccount Name:\t\tGuest\r\n\tAccount Domain:\t\tLAPTOP-6BEVVOA4\r\n\r\nProcess Information:\r\n\tProcess ID:\t\t0x4560\r\n\tProcess Name:\t\tC:\\Windows\\System32\\svchost.exe",
        "threat_level": "MEDIUM"
    },
    {
        "record_id": 3513045,
        "timestamp": "2026-07-28T15:10:59.041000+00:00",
        "event_type": "LOCAL_GROUP_ENUMERATION",
        "user": "DefaultAccount",
        "hostname": "LAPTOP-6BEVVOA4",
        "source_ip": "",
        "destination_ip": "",
        "process": "C:\\Windows\\System32\\svchost.exe",
        "file_path": "",
        "severity": "Information",
        "raw_log": "A user's local group membership was enumerated.\r\n\r\nSubject:\r\n\tSecurity ID:\t\tS-1-5-18\r\n\tAccount Name:\t\tLAPTOP-6BEVVOA4$\r\n\tAccount Domain:\t\tWORKGROUP\r\n\tLogon ID:\t\t0x3E7\r\n\r\nUser:\r\n\tSecurity ID:\t\tS-1-5-21-2556397086-2396263826-1917990192-503\r\n\tAccount Name:\t\tDefaultAccount\r\n\tAccount Domain:\t\tLAPTOP-6BEVVOA4\r\n\r\nProcess Information:\r\n\tProcess ID:\t\t0x4560\r\n\tProcess Name:\t\tC:\\Windows\\System32\\svchost.exe",
        "threat_level": "MEDIUM"
    },
    {
        "record_id": 3513041,
        "timestamp": "2026-07-28T15:10:59.039000+00:00",
        "event_type": "LOCAL_GROUP_ENUMERATION",
        "user": "Administrator",
        "hostname": "LAPTOP-6BEVVOA4",
        "source_ip": "",
        "destination_ip": "",
        "process": "C:\\Windows\\System32\\svchost.exe",
        "file_path": "",
        "severity": "Information",
        "raw_log": "A user's local group membership was enumerated.\r\n\r\nSubject:\r\n\tSecurity ID:\t\tS-1-5-18\r\n\tAccount Name:\t\tLAPTOP-6BEVVOA4$\r\n\tAccount Domain:\t\tWORKGROUP\r\n\tLogon ID:\t\t0x3E7\r\n\r\nUser:\r\n\tSecurity ID:\t\tS-1-5-21-2556397086-2396263826-1917990192-500\r\n\tAccount Name:\t\tAdministrator\r\n\tAccount Domain:\t\tLAPTOP-6BEVVOA4\r\n\r\nProcess Information:\r\n\tProcess ID:\t\t0x4560\r\n\tProcess Name:\t\tC:\\Windows\\System32\\svchost.exe",
        "threat_level": "MEDIUM"
    },
    {
        "record_id": 3513036,
        "timestamp": "2026-07-28T15:10:59.030000+00:00",
        "event_type": "LOCAL_GROUP_ENUMERATION",
        "user": "Joel",
        "hostname": "LAPTOP-6BEVVOA4",
        "source_ip": "",
        "destination_ip": "",
        "process": "C:\\Windows\\System32\\svchost.exe",
        "file_path": "",
        "severity": "Information",
        "raw_log": "A user's local group membership was enumerated.\r\n\r\nSubject:\r\n\tSecurity ID:\t\tS-1-5-18\r\n\tAccount Name:\t\tLAPTOP-6BEVVOA4$\r\n\tAccount Domain:\t\tWORKGROUP\r\n\tLogon ID:\t\t0x3E7\r\n\r\nUser:\r\n\tSecurity ID:\t\tS-1-5-21-2556397086-2396263826-1917990192-1001\r\n\tAccount Name:\t\tJoel\r\n\tAccount Domain:\t\tLAPTOP-6BEVVOA4\r\n\r\nProcess Information:\r\n\tProcess ID:\t\t0x4560\r\n\tProcess Name:\t\tC:\\Windows\\System32\\svchost.exe",
        "threat_level": "MEDIUM"
    },
    {
        "record_id": 3513035,
        "timestamp": "2026-07-28T15:10:59.028000+00:00",
        "event_type": "LOCAL_GROUP_ENUMERATION",
        "user": "Guest",
        "hostname": "LAPTOP-6BEVVOA4",
        "source_ip": "",
        "destination_ip": "",
        "process": "C:\\Windows\\System32\\svchost.exe",
        "file_path": "",
        "severity": "Information",
        "raw_log": "A user's local group membership was enumerated.\r\n\r\nSubject:\r\n\tSecurity ID:\t\tS-1-5-18\r\n\tAccount Name:\t\tLAPTOP-6BEVVOA4$\r\n\tAccount Domain:\t\tWORKGROUP\r\n\tLogon ID:\t\t0x3E7\r\n\r\nUser:\r\n\tSecurity ID:\t\tS-1-5-21-2556397086-2396263826-1917990192-501\r\n\tAccount Name:\t\tGuest\r\n\tAccount Domain:\t\tLAPTOP-6BEVVOA4\r\n\r\nProcess Information:\r\n\tProcess ID:\t\t0x4560\r\n\tProcess Name:\t\tC:\\Windows\\System32\\svchost.exe",
        "threat_level": "MEDIUM"
    },
    {
        "record_id": 3513034,
        "timestamp": "2026-07-28T15:10:59.026000+00:00",
        "event_type": "LOCAL_GROUP_ENUMERATION",
        "user": "DefaultAccount",
        "hostname": "LAPTOP-6BEVVOA4",
        "source_ip": "",
        "destination_ip": "",
        "process": "C:\\Windows\\System32\\svchost.exe",
        "file_path": "",
        "severity": "Information",
        "raw_log": "A user's local group membership was enumerated.\r\n\r\nSubject:\r\n\tSecurity ID:\t\tS-1-5-18\r\n\tAccount Name:\t\tLAPTOP-6BEVVOA4$\r\n\tAccount Domain:\t\tWORKGROUP\r\n\tLogon ID:\t\t0x3E7\r\n\r\nUser:\r\n\tSecurity ID:\t\tS-1-5-21-2556397086-2396263826-1917990192-503\r\n\tAccount Name:\t\tDefaultAccount\r\n\tAccount Domain:\t\tLAPTOP-6BEVVOA4\r\n\r\nProcess Information:\r\n\tProcess ID:\t\t0x4560\r\n\tProcess Name:\t\tC:\\Windows\\System32\\svchost.exe",
        "threat_level": "MEDIUM"
    },
    {
        "record_id": 3513033,
        "timestamp": "2026-07-28T15:10:59.022000+00:00",
        "event_type": "LOCAL_GROUP_ENUMERATION",
        "user": "Administrator",
        "hostname": "LAPTOP-6BEVVOA4",
        "source_ip": "",
        "destination_ip": "",
        "process": "C:\\Windows\\System32\\svchost.exe",
        "file_path": "",
        "severity": "Information",
        "raw_log": "A user's local group membership was enumerated.\r\n\r\nSubject:\r\n\tSecurity ID:\t\tS-1-5-18\r\n\tAccount Name:\t\tLAPTOP-6BEVVOA4$\r\n\tAccount Domain:\t\tWORKGROUP\r\n\tLogon ID:\t\t0x3E7\r\n\r\nUser:\r\n\tSecurity ID:\t\tS-1-5-21-2556397086-2396263826-1917990192-500\r\n\tAccount Name:\t\tAdministrator\r\n\tAccount Domain:\t\tLAPTOP-6BEVVOA4\r\n\r\nProcess Information:\r\n\tProcess ID:\t\t0x4560\r\n\tProcess Name:\t\tC:\\Windows\\System32\\svchost.exe",
        "threat_level": "MEDIUM"
    },
    {
        "record_id": 3513031,
        "timestamp": "2026-07-28T15:10:58.961000+00:00",
        "event_type": "LOGON_SUCCESS",
        "user": "SYSTEM",
        "hostname": "LAPTOP-6BEVVOA4",
        "source_ip": "",
        "destination_ip": "",
        "process": "C:\\Windows\\System32\\services.exe",
        "file_path": "",
        "severity": "Information",
        "raw_log": "An account was successfully logged on.\r\n\r\nSubject:\r\n\tSecurity ID:\t\tS-1-5-18\r\n\tAccount Name:\t\tLAPTOP-6BEVVOA4$\r\n\tAccount Domain:\t\tWORKGROUP\r\n\tLogon ID:\t\t0x3E7\r\n\r\nLogon Information:\r\n\tLogon Type:\t\t5\r\n\tRestricted Admin Mode:\t-\r\n\tRemote Credential Guard:\t-\r\n\tVirtual Account:\t\tNo\r\n\tElevated Token:\t\tYes\r\n\r\nImpersonation Level:\t\tImpersonation\r\n\r\nNew Logon:\r\n\tSecurity ID:\t\tS-1-5-18\r\n\tAccount Name:\t\tSYSTEM\r\n\tAccount Domain:\t\tNT AUTHORITY\r\n\tLogon ID:\t\t0x3E7\r\n\tLinked Logon ID:\t\t0x0\r\n\tNetwork Account Name:\t-\r\n\tNetwork Account Domain:\t-\r\n\tLogon GUID:\t\t{00000000-0000-0000-0000-000000000000}\r\n\r\nProcess Information:\r\n\tProcess ID:\t\t0x570\r\n\tProcess Name:\t\tC:\\Windows\\System32\\services.exe\r\n\r\nNetwork Information:\r\n\tWorkstation Name:\t-\r\n\tSource Network Address:\t-\r\n\tSource Port:\t\t-\r\n\r\nDetailed Authentication Information:\r\n\tLogon Process:\t\tAdvapi  \r\n\tAuthentication Package:\tNegotiate\r\n\tTransited Services:\t-\r\n\tPackage Name (NTLM only):\t-\r\n\tKey Length:\t\t0\r\n\r\nThis event is generated when a logon session is created. It is generated on the computer that was accessed.\r\n\r\nThe subject fields indicate the account on the local system which requested the logon. This is most commonly a service such as the Server service, or a local process such as Winlogon.exe or Services.exe.\r\n\r\nThe logon type field indicates the kind of logon that occurred. The most common types are 2 (interactive) and 3 (network).\r\n\r\nThe New Logon fields indicate the account for whom the new logon was created, i.e. the account that was logged on.\r\n\r\nThe network fields indicate where a remote logon request originated. Workstation name is not always available and may be left blank in some cases.\r\n\r\nThe impersonation level field indicates the extent to which a process in the logon session can impersonate.\r\n\r\nThe authentication information fields provide detailed information about this specific logon request.\r\n\t- Logon GUID is a unique identifier that can be used to correlate this event with a KDC event.\r\n\t- Transited services indicate which intermediate services have participated in this logon request.\r\n\t- Package name indicates which sub-protocol was used among the NTLM protocols.\r\n\t- Key length indicates the length of the generated session key. This will be 0 if no session key was requested.",
        "threat_level": "LOW"
    },
    {
        "record_id": 3513493,
        "timestamp": "2026-07-28T16:11:04.906000+00:00",
        "event_type": "LOGON_SUCCESS",
        "user": "SYSTEM",
        "hostname": "LAPTOP-6BEVVOA4",
        "source_ip": "",
        "destination_ip": "",
        "process": "C:\\Windows\\System32\\services.exe",
        "file_path": "",
        "severity": "Information",
        "raw_log": "An account was successfully logged on.\r\n\r\nSubject:\r\n\tSecurity ID:\t\tS-1-5-18\r\n\tAccount Name:\t\tLAPTOP-6BEVVOA4$\r\n\tAccount Domain:\t\tWORKGROUP\r\n\tLogon ID:\t\t0x3E7\r\n\r\nLogon Information:\r\n\tLogon Type:\t\t5\r\n\tRestricted Admin Mode:\t-\r\n\tRemote Credential Guard:\t-\r\n\tVirtual Account:\t\tNo\r\n\tElevated Token:\t\tYes\r\n\r\nImpersonation Level:\t\tImpersonation\r\n\r\nNew Logon:\r\n\tSecurity ID:\t\tS-1-5-18\r\n\tAccount Name:\t\tSYSTEM\r\n\tAccount Domain:\t\tNT AUTHORITY\r\n\tLogon ID:\t\t0x3E7\r\n\tLinked Logon ID:\t\t0x0\r\n\tNetwork Account Name:\t-\r\n\tNetwork Account Domain:\t-\r\n\tLogon GUID:\t\t{00000000-0000-0000-0000-000000000000}\r\n\r\nProcess Information:\r\n\tProcess ID:\t\t0x570\r\n\tProcess Name:\t\tC:\\Windows\\System32\\services.exe\r\n\r\nNetwork Information:\r\n\tWorkstation Name:\t-\r\n\tSource Network Address:\t-\r\n\tSource Port:\t\t-\r\n\r\nDetailed Authentication Information:\r\n\tLogon Process:\t\tAdvapi  \r\n\tAuthentication Package:\tNegotiate\r\n\tTransited Services:\t-\r\n\tPackage Name (NTLM only):\t-\r\n\tKey Length:\t\t0\r\n\r\nThis event is generated when a logon session is created. It is generated on the computer that was accessed.\r\n\r\nThe subject fields indicate the account on the local system which requested the logon. This is most commonly a service such as the Server service, or a local process such as Winlogon.exe or Services.exe.\r\n\r\nThe logon type field indicates the kind of logon that occurred. The most common types are 2 (interactive) and 3 (network).\r\n\r\nThe New Logon fields indicate the account for whom the new logon was created, i.e. the account that was logged on.\r\n\r\nThe network fields indicate where a remote logon request originated. Workstation name is not always available and may be left blank in some cases.\r\n\r\nThe impersonation level field indicates the extent to which a process in the logon session can impersonate.\r\n\r\nThe authentication information fields provide detailed information about this specific logon request.\r\n\t- Logon GUID is a unique identifier that can be used to correlate this event with a KDC event.\r\n\t- Transited services indicate which intermediate services have participated in this logon request.\r\n\t- Package name indicates which sub-protocol was used among the NTLM protocols.\r\n\t- Key length indicates the length of the generated session key. This will be 0 if no session key was requested.",
        "threat_level": "LOW"
    },
    {
        "record_id": 3513495,
        "timestamp": "2026-07-28T16:11:04.987000+00:00",
        "event_type": "LOCAL_GROUP_ENUMERATION",
        "user": "Administrator",
        "hostname": "LAPTOP-6BEVVOA4",
        "source_ip": "",
        "destination_ip": "",
        "process": "C:\\Windows\\System32\\svchost.exe",
        "file_path": "",
        "severity": "Information",
        "raw_log": "A user's local group membership was enumerated.\r\n\r\nSubject:\r\n\tSecurity ID:\t\tS-1-5-18\r\n\tAccount Name:\t\tLAPTOP-6BEVVOA4$\r\n\tAccount Domain:\t\tWORKGROUP\r\n\tLogon ID:\t\t0x3E7\r\n\r\nUser:\r\n\tSecurity ID:\t\tS-1-5-21-2556397086-2396263826-1917990192-500\r\n\tAccount Name:\t\tAdministrator\r\n\tAccount Domain:\t\tLAPTOP-6BEVVOA4\r\n\r\nProcess Information:\r\n\tProcess ID:\t\t0x4560\r\n\tProcess Name:\t\tC:\\Windows\\System32\\svchost.exe",
        "threat_level": "MEDIUM"
    },
    {
        "record_id": 3513496,
        "timestamp": "2026-07-28T16:11:04.993000+00:00",
        "event_type": "LOCAL_GROUP_ENUMERATION",
        "user": "DefaultAccount",
        "hostname": "LAPTOP-6BEVVOA4",
        "source_ip": "",
        "destination_ip": "",
        "process": "C:\\Windows\\System32\\svchost.exe",
        "file_path": "",
        "severity": "Information",
        "raw_log": "A user's local group membership was enumerated.\r\n\r\nSubject:\r\n\tSecurity ID:\t\tS-1-5-18\r\n\tAccount Name:\t\tLAPTOP-6BEVVOA4$\r\n\tAccount Domain:\t\tWORKGROUP\r\n\tLogon ID:\t\t0x3E7\r\n\r\nUser:\r\n\tSecurity ID:\t\tS-1-5-21-2556397086-2396263826-1917990192-503\r\n\tAccount Name:\t\tDefaultAccount\r\n\tAccount Domain:\t\tLAPTOP-6BEVVOA4\r\n\r\nProcess Information:\r\n\tProcess ID:\t\t0x4560\r\n\tProcess Name:\t\tC:\\Windows\\System32\\svchost.exe",
        "threat_level": "MEDIUM"
    },
