    {
        "record_id": 3154411,
        "timestamp": "2026-07-29T04:28:37.115000+00:00",
        "event_type": "LOCAL_GROUP_ENUMERATION",
        "user": "DefaultAccount",
        "hostname": "Nish",
        "source_ip": "",
        "destination_ip": "",
        "process": "C:\\Windows\\System32\\svchost.exe",
        "file_path": "",
        "severity": "Information",
        "raw_log": "A user's local group membership was enumerated.\r\n\r\nSubject:\r\n\tSecurity ID:\t\tS-1-5-18\r\n\tAccount Name:\t\tNISH$\r\n\tAccount Domain:\t\tWORKGROUP\r\n\tLogon ID:\t\t0x3E7\r\n\r\nUser:\r\n\tSecurity ID:\t\tS-1-5-21-362189039-2697129851-2754481102-503\r\n\tAccount Name:\t\tDefaultAccount\r\n\tAccount Domain:\t\tNISH\r\n\r\nProcess Information:\r\n\tProcess ID:\t\t0x40c8\r\n\tProcess Name:\t\tC:\\Windows\\System32\\svchost.exe",
        "threat_level": "MEDIUM"
    },
    {
        "record_id": 3154410,
        "timestamp": "2026-07-29T04:28:37.114000+00:00",
        "event_type": "LOCAL_GROUP_ENUMERATION",
        "user": "CodexSandboxOnline",
        "hostname": "Nish",
        "source_ip": "",
        "destination_ip": "",
        "process": "C:\\Windows\\System32\\svchost.exe",
        "file_path": "",
        "severity": "Information",
        "raw_log": "A user's local group membership was enumerated.\r\n\r\nSubject:\r\n\tSecurity ID:\t\tS-1-5-18\r\n\tAccount Name:\t\tNISH$\r\n\tAccount Domain:\t\tWORKGROUP\r\n\tLogon ID:\t\t0x3E7\r\n\r\nUser:\r\n\tSecurity ID:\t\tS-1-5-21-362189039-2697129851-2754481102-1019\r\n\tAccount Name:\t\tCodexSandboxOnline\r\n\tAccount Domain:\t\tNISH\r\n\r\nProcess Information:\r\n\tProcess ID:\t\t0x40c8\r\n\tProcess Name:\t\tC:\\Windows\\System32\\svchost.exe",
        "threat_level": "MEDIUM"
    },
    {
        "record_id": 3154409,
        "timestamp": "2026-07-29T04:28:37.112000+00:00",
        "event_type": "LOCAL_GROUP_ENUMERATION",
        "user": "CodexSandboxOffline",
        "hostname": "Nish",
        "source_ip": "",
        "destination_ip": "",
        "process": "C:\\Windows\\System32\\svchost.exe",
        "file_path": "",
        "severity": "Information",
        "raw_log": "A user's local group membership was enumerated.\r\n\r\nSubject:\r\n\tSecurity ID:\t\tS-1-5-18\r\n\tAccount Name:\t\tNISH$\r\n\tAccount Domain:\t\tWORKGROUP\r\n\tLogon ID:\t\t0x3E7\r\n\r\nUser:\r\n\tSecurity ID:\t\tS-1-5-21-362189039-2697129851-2754481102-1018\r\n\tAccount Name:\t\tCodexSandboxOffline\r\n\tAccount Domain:\t\tNISH\r\n\r\nProcess Information:\r\n\tProcess ID:\t\t0x40c8\r\n\tProcess Name:\t\tC:\\Windows\\System32\\svchost.exe",
        "threat_level": "MEDIUM"
    },
    {
        "record_id": 3154408,
        "timestamp": "2026-07-29T04:28:37.110000+00:00",
        "event_type": "LOCAL_GROUP_ENUMERATION",
        "user": "Administrator",
        "hostname": "Nish",
        "source_ip": "",
        "destination_ip": "",
        "process": "C:\\Windows\\System32\\svchost.exe",
        "file_path": "",
        "severity": "Information",
        "raw_log": "A user's local group membership was enumerated.\r\n\r\nSubject:\r\n\tSecurity ID:\t\tS-1-5-18\r\n\tAccount Name:\t\tNISH$\r\n\tAccount Domain:\t\tWORKGROUP\r\n\tLogon ID:\t\t0x3E7\r\n\r\nUser:\r\n\tSecurity ID:\t\tS-1-5-21-362189039-2697129851-2754481102-500\r\n\tAccount Name:\t\tAdministrator\r\n\tAccount Domain:\t\tNISH\r\n\r\nProcess Information:\r\n\tProcess ID:\t\t0x40c8\r\n\tProcess Name:\t\tC:\\Windows\\System32\\svchost.exe",
        "threat_level": "MEDIUM"
    },
    {
        "record_id": 3154407,
        "timestamp": "2026-07-29T04:28:37.096000+00:00",
        "event_type": "LOCAL_GROUP_ENUMERATION",
        "user": "rish2",
        "hostname": "Nish",
        "source_ip": "",
        "destination_ip": "",
        "process": "C:\\Windows\\System32\\svchost.exe",
        "file_path": "",
        "severity": "Information",
        "raw_log": "A user's local group membership was enumerated.\r\n\r\nSubject:\r\n\tSecurity ID:\t\tS-1-5-18\r\n\tAccount Name:\t\tNISH$\r\n\tAccount Domain:\t\tWORKGROUP\r\n\tLogon ID:\t\t0x3E7\r\n\r\nUser:\r\n\tSecurity ID:\t\tS-1-5-21-362189039-2697129851-2754481102-1001\r\n\tAccount Name:\t\trish2\r\n\tAccount Domain:\t\tNISH\r\n\r\nProcess Information:\r\n\tProcess ID:\t\t0x40c8\r\n\tProcess Name:\t\tC:\\Windows\\System32\\svchost.exe",
        "threat_level": "MEDIUM"
    },
    {
        "record_id": 3154406,
        "timestamp": "2026-07-29T04:28:37.094000+00:00",
        "event_type": "LOCAL_GROUP_ENUMERATION",
        "user": "Guest",
        "hostname": "Nish",
        "source_ip": "",
        "destination_ip": "",
        "process": "C:\\Windows\\System32\\svchost.exe",
        "file_path": "",
        "severity": "Information",
        "raw_log": "A user's local group membership was enumerated.\r\n\r\nSubject:\r\n\tSecurity ID:\t\tS-1-5-18\r\n\tAccount Name:\t\tNISH$\r\n\tAccount Domain:\t\tWORKGROUP\r\n\tLogon ID:\t\t0x3E7\r\n\r\nUser:\r\n\tSecurity ID:\t\tS-1-5-21-362189039-2697129851-2754481102-501\r\n\tAccount Name:\t\tGuest\r\n\tAccount Domain:\t\tNISH\r\n\r\nProcess Information:\r\n\tProcess ID:\t\t0x40c8\r\n\tProcess Name:\t\tC:\\Windows\\System32\\svchost.exe",
        "threat_level": "MEDIUM"
    },
    {
        "record_id": 3154405,
        "timestamp": "2026-07-29T04:28:37.092000+00:00",
        "event_type": "LOCAL_GROUP_ENUMERATION",
        "user": "DefaultAccount",
        "hostname": "Nish",
        "source_ip": "",
        "destination_ip": "",
        "process": "C:\\Windows\\System32\\svchost.exe",
        "file_path": "",
        "severity": "Information",
        "raw_log": "A user's local group membership was enumerated.\r\n\r\nSubject:\r\n\tSecurity ID:\t\tS-1-5-18\r\n\tAccount Name:\t\tNISH$\r\n\tAccount Domain:\t\tWORKGROUP\r\n\tLogon ID:\t\t0x3E7\r\n\r\nUser:\r\n\tSecurity ID:\t\tS-1-5-21-362189039-2697129851-2754481102-503\r\n\tAccount Name:\t\tDefaultAccount\r\n\tAccount Domain:\t\tNISH\r\n\r\nProcess Information:\r\n\tProcess ID:\t\t0x40c8\r\n\tProcess Name:\t\tC:\\Windows\\System32\\svchost.exe",
        "threat_level": "MEDIUM"
    },
    {
        "record_id": 3154404,
        "timestamp": "2026-07-29T04:28:37.091000+00:00",
        "event_type": "LOCAL_GROUP_ENUMERATION",
        "user": "CodexSandboxOnline",
        "hostname": "Nish",
        "source_ip": "",
        "destination_ip": "",
        "process": "C:\\Windows\\System32\\svchost.exe",
        "file_path": "",
        "severity": "Information",
        "raw_log": "A user's local group membership was enumerated.\r\n\r\nSubject:\r\n\tSecurity ID:\t\tS-1-5-18\r\n\tAccount Name:\t\tNISH$\r\n\tAccount Domain:\t\tWORKGROUP\r\n\tLogon ID:\t\t0x3E7\r\n\r\nUser:\r\n\tSecurity ID:\t\tS-1-5-21-362189039-2697129851-2754481102-1019\r\n\tAccount Name:\t\tCodexSandboxOnline\r\n\tAccount Domain:\t\tNISH\r\n\r\nProcess Information:\r\n\tProcess ID:\t\t0x40c8\r\n\tProcess Name:\t\tC:\\Windows\\System32\\svchost.exe",
        "threat_level": "MEDIUM"
    },
    {
        "record_id": 3154403,
        "timestamp": "2026-07-29T04:28:37.089000+00:00",
        "event_type": "LOCAL_GROUP_ENUMERATION",
        "user": "CodexSandboxOffline",
        "hostname": "Nish",
        "source_ip": "",
        "destination_ip": "",
        "process": "C:\\Windows\\System32\\svchost.exe",
        "file_path": "",
        "severity": "Information",
        "raw_log": "A user's local group membership was enumerated.\r\n\r\nSubject:\r\n\tSecurity ID:\t\tS-1-5-18\r\n\tAccount Name:\t\tNISH$\r\n\tAccount Domain:\t\tWORKGROUP\r\n\tLogon ID:\t\t0x3E7\r\n\r\nUser:\r\n\tSecurity ID:\t\tS-1-5-21-362189039-2697129851-2754481102-1018\r\n\tAccount Name:\t\tCodexSandboxOffline\r\n\tAccount Domain:\t\tNISH\r\n\r\nProcess Information:\r\n\tProcess ID:\t\t0x40c8\r\n\tProcess Name:\t\tC:\\Windows\\System32\\svchost.exe",
        "threat_level": "MEDIUM"
    },
    {
        "record_id": 3154402,
        "timestamp": "2026-07-29T04:28:37.086000+00:00",
        "event_type": "LOCAL_GROUP_ENUMERATION",
        "user": "Administrator",
        "hostname": "Nish",
        "source_ip": "",
        "destination_ip": "",
        "process": "C:\\Windows\\System32\\svchost.exe",
        "file_path": "",
        "severity": "Information",
        "raw_log": "A user's local group membership was enumerated.\r\n\r\nSubject:\r\n\tSecurity ID:\t\tS-1-5-18\r\n\tAccount Name:\t\tNISH$\r\n\tAccount Domain:\t\tWORKGROUP\r\n\tLogon ID:\t\t0x3E7\r\n\r\nUser:\r\n\tSecurity ID:\t\tS-1-5-21-362189039-2697129851-2754481102-500\r\n\tAccount Name:\t\tAdministrator\r\n\tAccount Domain:\t\tNISH\r\n\r\nProcess Information:\r\n\tProcess ID:\t\t0x40c8\r\n\tProcess Name:\t\tC:\\Windows\\System32\\svchost.exe",
        "threat_level": "MEDIUM"
    },
    {
        "record_id": 3154338,
        "timestamp": "2026-07-29T04:28:30.883000+00:00",
        "event_type": "LOGON_SUCCESS",
        "user": "SYSTEM",
        "hostname": "Nish",
        "source_ip": "",
        "destination_ip": "",
        "process": "C:\\Windows\\System32\\services.exe",
        "file_path": "",
        "severity": "Information",
        "raw_log": "An account was successfully logged on.\r\n\r\nSubject:\r\n\tSecurity ID:\t\tS-1-5-18\r\n\tAccount Name:\t\tNISH$\r\n\tAccount Domain:\t\tWORKGROUP\r\n\tLogon ID:\t\t0x3E7\r\n\r\nLogon Information:\r\n\tLogon Type:\t\t5\r\n\tRestricted Admin Mode:\t-\r\n\tRemote Credential Guard:\t-\r\n\tVirtual Account:\t\tNo\r\n\tElevated Token:\t\tYes\r\n\r\nImpersonation Level:\t\tImpersonation\r\n\r\nNew Logon:\r\n\tSecurity ID:\t\tS-1-5-18\r\n\tAccount Name:\t\tSYSTEM\r\n\tAccount Domain:\t\tNT AUTHORITY\r\n\tLogon ID:\t\t0x3E7\r\n\tLinked Logon ID:\t\t0x0\r\n\tNetwork Account Name:\t-\r\n\tNetwork Account Domain:\t-\r\n\tLogon GUID:\t\t{00000000-0000-0000-0000-000000000000}\r\n\r\nProcess Information:\r\n\tProcess ID:\t\t0x648\r\n\tProcess Name:\t\tC:\\Windows\\System32\\services.exe\r\n\r\nNetwork Information:\r\n\tWorkstation Name:\t-\r\n\tSource Network Address:\t-\r\n\tSource Port:\t\t-\r\n\r\nDetailed Authentication Information:\r\n\tLogon Process:\t\tAdvapi  \r\n\tAuthentication Package:\tNegotiate\r\n\tTransited Services:\t-\r\n\tPackage Name (NTLM only):\t-\r\n\tKey Length:\t\t0\r\n\r\nThis event is generated when a logon session is created. It is generated on the computer that was accessed.\r\n\r\nThe subject fields indicate the account on the local system which requested the logon. This is most commonly a service such as the Server service, or a local process such as Winlogon.exe or Services.exe.\r\n\r\nThe logon type field indicates the kind of logon that occurred. The most common types are 2 (interactive) and 3 (network).\r\n\r\nThe New Logon fields indicate the account for whom the new logon was created, i.e. the account that was logged on.\r\n\r\nThe network fields indicate where a remote logon request originated. Workstation name is not always available and may be left blank in some cases.\r\n\r\nThe impersonation level field indicates the extent to which a process in the logon session can impersonate.\r\n\r\nThe authentication information fields provide detailed information about this specific logon request.\r\n\t- Logon GUID is a unique identifier that can be used to correlate this event with a KDC event.\r\n\t- Transited services indicate which intermediate services have participated in this logon request.\r\n\t- Package name indicates which sub-protocol was used among the NTLM protocols.\r\n\t- Key length indicates the length of the generated session key. This will be 0 if no session key was requested.",
        "threat_level": "LOW"
    },
    {
        "record_id": 3154337,
        "timestamp": "2026-07-29T04:28:09.559000+00:00",
        "event_type": "LOCAL_GROUP_ENUMERATION",
        "user": "rish2",
        "hostname": "Nish",
        "source_ip": "",
        "destination_ip": "",
        "process": "C:\\Windows\\System32\\svchost.exe",
        "file_path": "",
        "severity": "Information",
        "raw_log": "A user's local group membership was enumerated.\r\n\r\nSubject:\r\n\tSecurity ID:\t\tS-1-5-18\r\n\tAccount Name:\t\tNISH$\r\n\tAccount Domain:\t\tWORKGROUP\r\n\tLogon ID:\t\t0x3E7\r\n\r\nUser:\r\n\tSecurity ID:\t\tS-1-5-21-362189039-2697129851-2754481102-1001\r\n\tAccount Name:\t\trish2\r\n\tAccount Domain:\t\tNISH\r\n\r\nProcess Information:\r\n\tProcess ID:\t\t0x40c8\r\n\tProcess Name:\t\tC:\\Windows\\System32\\svchost.exe",
        "threat_level": "MEDIUM"
    },
    {
        "record_id": 3154336,
        "timestamp": "2026-07-29T04:28:09.557000+00:00",
        "event_type": "LOCAL_GROUP_ENUMERATION",
        "user": "Guest",
        "hostname": "Nish",
        "source_ip": "",
        "destination_ip": "",
        "process": "C:\\Windows\\System32\\svchost.exe",
        "file_path": "",
        "severity": "Information",
        "raw_log": "A user's local group membership was enumerated.\r\n\r\nSubject:\r\n\tSecurity ID:\t\tS-1-5-18\r\n\tAccount Name:\t\tNISH$\r\n\tAccount Domain:\t\tWORKGROUP\r\n\tLogon ID:\t\t0x3E7\r\n\r\nUser:\r\n\tSecurity ID:\t\tS-1-5-21-362189039-2697129851-2754481102-501\r\n\tAccount Name:\t\tGuest\r\n\tAccount Domain:\t\tNISH\r\n\r\nProcess Information:\r\n\tProcess ID:\t\t0x40c8\r\n\tProcess Name:\t\tC:\\Windows\\System32\\svchost.exe",
        "threat_level": "MEDIUM"
    },
    {
        "record_id": 3154335,
        "timestamp": "2026-07-29T04:28:09.556000+00:00",
        "event_type": "LOCAL_GROUP_ENUMERATION",
        "user": "DefaultAccount",
        "hostname": "Nish",
        "source_ip": "",
        "destination_ip": "",
        "process": "C:\\Windows\\System32\\svchost.exe",
        "file_path": "",
        "severity": "Information",
        "raw_log": "A user's local group membership was enumerated.\r\n\r\nSubject:\r\n\tSecurity ID:\t\tS-1-5-18\r\n\tAccount Name:\t\tNISH$\r\n\tAccount Domain:\t\tWORKGROUP\r\n\tLogon ID:\t\t0x3E7\r\n\r\nUser:\r\n\tSecurity ID:\t\tS-1-5-21-362189039-2697129851-2754481102-503\r\n\tAccount Name:\t\tDefaultAccount\r\n\tAccount Domain:\t\tNISH\r\n\r\nProcess Information:\r\n\tProcess ID:\t\t0x40c8\r\n\tProcess Name:\t\tC:\\Windows\\System32\\svchost.exe",
        "threat_level": "MEDIUM"
    },
    {
        "record_id": 3154334,
        "timestamp": "2026-07-29T04:28:09.554000+00:00",
        "event_type": "LOCAL_GROUP_ENUMERATION",
        "user": "CodexSandboxOnline",
        "hostname": "Nish",
        "source_ip": "",
        "destination_ip": "",
        "process": "C:\\Windows\\System32\\svchost.exe",
        "file_path": "",
        "severity": "Information",
        "raw_log": "A user's local group membership was enumerated.\r\n\r\nSubject:\r\n\tSecurity ID:\t\tS-1-5-18\r\n\tAccount Name:\t\tNISH$\r\n\tAccount Domain:\t\tWORKGROUP\r\n\tLogon ID:\t\t0x3E7\r\n\r\nUser:\r\n\tSecurity ID:\t\tS-1-5-21-362189039-2697129851-2754481102-1019\r\n\tAccount Name:\t\tCodexSandboxOnline\r\n\tAccount Domain:\t\tNISH\r\n\r\nProcess Information:\r\n\tProcess ID:\t\t0x40c8\r\n\tProcess Name:\t\tC:\\Windows\\System32\\svchost.exe",
        "threat_level": "MEDIUM"
    },
    {
        "record_id": 3154333,
        "timestamp": "2026-07-29T04:28:09.552000+00:00",
        "event_type": "LOCAL_GROUP_ENUMERATION",
        "user": "CodexSandboxOffline",
        "hostname": "Nish",
        "source_ip": "",
        "destination_ip": "",
        "process": "C:\\Windows\\System32\\svchost.exe",
        "file_path": "",
        "severity": "Information",
        "raw_log": "A user's local group membership was enumerated.\r\n\r\nSubject:\r\n\tSecurity ID:\t\tS-1-5-18\r\n\tAccount Name:\t\tNISH$\r\n\tAccount Domain:\t\tWORKGROUP\r\n\tLogon ID:\t\t0x3E7\r\n\r\nUser:\r\n\tSecurity ID:\t\tS-1-5-21-362189039-2697129851-2754481102-1018\r\n\tAccount Name:\t\tCodexSandboxOffline\r\n\tAccount Domain:\t\tNISH\r\n\r\nProcess Information:\r\n\tProcess ID:\t\t0x40c8\r\n\tProcess Name:\t\tC:\\Windows\\System32\\svchost.exe",
        "threat_level": "MEDIUM"
    },
    {
        "record_id": 3154332,
        "timestamp": "2026-07-29T04:28:09.550000+00:00",
        "event_type": "LOCAL_GROUP_ENUMERATION",
        "user": "Administrator",
        "hostname": "Nish",
        "source_ip": "",
        "destination_ip": "",
        "process": "C:\\Windows\\System32\\svchost.exe",
        "file_path": "",
        "severity": "Information",
        "raw_log": "A user's local group membership was enumerated.\r\n\r\nSubject:\r\n\tSecurity ID:\t\tS-1-5-18\r\n\tAccount Name:\t\tNISH$\r\n\tAccount Domain:\t\tWORKGROUP\r\n\tLogon ID:\t\t0x3E7\r\n\r\nUser:\r\n\tSecurity ID:\t\tS-1-5-21-362189039-2697129851-2754481102-500\r\n\tAccount Name:\t\tAdministrator\r\n\tAccount Domain:\t\tNISH\r\n\r\nProcess Information:\r\n\tProcess ID:\t\t0x40c8\r\n\tProcess Name:\t\tC:\\Windows\\System32\\svchost.exe",
        "threat_level": "MEDIUM"
    },
    {
        "record_id": 3154331,
        "timestamp": "2026-07-29T04:28:09.540000+00:00",
        "event_type": "LOCAL_GROUP_ENUMERATION",
        "user": "rish2",
        "hostname": "Nish",
        "source_ip": "",
        "destination_ip": "",
        "process": "C:\\Windows\\System32\\svchost.exe",
        "file_path": "",
        "severity": "Information",
        "raw_log": "A user's local group membership was enumerated.\r\n\r\nSubject:\r\n\tSecurity ID:\t\tS-1-5-18\r\n\tAccount Name:\t\tNISH$\r\n\tAccount Domain:\t\tWORKGROUP\r\n\tLogon ID:\t\t0x3E7\r\n\r\nUser:\r\n\tSecurity ID:\t\tS-1-5-21-362189039-2697129851-2754481102-1001\r\n\tAccount Name:\t\trish2\r\n\tAccount Domain:\t\tNISH\r\n\r\nProcess Information:\r\n\tProcess ID:\t\t0x40c8\r\n\tProcess Name:\t\tC:\\Windows\\System32\\svchost.exe",
        "threat_level": "MEDIUM"
    },
    {
        "record_id": 3154330,
        "timestamp": "2026-07-29T04:28:09.539000+00:00",
        "event_type": "LOCAL_GROUP_ENUMERATION",
        "user": "Guest",
        "hostname": "Nish",
        "source_ip": "",
        "destination_ip": "",
        "process": "C:\\Windows\\System32\\svchost.exe",
        "file_path": "",
        "severity": "Information",
        "raw_log": "A user's local group membership was enumerated.\r\n\r\nSubject:\r\n\tSecurity ID:\t\tS-1-5-18\r\n\tAccount Name:\t\tNISH$\r\n\tAccount Domain:\t\tWORKGROUP\r\n\tLogon ID:\t\t0x3E7\r\n\r\nUser:\r\n\tSecurity ID:\t\tS-1-5-21-362189039-2697129851-2754481102-501\r\n\tAccount Name:\t\tGuest\r\n\tAccount Domain:\t\tNISH\r\n\r\nProcess Information:\r\n\tProcess ID:\t\t0x40c8\r\n\tProcess Name:\t\tC:\\Windows\\System32\\svchost.exe",
        "threat_level": "MEDIUM"
    },
    {
        "record_id": 3154329,
        "timestamp": "2026-07-29T04:28:09.538000+00:00",
        "event_type": "LOCAL_GROUP_ENUMERATION",
        "user": "DefaultAccount",
        "hostname": "Nish",
        "source_ip": "",
        "destination_ip": "",
        "process": "C:\\Windows\\System32\\svchost.exe",
        "file_path": "",
        "severity": "Information",
        "raw_log": "A user's local group membership was enumerated.\r\n\r\nSubject:\r\n\tSecurity ID:\t\tS-1-5-18\r\n\tAccount Name:\t\tNISH$\r\n\tAccount Domain:\t\tWORKGROUP\r\n\tLogon ID:\t\t0x3E7\r\n\r\nUser:\r\n\tSecurity ID:\t\tS-1-5-21-362189039-2697129851-2754481102-503\r\n\tAccount Name:\t\tDefaultAccount\r\n\tAccount Domain:\t\tNISH\r\n\r\nProcess Information:\r\n\tProcess ID:\t\t0x40c8\r\n\tProcess Name:\t\tC:\\Windows\\System32\\svchost.exe",
        "threat_level": "MEDIUM"
    },
    {
        "record_id": 3154328,
        "timestamp": "2026-07-29T04:28:09.537000+00:00",
        "event_type": "LOCAL_GROUP_ENUMERATION",
        "user": "CodexSandboxOnline",
        "hostname": "Nish",
        "source_ip": "",
        "destination_ip": "",
        "process": "C:\\Windows\\System32\\svchost.exe",
        "file_path": "",
        "severity": "Information",
        "raw_log": "A user's local group membership was enumerated.\r\n\r\nSubject:\r\n\tSecurity ID:\t\tS-1-5-18\r\n\tAccount Name:\t\tNISH$\r\n\tAccount Domain:\t\tWORKGROUP\r\n\tLogon ID:\t\t0x3E7\r\n\r\nUser:\r\n\tSecurity ID:\t\tS-1-5-21-362189039-2697129851-2754481102-1019\r\n\tAccount Name:\t\tCodexSandboxOnline\r\n\tAccount Domain:\t\tNISH\r\n\r\nProcess Information:\r\n\tProcess ID:\t\t0x40c8\r\n\tProcess Name:\t\tC:\\Windows\\System32\\svchost.exe",
        "threat_level": "MEDIUM"
    },
    {
        "record_id": 3154327,
        "timestamp": "2026-07-29T04:28:09.536000+00:00",
        "event_type": "LOCAL_GROUP_ENUMERATION",
        "user": "CodexSandboxOffline",
        "hostname": "Nish",
        "source_ip": "",
        "destination_ip": "",
        "process": "C:\\Windows\\System32\\svchost.exe",
        "file_path": "",
        "severity": "Information",
        "raw_log": "A user's local group membership was enumerated.\r\n\r\nSubject:\r\n\tSecurity ID:\t\tS-1-5-18\r\n\tAccount Name:\t\tNISH$\r\n\tAccount Domain:\t\tWORKGROUP\r\n\tLogon ID:\t\t0x3E7\r\n\r\nUser:\r\n\tSecurity ID:\t\tS-1-5-21-362189039-2697129851-2754481102-1018\r\n\tAccount Name:\t\tCodexSandboxOffline\r\n\tAccount Domain:\t\tNISH\r\n\r\nProcess Information:\r\n\tProcess ID:\t\t0x40c8\r\n\tProcess Name:\t\tC:\\Windows\\System32\\svchost.exe",
        "threat_level": "MEDIUM"
    },
    {
        "record_id": 3154326,
        "timestamp": "2026-07-29T04:28:09.534000+00:00",
        "event_type": "LOCAL_GROUP_ENUMERATION",
        "user": "Administrator",
        "hostname": "Nish",
        "source_ip": "",
        "destination_ip": "",
        "process": "C:\\Windows\\System32\\svchost.exe",
        "file_path": "",
        "severity": "Information",
        "raw_log": "A user's local group membership was enumerated.\r\n\r\nSubject:\r\n\tSecurity ID:\t\tS-1-5-18\r\n\tAccount Name:\t\tNISH$\r\n\tAccount Domain:\t\tWORKGROUP\r\n\tLogon ID:\t\t0x3E7\r\n\r\nUser:\r\n\tSecurity ID:\t\tS-1-5-21-362189039-2697129851-2754481102-500\r\n\tAccount Name:\t\tAdministrator\r\n\tAccount Domain:\t\tNISH\r\n\r\nProcess Information:\r\n\tProcess ID:\t\t0x40c8\r\n\tProcess Name:\t\tC:\\Windows\\System32\\svchost.exe",
        "threat_level": "MEDIUM"
    },
    {
        "record_id": 3154246,
        "timestamp": "2026-07-29T04:27:57.572000+00:00",
        "event_type": "LOCAL_GROUP_ENUMERATION",
        "user": "rish2",
        "hostname": "Nish",
        "source_ip": "",
        "destination_ip": "",
        "process": "C:\\Windows\\System32\\taskhostw.exe",
        "file_path": "",
        "severity": "Information",
        "raw_log": "A user's local group membership was enumerated.\r\n\r\nSubject:\r\n\tSecurity ID:\t\tS-1-5-21-362189039-2697129851-2754481102-1001\r\n\tAccount Name:\t\trish2\r\n\tAccount Domain:\t\tNISH\r\n\tLogon ID:\t\t0x2ADF9\r\n\r\nUser:\r\n\tSecurity ID:\t\tS-1-5-21-362189039-2697129851-2754481102-1001\r\n\tAccount Name:\t\trish2\r\n\tAccount Domain:\t\tNISH\r\n\r\nProcess Information:\r\n\tProcess ID:\t\t0x3680\r\n\tProcess Name:\t\tC:\\Windows\\System32\\taskhostw.exe",
        "threat_level": "MEDIUM"
    },
    {
        "record_id": 3154245,
        "timestamp": "2026-07-29T04:27:57.571000+00:00",
        "event_type": "LOCAL_GROUP_ENUMERATION",
        "user": "Guest",
        "hostname": "Nish",
        "source_ip": "",
        "destination_ip": "",
        "process": "C:\\Windows\\System32\\taskhostw.exe",
        "file_path": "",
        "severity": "Information",
        "raw_log": "A user's local group membership was enumerated.\r\n\r\nSubject:\r\n\tSecurity ID:\t\tS-1-5-21-362189039-2697129851-2754481102-1001\r\n\tAccount Name:\t\trish2\r\n\tAccount Domain:\t\tNISH\r\n\tLogon ID:\t\t0x2ADF9\r\n\r\nUser:\r\n\tSecurity ID:\t\tS-1-5-21-362189039-2697129851-2754481102-501\r\n\tAccount Name:\t\tGuest\r\n\tAccount Domain:\t\tNISH\r\n\r\nProcess Information:\r\n\tProcess ID:\t\t0x3680\r\n\tProcess Name:\t\tC:\\Windows\\System32\\taskhostw.exe",
        "threat_level": "MEDIUM"
    },
    {
        "record_id": 3154244,
        "timestamp": "2026-07-29T04:27:57.569000+00:00",
        "event_type": "LOCAL_GROUP_ENUMERATION",
        "user": "DefaultAccount",
        "hostname": "Nish",
        "source_ip": "",
        "destination_ip": "",
        "process": "C:\\Windows\\System32\\taskhostw.exe",
        "file_path": "",
        "severity": "Information",
        "raw_log": "A user's local group membership was enumerated.\r\n\r\nSubject:\r\n\tSecurity ID:\t\tS-1-5-21-362189039-2697129851-2754481102-1001\r\n\tAccount Name:\t\trish2\r\n\tAccount Domain:\t\tNISH\r\n\tLogon ID:\t\t0x2ADF9\r\n\r\nUser:\r\n\tSecurity ID:\t\tS-1-5-21-362189039-2697129851-2754481102-503\r\n\tAccount Name:\t\tDefaultAccount\r\n\tAccount Domain:\t\tNISH\r\n\r\nProcess Information:\r\n\tProcess ID:\t\t0x3680\r\n\tProcess Name:\t\tC:\\Windows\\System32\\taskhostw.exe",
        "threat_level": "MEDIUM"
    },
    {
        "record_id": 3154243,
        "timestamp": "2026-07-29T04:27:57.567000+00:00",
        "event_type": "LOCAL_GROUP_ENUMERATION",
        "user": "CodexSandboxOnline",
        "hostname": "Nish",
        "source_ip": "",
        "destination_ip": "",
        "process": "C:\\Windows\\System32\\taskhostw.exe",
        "file_path": "",
        "severity": "Information",
        "raw_log": "A user's local group membership was enumerated.\r\n\r\nSubject:\r\n\tSecurity ID:\t\tS-1-5-21-362189039-2697129851-2754481102-1001\r\n\tAccount Name:\t\trish2\r\n\tAccount Domain:\t\tNISH\r\n\tLogon ID:\t\t0x2ADF9\r\n\r\nUser:\r\n\tSecurity ID:\t\tS-1-5-21-362189039-2697129851-2754481102-1019\r\n\tAccount Name:\t\tCodexSandboxOnline\r\n\tAccount Domain:\t\tNISH\r\n\r\nProcess Information:\r\n\tProcess ID:\t\t0x3680\r\n\tProcess Name:\t\tC:\\Windows\\System32\\taskhostw.exe",
        "threat_level": "MEDIUM"
    },
    {
        "record_id": 3154242,
        "timestamp": "2026-07-29T04:27:57.564000+00:00",
        "event_type": "LOCAL_GROUP_ENUMERATION",
        "user": "CodexSandboxOffline",
        "hostname": "Nish",
        "source_ip": "",
        "destination_ip": "",
        "process": "C:\\Windows\\System32\\taskhostw.exe",
        "file_path": "",
        "severity": "Information",
        "raw_log": "A user's local group membership was enumerated.\r\n\r\nSubject:\r\n\tSecurity ID:\t\tS-1-5-21-362189039-2697129851-2754481102-1001\r\n\tAccount Name:\t\trish2\r\n\tAccount Domain:\t\tNISH\r\n\tLogon ID:\t\t0x2ADF9\r\n\r\nUser:\r\n\tSecurity ID:\t\tS-1-5-21-362189039-2697129851-2754481102-1018\r\n\tAccount Name:\t\tCodexSandboxOffline\r\n\tAccount Domain:\t\tNISH\r\n\r\nProcess Information:\r\n\tProcess ID:\t\t0x3680\r\n\tProcess Name:\t\tC:\\Windows\\System32\\taskhostw.exe",
        "threat_level": "MEDIUM"
    },
    {
        "record_id": 3154241,
        "timestamp": "2026-07-29T04:27:57.562000+00:00",
        "event_type": "LOCAL_GROUP_ENUMERATION",
        "user": "Administrator",
        "hostname": "Nish",
        "source_ip": "",
        "destination_ip": "",
        "process": "C:\\Windows\\System32\\taskhostw.exe",
        "file_path": "",
        "severity": "Information",
        "raw_log": "A user's local group membership was enumerated.\r\n\r\nSubject:\r\n\tSecurity ID:\t\tS-1-5-21-362189039-2697129851-2754481102-1001\r\n\tAccount Name:\t\trish2\r\n\tAccount Domain:\t\tNISH\r\n\tLogon ID:\t\t0x2ADF9\r\n\r\nUser:\r\n\tSecurity ID:\t\tS-1-5-21-362189039-2697129851-2754481102-500\r\n\tAccount Name:\t\tAdministrator\r\n\tAccount Domain:\t\tNISH\r\n\r\nProcess Information:\r\n\tProcess ID:\t\t0x3680\r\n\tProcess Name:\t\tC:\\Windows\\System32\\taskhostw.exe",
        "threat_level": "MEDIUM"
    },
    {
        "record_id": 3154240,
        "timestamp": "2026-07-29T04:27:57.552000+00:00",
        "event_type": "LOCAL_GROUP_ENUMERATION",
        "user": "rish2",
        "hostname": "Nish",
        "source_ip": "",
        "destination_ip": "",
        "process": "C:\\Windows\\System32\\taskhostw.exe",
        "file_path": "",
        "severity": "Information",
        "raw_log": "A user's local group membership was enumerated.\r\n\r\nSubject:\r\n\tSecurity ID:\t\tS-1-5-21-362189039-2697129851-2754481102-1001\r\n\tAccount Name:\t\trish2\r\n\tAccount Domain:\t\tNISH\r\n\tLogon ID:\t\t0x2ADF9\r\n\r\nUser:\r\n\tSecurity ID:\t\tS-1-5-21-362189039-2697129851-2754481102-1001\r\n\tAccount Name:\t\trish2\r\n\tAccount Domain:\t\tNISH\r\n\r\nProcess Information:\r\n\tProcess ID:\t\t0x3680\r\n\tProcess Name:\t\tC:\\Windows\\System32\\taskhostw.exe",
        "threat_level": "MEDIUM"
    },
    {
        "record_id": 3154239,
        "timestamp": "2026-07-29T04:27:57.549000+00:00",
        "event_type": "LOCAL_GROUP_ENUMERATION",
        "user": "Guest",
        "hostname": "Nish",
        "source_ip": "",
        "destination_ip": "",
        "process": "C:\\Windows\\System32\\taskhostw.exe",
        "file_path": "",
        "severity": "Information",
        "raw_log": "A user's local group membership was enumerated.\r\n\r\nSubject:\r\n\tSecurity ID:\t\tS-1-5-21-362189039-2697129851-2754481102-1001\r\n\tAccount Name:\t\trish2\r\n\tAccount Domain:\t\tNISH\r\n\tLogon ID:\t\t0x2ADF9\r\n\r\nUser:\r\n\tSecurity ID:\t\tS-1-5-21-362189039-2697129851-2754481102-501\r\n\tAccount Name:\t\tGuest\r\n\tAccount Domain:\t\tNISH\r\n\r\nProcess Information:\r\n\tProcess ID:\t\t0x3680\r\n\tProcess Name:\t\tC:\\Windows\\System32\\taskhostw.exe",
        "threat_level": "MEDIUM"
    },
    {
        "record_id": 3154238,
        "timestamp": "2026-07-29T04:27:57.548000+00:00",
        "event_type": "LOCAL_GROUP_ENUMERATION",
        "user": "DefaultAccount",
        "hostname": "Nish",
        "source_ip": "",
        "destination_ip": "",
        "process": "C:\\Windows\\System32\\taskhostw.exe",
        "file_path": "",
        "severity": "Information",
        "raw_log": "A user's local group membership was enumerated.\r\n\r\nSubject:\r\n\tSecurity ID:\t\tS-1-5-21-362189039-2697129851-2754481102-1001\r\n\tAccount Name:\t\trish2\r\n\tAccount Domain:\t\tNISH\r\n\tLogon ID:\t\t0x2ADF9\r\n\r\nUser:\r\n\tSecurity ID:\t\tS-1-5-21-362189039-2697129851-2754481102-503\r\n\tAccount Name:\t\tDefaultAccount\r\n\tAccount Domain:\t\tNISH\r\n\r\nProcess Information:\r\n\tProcess ID:\t\t0x3680\r\n\tProcess Name:\t\tC:\\Windows\\System32\\taskhostw.exe",
        "threat_level": "MEDIUM"
    },
    {
        "record_id": 3154237,
        "timestamp": "2026-07-29T04:27:57.546000+00:00",
        "event_type": "LOCAL_GROUP_ENUMERATION",
        "user": "CodexSandboxOnline",
        "hostname": "Nish",
        "source_ip": "",
        "destination_ip": "",
        "process": "C:\\Windows\\System32\\taskhostw.exe",
        "file_path": "",
        "severity": "Information",
        "raw_log": "A user's local group membership was enumerated.\r\n\r\nSubject:\r\n\tSecurity ID:\t\tS-1-5-21-362189039-2697129851-2754481102-1001\r\n\tAccount Name:\t\trish2\r\n\tAccount Domain:\t\tNISH\r\n\tLogon ID:\t\t0x2ADF9\r\n\r\nUser:\r\n\tSecurity ID:\t\tS-1-5-21-362189039-2697129851-2754481102-1019\r\n\tAccount Name:\t\tCodexSandboxOnline\r\n\tAccount Domain:\t\tNISH\r\n\r\nProcess Information:\r\n\tProcess ID:\t\t0x3680\r\n\tProcess Name:\t\tC:\\Windows\\System32\\taskhostw.exe",
        "threat_level": "MEDIUM"
    },
    {
        "record_id": 3154236,
        "timestamp": "2026-07-29T04:27:57.545000+00:00",
        "event_type": "LOCAL_GROUP_ENUMERATION",
        "user": "CodexSandboxOffline",
        "hostname": "Nish",
        "source_ip": "",
        "destination_ip": "",
        "process": "C:\\Windows\\System32\\taskhostw.exe",
        "file_path": "",
        "severity": "Information",
        "raw_log": "A user's local group membership was enumerated.\r\n\r\nSubject:\r\n\tSecurity ID:\t\tS-1-5-21-362189039-2697129851-2754481102-1001\r\n\tAccount Name:\t\trish2\r\n\tAccount Domain:\t\tNISH\r\n\tLogon ID:\t\t0x2ADF9\r\n\r\nUser:\r\n\tSecurity ID:\t\tS-1-5-21-362189039-2697129851-2754481102-1018\r\n\tAccount Name:\t\tCodexSandboxOffline\r\n\tAccount Domain:\t\tNISH\r\n\r\nProcess Information:\r\n\tProcess ID:\t\t0x3680\r\n\tProcess Name:\t\tC:\\Windows\\System32\\taskhostw.exe",
        "threat_level": "MEDIUM"
    },
    {
        "record_id": 3154235,
        "timestamp": "2026-07-29T04:27:57.542000+00:00",
        "event_type": "LOCAL_GROUP_ENUMERATION",
        "user": "Administrator",
        "hostname": "Nish",
        "source_ip": "",
        "destination_ip": "",
        "process": "C:\\Windows\\System32\\taskhostw.exe",
        "file_path": "",
        "severity": "Information",
        "raw_log": "A user's local group membership was enumerated.\r\n\r\nSubject:\r\n\tSecurity ID:\t\tS-1-5-21-362189039-2697129851-2754481102-1001\r\n\tAccount Name:\t\trish2\r\n\tAccount Domain:\t\tNISH\r\n\tLogon ID:\t\t0x2ADF9\r\n\r\nUser:\r\n\tSecurity ID:\t\tS-1-5-21-362189039-2697129851-2754481102-500\r\n\tAccount Name:\t\tAdministrator\r\n\tAccount Domain:\t\tNISH\r\n\r\nProcess Information:\r\n\tProcess ID:\t\t0x3680\r\n\tProcess Name:\t\tC:\\Windows\\System32\\taskhostw.exe",
        "threat_level": "MEDIUM"
    },
    {
        "record_id": 3154233,
        "timestamp": "2026-07-29T04:27:56.947000+00:00",
        "event_type": "LOGON_SUCCESS",
        "user": "SYSTEM",
        "hostname": "Nish",
        "source_ip": "",
        "destination_ip": "",
        "process": "C:\\Windows\\System32\\services.exe",
        "file_path": "",
        "severity": "Information",
        "raw_log": "An account was successfully logged on.\r\n\r\nSubject:\r\n\tSecurity ID:\t\tS-1-5-18\r\n\tAccount Name:\t\tNISH$\r\n\tAccount Domain:\t\tWORKGROUP\r\n\tLogon ID:\t\t0x3E7\r\n\r\nLogon Information:\r\n\tLogon Type:\t\t5\r\n\tRestricted Admin Mode:\t-\r\n\tRemote Credential Guard:\t-\r\n\tVirtual Account:\t\tNo\r\n\tElevated Token:\t\tYes\r\n\r\nImpersonation Level:\t\tImpersonation\r\n\r\nNew Logon:\r\n\tSecurity ID:\t\tS-1-5-18\r\n\tAccount Name:\t\tSYSTEM\r\n\tAccount Domain:\t\tNT AUTHORITY\r\n\tLogon ID:\t\t0x3E7\r\n\tLinked Logon ID:\t\t0x0\r\n\tNetwork Account Name:\t-\r\n\tNetwork Account Domain:\t-\r\n\tLogon GUID:\t\t{00000000-0000-0000-0000-000000000000}\r\n\r\nProcess Information:\r\n\tProcess ID:\t\t0x648\r\n\tProcess Name:\t\tC:\\Windows\\System32\\services.exe\r\n\r\nNetwork Information:\r\n\tWorkstation Name:\t-\r\n\tSource Network Address:\t-\r\n\tSource Port:\t\t-\r\n\r\nDetailed Authentication Information:\r\n\tLogon Process:\t\tAdvapi  \r\n\tAuthentication Package:\tNegotiate\r\n\tTransited Services:\t-\r\n\tPackage Name (NTLM only):\t-\r\n\tKey Length:\t\t0\r\n\r\nThis event is generated when a logon session is created. It is generated on the computer that was accessed.\r\n\r\nThe subject fields indicate the account on the local system which requested the logon. This is most commonly a service such as the Server service, or a local process such as Winlogon.exe or Services.exe.\r\n\r\nThe logon type field indicates the kind of logon that occurred. The most common types are 2 (interactive) and 3 (network).\r\n\r\nThe New Logon fields indicate the account for whom the new logon was created, i.e. the account that was logged on.\r\n\r\nThe network fields indicate where a remote logon request originated. Workstation name is not always available and may be left blank in some cases.\r\n\r\nThe impersonation level field indicates the extent to which a process in the logon session can impersonate.\r\n\r\nThe authentication information fields provide detailed information about this specific logon request.\r\n\t- Logon GUID is a unique identifier that can be used to correlate this event with a KDC event.\r\n\t- Transited services indicate which intermediate services have participated in this logon request.\r\n\t- Package name indicates which sub-protocol was used among the NTLM protocols.\r\n\t- Key length indicates the length of the generated session key. This will be 0 if no session key was requested.",
        "threat_level": "LOW"
    },
    {
        "record_id": 3154232,
        "timestamp": "2026-07-29T04:27:56.938000+00:00",
        "event_type": "LOCAL_GROUP_ENUMERATION",
        "user": "rish2",
        "hostname": "Nish",
        "source_ip": "",
        "destination_ip": "",
        "process": "C:\\Windows\\System32\\svchost.exe",
        "file_path": "",
        "severity": "Information",
        "raw_log": "A user's local group membership was enumerated.\r\n\r\nSubject:\r\n\tSecurity ID:\t\tS-1-5-18\r\n\tAccount Name:\t\tNISH$\r\n\tAccount Domain:\t\tWORKGROUP\r\n\tLogon ID:\t\t0x3E7\r\n\r\nUser:\r\n\tSecurity ID:\t\tS-1-5-21-362189039-2697129851-2754481102-1001\r\n\tAccount Name:\t\trish2\r\n\tAccount Domain:\t\tNISH\r\n\r\nProcess Information:\r\n\tProcess ID:\t\t0x40c8\r\n\tProcess Name:\t\tC:\\Windows\\System32\\svchost.exe",
        "threat_level": "MEDIUM"
    },
    {
        "record_id": 3154231,
        "timestamp": "2026-07-29T04:27:56.937000+00:00",
        "event_type": "LOCAL_GROUP_ENUMERATION",
        "user": "Guest",
        "hostname": "Nish",
        "source_ip": "",
        "destination_ip": "",
        "process": "C:\\Windows\\System32\\svchost.exe",
        "file_path": "",
        "severity": "Information",
        "raw_log": "A user's local group membership was enumerated.\r\n\r\nSubject:\r\n\tSecurity ID:\t\tS-1-5-18\r\n\tAccount Name:\t\tNISH$\r\n\tAccount Domain:\t\tWORKGROUP\r\n\tLogon ID:\t\t0x3E7\r\n\r\nUser:\r\n\tSecurity ID:\t\tS-1-5-21-362189039-2697129851-2754481102-501\r\n\tAccount Name:\t\tGuest\r\n\tAccount Domain:\t\tNISH\r\n\r\nProcess Information:\r\n\tProcess ID:\t\t0x40c8\r\n\tProcess Name:\t\tC:\\Windows\\System32\\svchost.exe",
        "threat_level": "MEDIUM"
    },
    {
        "record_id": 3154230,
        "timestamp": "2026-07-29T04:27:56.935000+00:00",
        "event_type": "LOCAL_GROUP_ENUMERATION",
        "user": "DefaultAccount",
        "hostname": "Nish",
        "source_ip": "",
        "destination_ip": "",
        "process": "C:\\Windows\\System32\\svchost.exe",
        "file_path": "",
        "severity": "Information",
        "raw_log": "A user's local group membership was enumerated.\r\n\r\nSubject:\r\n\tSecurity ID:\t\tS-1-5-18\r\n\tAccount Name:\t\tNISH$\r\n\tAccount Domain:\t\tWORKGROUP\r\n\tLogon ID:\t\t0x3E7\r\n\r\nUser:\r\n\tSecurity ID:\t\tS-1-5-21-362189039-2697129851-2754481102-503\r\n\tAccount Name:\t\tDefaultAccount\r\n\tAccount Domain:\t\tNISH\r\n\r\nProcess Information:\r\n\tProcess ID:\t\t0x40c8\r\n\tProcess Name:\t\tC:\\Windows\\System32\\svchost.exe",
        "threat_level": "MEDIUM"
    },
    {
        "record_id": 3154229,
        "timestamp": "2026-07-29T04:27:56.933000+00:00",
        "event_type": "LOCAL_GROUP_ENUMERATION",
        "user": "CodexSandboxOnline",
        "hostname": "Nish",
        "source_ip": "",
        "destination_ip": "",
        "process": "C:\\Windows\\System32\\svchost.exe",
        "file_path": "",
        "severity": "Information",
        "raw_log": "A user's local group membership was enumerated.\r\n\r\nSubject:\r\n\tSecurity ID:\t\tS-1-5-18\r\n\tAccount Name:\t\tNISH$\r\n\tAccount Domain:\t\tWORKGROUP\r\n\tLogon ID:\t\t0x3E7\r\n\r\nUser:\r\n\tSecurity ID:\t\tS-1-5-21-362189039-2697129851-2754481102-1019\r\n\tAccount Name:\t\tCodexSandboxOnline\r\n\tAccount Domain:\t\tNISH\r\n\r\nProcess Information:\r\n\tProcess ID:\t\t0x40c8\r\n\tProcess Name:\t\tC:\\Windows\\System32\\svchost.exe",
        "threat_level": "MEDIUM"
    },
    {
        "record_id": 3154228,
        "timestamp": "2026-07-29T04:27:56.931000+00:00",
        "event_type": "LOCAL_GROUP_ENUMERATION",
        "user": "CodexSandboxOffline",
        "hostname": "Nish",
        "source_ip": "",
        "destination_ip": "",
        "process": "C:\\Windows\\System32\\svchost.exe",
        "file_path": "",
        "severity": "Information",
        "raw_log": "A user's local group membership was enumerated.\r\n\r\nSubject:\r\n\tSecurity ID:\t\tS-1-5-18\r\n\tAccount Name:\t\tNISH$\r\n\tAccount Domain:\t\tWORKGROUP\r\n\tLogon ID:\t\t0x3E7\r\n\r\nUser:\r\n\tSecurity ID:\t\tS-1-5-21-362189039-2697129851-2754481102-1018\r\n\tAccount Name:\t\tCodexSandboxOffline\r\n\tAccount Domain:\t\tNISH\r\n\r\nProcess Information:\r\n\tProcess ID:\t\t0x40c8\r\n\tProcess Name:\t\tC:\\Windows\\System32\\svchost.exe",
        "threat_level": "MEDIUM"
    },
    {
        "record_id": 3154227,
        "timestamp": "2026-07-29T04:27:56.929000+00:00",
        "event_type": "LOCAL_GROUP_ENUMERATION",
        "user": "Administrator",
        "hostname": "Nish",
        "source_ip": "",
        "destination_ip": "",
        "process": "C:\\Windows\\System32\\svchost.exe",
        "file_path": "",
        "severity": "Information",
        "raw_log": "A user's local group membership was enumerated.\r\n\r\nSubject:\r\n\tSecurity ID:\t\tS-1-5-18\r\n\tAccount Name:\t\tNISH$\r\n\tAccount Domain:\t\tWORKGROUP\r\n\tLogon ID:\t\t0x3E7\r\n\r\nUser:\r\n\tSecurity ID:\t\tS-1-5-21-362189039-2697129851-2754481102-500\r\n\tAccount Name:\t\tAdministrator\r\n\tAccount Domain:\t\tNISH\r\n\r\nProcess Information:\r\n\tProcess ID:\t\t0x40c8\r\n\tProcess Name:\t\tC:\\Windows\\System32\\svchost.exe",
        "threat_level": "MEDIUM"
    },
    {
        "record_id": 3154226,
        "timestamp": "2026-07-29T04:27:56.917000+00:00",
        "event_type": "LOCAL_GROUP_ENUMERATION",
        "user": "rish2",
        "hostname": "Nish",
        "source_ip": "",
        "destination_ip": "",
        "process": "C:\\Windows\\System32\\svchost.exe",
        "file_path": "",
        "severity": "Information",
        "raw_log": "A user's local group membership was enumerated.\r\n\r\nSubject:\r\n\tSecurity ID:\t\tS-1-5-18\r\n\tAccount Name:\t\tNISH$\r\n\tAccount Domain:\t\tWORKGROUP\r\n\tLogon ID:\t\t0x3E7\r\n\r\nUser:\r\n\tSecurity ID:\t\tS-1-5-21-362189039-2697129851-2754481102-1001\r\n\tAccount Name:\t\trish2\r\n\tAccount Domain:\t\tNISH\r\n\r\nProcess Information:\r\n\tProcess ID:\t\t0x40c8\r\n\tProcess Name:\t\tC:\\Windows\\System32\\svchost.exe",
        "threat_level": "MEDIUM"
    },
    {
        "record_id": 3154225,
        "timestamp": "2026-07-29T04:27:56.915000+00:00",
        "event_type": "LOCAL_GROUP_ENUMERATION",
        "user": "Guest",
        "hostname": "Nish",
        "source_ip": "",
        "destination_ip": "",
        "process": "C:\\Windows\\System32\\svchost.exe",
        "file_path": "",
        "severity": "Information",
        "raw_log": "A user's local group membership was enumerated.\r\n\r\nSubject:\r\n\tSecurity ID:\t\tS-1-5-18\r\n\tAccount Name:\t\tNISH$\r\n\tAccount Domain:\t\tWORKGROUP\r\n\tLogon ID:\t\t0x3E7\r\n\r\nUser:\r\n\tSecurity ID:\t\tS-1-5-21-362189039-2697129851-2754481102-501\r\n\tAccount Name:\t\tGuest\r\n\tAccount Domain:\t\tNISH\r\n\r\nProcess Information:\r\n\tProcess ID:\t\t0x40c8\r\n\tProcess Name:\t\tC:\\Windows\\System32\\svchost.exe",
        "threat_level": "MEDIUM"
    },
    {
        "record_id": 3154224,
        "timestamp": "2026-07-29T04:27:56.913000+00:00",
        "event_type": "LOCAL_GROUP_ENUMERATION",
        "user": "DefaultAccount",
        "hostname": "Nish",
        "source_ip": "",
        "destination_ip": "",
        "process": "C:\\Windows\\System32\\svchost.exe",
        "file_path": "",
        "severity": "Information",
        "raw_log": "A user's local group membership was enumerated.\r\n\r\nSubject:\r\n\tSecurity ID:\t\tS-1-5-18\r\n\tAccount Name:\t\tNISH$\r\n\tAccount Domain:\t\tWORKGROUP\r\n\tLogon ID:\t\t0x3E7\r\n\r\nUser:\r\n\tSecurity ID:\t\tS-1-5-21-362189039-2697129851-2754481102-503\r\n\tAccount Name:\t\tDefaultAccount\r\n\tAccount Domain:\t\tNISH\r\n\r\nProcess Information:\r\n\tProcess ID:\t\t0x40c8\r\n\tProcess Name:\t\tC:\\Windows\\System32\\svchost.exe",
        "threat_level": "MEDIUM"
    },
    {
        "record_id": 3154223,
        "timestamp": "2026-07-29T04:27:56.911000+00:00",
        "event_type": "LOCAL_GROUP_ENUMERATION",
        "user": "CodexSandboxOnline",
        "hostname": "Nish",
        "source_ip": "",
        "destination_ip": "",
        "process": "C:\\Windows\\System32\\svchost.exe",
        "file_path": "",
        "severity": "Information",
        "raw_log": "A user's local group membership was enumerated.\r\n\r\nSubject:\r\n\tSecurity ID:\t\tS-1-5-18\r\n\tAccount Name:\t\tNISH$\r\n\tAccount Domain:\t\tWORKGROUP\r\n\tLogon ID:\t\t0x3E7\r\n\r\nUser:\r\n\tSecurity ID:\t\tS-1-5-21-362189039-2697129851-2754481102-1019\r\n\tAccount Name:\t\tCodexSandboxOnline\r\n\tAccount Domain:\t\tNISH\r\n\r\nProcess Information:\r\n\tProcess ID:\t\t0x40c8\r\n\tProcess Name:\t\tC:\\Windows\\System32\\svchost.exe",
        "threat_level": "MEDIUM"
    },
    {
        "record_id": 3154222,
        "timestamp": "2026-07-29T04:27:56.910000+00:00",
        "event_type": "LOCAL_GROUP_ENUMERATION",
        "user": "CodexSandboxOffline",
        "hostname": "Nish",
        "source_ip": "",
        "destination_ip": "",
        "process": "C:\\Windows\\System32\\svchost.exe",
        "file_path": "",
        "severity": "Information",
        "raw_log": "A user's local group membership was enumerated.\r\n\r\nSubject:\r\n\tSecurity ID:\t\tS-1-5-18\r\n\tAccount Name:\t\tNISH$\r\n\tAccount Domain:\t\tWORKGROUP\r\n\tLogon ID:\t\t0x3E7\r\n\r\nUser:\r\n\tSecurity ID:\t\tS-1-5-21-362189039-2697129851-2754481102-1018\r\n\tAccount Name:\t\tCodexSandboxOffline\r\n\tAccount Domain:\t\tNISH\r\n\r\nProcess Information:\r\n\tProcess ID:\t\t0x40c8\r\n\tProcess Name:\t\tC:\\Windows\\System32\\svchost.exe",
        "threat_level": "MEDIUM"
    },
    {
        "record_id": 3154221,
        "timestamp": "2026-07-29T04:27:56.907000+00:00",
        "event_type": "LOCAL_GROUP_ENUMERATION",
        "user": "Administrator",
        "hostname": "Nish",
        "source_ip": "",
        "destination_ip": "",
        "process": "C:\\Windows\\System32\\svchost.exe",
        "file_path": "",
        "severity": "Information",
        "raw_log": "A user's local group membership was enumerated.\r\n\r\nSubject:\r\n\tSecurity ID:\t\tS-1-5-18\r\n\tAccount Name:\t\tNISH$\r\n\tAccount Domain:\t\tWORKGROUP\r\n\tLogon ID:\t\t0x3E7\r\n\r\nUser:\r\n\tSecurity ID:\t\tS-1-5-21-362189039-2697129851-2754481102-500\r\n\tAccount Name:\t\tAdministrator\r\n\tAccount Domain:\t\tNISH\r\n\r\nProcess Information:\r\n\tProcess ID:\t\t0x40c8\r\n\tProcess Name:\t\tC:\\Windows\\System32\\svchost.exe",
        "threat_level": "MEDIUM"
    },
    {
        "record_id": 3154220,
        "timestamp": "2026-07-29T04:27:55.173000+00:00",
        "event_type": "LOCAL_GROUP_ENUMERATION",
        "user": "rish2",
        "hostname": "Nish",
        "source_ip": "",
        "destination_ip": "",
        "process": "C:\\Windows\\System32\\svchost.exe",
        "file_path": "",
        "severity": "Information",
        "raw_log": "A user's local group membership was enumerated.\r\n\r\nSubject:\r\n\tSecurity ID:\t\tS-1-5-18\r\n\tAccount Name:\t\tNISH$\r\n\tAccount Domain:\t\tWORKGROUP\r\n\tLogon ID:\t\t0x3E7\r\n\r\nUser:\r\n\tSecurity ID:\t\tS-1-5-21-362189039-2697129851-2754481102-1001\r\n\tAccount Name:\t\trish2\r\n\tAccount Domain:\t\tNISH\r\n\r\nProcess Information:\r\n\tProcess ID:\t\t0x40c8\r\n\tProcess Name:\t\tC:\\Windows\\System32\\svchost.exe",
        "threat_level": "MEDIUM"
    },
    {
        "record_id": 3154219,
        "timestamp": "2026-07-29T04:27:55.172000+00:00",
        "event_type": "LOCAL_GROUP_ENUMERATION",
        "user": "Guest",
        "hostname": "Nish",
        "source_ip": "",
        "destination_ip": "",
        "process": "C:\\Windows\\System32\\svchost.exe",
        "file_path": "",
        "severity": "Information",
        "raw_log": "A user's local group membership was enumerated.\r\n\r\nSubject:\r\n\tSecurity ID:\t\tS-1-5-18\r\n\tAccount Name:\t\tNISH$\r\n\tAccount Domain:\t\tWORKGROUP\r\n\tLogon ID:\t\t0x3E7\r\n\r\nUser:\r\n\tSecurity ID:\t\tS-1-5-21-362189039-2697129851-2754481102-501\r\n\tAccount Name:\t\tGuest\r\n\tAccount Domain:\t\tNISH\r\n\r\nProcess Information:\r\n\tProcess ID:\t\t0x40c8\r\n\tProcess Name:\t\tC:\\Windows\\System32\\svchost.exe",
        "threat_level": "MEDIUM"
    },
    {
        "record_id": 3154218,
        "timestamp": "2026-07-29T04:27:55.169000+00:00",
        "event_type": "LOCAL_GROUP_ENUMERATION",
        "user": "DefaultAccount",
        "hostname": "Nish",
        "source_ip": "",
        "destination_ip": "",
        "process": "C:\\Windows\\System32\\svchost.exe",
        "file_path": "",
        "severity": "Information",
        "raw_log": "A user's local group membership was enumerated.\r\n\r\nSubject:\r\n\tSecurity ID:\t\tS-1-5-18\r\n\tAccount Name:\t\tNISH$\r\n\tAccount Domain:\t\tWORKGROUP\r\n\tLogon ID:\t\t0x3E7\r\n\r\nUser:\r\n\tSecurity ID:\t\tS-1-5-21-362189039-2697129851-2754481102-503\r\n\tAccount Name:\t\tDefaultAccount\r\n\tAccount Domain:\t\tNISH\r\n\r\nProcess Information:\r\n\tProcess ID:\t\t0x40c8\r\n\tProcess Name:\t\tC:\\Windows\\System32\\svchost.exe",
        "threat_level": "MEDIUM"
    },
    {
        "record_id": 3154217,
        "timestamp": "2026-07-29T04:27:55.168000+00:00",
        "event_type": "LOCAL_GROUP_ENUMERATION",
        "user": "CodexSandboxOnline",
        "hostname": "Nish",
        "source_ip": "",
        "destination_ip": "",
        "process": "C:\\Windows\\System32\\svchost.exe",
        "file_path": "",
        "severity": "Information",
        "raw_log": "A user's local group membership was enumerated.\r\n\r\nSubject:\r\n\tSecurity ID:\t\tS-1-5-18\r\n\tAccount Name:\t\tNISH$\r\n\tAccount Domain:\t\tWORKGROUP\r\n\tLogon ID:\t\t0x3E7\r\n\r\nUser:\r\n\tSecurity ID:\t\tS-1-5-21-362189039-2697129851-2754481102-1019\r\n\tAccount Name:\t\tCodexSandboxOnline\r\n\tAccount Domain:\t\tNISH\r\n\r\nProcess Information:\r\n\tProcess ID:\t\t0x40c8\r\n\tProcess Name:\t\tC:\\Windows\\System32\\svchost.exe",
        "threat_level": "MEDIUM"
    },
