[
    {
        "record_id": 3513491,
        "timestamp": "2026-07-28T15:58:34.750000+00:00",
        "event_type": "LOGON_SUCCESS",
        "user": "SYSTEM",
        "hostname": "LAPTOP-6BEVVOA4",
        "source_ip": "",
        "destination_ip": "",
        "process": "C:\\Windows\\System32\\services.exe",
        "file_path": "",
        "severity": "Information",
        "raw_log": "An account was successfully logged on.\r\n\r\nSubject:\r\n\tSecurity ID:\t\tS-1-5-18\r\n\tAccount Name:\t\tLAPTOP-6BEVVOA4$\r\n\tAccount Domain:\t\tWORKGROUP\r\n\tLogon ID:\t\t0x3E7\r\n\r\nLogon Information:\r\n\tLogon Type:\t\t5\r\n\tRestricted Admin Mode:\t-\r\n\tRemote Credential Guard:\t-\r\n\tVirtual Account:\t\tNo\r\n\tElevated Token:\t\tYes\r\n\r\nImpersonation Level:\t\tImpersonation\r\n\r\nNew Logon:\r\n\tSecurity ID:\t\tS-1-5-18\r\n\tAccount Name:\t\tSYSTEM\r\n\tAccount Domain:\t\tNT AUTHORITY\r\n\tLogon ID:\t\t0x3E7\r\n\tLinked Logon ID:\t\t0x0\r\n\tNetwork Account Name:\t-\r\n\tNetwork Account Domain:\t-\r\n\tLogon GUID:\t\t{00000000-0000-0000-0000-000000000000}\r\n\r\nProcess Information:\r\n\tProcess ID:\t\t0x570\r\n\tProcess Name:\t\tC:\\Windows\\System32\\services.exe\r\n\r\nNetwork Information:\r\n\tWorkstation Name:\t-\r\n\tSource Network Address:\t-\r\n\tSource Port:\t\t-\r\n\r\nDetailed Authentication Information:\r\n\tLogon Process:\t\tAdvapi  \r\n\tAuthentication Package:\tNegotiate\r\n\tTransited Services:\t-\r\n\tPackage Name (NTLM only):\t-\r\n\tKey Length:\t\t0\r\n\r\nThis event is generated when a logon session is created. It is generated on the computer that was accessed.\r\n\r\nThe subject fields indicate the account on the local system which requested the logon. This is most commonly a service such as the Server service, or a local process such as Winlogon.exe or Services.exe.\r\n\r\nThe logon type field indicates the kind of logon that occurred. The most common types are 2 (interactive) and 3 (network).\r\n\r\nThe New Logon fields indicate the account for whom the new logon was created, i.e. the account that was logged on.\r\n\r\nThe network fields indicate where a remote logon request originated. Workstation name is not always available and may be left blank in some cases.\r\n\r\nThe impersonation level field indicates the extent to which a process in the logon session can impersonate.\r\n\r\nThe authentication information fields provide detailed information about this specific logon request.\r\n\t- Logon GUID is a unique identifier that can be used to correlate this event with a KDC event.\r\n\t- Transited services indicate which intermediate services have participated in this logon request.\r\n\t- Package name indicates which sub-protocol was used among the NTLM protocols.\r\n\t- Key length indicates the length of the generated session key. This will be 0 if no session key was requested.",
        "threat_level": "LOW"
    },
    {
        "record_id": 3513489,
        "timestamp": "2026-07-28T15:56:29.130000+00:00",
        "event_type": "LOGON_SUCCESS",
        "user": "SYSTEM",
        "hostname": "LAPTOP-6BEVVOA4",
        "source_ip": "",
        "destination_ip": "",
        "process": "C:\\Windows\\System32\\services.exe",
        "file_path": "",
        "severity": "Information",
        "raw_log": "An account was successfully logged on.\r\n\r\nSubject:\r\n\tSecurity ID:\t\tS-1-5-18\r\n\tAccount Name:\t\tLAPTOP-6BEVVOA4$\r\n\tAccount Domain:\t\tWORKGROUP\r\n\tLogon ID:\t\t0x3E7\r\n\r\nLogon Information:\r\n\tLogon Type:\t\t5\r\n\tRestricted Admin Mode:\t-\r\n\tRemote Credential Guard:\t-\r\n\tVirtual Account:\t\tNo\r\n\tElevated Token:\t\tYes\r\n\r\nImpersonation Level:\t\tImpersonation\r\n\r\nNew Logon:\r\n\tSecurity ID:\t\tS-1-5-18\r\n\tAccount Name:\t\tSYSTEM\r\n\tAccount Domain:\t\tNT AUTHORITY\r\n\tLogon ID:\t\t0x3E7\r\n\tLinked Logon ID:\t\t0x0\r\n\tNetwork Account Name:\t-\r\n\tNetwork Account Domain:\t-\r\n\tLogon GUID:\t\t{00000000-0000-0000-0000-000000000000}\r\n\r\nProcess Information:\r\n\tProcess ID:\t\t0x570\r\n\tProcess Name:\t\tC:\\Windows\\System32\\services.exe\r\n\r\nNetwork Information:\r\n\tWorkstation Name:\t-\r\n\tSource Network Address:\t-\r\n\tSource Port:\t\t-\r\n\r\nDetailed Authentication Information:\r\n\tLogon Process:\t\tAdvapi  \r\n\tAuthentication Package:\tNegotiate\r\n\tTransited Services:\t-\r\n\tPackage Name (NTLM only):\t-\r\n\tKey Length:\t\t0\r\n\r\nThis event is generated when a logon session is created. It is generated on the computer that was accessed.\r\n\r\nThe subject fields indicate the account on the local system which requested the logon. This is most commonly a service such as the Server service, or a local process such as Winlogon.exe or Services.exe.\r\n\r\nThe logon type field indicates the kind of logon that occurred. The most common types are 2 (interactive) and 3 (network).\r\n\r\nThe New Logon fields indicate the account for whom the new logon was created, i.e. the account that was logged on.\r\n\r\nThe network fields indicate where a remote logon request originated. Workstation name is not always available and may be left blank in some cases.\r\n\r\nThe impersonation level field indicates the extent to which a process in the logon session can impersonate.\r\n\r\nThe authentication information fields provide detailed information about this specific logon request.\r\n\t- Logon GUID is a unique identifier that can be used to correlate this event with a KDC event.\r\n\t- Transited services indicate which intermediate services have participated in this logon request.\r\n\t- Package name indicates which sub-protocol was used among the NTLM protocols.\r\n\t- Key length indicates the length of the generated session key. This will be 0 if no session key was requested.",
        "threat_level": "LOW"
    },
    {
        "record_id": 3513485,
        "timestamp": "2026-07-28T15:52:21.231000+00:00",
        "event_type": "LOGON_SUCCESS",
        "user": "Joel",
        "hostname": "LAPTOP-6BEVVOA4",
        "source_ip": "127.0.0.1",
        "destination_ip": "",
        "process": "C:\\Windows\\System32\\svchost.exe",
        "file_path": "",
        "severity": "Information",
        "raw_log": "An account was successfully logged on.\r\n\r\nSubject:\r\n\tSecurity ID:\t\tS-1-5-18\r\n\tAccount Name:\t\tLAPTOP-6BEVVOA4$\r\n\tAccount Domain:\t\tWORKGROUP\r\n\tLogon ID:\t\t0x3E7\r\n\r\nLogon Information:\r\n\tLogon Type:\t\t2\r\n\tRestricted Admin Mode:\t-\r\n\tRemote Credential Guard:\t-\r\n\tVirtual Account:\t\tNo\r\n\tElevated Token:\t\tNo\r\n\r\nImpersonation Level:\t\tImpersonation\r\n\r\nNew Logon:\r\n\tSecurity ID:\t\tS-1-5-21-2556397086-2396263826-1917990192-1001\r\n\tAccount Name:\t\tJoel\r\n\tAccount Domain:\t\tLAPTOP-6BEVVOA4\r\n\tLogon ID:\t\t0x86BB0AF\r\n\tLinked Logon ID:\t\t0x86BB075\r\n\tNetwork Account Name:\t-\r\n\tNetwork Account Domain:\t-\r\n\tLogon GUID:\t\t{00000000-0000-0000-0000-000000000000}\r\n\r\nProcess Information:\r\n\tProcess ID:\t\t0xaa0\r\n\tProcess Name:\t\tC:\\Windows\\System32\\svchost.exe\r\n\r\nNetwork Information:\r\n\tWorkstation Name:\tLAPTOP-6BEVVOA4\r\n\tSource Network Address:\t127.0.0.1\r\n\tSource Port:\t\t0\r\n\r\nDetailed Authentication Information:\r\n\tLogon Process:\t\tUser32 \r\n\tAuthentication Package:\tNegotiate\r\n\tTransited Services:\t-\r\n\tPackage Name (NTLM only):\t-\r\n\tKey Length:\t\t0\r\n\r\nThis event is generated when a logon session is created. It is generated on the computer that was accessed.\r\n\r\nThe subject fields indicate the account on the local system which requested the logon. This is most commonly a service such as the Server service, or a local process such as Winlogon.exe or Services.exe.\r\n\r\nThe logon type field indicates the kind of logon that occurred. The most common types are 2 (interactive) and 3 (network).\r\n\r\nThe New Logon fields indicate the account for whom the new logon was created, i.e. the account that was logged on.\r\n\r\nThe network fields indicate where a remote logon request originated. Workstation name is not always available and may be left blank in some cases.\r\n\r\nThe impersonation level field indicates the extent to which a process in the logon session can impersonate.\r\n\r\nThe authentication information fields provide detailed information about this specific logon request.\r\n\t- Logon GUID is a unique identifier that can be used to correlate this event with a KDC event.\r\n\t- Transited services indicate which intermediate services have participated in this logon request.\r\n\t- Package name indicates which sub-protocol was used among the NTLM protocols.\r\n\t- Key length indicates the length of the generated session key. This will be 0 if no session key was requested.",
        "threat_level": "LOW"
    },
    {
        "record_id": 3513484,
        "timestamp": "2026-07-28T15:52:21.231000+00:00",
        "event_type": "LOGON_SUCCESS",
        "user": "Joel",
        "hostname": "LAPTOP-6BEVVOA4",
        "source_ip": "127.0.0.1",
        "destination_ip": "",
        "process": "C:\\Windows\\System32\\svchost.exe",
        "file_path": "",
        "severity": "Information",
        "raw_log": "An account was successfully logged on.\r\n\r\nSubject:\r\n\tSecurity ID:\t\tS-1-5-18\r\n\tAccount Name:\t\tLAPTOP-6BEVVOA4$\r\n\tAccount Domain:\t\tWORKGROUP\r\n\tLogon ID:\t\t0x3E7\r\n\r\nLogon Information:\r\n\tLogon Type:\t\t2\r\n\tRestricted Admin Mode:\t-\r\n\tRemote Credential Guard:\t-\r\n\tVirtual Account:\t\tNo\r\n\tElevated Token:\t\tYes\r\n\r\nImpersonation Level:\t\tImpersonation\r\n\r\nNew Logon:\r\n\tSecurity ID:\t\tS-1-5-21-2556397086-2396263826-1917990192-1001\r\n\tAccount Name:\t\tJoel\r\n\tAccount Domain:\t\tLAPTOP-6BEVVOA4\r\n\tLogon ID:\t\t0x86BB075\r\n\tLinked Logon ID:\t\t0x86BB0AF\r\n\tNetwork Account Name:\t-\r\n\tNetwork Account Domain:\t-\r\n\tLogon GUID:\t\t{00000000-0000-0000-0000-000000000000}\r\n\r\nProcess Information:\r\n\tProcess ID:\t\t0xaa0\r\n\tProcess Name:\t\tC:\\Windows\\System32\\svchost.exe\r\n\r\nNetwork Information:\r\n\tWorkstation Name:\tLAPTOP-6BEVVOA4\r\n\tSource Network Address:\t127.0.0.1\r\n\tSource Port:\t\t0\r\n\r\nDetailed Authentication Information:\r\n\tLogon Process:\t\tUser32 \r\n\tAuthentication Package:\tNegotiate\r\n\tTransited Services:\t-\r\n\tPackage Name (NTLM only):\t-\r\n\tKey Length:\t\t0\r\n\r\nThis event is generated when a logon session is created. It is generated on the computer that was accessed.\r\n\r\nThe subject fields indicate the account on the local system which requested the logon. This is most commonly a service such as the Server service, or a local process such as Winlogon.exe or Services.exe.\r\n\r\nThe logon type field indicates the kind of logon that occurred. The most common types are 2 (interactive) and 3 (network).\r\n\r\nThe New Logon fields indicate the account for whom the new logon was created, i.e. the account that was logged on.\r\n\r\nThe network fields indicate where a remote logon request originated. Workstation name is not always available and may be left blank in some cases.\r\n\r\nThe impersonation level field indicates the extent to which a process in the logon session can impersonate.\r\n\r\nThe authentication information fields provide detailed information about this specific logon request.\r\n\t- Logon GUID is a unique identifier that can be used to correlate this event with a KDC event.\r\n\t- Transited services indicate which intermediate services have participated in this logon request.\r\n\t- Package name indicates which sub-protocol was used among the NTLM protocols.\r\n\t- Key length indicates the length of the generated session key. This will be 0 if no session key was requested.",
        "threat_level": "LOW"
    },
    {
        "record_id": 3513482,
        "timestamp": "2026-07-28T15:52:21.207000+00:00",
        "event_type": "LOCAL_GROUP_ENUMERATION",
        "user": "Joel",
        "hostname": "LAPTOP-6BEVVOA4",
        "source_ip": "",
        "destination_ip": "",
        "process": "C:\\Windows\\System32\\lsass.exe",
        "file_path": "",
        "severity": "Information",
        "raw_log": "A user's local group membership was enumerated.\r\n\r\nSubject:\r\n\tSecurity ID:\t\tS-1-5-18\r\n\tAccount Name:\t\tLAPTOP-6BEVVOA4$\r\n\tAccount Domain:\t\tWORKGROUP\r\n\tLogon ID:\t\t0x3E7\r\n\r\nUser:\r\n\tSecurity ID:\t\tS-1-5-21-2556397086-2396263826-1917990192-1001\r\n\tAccount Name:\t\tJoel\r\n\tAccount Domain:\t\tLAPTOP-6BEVVOA4\r\n\r\nProcess Information:\r\n\tProcess ID:\t\t0x58c\r\n\tProcess Name:\t\tC:\\Windows\\System32\\lsass.exe",
        "threat_level": "MEDIUM"
    },
    {
        "record_id": 3513480,
        "timestamp": "2026-07-28T15:52:19.478000+00:00",
        "event_type": "LOGON_SUCCESS",
        "user": "SYSTEM",
        "hostname": "LAPTOP-6BEVVOA4",
        "source_ip": "",
        "destination_ip": "",
        "process": "C:\\Windows\\System32\\services.exe",
        "file_path": "",
        "severity": "Information",
        "raw_log": "An account was successfully logged on.\r\n\r\nSubject:\r\n\tSecurity ID:\t\tS-1-5-18\r\n\tAccount Name:\t\tLAPTOP-6BEVVOA4$\r\n\tAccount Domain:\t\tWORKGROUP\r\n\tLogon ID:\t\t0x3E7\r\n\r\nLogon Information:\r\n\tLogon Type:\t\t5\r\n\tRestricted Admin Mode:\t-\r\n\tRemote Credential Guard:\t-\r\n\tVirtual Account:\t\tNo\r\n\tElevated Token:\t\tYes\r\n\r\nImpersonation Level:\t\tImpersonation\r\n\r\nNew Logon:\r\n\tSecurity ID:\t\tS-1-5-18\r\n\tAccount Name:\t\tSYSTEM\r\n\tAccount Domain:\t\tNT AUTHORITY\r\n\tLogon ID:\t\t0x3E7\r\n\tLinked Logon ID:\t\t0x0\r\n\tNetwork Account Name:\t-\r\n\tNetwork Account Domain:\t-\r\n\tLogon GUID:\t\t{00000000-0000-0000-0000-000000000000}\r\n\r\nProcess Information:\r\n\tProcess ID:\t\t0x570\r\n\tProcess Name:\t\tC:\\Windows\\System32\\services.exe\r\n\r\nNetwork Information:\r\n\tWorkstation Name:\t-\r\n\tSource Network Address:\t-\r\n\tSource Port:\t\t-\r\n\r\nDetailed Authentication Information:\r\n\tLogon Process:\t\tAdvapi  \r\n\tAuthentication Package:\tNegotiate\r\n\tTransited Services:\t-\r\n\tPackage Name (NTLM only):\t-\r\n\tKey Length:\t\t0\r\n\r\nThis event is generated when a logon session is created. It is generated on the computer that was accessed.\r\n\r\nThe subject fields indicate the account on the local system which requested the logon. This is most commonly a service such as the Server service, or a local process such as Winlogon.exe or Services.exe.\r\n\r\nThe logon type field indicates the kind of logon that occurred. The most common types are 2 (interactive) and 3 (network).\r\n\r\nThe New Logon fields indicate the account for whom the new logon was created, i.e. the account that was logged on.\r\n\r\nThe network fields indicate where a remote logon request originated. Workstation name is not always available and may be left blank in some cases.\r\n\r\nThe impersonation level field indicates the extent to which a process in the logon session can impersonate.\r\n\r\nThe authentication information fields provide detailed information about this specific logon request.\r\n\t- Logon GUID is a unique identifier that can be used to correlate this event with a KDC event.\r\n\t- Transited services indicate which intermediate services have participated in this logon request.\r\n\t- Package name indicates which sub-protocol was used among the NTLM protocols.\r\n\t- Key length indicates the length of the generated session key. This will be 0 if no session key was requested.",
        "threat_level": "LOW"
    },
    {
        "record_id": 3513479,
        "timestamp": "2026-07-28T15:52:17.489000+00:00",
        "event_type": "LOCAL_GROUP_ENUMERATION",
        "user": "Joel",
        "hostname": "LAPTOP-6BEVVOA4",
        "source_ip": "",
        "destination_ip": "",
        "process": "C:\\Windows\\System32\\LogonUI.exe",
        "file_path": "",
        "severity": "Information",
        "raw_log": "A user's local group membership was enumerated.\r\n\r\nSubject:\r\n\tSecurity ID:\t\tS-1-5-18\r\n\tAccount Name:\t\tLAPTOP-6BEVVOA4$\r\n\tAccount Domain:\t\tWORKGROUP\r\n\tLogon ID:\t\t0x3E7\r\n\r\nUser:\r\n\tSecurity ID:\t\tS-1-5-21-2556397086-2396263826-1917990192-1001\r\n\tAccount Name:\t\tJoel\r\n\tAccount Domain:\t\tLAPTOP-6BEVVOA4\r\n\r\nProcess Information:\r\n\tProcess ID:\t\t0xcc20\r\n\tProcess Name:\t\tC:\\Windows\\System32\\LogonUI.exe",
        "threat_level": "MEDIUM"
    },
    {
        "record_id": 3513477,
        "timestamp": "2026-07-28T15:52:16.966000+00:00",
        "event_type": "LOGON_SUCCESS",
        "user": "SYSTEM",
        "hostname": "LAPTOP-6BEVVOA4",
        "source_ip": "",
        "destination_ip": "",
        "process": "C:\\Windows\\System32\\services.exe",
        "file_path": "",
        "severity": "Information",
        "raw_log": "An account was successfully logged on.\r\n\r\nSubject:\r\n\tSecurity ID:\t\tS-1-5-18\r\n\tAccount Name:\t\tLAPTOP-6BEVVOA4$\r\n\tAccount Domain:\t\tWORKGROUP\r\n\tLogon ID:\t\t0x3E7\r\n\r\nLogon Information:\r\n\tLogon Type:\t\t5\r\n\tRestricted Admin Mode:\t-\r\n\tRemote Credential Guard:\t-\r\n\tVirtual Account:\t\tNo\r\n\tElevated Token:\t\tYes\r\n\r\nImpersonation Level:\t\tImpersonation\r\n\r\nNew Logon:\r\n\tSecurity ID:\t\tS-1-5-18\r\n\tAccount Name:\t\tSYSTEM\r\n\tAccount Domain:\t\tNT AUTHORITY\r\n\tLogon ID:\t\t0x3E7\r\n\tLinked Logon ID:\t\t0x0\r\n\tNetwork Account Name:\t-\r\n\tNetwork Account Domain:\t-\r\n\tLogon GUID:\t\t{00000000-0000-0000-0000-000000000000}\r\n\r\nProcess Information:\r\n\tProcess ID:\t\t0x570\r\n\tProcess Name:\t\tC:\\Windows\\System32\\services.exe\r\n\r\nNetwork Information:\r\n\tWorkstation Name:\t-\r\n\tSource Network Address:\t-\r\n\tSource Port:\t\t-\r\n\r\nDetailed Authentication Information:\r\n\tLogon Process:\t\tAdvapi  \r\n\tAuthentication Package:\tNegotiate\r\n\tTransited Services:\t-\r\n\tPackage Name (NTLM only):\t-\r\n\tKey Length:\t\t0\r\n\r\nThis event is generated when a logon session is created. It is generated on the computer that was accessed.\r\n\r\nThe subject fields indicate the account on the local system which requested the logon. This is most commonly a service such as the Server service, or a local process such as Winlogon.exe or Services.exe.\r\n\r\nThe logon type field indicates the kind of logon that occurred. The most common types are 2 (interactive) and 3 (network).\r\n\r\nThe New Logon fields indicate the account for whom the new logon was created, i.e. the account that was logged on.\r\n\r\nThe network fields indicate where a remote logon request originated. Workstation name is not always available and may be left blank in some cases.\r\n\r\nThe impersonation level field indicates the extent to which a process in the logon session can impersonate.\r\n\r\nThe authentication information fields provide detailed information about this specific logon request.\r\n\t- Logon GUID is a unique identifier that can be used to correlate this event with a KDC event.\r\n\t- Transited services indicate which intermediate services have participated in this logon request.\r\n\t- Package name indicates which sub-protocol was used among the NTLM protocols.\r\n\t- Key length indicates the length of the generated session key. This will be 0 if no session key was requested.",
        "threat_level": "LOW"
    },
    {
        "record_id": 3513382,
        "timestamp": "2026-07-28T15:50:08.241000+00:00",
        "event_type": "LOGON_SUCCESS",
        "user": "SYSTEM",
        "hostname": "LAPTOP-6BEVVOA4",
        "source_ip": "",
        "destination_ip": "",
        "process": "C:\\Windows\\System32\\services.exe",
        "file_path": "",
        "severity": "Information",
        "raw_log": "An account was successfully logged on.\r\n\r\nSubject:\r\n\tSecurity ID:\t\tS-1-5-18\r\n\tAccount Name:\t\tLAPTOP-6BEVVOA4$\r\n\tAccount Domain:\t\tWORKGROUP\r\n\tLogon ID:\t\t0x3E7\r\n\r\nLogon Information:\r\n\tLogon Type:\t\t5\r\n\tRestricted Admin Mode:\t-\r\n\tRemote Credential Guard:\t-\r\n\tVirtual Account:\t\tNo\r\n\tElevated Token:\t\tYes\r\n\r\nImpersonation Level:\t\tImpersonation\r\n\r\nNew Logon:\r\n\tSecurity ID:\t\tS-1-5-18\r\n\tAccount Name:\t\tSYSTEM\r\n\tAccount Domain:\t\tNT AUTHORITY\r\n\tLogon ID:\t\t0x3E7\r\n\tLinked Logon ID:\t\t0x0\r\n\tNetwork Account Name:\t-\r\n\tNetwork Account Domain:\t-\r\n\tLogon GUID:\t\t{00000000-0000-0000-0000-000000000000}\r\n\r\nProcess Information:\r\n\tProcess ID:\t\t0x570\r\n\tProcess Name:\t\tC:\\Windows\\System32\\services.exe\r\n\r\nNetwork Information:\r\n\tWorkstation Name:\t-\r\n\tSource Network Address:\t-\r\n\tSource Port:\t\t-\r\n\r\nDetailed Authentication Information:\r\n\tLogon Process:\t\tAdvapi  \r\n\tAuthentication Package:\tNegotiate\r\n\tTransited Services:\t-\r\n\tPackage Name (NTLM only):\t-\r\n\tKey Length:\t\t0\r\n\r\nThis event is generated when a logon session is created. It is generated on the computer that was accessed.\r\n\r\nThe subject fields indicate the account on the local system which requested the logon. This is most commonly a service such as the Server service, or a local process such as Winlogon.exe or Services.exe.\r\n\r\nThe logon type field indicates the kind of logon that occurred. The most common types are 2 (interactive) and 3 (network).\r\n\r\nThe New Logon fields indicate the account for whom the new logon was created, i.e. the account that was logged on.\r\n\r\nThe network fields indicate where a remote logon request originated. Workstation name is not always available and may be left blank in some cases.\r\n\r\nThe impersonation level field indicates the extent to which a process in the logon session can impersonate.\r\n\r\nThe authentication information fields provide detailed information about this specific logon request.\r\n\t- Logon GUID is a unique identifier that can be used to correlate this event with a KDC event.\r\n\t- Transited services indicate which intermediate services have participated in this logon request.\r\n\t- Package name indicates which sub-protocol was used among the NTLM protocols.\r\n\t- Key length indicates the length of the generated session key. This will be 0 if no session key was requested.",
        "threat_level": "LOW"
    },
    {
        "record_id": 3513236,
        "timestamp": "2026-07-28T15:43:30.922000+00:00",
        "event_type": "LOGON_SUCCESS",
        "user": "SYSTEM",
        "hostname": "LAPTOP-6BEVVOA4",
        "source_ip": "",
        "destination_ip": "",
        "process": "C:\\Windows\\System32\\services.exe",
        "file_path": "",
        "severity": "Information",
        "raw_log": "An account was successfully logged on.\r\n\r\nSubject:\r\n\tSecurity ID:\t\tS-1-5-18\r\n\tAccount Name:\t\tLAPTOP-6BEVVOA4$\r\n\tAccount Domain:\t\tWORKGROUP\r\n\tLogon ID:\t\t0x3E7\r\n\r\nLogon Information:\r\n\tLogon Type:\t\t5\r\n\tRestricted Admin Mode:\t-\r\n\tRemote Credential Guard:\t-\r\n\tVirtual Account:\t\tNo\r\n\tElevated Token:\t\tYes\r\n\r\nImpersonation Level:\t\tImpersonation\r\n\r\nNew Logon:\r\n\tSecurity ID:\t\tS-1-5-18\r\n\tAccount Name:\t\tSYSTEM\r\n\tAccount Domain:\t\tNT AUTHORITY\r\n\tLogon ID:\t\t0x3E7\r\n\tLinked Logon ID:\t\t0x0\r\n\tNetwork Account Name:\t-\r\n\tNetwork Account Domain:\t-\r\n\tLogon GUID:\t\t{00000000-0000-0000-0000-000000000000}\r\n\r\nProcess Information:\r\n\tProcess ID:\t\t0x570\r\n\tProcess Name:\t\tC:\\Windows\\System32\\services.exe\r\n\r\nNetwork Information:\r\n\tWorkstation Name:\t-\r\n\tSource Network Address:\t-\r\n\tSource Port:\t\t-\r\n\r\nDetailed Authentication Information:\r\n\tLogon Process:\t\tAdvapi  \r\n\tAuthentication Package:\tNegotiate\r\n\tTransited Services:\t-\r\n\tPackage Name (NTLM only):\t-\r\n\tKey Length:\t\t0\r\n\r\nThis event is generated when a logon session is created. It is generated on the computer that was accessed.\r\n\r\nThe subject fields indicate the account on the local system which requested the logon. This is most commonly a service such as the Server service, or a local process such as Winlogon.exe or Services.exe.\r\n\r\nThe logon type field indicates the kind of logon that occurred. The most common types are 2 (interactive) and 3 (network).\r\n\r\nThe New Logon fields indicate the account for whom the new logon was created, i.e. the account that was logged on.\r\n\r\nThe network fields indicate where a remote logon request originated. Workstation name is not always available and may be left blank in some cases.\r\n\r\nThe impersonation level field indicates the extent to which a process in the logon session can impersonate.\r\n\r\nThe authentication information fields provide detailed information about this specific logon request.\r\n\t- Logon GUID is a unique identifier that can be used to correlate this event with a KDC event.\r\n\t- Transited services indicate which intermediate services have participated in this logon request.\r\n\t- Package name indicates which sub-protocol was used among the NTLM protocols.\r\n\t- Key length indicates the length of the generated session key. This will be 0 if no session key was requested.",
        "threat_level": "LOW"
    },
    {
        "record_id": 3513128,
        "timestamp": "2026-07-28T15:41:29.046000+00:00",
        "event_type": "LOGON_SUCCESS",
        "user": "SYSTEM",
        "hostname": "LAPTOP-6BEVVOA4",
        "source_ip": "",
        "destination_ip": "",
        "process": "C:\\Windows\\System32\\services.exe",
        "file_path": "",
        "severity": "Information",
        "raw_log": "An account was successfully logged on.\r\n\r\nSubject:\r\n\tSecurity ID:\t\tS-1-5-18\r\n\tAccount Name:\t\tLAPTOP-6BEVVOA4$\r\n\tAccount Domain:\t\tWORKGROUP\r\n\tLogon ID:\t\t0x3E7\r\n\r\nLogon Information:\r\n\tLogon Type:\t\t5\r\n\tRestricted Admin Mode:\t-\r\n\tRemote Credential Guard:\t-\r\n\tVirtual Account:\t\tNo\r\n\tElevated Token:\t\tYes\r\n\r\nImpersonation Level:\t\tImpersonation\r\n\r\nNew Logon:\r\n\tSecurity ID:\t\tS-1-5-18\r\n\tAccount Name:\t\tSYSTEM\r\n\tAccount Domain:\t\tNT AUTHORITY\r\n\tLogon ID:\t\t0x3E7\r\n\tLinked Logon ID:\t\t0x0\r\n\tNetwork Account Name:\t-\r\n\tNetwork Account Domain:\t-\r\n\tLogon GUID:\t\t{00000000-0000-0000-0000-000000000000}\r\n\r\nProcess Information:\r\n\tProcess ID:\t\t0x570\r\n\tProcess Name:\t\tC:\\Windows\\System32\\services.exe\r\n\r\nNetwork Information:\r\n\tWorkstation Name:\t-\r\n\tSource Network Address:\t-\r\n\tSource Port:\t\t-\r\n\r\nDetailed Authentication Information:\r\n\tLogon Process:\t\tAdvapi  \r\n\tAuthentication Package:\tNegotiate\r\n\tTransited Services:\t-\r\n\tPackage Name (NTLM only):\t-\r\n\tKey Length:\t\t0\r\n\r\nThis event is generated when a logon session is created. It is generated on the computer that was accessed.\r\n\r\nThe subject fields indicate the account on the local system which requested the logon. This is most commonly a service such as the Server service, or a local process such as Winlogon.exe or Services.exe.\r\n\r\nThe logon type field indicates the kind of logon that occurred. The most common types are 2 (interactive) and 3 (network).\r\n\r\nThe New Logon fields indicate the account for whom the new logon was created, i.e. the account that was logged on.\r\n\r\nThe network fields indicate where a remote logon request originated. Workstation name is not always available and may be left blank in some cases.\r\n\r\nThe impersonation level field indicates the extent to which a process in the logon session can impersonate.\r\n\r\nThe authentication information fields provide detailed information about this specific logon request.\r\n\t- Logon GUID is a unique identifier that can be used to correlate this event with a KDC event.\r\n\t- Transited services indicate which intermediate services have participated in this logon request.\r\n\t- Package name indicates which sub-protocol was used among the NTLM protocols.\r\n\t- Key length indicates the length of the generated session key. This will be 0 if no session key was requested.",
        "threat_level": "LOW"
    },
    {
        "record_id": 3513127,
        "timestamp": "2026-07-28T15:41:04.757000+00:00",
        "event_type": "LOCAL_GROUP_ENUMERATION",
        "user": "Joel",
        "hostname": "LAPTOP-6BEVVOA4",
        "source_ip": "",
        "destination_ip": "",
        "process": "C:\\Windows\\System32\\svchost.exe",
        "file_path": "",
        "severity": "Information",
        "raw_log": "A user's local group membership was enumerated.\r\n\r\nSubject:\r\n\tSecurity ID:\t\tS-1-5-18\r\n\tAccount Name:\t\tLAPTOP-6BEVVOA4$\r\n\tAccount Domain:\t\tWORKGROUP\r\n\tLogon ID:\t\t0x3E7\r\n\r\nUser:\r\n\tSecurity ID:\t\tS-1-5-21-2556397086-2396263826-1917990192-1001\r\n\tAccount Name:\t\tJoel\r\n\tAccount Domain:\t\tLAPTOP-6BEVVOA4\r\n\r\nProcess Information:\r\n\tProcess ID:\t\t0x4560\r\n\tProcess Name:\t\tC:\\Windows\\System32\\svchost.exe",
        "threat_level": "MEDIUM"
    },
    {
        "record_id": 3513126,
        "timestamp": "2026-07-28T15:41:04.756000+00:00",
        "event_type": "LOCAL_GROUP_ENUMERATION",
        "user": "Guest",
        "hostname": "LAPTOP-6BEVVOA4",
        "source_ip": "",
        "destination_ip": "",
        "process": "C:\\Windows\\System32\\svchost.exe",
        "file_path": "",
        "severity": "Information",
        "raw_log": "A user's local group membership was enumerated.\r\n\r\nSubject:\r\n\tSecurity ID:\t\tS-1-5-18\r\n\tAccount Name:\t\tLAPTOP-6BEVVOA4$\r\n\tAccount Domain:\t\tWORKGROUP\r\n\tLogon ID:\t\t0x3E7\r\n\r\nUser:\r\n\tSecurity ID:\t\tS-1-5-21-2556397086-2396263826-1917990192-501\r\n\tAccount Name:\t\tGuest\r\n\tAccount Domain:\t\tLAPTOP-6BEVVOA4\r\n\r\nProcess Information:\r\n\tProcess ID:\t\t0x4560\r\n\tProcess Name:\t\tC:\\Windows\\System32\\svchost.exe",
        "threat_level": "MEDIUM"
    },
    {
        "record_id": 3513125,
        "timestamp": "2026-07-28T15:41:04.755000+00:00",
        "event_type": "LOCAL_GROUP_ENUMERATION",
        "user": "DefaultAccount",
        "hostname": "LAPTOP-6BEVVOA4",
        "source_ip": "",
        "destination_ip": "",
        "process": "C:\\Windows\\System32\\svchost.exe",
        "file_path": "",
        "severity": "Information",
        "raw_log": "A user's local group membership was enumerated.\r\n\r\nSubject:\r\n\tSecurity ID:\t\tS-1-5-18\r\n\tAccount Name:\t\tLAPTOP-6BEVVOA4$\r\n\tAccount Domain:\t\tWORKGROUP\r\n\tLogon ID:\t\t0x3E7\r\n\r\nUser:\r\n\tSecurity ID:\t\tS-1-5-21-2556397086-2396263826-1917990192-503\r\n\tAccount Name:\t\tDefaultAccount\r\n\tAccount Domain:\t\tLAPTOP-6BEVVOA4\r\n\r\nProcess Information:\r\n\tProcess ID:\t\t0x4560\r\n\tProcess Name:\t\tC:\\Windows\\System32\\svchost.exe",
        "threat_level": "MEDIUM"
    },
    {
        "record_id": 3513124,
        "timestamp": "2026-07-28T15:41:04.754000+00:00",
        "event_type": "LOCAL_GROUP_ENUMERATION",
        "user": "Administrator",
        "hostname": "LAPTOP-6BEVVOA4",
        "source_ip": "",
        "destination_ip": "",
        "process": "C:\\Windows\\System32\\svchost.exe",
        "file_path": "",
        "severity": "Information",
        "raw_log": "A user's local group membership was enumerated.\r\n\r\nSubject:\r\n\tSecurity ID:\t\tS-1-5-18\r\n\tAccount Name:\t\tLAPTOP-6BEVVOA4$\r\n\tAccount Domain:\t\tWORKGROUP\r\n\tLogon ID:\t\t0x3E7\r\n\r\nUser:\r\n\tSecurity ID:\t\tS-1-5-21-2556397086-2396263826-1917990192-500\r\n\tAccount Name:\t\tAdministrator\r\n\tAccount Domain:\t\tLAPTOP-6BEVVOA4\r\n\r\nProcess Information:\r\n\tProcess ID:\t\t0x4560\r\n\tProcess Name:\t\tC:\\Windows\\System32\\svchost.exe",
        "threat_level": "MEDIUM"
    },
    {
        "record_id": 3513123,
        "timestamp": "2026-07-28T15:41:04.749000+00:00",
        "event_type": "LOCAL_GROUP_ENUMERATION",
        "user": "Joel",
        "hostname": "LAPTOP-6BEVVOA4",
        "source_ip": "",
        "destination_ip": "",
        "process": "C:\\Windows\\System32\\svchost.exe",
        "file_path": "",
        "severity": "Information",
        "raw_log": "A user's local group membership was enumerated.\r\n\r\nSubject:\r\n\tSecurity ID:\t\tS-1-5-18\r\n\tAccount Name:\t\tLAPTOP-6BEVVOA4$\r\n\tAccount Domain:\t\tWORKGROUP\r\n\tLogon ID:\t\t0x3E7\r\n\r\nUser:\r\n\tSecurity ID:\t\tS-1-5-21-2556397086-2396263826-1917990192-1001\r\n\tAccount Name:\t\tJoel\r\n\tAccount Domain:\t\tLAPTOP-6BEVVOA4\r\n\r\nProcess Information:\r\n\tProcess ID:\t\t0x4560\r\n\tProcess Name:\t\tC:\\Windows\\System32\\svchost.exe",
        "threat_level": "MEDIUM"
    },
    {
        "record_id": 3513122,
        "timestamp": "2026-07-28T15:41:04.747000+00:00",
        "event_type": "LOCAL_GROUP_ENUMERATION",
        "user": "Guest",
        "hostname": "LAPTOP-6BEVVOA4",
        "source_ip": "",
        "destination_ip": "",
        "process": "C:\\Windows\\System32\\svchost.exe",
        "file_path": "",
        "severity": "Information",
        "raw_log": "A user's local group membership was enumerated.\r\n\r\nSubject:\r\n\tSecurity ID:\t\tS-1-5-18\r\n\tAccount Name:\t\tLAPTOP-6BEVVOA4$\r\n\tAccount Domain:\t\tWORKGROUP\r\n\tLogon ID:\t\t0x3E7\r\n\r\nUser:\r\n\tSecurity ID:\t\tS-1-5-21-2556397086-2396263826-1917990192-501\r\n\tAccount Name:\t\tGuest\r\n\tAccount Domain:\t\tLAPTOP-6BEVVOA4\r\n\r\nProcess Information:\r\n\tProcess ID:\t\t0x4560\r\n\tProcess Name:\t\tC:\\Windows\\System32\\svchost.exe",
        "threat_level": "MEDIUM"
    },
    {
        "record_id": 3513121,
        "timestamp": "2026-07-28T15:41:04.746000+00:00",
        "event_type": "LOCAL_GROUP_ENUMERATION",
        "user": "DefaultAccount",
        "hostname": "LAPTOP-6BEVVOA4",
        "source_ip": "",
        "destination_ip": "",
        "process": "C:\\Windows\\System32\\svchost.exe",
        "file_path": "",
        "severity": "Information",
        "raw_log": "A user's local group membership was enumerated.\r\n\r\nSubject:\r\n\tSecurity ID:\t\tS-1-5-18\r\n\tAccount Name:\t\tLAPTOP-6BEVVOA4$\r\n\tAccount Domain:\t\tWORKGROUP\r\n\tLogon ID:\t\t0x3E7\r\n\r\nUser:\r\n\tSecurity ID:\t\tS-1-5-21-2556397086-2396263826-1917990192-503\r\n\tAccount Name:\t\tDefaultAccount\r\n\tAccount Domain:\t\tLAPTOP-6BEVVOA4\r\n\r\nProcess Information:\r\n\tProcess ID:\t\t0x4560\r\n\tProcess Name:\t\tC:\\Windows\\System32\\svchost.exe",
        "threat_level": "MEDIUM"
    },
    {
        "record_id": 3513120,
        "timestamp": "2026-07-28T15:41:04.744000+00:00",
        "event_type": "LOCAL_GROUP_ENUMERATION",
        "user": "Administrator",
        "hostname": "LAPTOP-6BEVVOA4",
        "source_ip": "",
        "destination_ip": "",
        "process": "C:\\Windows\\System32\\svchost.exe",
        "file_path": "",
        "severity": "Information",
        "raw_log": "A user's local group membership was enumerated.\r\n\r\nSubject:\r\n\tSecurity ID:\t\tS-1-5-18\r\n\tAccount Name:\t\tLAPTOP-6BEVVOA4$\r\n\tAccount Domain:\t\tWORKGROUP\r\n\tLogon ID:\t\t0x3E7\r\n\r\nUser:\r\n\tSecurity ID:\t\tS-1-5-21-2556397086-2396263826-1917990192-500\r\n\tAccount Name:\t\tAdministrator\r\n\tAccount Domain:\t\tLAPTOP-6BEVVOA4\r\n\r\nProcess Information:\r\n\tProcess ID:\t\t0x4560\r\n\tProcess Name:\t\tC:\\Windows\\System32\\svchost.exe",
        "threat_level": "MEDIUM"
    },
    {
        "record_id": 3513119,
        "timestamp": "2026-07-28T15:41:04.737000+00:00",
        "event_type": "LOCAL_GROUP_ENUMERATION",
        "user": "Joel",
        "hostname": "LAPTOP-6BEVVOA4",
        "source_ip": "",
        "destination_ip": "",
        "process": "C:\\Windows\\System32\\svchost.exe",
        "file_path": "",
        "severity": "Information",
        "raw_log": "A user's local group membership was enumerated.\r\n\r\nSubject:\r\n\tSecurity ID:\t\tS-1-5-18\r\n\tAccount Name:\t\tLAPTOP-6BEVVOA4$\r\n\tAccount Domain:\t\tWORKGROUP\r\n\tLogon ID:\t\t0x3E7\r\n\r\nUser:\r\n\tSecurity ID:\t\tS-1-5-21-2556397086-2396263826-1917990192-1001\r\n\tAccount Name:\t\tJoel\r\n\tAccount Domain:\t\tLAPTOP-6BEVVOA4\r\n\r\nProcess Information:\r\n\tProcess ID:\t\t0x4560\r\n\tProcess Name:\t\tC:\\Windows\\System32\\svchost.exe",
        "threat_level": "MEDIUM"
    },
    {
        "record_id": 3513118,
        "timestamp": "2026-07-28T15:41:04.736000+00:00",
        "event_type": "LOCAL_GROUP_ENUMERATION",
        "user": "Guest",
        "hostname": "LAPTOP-6BEVVOA4",
        "source_ip": "",
        "destination_ip": "",
        "process": "C:\\Windows\\System32\\svchost.exe",
        "file_path": "",
        "severity": "Information",
        "raw_log": "A user's local group membership was enumerated.\r\n\r\nSubject:\r\n\tSecurity ID:\t\tS-1-5-18\r\n\tAccount Name:\t\tLAPTOP-6BEVVOA4$\r\n\tAccount Domain:\t\tWORKGROUP\r\n\tLogon ID:\t\t0x3E7\r\n\r\nUser:\r\n\tSecurity ID:\t\tS-1-5-21-2556397086-2396263826-1917990192-501\r\n\tAccount Name:\t\tGuest\r\n\tAccount Domain:\t\tLAPTOP-6BEVVOA4\r\n\r\nProcess Information:\r\n\tProcess ID:\t\t0x4560\r\n\tProcess Name:\t\tC:\\Windows\\System32\\svchost.exe",
        "threat_level": "MEDIUM"
    },
    {
        "record_id": 3513117,
        "timestamp": "2026-07-28T15:41:04.735000+00:00",
        "event_type": "LOCAL_GROUP_ENUMERATION",
        "user": "DefaultAccount",
        "hostname": "LAPTOP-6BEVVOA4",
        "source_ip": "",
        "destination_ip": "",
        "process": "C:\\Windows\\System32\\svchost.exe",
        "file_path": "",
        "severity": "Information",
        "raw_log": "A user's local group membership was enumerated.\r\n\r\nSubject:\r\n\tSecurity ID:\t\tS-1-5-18\r\n\tAccount Name:\t\tLAPTOP-6BEVVOA4$\r\n\tAccount Domain:\t\tWORKGROUP\r\n\tLogon ID:\t\t0x3E7\r\n\r\nUser:\r\n\tSecurity ID:\t\tS-1-5-21-2556397086-2396263826-1917990192-503\r\n\tAccount Name:\t\tDefaultAccount\r\n\tAccount Domain:\t\tLAPTOP-6BEVVOA4\r\n\r\nProcess Information:\r\n\tProcess ID:\t\t0x4560\r\n\tProcess Name:\t\tC:\\Windows\\System32\\svchost.exe",
        "threat_level": "MEDIUM"
    },
    {
        "record_id": 3513116,
        "timestamp": "2026-07-28T15:41:04.734000+00:00",
        "event_type": "LOCAL_GROUP_ENUMERATION",
        "user": "Administrator",
        "hostname": "LAPTOP-6BEVVOA4",
        "source_ip": "",
        "destination_ip": "",
        "process": "C:\\Windows\\System32\\svchost.exe",
        "file_path": "",
        "severity": "Information",
        "raw_log": "A user's local group membership was enumerated.\r\n\r\nSubject:\r\n\tSecurity ID:\t\tS-1-5-18\r\n\tAccount Name:\t\tLAPTOP-6BEVVOA4$\r\n\tAccount Domain:\t\tWORKGROUP\r\n\tLogon ID:\t\t0x3E7\r\n\r\nUser:\r\n\tSecurity ID:\t\tS-1-5-21-2556397086-2396263826-1917990192-500\r\n\tAccount Name:\t\tAdministrator\r\n\tAccount Domain:\t\tLAPTOP-6BEVVOA4\r\n\r\nProcess Information:\r\n\tProcess ID:\t\t0x4560\r\n\tProcess Name:\t\tC:\\Windows\\System32\\svchost.exe",
        "threat_level": "MEDIUM"
    },
    {
        "record_id": 3513115,
        "timestamp": "2026-07-28T15:41:04.729000+00:00",
        "event_type": "LOCAL_GROUP_ENUMERATION",
        "user": "Joel",
        "hostname": "LAPTOP-6BEVVOA4",
        "source_ip": "",
        "destination_ip": "",
        "process": "C:\\Windows\\System32\\svchost.exe",
        "file_path": "",
        "severity": "Information",
        "raw_log": "A user's local group membership was enumerated.\r\n\r\nSubject:\r\n\tSecurity ID:\t\tS-1-5-18\r\n\tAccount Name:\t\tLAPTOP-6BEVVOA4$\r\n\tAccount Domain:\t\tWORKGROUP\r\n\tLogon ID:\t\t0x3E7\r\n\r\nUser:\r\n\tSecurity ID:\t\tS-1-5-21-2556397086-2396263826-1917990192-1001\r\n\tAccount Name:\t\tJoel\r\n\tAccount Domain:\t\tLAPTOP-6BEVVOA4\r\n\r\nProcess Information:\r\n\tProcess ID:\t\t0x4560\r\n\tProcess Name:\t\tC:\\Windows\\System32\\svchost.exe",
        "threat_level": "MEDIUM"
    },
    {
        "record_id": 3513114,
        "timestamp": "2026-07-28T15:41:04.727000+00:00",
        "event_type": "LOCAL_GROUP_ENUMERATION",
        "user": "Guest",
        "hostname": "LAPTOP-6BEVVOA4",
        "source_ip": "",
        "destination_ip": "",
        "process": "C:\\Windows\\System32\\svchost.exe",
        "file_path": "",
        "severity": "Information",
        "raw_log": "A user's local group membership was enumerated.\r\n\r\nSubject:\r\n\tSecurity ID:\t\tS-1-5-18\r\n\tAccount Name:\t\tLAPTOP-6BEVVOA4$\r\n\tAccount Domain:\t\tWORKGROUP\r\n\tLogon ID:\t\t0x3E7\r\n\r\nUser:\r\n\tSecurity ID:\t\tS-1-5-21-2556397086-2396263826-1917990192-501\r\n\tAccount Name:\t\tGuest\r\n\tAccount Domain:\t\tLAPTOP-6BEVVOA4\r\n\r\nProcess Information:\r\n\tProcess ID:\t\t0x4560\r\n\tProcess Name:\t\tC:\\Windows\\System32\\svchost.exe",
        "threat_level": "MEDIUM"
    },
    {
        "record_id": 3513113,
        "timestamp": "2026-07-28T15:41:04.726000+00:00",
        "event_type": "LOCAL_GROUP_ENUMERATION",
        "user": "DefaultAccount",
        "hostname": "LAPTOP-6BEVVOA4",
        "source_ip": "",
        "destination_ip": "",
        "process": "C:\\Windows\\System32\\svchost.exe",
        "file_path": "",
        "severity": "Information",
        "raw_log": "A user's local group membership was enumerated.\r\n\r\nSubject:\r\n\tSecurity ID:\t\tS-1-5-18\r\n\tAccount Name:\t\tLAPTOP-6BEVVOA4$\r\n\tAccount Domain:\t\tWORKGROUP\r\n\tLogon ID:\t\t0x3E7\r\n\r\nUser:\r\n\tSecurity ID:\t\tS-1-5-21-2556397086-2396263826-1917990192-503\r\n\tAccount Name:\t\tDefaultAccount\r\n\tAccount Domain:\t\tLAPTOP-6BEVVOA4\r\n\r\nProcess Information:\r\n\tProcess ID:\t\t0x4560\r\n\tProcess Name:\t\tC:\\Windows\\System32\\svchost.exe",
        "threat_level": "MEDIUM"
    },
    {
        "record_id": 3513112,
        "timestamp": "2026-07-28T15:41:04.724000+00:00",
        "event_type": "LOCAL_GROUP_ENUMERATION",
        "user": "Administrator",
        "hostname": "LAPTOP-6BEVVOA4",
        "source_ip": "",
        "destination_ip": "",
        "process": "C:\\Windows\\System32\\svchost.exe",
        "file_path": "",
        "severity": "Information",
        "raw_log": "A user's local group membership was enumerated.\r\n\r\nSubject:\r\n\tSecurity ID:\t\tS-1-5-18\r\n\tAccount Name:\t\tLAPTOP-6BEVVOA4$\r\n\tAccount Domain:\t\tWORKGROUP\r\n\tLogon ID:\t\t0x3E7\r\n\r\nUser:\r\n\tSecurity ID:\t\tS-1-5-21-2556397086-2396263826-1917990192-500\r\n\tAccount Name:\t\tAdministrator\r\n\tAccount Domain:\t\tLAPTOP-6BEVVOA4\r\n\r\nProcess Information:\r\n\tProcess ID:\t\t0x4560\r\n\tProcess Name:\t\tC:\\Windows\\System32\\svchost.exe",
        "threat_level": "MEDIUM"
    },
    {
        "record_id": 3513111,
        "timestamp": "2026-07-28T15:40:59.327000+00:00",
        "event_type": "LOCAL_GROUP_ENUMERATION",
        "user": "Joel",
        "hostname": "LAPTOP-6BEVVOA4",
        "source_ip": "",
        "destination_ip": "",
        "process": "C:\\Windows\\System32\\svchost.exe",
        "file_path": "",
        "severity": "Information",
        "raw_log": "A user's local group membership was enumerated.\r\n\r\nSubject:\r\n\tSecurity ID:\t\tS-1-5-18\r\n\tAccount Name:\t\tLAPTOP-6BEVVOA4$\r\n\tAccount Domain:\t\tWORKGROUP\r\n\tLogon ID:\t\t0x3E7\r\n\r\nUser:\r\n\tSecurity ID:\t\tS-1-5-21-2556397086-2396263826-1917990192-1001\r\n\tAccount Name:\t\tJoel\r\n\tAccount Domain:\t\tLAPTOP-6BEVVOA4\r\n\r\nProcess Information:\r\n\tProcess ID:\t\t0x4560\r\n\tProcess Name:\t\tC:\\Windows\\System32\\svchost.exe",
        "threat_level": "MEDIUM"
    },
    {
        "record_id": 3513110,
        "timestamp": "2026-07-28T15:40:59.326000+00:00",
        "event_type": "LOCAL_GROUP_ENUMERATION",
        "user": "Guest",
        "hostname": "LAPTOP-6BEVVOA4",
        "source_ip": "",
        "destination_ip": "",
        "process": "C:\\Windows\\System32\\svchost.exe",
        "file_path": "",
        "severity": "Information",
        "raw_log": "A user's local group membership was enumerated.\r\n\r\nSubject:\r\n\tSecurity ID:\t\tS-1-5-18\r\n\tAccount Name:\t\tLAPTOP-6BEVVOA4$\r\n\tAccount Domain:\t\tWORKGROUP\r\n\tLogon ID:\t\t0x3E7\r\n\r\nUser:\r\n\tSecurity ID:\t\tS-1-5-21-2556397086-2396263826-1917990192-501\r\n\tAccount Name:\t\tGuest\r\n\tAccount Domain:\t\tLAPTOP-6BEVVOA4\r\n\r\nProcess Information:\r\n\tProcess ID:\t\t0x4560\r\n\tProcess Name:\t\tC:\\Windows\\System32\\svchost.exe",
        "threat_level": "MEDIUM"
    },
    {
        "record_id": 3513109,
        "timestamp": "2026-07-28T15:40:59.325000+00:00",
        "event_type": "LOCAL_GROUP_ENUMERATION",
        "user": "DefaultAccount",
        "hostname": "LAPTOP-6BEVVOA4",
        "source_ip": "",
        "destination_ip": "",
        "process": "C:\\Windows\\System32\\svchost.exe",
        "file_path": "",
        "severity": "Information",
        "raw_log": "A user's local group membership was enumerated.\r\n\r\nSubject:\r\n\tSecurity ID:\t\tS-1-5-18\r\n\tAccount Name:\t\tLAPTOP-6BEVVOA4$\r\n\tAccount Domain:\t\tWORKGROUP\r\n\tLogon ID:\t\t0x3E7\r\n\r\nUser:\r\n\tSecurity ID:\t\tS-1-5-21-2556397086-2396263826-1917990192-503\r\n\tAccount Name:\t\tDefaultAccount\r\n\tAccount Domain:\t\tLAPTOP-6BEVVOA4\r\n\r\nProcess Information:\r\n\tProcess ID:\t\t0x4560\r\n\tProcess Name:\t\tC:\\Windows\\System32\\svchost.exe",
        "threat_level": "MEDIUM"
    },
    {
        "record_id": 3513108,
        "timestamp": "2026-07-28T15:40:59.324000+00:00",
        "event_type": "LOCAL_GROUP_ENUMERATION",
        "user": "Administrator",
        "hostname": "LAPTOP-6BEVVOA4",
        "source_ip": "",
        "destination_ip": "",
        "process": "C:\\Windows\\System32\\svchost.exe",
        "file_path": "",
        "severity": "Information",
        "raw_log": "A user's local group membership was enumerated.\r\n\r\nSubject:\r\n\tSecurity ID:\t\tS-1-5-18\r\n\tAccount Name:\t\tLAPTOP-6BEVVOA4$\r\n\tAccount Domain:\t\tWORKGROUP\r\n\tLogon ID:\t\t0x3E7\r\n\r\nUser:\r\n\tSecurity ID:\t\tS-1-5-21-2556397086-2396263826-1917990192-500\r\n\tAccount Name:\t\tAdministrator\r\n\tAccount Domain:\t\tLAPTOP-6BEVVOA4\r\n\r\nProcess Information:\r\n\tProcess ID:\t\t0x4560\r\n\tProcess Name:\t\tC:\\Windows\\System32\\svchost.exe",
        "threat_level": "MEDIUM"
    },
    {
        "record_id": 3513107,
        "timestamp": "2026-07-28T15:40:59.319000+00:00",
        "event_type": "LOCAL_GROUP_ENUMERATION",
        "user": "Joel",
        "hostname": "LAPTOP-6BEVVOA4",
        "source_ip": "",
        "destination_ip": "",
        "process": "C:\\Windows\\System32\\svchost.exe",
        "file_path": "",
        "severity": "Information",
        "raw_log": "A user's local group membership was enumerated.\r\n\r\nSubject:\r\n\tSecurity ID:\t\tS-1-5-18\r\n\tAccount Name:\t\tLAPTOP-6BEVVOA4$\r\n\tAccount Domain:\t\tWORKGROUP\r\n\tLogon ID:\t\t0x3E7\r\n\r\nUser:\r\n\tSecurity ID:\t\tS-1-5-21-2556397086-2396263826-1917990192-1001\r\n\tAccount Name:\t\tJoel\r\n\tAccount Domain:\t\tLAPTOP-6BEVVOA4\r\n\r\nProcess Information:\r\n\tProcess ID:\t\t0x4560\r\n\tProcess Name:\t\tC:\\Windows\\System32\\svchost.exe",
        "threat_level": "MEDIUM"
    },
    {
        "record_id": 3513106,
        "timestamp": "2026-07-28T15:40:59.317000+00:00",
        "event_type": "LOCAL_GROUP_ENUMERATION",
        "user": "Guest",
        "hostname": "LAPTOP-6BEVVOA4",
        "source_ip": "",
        "destination_ip": "",
        "process": "C:\\Windows\\System32\\svchost.exe",
        "file_path": "",
        "severity": "Information",
        "raw_log": "A user's local group membership was enumerated.\r\n\r\nSubject:\r\n\tSecurity ID:\t\tS-1-5-18\r\n\tAccount Name:\t\tLAPTOP-6BEVVOA4$\r\n\tAccount Domain:\t\tWORKGROUP\r\n\tLogon ID:\t\t0x3E7\r\n\r\nUser:\r\n\tSecurity ID:\t\tS-1-5-21-2556397086-2396263826-1917990192-501\r\n\tAccount Name:\t\tGuest\r\n\tAccount Domain:\t\tLAPTOP-6BEVVOA4\r\n\r\nProcess Information:\r\n\tProcess ID:\t\t0x4560\r\n\tProcess Name:\t\tC:\\Windows\\System32\\svchost.exe",
        "threat_level": "MEDIUM"
    },
    {
        "record_id": 3513105,
        "timestamp": "2026-07-28T15:40:59.316000+00:00",
        "event_type": "LOCAL_GROUP_ENUMERATION",
        "user": "DefaultAccount",
        "hostname": "LAPTOP-6BEVVOA4",
        "source_ip": "",
        "destination_ip": "",
        "process": "C:\\Windows\\System32\\svchost.exe",
        "file_path": "",
        "severity": "Information",
        "raw_log": "A user's local group membership was enumerated.\r\n\r\nSubject:\r\n\tSecurity ID:\t\tS-1-5-18\r\n\tAccount Name:\t\tLAPTOP-6BEVVOA4$\r\n\tAccount Domain:\t\tWORKGROUP\r\n\tLogon ID:\t\t0x3E7\r\n\r\nUser:\r\n\tSecurity ID:\t\tS-1-5-21-2556397086-2396263826-1917990192-503\r\n\tAccount Name:\t\tDefaultAccount\r\n\tAccount Domain:\t\tLAPTOP-6BEVVOA4\r\n\r\nProcess Information:\r\n\tProcess ID:\t\t0x4560\r\n\tProcess Name:\t\tC:\\Windows\\System32\\svchost.exe",
        "threat_level": "MEDIUM"
    },
    {
        "record_id": 3513104,
        "timestamp": "2026-07-28T15:40:59.313000+00:00",
        "event_type": "LOCAL_GROUP_ENUMERATION",
        "user": "Administrator",
        "hostname": "LAPTOP-6BEVVOA4",
        "source_ip": "",
        "destination_ip": "",
        "process": "C:\\Windows\\System32\\svchost.exe",
        "file_path": "",
        "severity": "Information",
        "raw_log": "A user's local group membership was enumerated.\r\n\r\nSubject:\r\n\tSecurity ID:\t\tS-1-5-18\r\n\tAccount Name:\t\tLAPTOP-6BEVVOA4$\r\n\tAccount Domain:\t\tWORKGROUP\r\n\tLogon ID:\t\t0x3E7\r\n\r\nUser:\r\n\tSecurity ID:\t\tS-1-5-21-2556397086-2396263826-1917990192-500\r\n\tAccount Name:\t\tAdministrator\r\n\tAccount Domain:\t\tLAPTOP-6BEVVOA4\r\n\r\nProcess Information:\r\n\tProcess ID:\t\t0x4560\r\n\tProcess Name:\t\tC:\\Windows\\System32\\svchost.exe",
        "threat_level": "MEDIUM"
    },
