    {
        "record_id": 3154216,
        "timestamp": "2026-07-29T04:27:55.166000+00:00",
        "event_type": "LOCAL_GROUP_ENUMERATION",
        "user": "CodexSandboxOffline",
        "hostname": "Nish",
        "source_ip": "",
        "destination_ip": "",
        "process": "C:\\Windows\\System32\\svchost.exe",
        "file_path": "",
        "severity": "Information",
        "raw_log": "A user's local group membership was enumerated.\r\n\r\nSubject:\r\n\tSecurity ID:\t\tS-1-5-18\r\n\tAccount Name:\t\tNISH$\r\n\tAccount Domain:\t\tWORKGROUP\r\n\tLogon ID:\t\t0x3E7\r\n\r\nUser:\r\n\tSecurity ID:\t\tS-1-5-21-362189039-2697129851-2754481102-1018\r\n\tAccount Name:\t\tCodexSandboxOffline\r\n\tAccount Domain:\t\tNISH\r\n\r\nProcess Information:\r\n\tProcess ID:\t\t0x40c8\r\n\tProcess Name:\t\tC:\\Windows\\System32\\svchost.exe",
        "threat_level": "MEDIUM"
    },
    {
        "record_id": 3154215,
        "timestamp": "2026-07-29T04:27:55.164000+00:00",
        "event_type": "LOCAL_GROUP_ENUMERATION",
        "user": "Administrator",
        "hostname": "Nish",
        "source_ip": "",
        "destination_ip": "",
        "process": "C:\\Windows\\System32\\svchost.exe",
        "file_path": "",
        "severity": "Information",
        "raw_log": "A user's local group membership was enumerated.\r\n\r\nSubject:\r\n\tSecurity ID:\t\tS-1-5-18\r\n\tAccount Name:\t\tNISH$\r\n\tAccount Domain:\t\tWORKGROUP\r\n\tLogon ID:\t\t0x3E7\r\n\r\nUser:\r\n\tSecurity ID:\t\tS-1-5-21-362189039-2697129851-2754481102-500\r\n\tAccount Name:\t\tAdministrator\r\n\tAccount Domain:\t\tNISH\r\n\r\nProcess Information:\r\n\tProcess ID:\t\t0x40c8\r\n\tProcess Name:\t\tC:\\Windows\\System32\\svchost.exe",
        "threat_level": "MEDIUM"
    },
    {
        "record_id": 3154214,
        "timestamp": "2026-07-29T04:27:55.153000+00:00",
        "event_type": "LOCAL_GROUP_ENUMERATION",
        "user": "rish2",
        "hostname": "Nish",
        "source_ip": "",
        "destination_ip": "",
        "process": "C:\\Windows\\System32\\svchost.exe",
        "file_path": "",
        "severity": "Information",
        "raw_log": "A user's local group membership was enumerated.\r\n\r\nSubject:\r\n\tSecurity ID:\t\tS-1-5-18\r\n\tAccount Name:\t\tNISH$\r\n\tAccount Domain:\t\tWORKGROUP\r\n\tLogon ID:\t\t0x3E7\r\n\r\nUser:\r\n\tSecurity ID:\t\tS-1-5-21-362189039-2697129851-2754481102-1001\r\n\tAccount Name:\t\trish2\r\n\tAccount Domain:\t\tNISH\r\n\r\nProcess Information:\r\n\tProcess ID:\t\t0x40c8\r\n\tProcess Name:\t\tC:\\Windows\\System32\\svchost.exe",
        "threat_level": "MEDIUM"
    },
    {
        "record_id": 3154213,
        "timestamp": "2026-07-29T04:27:55.152000+00:00",
        "event_type": "LOCAL_GROUP_ENUMERATION",
        "user": "Guest",
        "hostname": "Nish",
        "source_ip": "",
        "destination_ip": "",
        "process": "C:\\Windows\\System32\\svchost.exe",
        "file_path": "",
        "severity": "Information",
        "raw_log": "A user's local group membership was enumerated.\r\n\r\nSubject:\r\n\tSecurity ID:\t\tS-1-5-18\r\n\tAccount Name:\t\tNISH$\r\n\tAccount Domain:\t\tWORKGROUP\r\n\tLogon ID:\t\t0x3E7\r\n\r\nUser:\r\n\tSecurity ID:\t\tS-1-5-21-362189039-2697129851-2754481102-501\r\n\tAccount Name:\t\tGuest\r\n\tAccount Domain:\t\tNISH\r\n\r\nProcess Information:\r\n\tProcess ID:\t\t0x40c8\r\n\tProcess Name:\t\tC:\\Windows\\System32\\svchost.exe",
        "threat_level": "MEDIUM"
    },
    {
        "record_id": 3154212,
        "timestamp": "2026-07-29T04:27:55.150000+00:00",
        "event_type": "LOCAL_GROUP_ENUMERATION",
        "user": "DefaultAccount",
        "hostname": "Nish",
        "source_ip": "",
        "destination_ip": "",
        "process": "C:\\Windows\\System32\\svchost.exe",
        "file_path": "",
        "severity": "Information",
        "raw_log": "A user's local group membership was enumerated.\r\n\r\nSubject:\r\n\tSecurity ID:\t\tS-1-5-18\r\n\tAccount Name:\t\tNISH$\r\n\tAccount Domain:\t\tWORKGROUP\r\n\tLogon ID:\t\t0x3E7\r\n\r\nUser:\r\n\tSecurity ID:\t\tS-1-5-21-362189039-2697129851-2754481102-503\r\n\tAccount Name:\t\tDefaultAccount\r\n\tAccount Domain:\t\tNISH\r\n\r\nProcess Information:\r\n\tProcess ID:\t\t0x40c8\r\n\tProcess Name:\t\tC:\\Windows\\System32\\svchost.exe",
        "threat_level": "MEDIUM"
    },
    {
        "record_id": 3154211,
        "timestamp": "2026-07-29T04:27:55.148000+00:00",
        "event_type": "LOCAL_GROUP_ENUMERATION",
        "user": "CodexSandboxOnline",
        "hostname": "Nish",
        "source_ip": "",
        "destination_ip": "",
        "process": "C:\\Windows\\System32\\svchost.exe",
        "file_path": "",
        "severity": "Information",
        "raw_log": "A user's local group membership was enumerated.\r\n\r\nSubject:\r\n\tSecurity ID:\t\tS-1-5-18\r\n\tAccount Name:\t\tNISH$\r\n\tAccount Domain:\t\tWORKGROUP\r\n\tLogon ID:\t\t0x3E7\r\n\r\nUser:\r\n\tSecurity ID:\t\tS-1-5-21-362189039-2697129851-2754481102-1019\r\n\tAccount Name:\t\tCodexSandboxOnline\r\n\tAccount Domain:\t\tNISH\r\n\r\nProcess Information:\r\n\tProcess ID:\t\t0x40c8\r\n\tProcess Name:\t\tC:\\Windows\\System32\\svchost.exe",
        "threat_level": "MEDIUM"
    },
    {
        "record_id": 3154210,
        "timestamp": "2026-07-29T04:27:55.146000+00:00",
        "event_type": "LOCAL_GROUP_ENUMERATION",
        "user": "CodexSandboxOffline",
        "hostname": "Nish",
        "source_ip": "",
        "destination_ip": "",
        "process": "C:\\Windows\\System32\\svchost.exe",
        "file_path": "",
        "severity": "Information",
        "raw_log": "A user's local group membership was enumerated.\r\n\r\nSubject:\r\n\tSecurity ID:\t\tS-1-5-18\r\n\tAccount Name:\t\tNISH$\r\n\tAccount Domain:\t\tWORKGROUP\r\n\tLogon ID:\t\t0x3E7\r\n\r\nUser:\r\n\tSecurity ID:\t\tS-1-5-21-362189039-2697129851-2754481102-1018\r\n\tAccount Name:\t\tCodexSandboxOffline\r\n\tAccount Domain:\t\tNISH\r\n\r\nProcess Information:\r\n\tProcess ID:\t\t0x40c8\r\n\tProcess Name:\t\tC:\\Windows\\System32\\svchost.exe",
        "threat_level": "MEDIUM"
    },
    {
        "record_id": 3154209,
        "timestamp": "2026-07-29T04:27:55.144000+00:00",
        "event_type": "LOCAL_GROUP_ENUMERATION",
        "user": "Administrator",
        "hostname": "Nish",
        "source_ip": "",
        "destination_ip": "",
        "process": "C:\\Windows\\System32\\svchost.exe",
        "file_path": "",
        "severity": "Information",
        "raw_log": "A user's local group membership was enumerated.\r\n\r\nSubject:\r\n\tSecurity ID:\t\tS-1-5-18\r\n\tAccount Name:\t\tNISH$\r\n\tAccount Domain:\t\tWORKGROUP\r\n\tLogon ID:\t\t0x3E7\r\n\r\nUser:\r\n\tSecurity ID:\t\tS-1-5-21-362189039-2697129851-2754481102-500\r\n\tAccount Name:\t\tAdministrator\r\n\tAccount Domain:\t\tNISH\r\n\r\nProcess Information:\r\n\tProcess ID:\t\t0x40c8\r\n\tProcess Name:\t\tC:\\Windows\\System32\\svchost.exe",
        "threat_level": "MEDIUM"
    },
    {
        "record_id": 3154207,
        "timestamp": "2026-07-29T04:27:54.160000+00:00",
        "event_type": "LOGON_SUCCESS",
        "user": "SYSTEM",
        "hostname": "Nish",
        "source_ip": "",
        "destination_ip": "",
        "process": "C:\\Windows\\System32\\services.exe",
        "file_path": "",
        "severity": "Information",
        "raw_log": "An account was successfully logged on.\r\n\r\nSubject:\r\n\tSecurity ID:\t\tS-1-5-18\r\n\tAccount Name:\t\tNISH$\r\n\tAccount Domain:\t\tWORKGROUP\r\n\tLogon ID:\t\t0x3E7\r\n\r\nLogon Information:\r\n\tLogon Type:\t\t5\r\n\tRestricted Admin Mode:\t-\r\n\tRemote Credential Guard:\t-\r\n\tVirtual Account:\t\tNo\r\n\tElevated Token:\t\tYes\r\n\r\nImpersonation Level:\t\tImpersonation\r\n\r\nNew Logon:\r\n\tSecurity ID:\t\tS-1-5-18\r\n\tAccount Name:\t\tSYSTEM\r\n\tAccount Domain:\t\tNT AUTHORITY\r\n\tLogon ID:\t\t0x3E7\r\n\tLinked Logon ID:\t\t0x0\r\n\tNetwork Account Name:\t-\r\n\tNetwork Account Domain:\t-\r\n\tLogon GUID:\t\t{00000000-0000-0000-0000-000000000000}\r\n\r\nProcess Information:\r\n\tProcess ID:\t\t0x648\r\n\tProcess Name:\t\tC:\\Windows\\System32\\services.exe\r\n\r\nNetwork Information:\r\n\tWorkstation Name:\t-\r\n\tSource Network Address:\t-\r\n\tSource Port:\t\t-\r\n\r\nDetailed Authentication Information:\r\n\tLogon Process:\t\tAdvapi  \r\n\tAuthentication Package:\tNegotiate\r\n\tTransited Services:\t-\r\n\tPackage Name (NTLM only):\t-\r\n\tKey Length:\t\t0\r\n\r\nThis event is generated when a logon session is created. It is generated on the computer that was accessed.\r\n\r\nThe subject fields indicate the account on the local system which requested the logon. This is most commonly a service such as the Server service, or a local process such as Winlogon.exe or Services.exe.\r\n\r\nThe logon type field indicates the kind of logon that occurred. The most common types are 2 (interactive) and 3 (network).\r\n\r\nThe New Logon fields indicate the account for whom the new logon was created, i.e. the account that was logged on.\r\n\r\nThe network fields indicate where a remote logon request originated. Workstation name is not always available and may be left blank in some cases.\r\n\r\nThe impersonation level field indicates the extent to which a process in the logon session can impersonate.\r\n\r\nThe authentication information fields provide detailed information about this specific logon request.\r\n\t- Logon GUID is a unique identifier that can be used to correlate this event with a KDC event.\r\n\t- Transited services indicate which intermediate services have participated in this logon request.\r\n\t- Package name indicates which sub-protocol was used among the NTLM protocols.\r\n\t- Key length indicates the length of the generated session key. This will be 0 if no session key was requested.",
        "threat_level": "LOW"
    },
    {
        "record_id": 3154206,
        "timestamp": "2026-07-29T04:27:45.516000+00:00",
        "event_type": "LOCAL_GROUP_ENUMERATION",
        "user": "rish2",
        "hostname": "Nish",
        "source_ip": "",
        "destination_ip": "",
        "process": "C:\\Windows\\System32\\svchost.exe",
        "file_path": "",
        "severity": "Information",
        "raw_log": "A user's local group membership was enumerated.\r\n\r\nSubject:\r\n\tSecurity ID:\t\tS-1-5-18\r\n\tAccount Name:\t\tNISH$\r\n\tAccount Domain:\t\tWORKGROUP\r\n\tLogon ID:\t\t0x3E7\r\n\r\nUser:\r\n\tSecurity ID:\t\tS-1-5-21-362189039-2697129851-2754481102-1001\r\n\tAccount Name:\t\trish2\r\n\tAccount Domain:\t\tNISH\r\n\r\nProcess Information:\r\n\tProcess ID:\t\t0x40c8\r\n\tProcess Name:\t\tC:\\Windows\\System32\\svchost.exe",
        "threat_level": "MEDIUM"
    },
    {
        "record_id": 3154205,
        "timestamp": "2026-07-29T04:27:45.514000+00:00",
        "event_type": "LOCAL_GROUP_ENUMERATION",
        "user": "Guest",
        "hostname": "Nish",
        "source_ip": "",
        "destination_ip": "",
        "process": "C:\\Windows\\System32\\svchost.exe",
        "file_path": "",
        "severity": "Information",
        "raw_log": "A user's local group membership was enumerated.\r\n\r\nSubject:\r\n\tSecurity ID:\t\tS-1-5-18\r\n\tAccount Name:\t\tNISH$\r\n\tAccount Domain:\t\tWORKGROUP\r\n\tLogon ID:\t\t0x3E7\r\n\r\nUser:\r\n\tSecurity ID:\t\tS-1-5-21-362189039-2697129851-2754481102-501\r\n\tAccount Name:\t\tGuest\r\n\tAccount Domain:\t\tNISH\r\n\r\nProcess Information:\r\n\tProcess ID:\t\t0x40c8\r\n\tProcess Name:\t\tC:\\Windows\\System32\\svchost.exe",
        "threat_level": "MEDIUM"
    },
    {
        "record_id": 3154204,
        "timestamp": "2026-07-29T04:27:45.513000+00:00",
        "event_type": "LOCAL_GROUP_ENUMERATION",
        "user": "DefaultAccount",
        "hostname": "Nish",
        "source_ip": "",
        "destination_ip": "",
        "process": "C:\\Windows\\System32\\svchost.exe",
        "file_path": "",
        "severity": "Information",
        "raw_log": "A user's local group membership was enumerated.\r\n\r\nSubject:\r\n\tSecurity ID:\t\tS-1-5-18\r\n\tAccount Name:\t\tNISH$\r\n\tAccount Domain:\t\tWORKGROUP\r\n\tLogon ID:\t\t0x3E7\r\n\r\nUser:\r\n\tSecurity ID:\t\tS-1-5-21-362189039-2697129851-2754481102-503\r\n\tAccount Name:\t\tDefaultAccount\r\n\tAccount Domain:\t\tNISH\r\n\r\nProcess Information:\r\n\tProcess ID:\t\t0x40c8\r\n\tProcess Name:\t\tC:\\Windows\\System32\\svchost.exe",
        "threat_level": "MEDIUM"
    },
    {
        "record_id": 3154203,
        "timestamp": "2026-07-29T04:27:45.512000+00:00",
        "event_type": "LOCAL_GROUP_ENUMERATION",
        "user": "CodexSandboxOnline",
        "hostname": "Nish",
        "source_ip": "",
        "destination_ip": "",
        "process": "C:\\Windows\\System32\\svchost.exe",
        "file_path": "",
        "severity": "Information",
        "raw_log": "A user's local group membership was enumerated.\r\n\r\nSubject:\r\n\tSecurity ID:\t\tS-1-5-18\r\n\tAccount Name:\t\tNISH$\r\n\tAccount Domain:\t\tWORKGROUP\r\n\tLogon ID:\t\t0x3E7\r\n\r\nUser:\r\n\tSecurity ID:\t\tS-1-5-21-362189039-2697129851-2754481102-1019\r\n\tAccount Name:\t\tCodexSandboxOnline\r\n\tAccount Domain:\t\tNISH\r\n\r\nProcess Information:\r\n\tProcess ID:\t\t0x40c8\r\n\tProcess Name:\t\tC:\\Windows\\System32\\svchost.exe",
        "threat_level": "MEDIUM"
    },
    {
        "record_id": 3154202,
        "timestamp": "2026-07-29T04:27:45.511000+00:00",
        "event_type": "LOCAL_GROUP_ENUMERATION",
        "user": "CodexSandboxOffline",
        "hostname": "Nish",
        "source_ip": "",
        "destination_ip": "",
        "process": "C:\\Windows\\System32\\svchost.exe",
        "file_path": "",
        "severity": "Information",
        "raw_log": "A user's local group membership was enumerated.\r\n\r\nSubject:\r\n\tSecurity ID:\t\tS-1-5-18\r\n\tAccount Name:\t\tNISH$\r\n\tAccount Domain:\t\tWORKGROUP\r\n\tLogon ID:\t\t0x3E7\r\n\r\nUser:\r\n\tSecurity ID:\t\tS-1-5-21-362189039-2697129851-2754481102-1018\r\n\tAccount Name:\t\tCodexSandboxOffline\r\n\tAccount Domain:\t\tNISH\r\n\r\nProcess Information:\r\n\tProcess ID:\t\t0x40c8\r\n\tProcess Name:\t\tC:\\Windows\\System32\\svchost.exe",
        "threat_level": "MEDIUM"
    },
    {
        "record_id": 3154201,
        "timestamp": "2026-07-29T04:27:45.509000+00:00",
        "event_type": "LOCAL_GROUP_ENUMERATION",
        "user": "Administrator",
        "hostname": "Nish",
        "source_ip": "",
        "destination_ip": "",
        "process": "C:\\Windows\\System32\\svchost.exe",
        "file_path": "",
        "severity": "Information",
        "raw_log": "A user's local group membership was enumerated.\r\n\r\nSubject:\r\n\tSecurity ID:\t\tS-1-5-18\r\n\tAccount Name:\t\tNISH$\r\n\tAccount Domain:\t\tWORKGROUP\r\n\tLogon ID:\t\t0x3E7\r\n\r\nUser:\r\n\tSecurity ID:\t\tS-1-5-21-362189039-2697129851-2754481102-500\r\n\tAccount Name:\t\tAdministrator\r\n\tAccount Domain:\t\tNISH\r\n\r\nProcess Information:\r\n\tProcess ID:\t\t0x40c8\r\n\tProcess Name:\t\tC:\\Windows\\System32\\svchost.exe",
        "threat_level": "MEDIUM"
    },
    {
        "record_id": 3154200,
        "timestamp": "2026-07-29T04:27:45.498000+00:00",
        "event_type": "LOCAL_GROUP_ENUMERATION",
        "user": "rish2",
        "hostname": "Nish",
        "source_ip": "",
        "destination_ip": "",
        "process": "C:\\Windows\\System32\\svchost.exe",
        "file_path": "",
        "severity": "Information",
        "raw_log": "A user's local group membership was enumerated.\r\n\r\nSubject:\r\n\tSecurity ID:\t\tS-1-5-18\r\n\tAccount Name:\t\tNISH$\r\n\tAccount Domain:\t\tWORKGROUP\r\n\tLogon ID:\t\t0x3E7\r\n\r\nUser:\r\n\tSecurity ID:\t\tS-1-5-21-362189039-2697129851-2754481102-1001\r\n\tAccount Name:\t\trish2\r\n\tAccount Domain:\t\tNISH\r\n\r\nProcess Information:\r\n\tProcess ID:\t\t0x40c8\r\n\tProcess Name:\t\tC:\\Windows\\System32\\svchost.exe",
        "threat_level": "MEDIUM"
    },
    {
        "record_id": 3154199,
        "timestamp": "2026-07-29T04:27:45.496000+00:00",
        "event_type": "LOCAL_GROUP_ENUMERATION",
        "user": "Guest",
        "hostname": "Nish",
        "source_ip": "",
        "destination_ip": "",
        "process": "C:\\Windows\\System32\\svchost.exe",
        "file_path": "",
        "severity": "Information",
        "raw_log": "A user's local group membership was enumerated.\r\n\r\nSubject:\r\n\tSecurity ID:\t\tS-1-5-18\r\n\tAccount Name:\t\tNISH$\r\n\tAccount Domain:\t\tWORKGROUP\r\n\tLogon ID:\t\t0x3E7\r\n\r\nUser:\r\n\tSecurity ID:\t\tS-1-5-21-362189039-2697129851-2754481102-501\r\n\tAccount Name:\t\tGuest\r\n\tAccount Domain:\t\tNISH\r\n\r\nProcess Information:\r\n\tProcess ID:\t\t0x40c8\r\n\tProcess Name:\t\tC:\\Windows\\System32\\svchost.exe",
        "threat_level": "MEDIUM"
    },
    {
        "record_id": 3154198,
        "timestamp": "2026-07-29T04:27:45.495000+00:00",
        "event_type": "LOCAL_GROUP_ENUMERATION",
        "user": "DefaultAccount",
        "hostname": "Nish",
        "source_ip": "",
        "destination_ip": "",
        "process": "C:\\Windows\\System32\\svchost.exe",
        "file_path": "",
        "severity": "Information",
        "raw_log": "A user's local group membership was enumerated.\r\n\r\nSubject:\r\n\tSecurity ID:\t\tS-1-5-18\r\n\tAccount Name:\t\tNISH$\r\n\tAccount Domain:\t\tWORKGROUP\r\n\tLogon ID:\t\t0x3E7\r\n\r\nUser:\r\n\tSecurity ID:\t\tS-1-5-21-362189039-2697129851-2754481102-503\r\n\tAccount Name:\t\tDefaultAccount\r\n\tAccount Domain:\t\tNISH\r\n\r\nProcess Information:\r\n\tProcess ID:\t\t0x40c8\r\n\tProcess Name:\t\tC:\\Windows\\System32\\svchost.exe",
        "threat_level": "MEDIUM"
    },
    {
        "record_id": 3154197,
        "timestamp": "2026-07-29T04:27:45.493000+00:00",
        "event_type": "LOCAL_GROUP_ENUMERATION",
        "user": "CodexSandboxOnline",
        "hostname": "Nish",
        "source_ip": "",
        "destination_ip": "",
        "process": "C:\\Windows\\System32\\svchost.exe",
        "file_path": "",
        "severity": "Information",
        "raw_log": "A user's local group membership was enumerated.\r\n\r\nSubject:\r\n\tSecurity ID:\t\tS-1-5-18\r\n\tAccount Name:\t\tNISH$\r\n\tAccount Domain:\t\tWORKGROUP\r\n\tLogon ID:\t\t0x3E7\r\n\r\nUser:\r\n\tSecurity ID:\t\tS-1-5-21-362189039-2697129851-2754481102-1019\r\n\tAccount Name:\t\tCodexSandboxOnline\r\n\tAccount Domain:\t\tNISH\r\n\r\nProcess Information:\r\n\tProcess ID:\t\t0x40c8\r\n\tProcess Name:\t\tC:\\Windows\\System32\\svchost.exe",
        "threat_level": "MEDIUM"
    },
    {
        "record_id": 3154196,
        "timestamp": "2026-07-29T04:27:45.491000+00:00",
        "event_type": "LOCAL_GROUP_ENUMERATION",
        "user": "CodexSandboxOffline",
        "hostname": "Nish",
        "source_ip": "",
        "destination_ip": "",
        "process": "C:\\Windows\\System32\\svchost.exe",
        "file_path": "",
        "severity": "Information",
        "raw_log": "A user's local group membership was enumerated.\r\n\r\nSubject:\r\n\tSecurity ID:\t\tS-1-5-18\r\n\tAccount Name:\t\tNISH$\r\n\tAccount Domain:\t\tWORKGROUP\r\n\tLogon ID:\t\t0x3E7\r\n\r\nUser:\r\n\tSecurity ID:\t\tS-1-5-21-362189039-2697129851-2754481102-1018\r\n\tAccount Name:\t\tCodexSandboxOffline\r\n\tAccount Domain:\t\tNISH\r\n\r\nProcess Information:\r\n\tProcess ID:\t\t0x40c8\r\n\tProcess Name:\t\tC:\\Windows\\System32\\svchost.exe",
        "threat_level": "MEDIUM"
    },
    {
        "record_id": 3154195,
        "timestamp": "2026-07-29T04:27:45.488000+00:00",
        "event_type": "LOCAL_GROUP_ENUMERATION",
        "user": "Administrator",
        "hostname": "Nish",
        "source_ip": "",
        "destination_ip": "",
        "process": "C:\\Windows\\System32\\svchost.exe",
        "file_path": "",
        "severity": "Information",
        "raw_log": "A user's local group membership was enumerated.\r\n\r\nSubject:\r\n\tSecurity ID:\t\tS-1-5-18\r\n\tAccount Name:\t\tNISH$\r\n\tAccount Domain:\t\tWORKGROUP\r\n\tLogon ID:\t\t0x3E7\r\n\r\nUser:\r\n\tSecurity ID:\t\tS-1-5-21-362189039-2697129851-2754481102-500\r\n\tAccount Name:\t\tAdministrator\r\n\tAccount Domain:\t\tNISH\r\n\r\nProcess Information:\r\n\tProcess ID:\t\t0x40c8\r\n\tProcess Name:\t\tC:\\Windows\\System32\\svchost.exe",
        "threat_level": "MEDIUM"
    },
    {
        "record_id": 3154194,
        "timestamp": "2026-07-29T04:27:20.422000+00:00",
        "event_type": "LOCAL_GROUP_ENUMERATION",
        "user": "rish2",
        "hostname": "Nish",
        "source_ip": "",
        "destination_ip": "",
        "process": "C:\\Windows\\System32\\svchost.exe",
        "file_path": "",
        "severity": "Information",
        "raw_log": "A user's local group membership was enumerated.\r\n\r\nSubject:\r\n\tSecurity ID:\t\tS-1-5-18\r\n\tAccount Name:\t\tNISH$\r\n\tAccount Domain:\t\tWORKGROUP\r\n\tLogon ID:\t\t0x3E7\r\n\r\nUser:\r\n\tSecurity ID:\t\tS-1-5-21-362189039-2697129851-2754481102-1001\r\n\tAccount Name:\t\trish2\r\n\tAccount Domain:\t\tNISH\r\n\r\nProcess Information:\r\n\tProcess ID:\t\t0x40c8\r\n\tProcess Name:\t\tC:\\Windows\\System32\\svchost.exe",
        "threat_level": "MEDIUM"
    },
    {
        "record_id": 3154193,
        "timestamp": "2026-07-29T04:27:20.421000+00:00",
        "event_type": "LOCAL_GROUP_ENUMERATION",
        "user": "Guest",
        "hostname": "Nish",
        "source_ip": "",
        "destination_ip": "",
        "process": "C:\\Windows\\System32\\svchost.exe",
        "file_path": "",
        "severity": "Information",
        "raw_log": "A user's local group membership was enumerated.\r\n\r\nSubject:\r\n\tSecurity ID:\t\tS-1-5-18\r\n\tAccount Name:\t\tNISH$\r\n\tAccount Domain:\t\tWORKGROUP\r\n\tLogon ID:\t\t0x3E7\r\n\r\nUser:\r\n\tSecurity ID:\t\tS-1-5-21-362189039-2697129851-2754481102-501\r\n\tAccount Name:\t\tGuest\r\n\tAccount Domain:\t\tNISH\r\n\r\nProcess Information:\r\n\tProcess ID:\t\t0x40c8\r\n\tProcess Name:\t\tC:\\Windows\\System32\\svchost.exe",
        "threat_level": "MEDIUM"
    },
    {
        "record_id": 3154192,
        "timestamp": "2026-07-29T04:27:20.420000+00:00",
        "event_type": "LOCAL_GROUP_ENUMERATION",
        "user": "DefaultAccount",
        "hostname": "Nish",
        "source_ip": "",
        "destination_ip": "",
        "process": "C:\\Windows\\System32\\svchost.exe",
        "file_path": "",
        "severity": "Information",
        "raw_log": "A user's local group membership was enumerated.\r\n\r\nSubject:\r\n\tSecurity ID:\t\tS-1-5-18\r\n\tAccount Name:\t\tNISH$\r\n\tAccount Domain:\t\tWORKGROUP\r\n\tLogon ID:\t\t0x3E7\r\n\r\nUser:\r\n\tSecurity ID:\t\tS-1-5-21-362189039-2697129851-2754481102-503\r\n\tAccount Name:\t\tDefaultAccount\r\n\tAccount Domain:\t\tNISH\r\n\r\nProcess Information:\r\n\tProcess ID:\t\t0x40c8\r\n\tProcess Name:\t\tC:\\Windows\\System32\\svchost.exe",
        "threat_level": "MEDIUM"
    },
    {
        "record_id": 3154191,
        "timestamp": "2026-07-29T04:27:20.419000+00:00",
        "event_type": "LOCAL_GROUP_ENUMERATION",
        "user": "CodexSandboxOnline",
        "hostname": "Nish",
        "source_ip": "",
        "destination_ip": "",
        "process": "C:\\Windows\\System32\\svchost.exe",
        "file_path": "",
        "severity": "Information",
        "raw_log": "A user's local group membership was enumerated.\r\n\r\nSubject:\r\n\tSecurity ID:\t\tS-1-5-18\r\n\tAccount Name:\t\tNISH$\r\n\tAccount Domain:\t\tWORKGROUP\r\n\tLogon ID:\t\t0x3E7\r\n\r\nUser:\r\n\tSecurity ID:\t\tS-1-5-21-362189039-2697129851-2754481102-1019\r\n\tAccount Name:\t\tCodexSandboxOnline\r\n\tAccount Domain:\t\tNISH\r\n\r\nProcess Information:\r\n\tProcess ID:\t\t0x40c8\r\n\tProcess Name:\t\tC:\\Windows\\System32\\svchost.exe",
        "threat_level": "MEDIUM"
    },
    {
        "record_id": 3154190,
        "timestamp": "2026-07-29T04:27:20.418000+00:00",
        "event_type": "LOCAL_GROUP_ENUMERATION",
        "user": "CodexSandboxOffline",
        "hostname": "Nish",
        "source_ip": "",
        "destination_ip": "",
        "process": "C:\\Windows\\System32\\svchost.exe",
        "file_path": "",
        "severity": "Information",
        "raw_log": "A user's local group membership was enumerated.\r\n\r\nSubject:\r\n\tSecurity ID:\t\tS-1-5-18\r\n\tAccount Name:\t\tNISH$\r\n\tAccount Domain:\t\tWORKGROUP\r\n\tLogon ID:\t\t0x3E7\r\n\r\nUser:\r\n\tSecurity ID:\t\tS-1-5-21-362189039-2697129851-2754481102-1018\r\n\tAccount Name:\t\tCodexSandboxOffline\r\n\tAccount Domain:\t\tNISH\r\n\r\nProcess Information:\r\n\tProcess ID:\t\t0x40c8\r\n\tProcess Name:\t\tC:\\Windows\\System32\\svchost.exe",
        "threat_level": "MEDIUM"
    },
    {
        "record_id": 3154189,
        "timestamp": "2026-07-29T04:27:20.416000+00:00",
        "event_type": "LOCAL_GROUP_ENUMERATION",
        "user": "Administrator",
        "hostname": "Nish",
        "source_ip": "",
        "destination_ip": "",
        "process": "C:\\Windows\\System32\\svchost.exe",
        "file_path": "",
        "severity": "Information",
        "raw_log": "A user's local group membership was enumerated.\r\n\r\nSubject:\r\n\tSecurity ID:\t\tS-1-5-18\r\n\tAccount Name:\t\tNISH$\r\n\tAccount Domain:\t\tWORKGROUP\r\n\tLogon ID:\t\t0x3E7\r\n\r\nUser:\r\n\tSecurity ID:\t\tS-1-5-21-362189039-2697129851-2754481102-500\r\n\tAccount Name:\t\tAdministrator\r\n\tAccount Domain:\t\tNISH\r\n\r\nProcess Information:\r\n\tProcess ID:\t\t0x40c8\r\n\tProcess Name:\t\tC:\\Windows\\System32\\svchost.exe",
        "threat_level": "MEDIUM"
    },
    {
        "record_id": 3154188,
        "timestamp": "2026-07-29T04:27:20.406000+00:00",
        "event_type": "LOCAL_GROUP_ENUMERATION",
        "user": "rish2",
        "hostname": "Nish",
        "source_ip": "",
        "destination_ip": "",
        "process": "C:\\Windows\\System32\\svchost.exe",
        "file_path": "",
        "severity": "Information",
        "raw_log": "A user's local group membership was enumerated.\r\n\r\nSubject:\r\n\tSecurity ID:\t\tS-1-5-18\r\n\tAccount Name:\t\tNISH$\r\n\tAccount Domain:\t\tWORKGROUP\r\n\tLogon ID:\t\t0x3E7\r\n\r\nUser:\r\n\tSecurity ID:\t\tS-1-5-21-362189039-2697129851-2754481102-1001\r\n\tAccount Name:\t\trish2\r\n\tAccount Domain:\t\tNISH\r\n\r\nProcess Information:\r\n\tProcess ID:\t\t0x40c8\r\n\tProcess Name:\t\tC:\\Windows\\System32\\svchost.exe",
        "threat_level": "MEDIUM"
    },
    {
        "record_id": 3154187,
        "timestamp": "2026-07-29T04:27:20.405000+00:00",
        "event_type": "LOCAL_GROUP_ENUMERATION",
        "user": "Guest",
        "hostname": "Nish",
        "source_ip": "",
        "destination_ip": "",
        "process": "C:\\Windows\\System32\\svchost.exe",
        "file_path": "",
        "severity": "Information",
        "raw_log": "A user's local group membership was enumerated.\r\n\r\nSubject:\r\n\tSecurity ID:\t\tS-1-5-18\r\n\tAccount Name:\t\tNISH$\r\n\tAccount Domain:\t\tWORKGROUP\r\n\tLogon ID:\t\t0x3E7\r\n\r\nUser:\r\n\tSecurity ID:\t\tS-1-5-21-362189039-2697129851-2754481102-501\r\n\tAccount Name:\t\tGuest\r\n\tAccount Domain:\t\tNISH\r\n\r\nProcess Information:\r\n\tProcess ID:\t\t0x40c8\r\n\tProcess Name:\t\tC:\\Windows\\System32\\svchost.exe",
        "threat_level": "MEDIUM"
    },
    {
        "record_id": 3154186,
        "timestamp": "2026-07-29T04:27:20.404000+00:00",
        "event_type": "LOCAL_GROUP_ENUMERATION",
        "user": "DefaultAccount",
        "hostname": "Nish",
        "source_ip": "",
        "destination_ip": "",
        "process": "C:\\Windows\\System32\\svchost.exe",
        "file_path": "",
        "severity": "Information",
        "raw_log": "A user's local group membership was enumerated.\r\n\r\nSubject:\r\n\tSecurity ID:\t\tS-1-5-18\r\n\tAccount Name:\t\tNISH$\r\n\tAccount Domain:\t\tWORKGROUP\r\n\tLogon ID:\t\t0x3E7\r\n\r\nUser:\r\n\tSecurity ID:\t\tS-1-5-21-362189039-2697129851-2754481102-503\r\n\tAccount Name:\t\tDefaultAccount\r\n\tAccount Domain:\t\tNISH\r\n\r\nProcess Information:\r\n\tProcess ID:\t\t0x40c8\r\n\tProcess Name:\t\tC:\\Windows\\System32\\svchost.exe",
        "threat_level": "MEDIUM"
    },
    {
        "record_id": 3154185,
        "timestamp": "2026-07-29T04:27:20.403000+00:00",
        "event_type": "LOCAL_GROUP_ENUMERATION",
        "user": "CodexSandboxOnline",
        "hostname": "Nish",
        "source_ip": "",
        "destination_ip": "",
        "process": "C:\\Windows\\System32\\svchost.exe",
        "file_path": "",
        "severity": "Information",
        "raw_log": "A user's local group membership was enumerated.\r\n\r\nSubject:\r\n\tSecurity ID:\t\tS-1-5-18\r\n\tAccount Name:\t\tNISH$\r\n\tAccount Domain:\t\tWORKGROUP\r\n\tLogon ID:\t\t0x3E7\r\n\r\nUser:\r\n\tSecurity ID:\t\tS-1-5-21-362189039-2697129851-2754481102-1019\r\n\tAccount Name:\t\tCodexSandboxOnline\r\n\tAccount Domain:\t\tNISH\r\n\r\nProcess Information:\r\n\tProcess ID:\t\t0x40c8\r\n\tProcess Name:\t\tC:\\Windows\\System32\\svchost.exe",
        "threat_level": "MEDIUM"
    },
    {
        "record_id": 3154184,
        "timestamp": "2026-07-29T04:27:20.402000+00:00",
        "event_type": "LOCAL_GROUP_ENUMERATION",
        "user": "CodexSandboxOffline",
        "hostname": "Nish",
        "source_ip": "",
        "destination_ip": "",
        "process": "C:\\Windows\\System32\\svchost.exe",
        "file_path": "",
        "severity": "Information",
        "raw_log": "A user's local group membership was enumerated.\r\n\r\nSubject:\r\n\tSecurity ID:\t\tS-1-5-18\r\n\tAccount Name:\t\tNISH$\r\n\tAccount Domain:\t\tWORKGROUP\r\n\tLogon ID:\t\t0x3E7\r\n\r\nUser:\r\n\tSecurity ID:\t\tS-1-5-21-362189039-2697129851-2754481102-1018\r\n\tAccount Name:\t\tCodexSandboxOffline\r\n\tAccount Domain:\t\tNISH\r\n\r\nProcess Information:\r\n\tProcess ID:\t\t0x40c8\r\n\tProcess Name:\t\tC:\\Windows\\System32\\svchost.exe",
        "threat_level": "MEDIUM"
    },
    {
        "record_id": 3154183,
        "timestamp": "2026-07-29T04:27:20.400000+00:00",
        "event_type": "LOCAL_GROUP_ENUMERATION",
        "user": "Administrator",
        "hostname": "Nish",
        "source_ip": "",
        "destination_ip": "",
        "process": "C:\\Windows\\System32\\svchost.exe",
        "file_path": "",
        "severity": "Information",
        "raw_log": "A user's local group membership was enumerated.\r\n\r\nSubject:\r\n\tSecurity ID:\t\tS-1-5-18\r\n\tAccount Name:\t\tNISH$\r\n\tAccount Domain:\t\tWORKGROUP\r\n\tLogon ID:\t\t0x3E7\r\n\r\nUser:\r\n\tSecurity ID:\t\tS-1-5-21-362189039-2697129851-2754481102-500\r\n\tAccount Name:\t\tAdministrator\r\n\tAccount Domain:\t\tNISH\r\n\r\nProcess Information:\r\n\tProcess ID:\t\t0x40c8\r\n\tProcess Name:\t\tC:\\Windows\\System32\\svchost.exe",
        "threat_level": "MEDIUM"
    },
    {
        "record_id": 3154182,
        "timestamp": "2026-07-29T04:27:09.565000+00:00",
        "event_type": "LOCAL_GROUP_ENUMERATION",
        "user": "rish2",
        "hostname": "Nish",
        "source_ip": "",
        "destination_ip": "",
        "process": "C:\\Windows\\System32\\svchost.exe",
        "file_path": "",
        "severity": "Information",
        "raw_log": "A user's local group membership was enumerated.\r\n\r\nSubject:\r\n\tSecurity ID:\t\tS-1-5-18\r\n\tAccount Name:\t\tNISH$\r\n\tAccount Domain:\t\tWORKGROUP\r\n\tLogon ID:\t\t0x3E7\r\n\r\nUser:\r\n\tSecurity ID:\t\tS-1-5-21-362189039-2697129851-2754481102-1001\r\n\tAccount Name:\t\trish2\r\n\tAccount Domain:\t\tNISH\r\n\r\nProcess Information:\r\n\tProcess ID:\t\t0x40c8\r\n\tProcess Name:\t\tC:\\Windows\\System32\\svchost.exe",
        "threat_level": "MEDIUM"
    },
    {
        "record_id": 3154181,
        "timestamp": "2026-07-29T04:27:09.564000+00:00",
        "event_type": "LOCAL_GROUP_ENUMERATION",
        "user": "Guest",
        "hostname": "Nish",
        "source_ip": "",
        "destination_ip": "",
        "process": "C:\\Windows\\System32\\svchost.exe",
        "file_path": "",
        "severity": "Information",
        "raw_log": "A user's local group membership was enumerated.\r\n\r\nSubject:\r\n\tSecurity ID:\t\tS-1-5-18\r\n\tAccount Name:\t\tNISH$\r\n\tAccount Domain:\t\tWORKGROUP\r\n\tLogon ID:\t\t0x3E7\r\n\r\nUser:\r\n\tSecurity ID:\t\tS-1-5-21-362189039-2697129851-2754481102-501\r\n\tAccount Name:\t\tGuest\r\n\tAccount Domain:\t\tNISH\r\n\r\nProcess Information:\r\n\tProcess ID:\t\t0x40c8\r\n\tProcess Name:\t\tC:\\Windows\\System32\\svchost.exe",
        "threat_level": "MEDIUM"
    },
    {
        "record_id": 3154180,
        "timestamp": "2026-07-29T04:27:09.563000+00:00",
        "event_type": "LOCAL_GROUP_ENUMERATION",
        "user": "DefaultAccount",
        "hostname": "Nish",
        "source_ip": "",
        "destination_ip": "",
        "process": "C:\\Windows\\System32\\svchost.exe",
        "file_path": "",
        "severity": "Information",
        "raw_log": "A user's local group membership was enumerated.\r\n\r\nSubject:\r\n\tSecurity ID:\t\tS-1-5-18\r\n\tAccount Name:\t\tNISH$\r\n\tAccount Domain:\t\tWORKGROUP\r\n\tLogon ID:\t\t0x3E7\r\n\r\nUser:\r\n\tSecurity ID:\t\tS-1-5-21-362189039-2697129851-2754481102-503\r\n\tAccount Name:\t\tDefaultAccount\r\n\tAccount Domain:\t\tNISH\r\n\r\nProcess Information:\r\n\tProcess ID:\t\t0x40c8\r\n\tProcess Name:\t\tC:\\Windows\\System32\\svchost.exe",
        "threat_level": "MEDIUM"
    },
    {
        "record_id": 3154179,
        "timestamp": "2026-07-29T04:27:09.562000+00:00",
        "event_type": "LOCAL_GROUP_ENUMERATION",
        "user": "CodexSandboxOnline",
        "hostname": "Nish",
        "source_ip": "",
        "destination_ip": "",
        "process": "C:\\Windows\\System32\\svchost.exe",
        "file_path": "",
        "severity": "Information",
        "raw_log": "A user's local group membership was enumerated.\r\n\r\nSubject:\r\n\tSecurity ID:\t\tS-1-5-18\r\n\tAccount Name:\t\tNISH$\r\n\tAccount Domain:\t\tWORKGROUP\r\n\tLogon ID:\t\t0x3E7\r\n\r\nUser:\r\n\tSecurity ID:\t\tS-1-5-21-362189039-2697129851-2754481102-1019\r\n\tAccount Name:\t\tCodexSandboxOnline\r\n\tAccount Domain:\t\tNISH\r\n\r\nProcess Information:\r\n\tProcess ID:\t\t0x40c8\r\n\tProcess Name:\t\tC:\\Windows\\System32\\svchost.exe",
        "threat_level": "MEDIUM"
    },
    {
        "record_id": 3154178,
        "timestamp": "2026-07-29T04:27:09.561000+00:00",
        "event_type": "LOCAL_GROUP_ENUMERATION",
        "user": "CodexSandboxOffline",
        "hostname": "Nish",
        "source_ip": "",
        "destination_ip": "",
        "process": "C:\\Windows\\System32\\svchost.exe",
        "file_path": "",
        "severity": "Information",
        "raw_log": "A user's local group membership was enumerated.\r\n\r\nSubject:\r\n\tSecurity ID:\t\tS-1-5-18\r\n\tAccount Name:\t\tNISH$\r\n\tAccount Domain:\t\tWORKGROUP\r\n\tLogon ID:\t\t0x3E7\r\n\r\nUser:\r\n\tSecurity ID:\t\tS-1-5-21-362189039-2697129851-2754481102-1018\r\n\tAccount Name:\t\tCodexSandboxOffline\r\n\tAccount Domain:\t\tNISH\r\n\r\nProcess Information:\r\n\tProcess ID:\t\t0x40c8\r\n\tProcess Name:\t\tC:\\Windows\\System32\\svchost.exe",
        "threat_level": "MEDIUM"
    },
    {
        "record_id": 3154177,
        "timestamp": "2026-07-29T04:27:09.560000+00:00",
        "event_type": "LOCAL_GROUP_ENUMERATION",
        "user": "Administrator",
        "hostname": "Nish",
        "source_ip": "",
        "destination_ip": "",
        "process": "C:\\Windows\\System32\\svchost.exe",
        "file_path": "",
        "severity": "Information",
        "raw_log": "A user's local group membership was enumerated.\r\n\r\nSubject:\r\n\tSecurity ID:\t\tS-1-5-18\r\n\tAccount Name:\t\tNISH$\r\n\tAccount Domain:\t\tWORKGROUP\r\n\tLogon ID:\t\t0x3E7\r\n\r\nUser:\r\n\tSecurity ID:\t\tS-1-5-21-362189039-2697129851-2754481102-500\r\n\tAccount Name:\t\tAdministrator\r\n\tAccount Domain:\t\tNISH\r\n\r\nProcess Information:\r\n\tProcess ID:\t\t0x40c8\r\n\tProcess Name:\t\tC:\\Windows\\System32\\svchost.exe",
        "threat_level": "MEDIUM"
    },
    {
        "record_id": 3154176,
        "timestamp": "2026-07-29T04:27:09.550000+00:00",
        "event_type": "LOCAL_GROUP_ENUMERATION",
        "user": "rish2",
        "hostname": "Nish",
        "source_ip": "",
        "destination_ip": "",
        "process": "C:\\Windows\\System32\\svchost.exe",
        "file_path": "",
        "severity": "Information",
        "raw_log": "A user's local group membership was enumerated.\r\n\r\nSubject:\r\n\tSecurity ID:\t\tS-1-5-18\r\n\tAccount Name:\t\tNISH$\r\n\tAccount Domain:\t\tWORKGROUP\r\n\tLogon ID:\t\t0x3E7\r\n\r\nUser:\r\n\tSecurity ID:\t\tS-1-5-21-362189039-2697129851-2754481102-1001\r\n\tAccount Name:\t\trish2\r\n\tAccount Domain:\t\tNISH\r\n\r\nProcess Information:\r\n\tProcess ID:\t\t0x40c8\r\n\tProcess Name:\t\tC:\\Windows\\System32\\svchost.exe",
        "threat_level": "MEDIUM"
    },
    {
        "record_id": 3154175,
        "timestamp": "2026-07-29T04:27:09.549000+00:00",
        "event_type": "LOCAL_GROUP_ENUMERATION",
        "user": "Guest",
        "hostname": "Nish",
        "source_ip": "",
        "destination_ip": "",
        "process": "C:\\Windows\\System32\\svchost.exe",
        "file_path": "",
        "severity": "Information",
        "raw_log": "A user's local group membership was enumerated.\r\n\r\nSubject:\r\n\tSecurity ID:\t\tS-1-5-18\r\n\tAccount Name:\t\tNISH$\r\n\tAccount Domain:\t\tWORKGROUP\r\n\tLogon ID:\t\t0x3E7\r\n\r\nUser:\r\n\tSecurity ID:\t\tS-1-5-21-362189039-2697129851-2754481102-501\r\n\tAccount Name:\t\tGuest\r\n\tAccount Domain:\t\tNISH\r\n\r\nProcess Information:\r\n\tProcess ID:\t\t0x40c8\r\n\tProcess Name:\t\tC:\\Windows\\System32\\svchost.exe",
        "threat_level": "MEDIUM"
    },
    {
        "record_id": 3154174,
        "timestamp": "2026-07-29T04:27:09.548000+00:00",
        "event_type": "LOCAL_GROUP_ENUMERATION",
        "user": "DefaultAccount",
        "hostname": "Nish",
        "source_ip": "",
        "destination_ip": "",
        "process": "C:\\Windows\\System32\\svchost.exe",
        "file_path": "",
        "severity": "Information",
        "raw_log": "A user's local group membership was enumerated.\r\n\r\nSubject:\r\n\tSecurity ID:\t\tS-1-5-18\r\n\tAccount Name:\t\tNISH$\r\n\tAccount Domain:\t\tWORKGROUP\r\n\tLogon ID:\t\t0x3E7\r\n\r\nUser:\r\n\tSecurity ID:\t\tS-1-5-21-362189039-2697129851-2754481102-503\r\n\tAccount Name:\t\tDefaultAccount\r\n\tAccount Domain:\t\tNISH\r\n\r\nProcess Information:\r\n\tProcess ID:\t\t0x40c8\r\n\tProcess Name:\t\tC:\\Windows\\System32\\svchost.exe",
        "threat_level": "MEDIUM"
    },
    {
        "record_id": 3154173,
        "timestamp": "2026-07-29T04:27:09.547000+00:00",
        "event_type": "LOCAL_GROUP_ENUMERATION",
        "user": "CodexSandboxOnline",
        "hostname": "Nish",
        "source_ip": "",
        "destination_ip": "",
        "process": "C:\\Windows\\System32\\svchost.exe",
        "file_path": "",
        "severity": "Information",
        "raw_log": "A user's local group membership was enumerated.\r\n\r\nSubject:\r\n\tSecurity ID:\t\tS-1-5-18\r\n\tAccount Name:\t\tNISH$\r\n\tAccount Domain:\t\tWORKGROUP\r\n\tLogon ID:\t\t0x3E7\r\n\r\nUser:\r\n\tSecurity ID:\t\tS-1-5-21-362189039-2697129851-2754481102-1019\r\n\tAccount Name:\t\tCodexSandboxOnline\r\n\tAccount Domain:\t\tNISH\r\n\r\nProcess Information:\r\n\tProcess ID:\t\t0x40c8\r\n\tProcess Name:\t\tC:\\Windows\\System32\\svchost.exe",
        "threat_level": "MEDIUM"
    },
    {
        "record_id": 3154172,
        "timestamp": "2026-07-29T04:27:09.545000+00:00",
        "event_type": "LOCAL_GROUP_ENUMERATION",
        "user": "CodexSandboxOffline",
        "hostname": "Nish",
        "source_ip": "",
        "destination_ip": "",
        "process": "C:\\Windows\\System32\\svchost.exe",
        "file_path": "",
        "severity": "Information",
        "raw_log": "A user's local group membership was enumerated.\r\n\r\nSubject:\r\n\tSecurity ID:\t\tS-1-5-18\r\n\tAccount Name:\t\tNISH$\r\n\tAccount Domain:\t\tWORKGROUP\r\n\tLogon ID:\t\t0x3E7\r\n\r\nUser:\r\n\tSecurity ID:\t\tS-1-5-21-362189039-2697129851-2754481102-1018\r\n\tAccount Name:\t\tCodexSandboxOffline\r\n\tAccount Domain:\t\tNISH\r\n\r\nProcess Information:\r\n\tProcess ID:\t\t0x40c8\r\n\tProcess Name:\t\tC:\\Windows\\System32\\svchost.exe",
        "threat_level": "MEDIUM"
    },
    {
        "record_id": 3154171,
        "timestamp": "2026-07-29T04:27:09.543000+00:00",
        "event_type": "LOCAL_GROUP_ENUMERATION",
        "user": "Administrator",
        "hostname": "Nish",
        "source_ip": "",
        "destination_ip": "",
        "process": "C:\\Windows\\System32\\svchost.exe",
        "file_path": "",
        "severity": "Information",
        "raw_log": "A user's local group membership was enumerated.\r\n\r\nSubject:\r\n\tSecurity ID:\t\tS-1-5-18\r\n\tAccount Name:\t\tNISH$\r\n\tAccount Domain:\t\tWORKGROUP\r\n\tLogon ID:\t\t0x3E7\r\n\r\nUser:\r\n\tSecurity ID:\t\tS-1-5-21-362189039-2697129851-2754481102-500\r\n\tAccount Name:\t\tAdministrator\r\n\tAccount Domain:\t\tNISH\r\n\r\nProcess Information:\r\n\tProcess ID:\t\t0x40c8\r\n\tProcess Name:\t\tC:\\Windows\\System32\\svchost.exe",
        "threat_level": "MEDIUM"
    },
    {
        "record_id": 3154170,
        "timestamp": "2026-07-29T04:26:54.961000+00:00",
        "event_type": "LOCAL_GROUP_ENUMERATION",
        "user": "rish2",
        "hostname": "Nish",
        "source_ip": "",
        "destination_ip": "",
        "process": "C:\\Windows\\System32\\svchost.exe",
        "file_path": "",
        "severity": "Information",
        "raw_log": "A user's local group membership was enumerated.\r\n\r\nSubject:\r\n\tSecurity ID:\t\tS-1-5-18\r\n\tAccount Name:\t\tNISH$\r\n\tAccount Domain:\t\tWORKGROUP\r\n\tLogon ID:\t\t0x3E7\r\n\r\nUser:\r\n\tSecurity ID:\t\tS-1-5-21-362189039-2697129851-2754481102-1001\r\n\tAccount Name:\t\trish2\r\n\tAccount Domain:\t\tNISH\r\n\r\nProcess Information:\r\n\tProcess ID:\t\t0x40c8\r\n\tProcess Name:\t\tC:\\Windows\\System32\\svchost.exe",
        "threat_level": "MEDIUM"
    },
    {
        "record_id": 3154169,
        "timestamp": "2026-07-29T04:26:54.960000+00:00",
        "event_type": "LOCAL_GROUP_ENUMERATION",
        "user": "Guest",
        "hostname": "Nish",
        "source_ip": "",
        "destination_ip": "",
        "process": "C:\\Windows\\System32\\svchost.exe",
        "file_path": "",
        "severity": "Information",
        "raw_log": "A user's local group membership was enumerated.\r\n\r\nSubject:\r\n\tSecurity ID:\t\tS-1-5-18\r\n\tAccount Name:\t\tNISH$\r\n\tAccount Domain:\t\tWORKGROUP\r\n\tLogon ID:\t\t0x3E7\r\n\r\nUser:\r\n\tSecurity ID:\t\tS-1-5-21-362189039-2697129851-2754481102-501\r\n\tAccount Name:\t\tGuest\r\n\tAccount Domain:\t\tNISH\r\n\r\nProcess Information:\r\n\tProcess ID:\t\t0x40c8\r\n\tProcess Name:\t\tC:\\Windows\\System32\\svchost.exe",
        "threat_level": "MEDIUM"
    },
    {
        "record_id": 3154168,
        "timestamp": "2026-07-29T04:26:54.959000+00:00",
        "event_type": "LOCAL_GROUP_ENUMERATION",
        "user": "DefaultAccount",
        "hostname": "Nish",
        "source_ip": "",
        "destination_ip": "",
        "process": "C:\\Windows\\System32\\svchost.exe",
        "file_path": "",
        "severity": "Information",
        "raw_log": "A user's local group membership was enumerated.\r\n\r\nSubject:\r\n\tSecurity ID:\t\tS-1-5-18\r\n\tAccount Name:\t\tNISH$\r\n\tAccount Domain:\t\tWORKGROUP\r\n\tLogon ID:\t\t0x3E7\r\n\r\nUser:\r\n\tSecurity ID:\t\tS-1-5-21-362189039-2697129851-2754481102-503\r\n\tAccount Name:\t\tDefaultAccount\r\n\tAccount Domain:\t\tNISH\r\n\r\nProcess Information:\r\n\tProcess ID:\t\t0x40c8\r\n\tProcess Name:\t\tC:\\Windows\\System32\\svchost.exe",
        "threat_level": "MEDIUM"
    },
    {
        "record_id": 3154167,
        "timestamp": "2026-07-29T04:26:54.958000+00:00",
        "event_type": "LOCAL_GROUP_ENUMERATION",
        "user": "CodexSandboxOnline",
        "hostname": "Nish",
        "source_ip": "",
        "destination_ip": "",
        "process": "C:\\Windows\\System32\\svchost.exe",
        "file_path": "",
        "severity": "Information",
        "raw_log": "A user's local group membership was enumerated.\r\n\r\nSubject:\r\n\tSecurity ID:\t\tS-1-5-18\r\n\tAccount Name:\t\tNISH$\r\n\tAccount Domain:\t\tWORKGROUP\r\n\tLogon ID:\t\t0x3E7\r\n\r\nUser:\r\n\tSecurity ID:\t\tS-1-5-21-362189039-2697129851-2754481102-1019\r\n\tAccount Name:\t\tCodexSandboxOnline\r\n\tAccount Domain:\t\tNISH\r\n\r\nProcess Information:\r\n\tProcess ID:\t\t0x40c8\r\n\tProcess Name:\t\tC:\\Windows\\System32\\svchost.exe",
        "threat_level": "MEDIUM"
    },
    {
        "record_id": 3154166,
        "timestamp": "2026-07-29T04:26:54.957000+00:00",
        "event_type": "LOCAL_GROUP_ENUMERATION",
        "user": "CodexSandboxOffline",
        "hostname": "Nish",
        "source_ip": "",
        "destination_ip": "",
        "process": "C:\\Windows\\System32\\svchost.exe",
        "file_path": "",
        "severity": "Information",
        "raw_log": "A user's local group membership was enumerated.\r\n\r\nSubject:\r\n\tSecurity ID:\t\tS-1-5-18\r\n\tAccount Name:\t\tNISH$\r\n\tAccount Domain:\t\tWORKGROUP\r\n\tLogon ID:\t\t0x3E7\r\n\r\nUser:\r\n\tSecurity ID:\t\tS-1-5-21-362189039-2697129851-2754481102-1018\r\n\tAccount Name:\t\tCodexSandboxOffline\r\n\tAccount Domain:\t\tNISH\r\n\r\nProcess Information:\r\n\tProcess ID:\t\t0x40c8\r\n\tProcess Name:\t\tC:\\Windows\\System32\\svchost.exe",
        "threat_level": "MEDIUM"
    },
    {
        "record_id": 3154165,
        "timestamp": "2026-07-29T04:26:54.955000+00:00",
        "event_type": "LOCAL_GROUP_ENUMERATION",
        "user": "Administrator",
        "hostname": "Nish",
        "source_ip": "",
        "destination_ip": "",
        "process": "C:\\Windows\\System32\\svchost.exe",
        "file_path": "",
        "severity": "Information",
        "raw_log": "A user's local group membership was enumerated.\r\n\r\nSubject:\r\n\tSecurity ID:\t\tS-1-5-18\r\n\tAccount Name:\t\tNISH$\r\n\tAccount Domain:\t\tWORKGROUP\r\n\tLogon ID:\t\t0x3E7\r\n\r\nUser:\r\n\tSecurity ID:\t\tS-1-5-21-362189039-2697129851-2754481102-500\r\n\tAccount Name:\t\tAdministrator\r\n\tAccount Domain:\t\tNISH\r\n\r\nProcess Information:\r\n\tProcess ID:\t\t0x40c8\r\n\tProcess Name:\t\tC:\\Windows\\System32\\svchost.exe",
        "threat_level": "MEDIUM"
    },
    {
        "record_id": 3154164,
        "timestamp": "2026-07-29T04:26:54.946000+00:00",
        "event_type": "LOCAL_GROUP_ENUMERATION",
        "user": "rish2",
        "hostname": "Nish",
        "source_ip": "",
        "destination_ip": "",
        "process": "C:\\Windows\\System32\\svchost.exe",
        "file_path": "",
        "severity": "Information",
        "raw_log": "A user's local group membership was enumerated.\r\n\r\nSubject:\r\n\tSecurity ID:\t\tS-1-5-18\r\n\tAccount Name:\t\tNISH$\r\n\tAccount Domain:\t\tWORKGROUP\r\n\tLogon ID:\t\t0x3E7\r\n\r\nUser:\r\n\tSecurity ID:\t\tS-1-5-21-362189039-2697129851-2754481102-1001\r\n\tAccount Name:\t\trish2\r\n\tAccount Domain:\t\tNISH\r\n\r\nProcess Information:\r\n\tProcess ID:\t\t0x40c8\r\n\tProcess Name:\t\tC:\\Windows\\System32\\svchost.exe",
        "threat_level": "MEDIUM"
    },
    {
        "record_id": 3154163,
        "timestamp": "2026-07-29T04:26:54.945000+00:00",
        "event_type": "LOCAL_GROUP_ENUMERATION",
        "user": "Guest",
        "hostname": "Nish",
        "source_ip": "",
        "destination_ip": "",
        "process": "C:\\Windows\\System32\\svchost.exe",
        "file_path": "",
        "severity": "Information",
        "raw_log": "A user's local group membership was enumerated.\r\n\r\nSubject:\r\n\tSecurity ID:\t\tS-1-5-18\r\n\tAccount Name:\t\tNISH$\r\n\tAccount Domain:\t\tWORKGROUP\r\n\tLogon ID:\t\t0x3E7\r\n\r\nUser:\r\n\tSecurity ID:\t\tS-1-5-21-362189039-2697129851-2754481102-501\r\n\tAccount Name:\t\tGuest\r\n\tAccount Domain:\t\tNISH\r\n\r\nProcess Information:\r\n\tProcess ID:\t\t0x40c8\r\n\tProcess Name:\t\tC:\\Windows\\System32\\svchost.exe",
        "threat_level": "MEDIUM"
    },
    {
        "record_id": 3154162,
        "timestamp": "2026-07-29T04:26:54.944000+00:00",
        "event_type": "LOCAL_GROUP_ENUMERATION",
        "user": "DefaultAccount",
        "hostname": "Nish",
        "source_ip": "",
        "destination_ip": "",
        "process": "C:\\Windows\\System32\\svchost.exe",
        "file_path": "",
        "severity": "Information",
        "raw_log": "A user's local group membership was enumerated.\r\n\r\nSubject:\r\n\tSecurity ID:\t\tS-1-5-18\r\n\tAccount Name:\t\tNISH$\r\n\tAccount Domain:\t\tWORKGROUP\r\n\tLogon ID:\t\t0x3E7\r\n\r\nUser:\r\n\tSecurity ID:\t\tS-1-5-21-362189039-2697129851-2754481102-503\r\n\tAccount Name:\t\tDefaultAccount\r\n\tAccount Domain:\t\tNISH\r\n\r\nProcess Information:\r\n\tProcess ID:\t\t0x40c8\r\n\tProcess Name:\t\tC:\\Windows\\System32\\svchost.exe",
        "threat_level": "MEDIUM"
    },
    {
        "record_id": 3154161,
        "timestamp": "2026-07-29T04:26:54.943000+00:00",
        "event_type": "LOCAL_GROUP_ENUMERATION",
        "user": "CodexSandboxOnline",
        "hostname": "Nish",
        "source_ip": "",
        "destination_ip": "",
        "process": "C:\\Windows\\System32\\svchost.exe",
        "file_path": "",
        "severity": "Information",
        "raw_log": "A user's local group membership was enumerated.\r\n\r\nSubject:\r\n\tSecurity ID:\t\tS-1-5-18\r\n\tAccount Name:\t\tNISH$\r\n\tAccount Domain:\t\tWORKGROUP\r\n\tLogon ID:\t\t0x3E7\r\n\r\nUser:\r\n\tSecurity ID:\t\tS-1-5-21-362189039-2697129851-2754481102-1019\r\n\tAccount Name:\t\tCodexSandboxOnline\r\n\tAccount Domain:\t\tNISH\r\n\r\nProcess Information:\r\n\tProcess ID:\t\t0x40c8\r\n\tProcess Name:\t\tC:\\Windows\\System32\\svchost.exe",
        "threat_level": "MEDIUM"
    },
